[03/04/2016 04:39:13] /cleanMe
[03/04/2016 04:39:31] /cleanMe
[03/04/2016 04:41:49] /m charizard
[03/04/2016 04:42:58] /m steelix
[03/04/2016 04:43:04] /r
[03/04/2016 04:43:12] /m steelix
[03/04/2016 04:43:17] /r
[03/04/2016 04:43:27] /m steelix
[03/04/2016 04:43:33] /r
[03/04/2016 04:48:44] /addskill crystal, level, 100
[03/04/2016 04:49:01] /m charizard
[03/04/2016 04:51:15] /i revive
[03/04/2016 04:53:39] /addskill crystal, level, 100
[03/04/2016 04:54:16] /i revive
[03/04/2016 04:56:11] /i charizardite
[03/04/2016 04:56:13] /i charizardite y
[03/04/2016 04:56:53] /i scizorite
[03/04/2016 04:56:59] /m charizard
[03/04/2016 13:46:53] /i tv cam
[03/04/2016 13:46:59] /i camera
[03/04/2016 15:29:56] /m charizard
[03/04/2016 15:30:01] /m charizard
[03/04/2016 15:30:50] /m charizard
[03/04/2016 15:30:50] /m charizard
[03/04/2016 15:30:50] /m charizard
[03/04/2016 15:30:51] /m charizard
[03/04/2016 15:31:19] /i revive
[03/04/2016 15:43:31] /t
[03/04/2016 15:52:50] /i scizorite
[03/04/2016 16:00:14] /i blastoisenite
[03/04/2016 16:00:19] /i blastoisinte
[03/04/2016 16:00:31] /i charizardite x
[03/04/2016 16:05:24] /i charizardite x
[03/04/2016 16:07:19] /addskill Fuuinfake, level, 100
[03/04/2016 16:07:49] /m venusaur
[03/04/2016 16:07:49] /m venusaur
[03/04/2016 16:07:50] /m venusaur
[03/04/2016 16:07:50] /m venusaur
[03/04/2016 16:07:50] /m venusaur
[03/04/2016 16:07:50] /m venusaur
[03/04/2016 16:08:57] /m venusaur
[03/04/2016 16:08:57] /m venusaur
[03/04/2016 16:08:57] /m venusaur
[03/04/2016 16:08:57] /m venusaur
[03/04/2016 16:08:58] /m venusaur
[03/04/2016 16:08:58] /m venusaur
[03/04/2016 16:08:58] /m venusaur
[03/04/2016 16:08:58] /m venusaur
[03/04/2016 16:08:58] /m venusaur
[03/04/2016 16:08:59] /m venusaur
[03/04/2016 16:08:59] /m venusaur
[03/04/2016 16:08:59] /m venusaur
[03/04/2016 16:08:59] /m venusaur
[03/04/2016 16:09:00] /m venusaur
[03/04/2016 16:09:00] /m venusaur
[03/04/2016 16:09:01] /m venusaur
[03/04/2016 16:09:01] /m venusaur
[03/04/2016 16:09:01] /m venusaur
[03/04/2016 16:09:01] /m venusaur
[03/04/2016 16:09:02] /m venusaur
[03/04/2016 16:09:02] /m venusaur
[03/04/2016 16:09:02] /m venusaur
[03/04/2016 16:09:02] /m venusaur
[03/04/2016 16:09:03] /m venusaur
[03/04/2016 16:09:03] /m venusaur
[03/04/2016 16:09:03] /m venusaur
[03/04/2016 16:09:03] /m venusaur
[03/04/2016 16:09:04] /m venusaur
[03/04/2016 16:09:04] /m venusaur
[03/04/2016 16:09:04] /m venusaur
[03/04/2016 16:09:04] /m venusaur
[03/04/2016 16:09:05] /m venusaur
[03/04/2016 16:09:05] /m venusaur
[03/04/2016 16:09:05] /m venusaur
[03/04/2016 16:09:06] /m venusaur
[03/04/2016 16:09:06] /m venusaur
[03/04/2016 16:09:06] /m venusaur
[03/04/2016 16:09:07] /m venusaur
[03/04/2016 16:09:07] /m venusaur
[03/04/2016 16:09:20] /m venusaur
[03/04/2016 16:09:20] /m venusaur
[03/04/2016 16:09:21] /m venusaur
[03/04/2016 16:09:21] /m venusaur
[03/04/2016 16:09:21] /m venusaur
[03/04/2016 16:09:22] /m venusaur
[03/04/2016 16:09:22] /m venusaur
[03/04/2016 16:09:22] /m venusaur
[03/04/2016 16:09:22] /m venusaur
[03/04/2016 16:09:23] /m venusaur
[03/04/2016 16:09:23] /m venusaur
[03/04/2016 16:09:23] /m venusaur
[03/04/2016 16:09:23] /m venusaur
[03/04/2016 16:09:24] /m venusaur
[03/04/2016 16:09:24] /m venusaur
[03/04/2016 16:09:24] /m venusaur
[03/04/2016 16:09:25] /m venusaur
[03/04/2016 16:09:25] /m venusaur
[03/04/2016 16:09:25] /m venusaur
[03/04/2016 16:09:25] /m venusaur
[03/04/2016 16:09:26] /m venusaur
[03/04/2016 16:09:26] /m venusaur
[03/04/2016 16:09:26] /m venusaur
[03/04/2016 16:09:26] /m venusaur
[03/04/2016 16:09:27] /m venusaur
[03/04/2016 16:09:27] /m venusaur
[03/04/2016 16:09:27] /m venusaur
[03/04/2016 16:10:45] /i charizardite
[03/04/2016 16:10:48] /i charizardite x
[03/04/2016 16:11:06] /save
[03/04/2016 16:11:18] /addskill Fuuinfake, level, 100
[03/04/2016 16:11:19] /addskill Fuuinfake, level, 100
[03/04/2016 16:11:24] /save
[03/04/2016 16:11:30] /m venusaur
[03/04/2016 16:11:30] /m venusaur
[03/04/2016 16:11:30] /m venusaur
[03/04/2016 16:11:31] /m venusaur
[03/04/2016 16:11:31] /m venusaur
[03/04/2016 16:11:31] /m venusaur
[03/04/2016 16:11:31] /m venusaur
[03/04/2016 16:11:31] /m venusaur
[03/04/2016 16:11:31] /m venusaur
[03/04/2016 16:11:31] /m venusaur
[03/04/2016 16:11:31] /m venusaur
[03/04/2016 16:11:32] /m venusaur
[03/04/2016 16:11:32] /m venusaur
[03/04/2016 16:11:32] /m venusaur
[03/04/2016 16:11:32] /m venusaur
[03/04/2016 16:11:32] /m venusaur
[03/04/2016 16:11:32] /m venusaur
[03/04/2016 16:11:33] /m venusaur
[03/04/2016 16:11:33] /m venusaur
[03/04/2016 16:11:33] /m venusaur
[03/04/2016 16:11:33] /m venusaur
[03/04/2016 16:11:33] /m venusaur
[03/04/2016 16:11:33] /m venusaur
[03/04/2016 16:11:33] /m venusaur
[03/04/2016 16:11:34] /m venusaur
[03/04/2016 16:11:34] /m venusaur
[03/04/2016 16:11:34] /m venusaur
[03/04/2016 16:11:34] /m venusaur
[03/04/2016 16:11:34] /m venusaur
[03/04/2016 16:11:34] /m venusaur
[03/04/2016 16:11:35] /m venusaur
[03/04/2016 16:11:35] /m venusaur
[03/04/2016 16:11:35] /m venusaur
[03/04/2016 16:11:35] /m venusaur
[03/04/2016 16:11:35] /m venusaur
[03/04/2016 16:11:35] /m venusaur
[03/04/2016 16:11:36] /m venusaur
[03/04/2016 16:11:36] /m venusaur
[03/04/2016 16:11:36] /m venusaur
[03/04/2016 16:11:36] /m venusaur
[03/04/2016 16:11:36] /m venusaur
[03/04/2016 16:11:36] /m venusaur
[03/04/2016 16:11:36] /m venusaur
[03/04/2016 16:11:36] /m venusaur
[03/04/2016 16:11:37] /m venusaur
[03/04/2016 16:11:37] /m venusaur
[03/04/2016 16:11:37] /m venusaur
[03/04/2016 16:11:37] /m venusaur
[03/04/2016 16:11:37] /m venusaur
[03/04/2016 16:11:38] /m venusaur
[03/04/2016 16:11:38] /m venusaur
[03/04/2016 16:11:38] /m venusaur
[03/04/2016 16:11:38] /m venusaur
[03/04/2016 16:11:38] /m venusaur
[03/04/2016 16:11:38] /m venusaur
[03/04/2016 16:11:38] /m venusaur
[03/04/2016 16:11:39] /m venusaur
[03/04/2016 16:11:39] /m venusaur
[03/04/2016 16:11:39] /m venusaur
[03/04/2016 16:11:39] /m venusaur
[03/04/2016 16:11:39] /m venusaur
[03/04/2016 16:11:39] /m venusaur
[03/04/2016 16:11:39] /m venusaur
[03/04/2016 16:11:40] /m venusaur
[03/04/2016 16:11:40] /m venusaur
[03/04/2016 16:11:40] /m venusaur
[03/04/2016 16:11:40] /m venusaur
[03/04/2016 16:11:40] /m venusaur
[03/04/2016 16:11:40] /m venusaur
[03/04/2016 16:11:41] /m venusaur
[03/04/2016 16:11:41] /m venusaur
[03/04/2016 16:11:41] /m venusaur
[03/04/2016 16:11:41] /m venusaur
[03/04/2016 16:11:43] /m venusaur
[03/04/2016 16:11:43] /m venusaur
[03/04/2016 16:11:44] /m venusaur
[03/04/2016 16:11:44] /m venusaur
[03/04/2016 16:11:44] /m venusaur
[03/04/2016 16:11:44] /m venusaur
[03/04/2016 16:11:44] /m venusaur
[03/04/2016 16:11:45] /m venusaur
[03/04/2016 16:11:45] /m venusaur
[03/04/2016 16:11:45] /m venusaur
[03/04/2016 16:11:45] /m venusaur
[03/04/2016 16:11:45] /m venusaur
[03/04/2016 16:11:48] /m venusaur
[03/04/2016 16:11:48] /m venusaur
[03/04/2016 16:11:48] /m venusaur
[03/04/2016 16:11:48] /m venusaur
[03/04/2016 16:11:49] /m venusaur
[03/04/2016 16:11:49] /m venusaur
[03/04/2016 16:11:49] /m venusaur
[03/04/2016 16:11:49] /m venusaur
[03/04/2016 16:11:49] /m venusaur
[03/04/2016 16:11:49] /m venusaur
[03/04/2016 16:11:49] /m venusaur
[03/04/2016 16:11:50] /m venusaur
[03/04/2016 16:11:50] /m venusaur
[03/04/2016 16:11:50] /m venusaur
[03/04/2016 16:11:50] /m venusaur
[03/04/2016 16:11:50] /m venusaur
[03/04/2016 16:11:51] /m venusaur
[03/04/2016 16:11:51] /m venusaur
[03/04/2016 16:11:51] /m venusaur
[03/04/2016 16:11:51] /m venusaur
[03/04/2016 16:11:51] /m venusaur
[03/04/2016 16:11:52] /m venusaur
[03/04/2016 16:11:52] /m venusaur
[03/04/2016 16:11:52] /m venusaur
[03/04/2016 16:11:52] /m venusaur
[03/04/2016 16:11:52] /m venusaur
[03/04/2016 16:11:53] /m venusaur
[03/04/2016 16:11:53] /m venusaur
[03/04/2016 16:11:53] /m venusaur
[03/04/2016 16:11:53] /m venusaur
[03/04/2016 16:11:53] /m venusaur
[03/04/2016 16:11:54] /m venusaur
[03/04/2016 16:11:54] /m venusaur
[03/04/2016 16:11:54] /m venusaur
[03/04/2016 16:11:54] /m venusaur
[03/04/2016 16:11:54] /m venusaur
[03/04/2016 16:11:54] /m venusaur
[03/04/2016 16:11:54] /m venusaur
[03/04/2016 16:11:55] /m venusaur
[03/04/2016 16:11:55] /m venusaur
[03/04/2016 16:11:55] /m venusaur
[03/04/2016 16:11:55] /m venusaur
[03/04/2016 16:11:56] /m venusaur
[03/04/2016 16:11:56] /m venusaur
[03/04/2016 16:11:57] /m venusaur
[03/04/2016 16:11:57] /m venusaur
[03/04/2016 16:11:57] /m venusaur
[03/04/2016 16:11:57] /m venusaur
[03/04/2016 16:11:57] /m venusaur
[03/04/2016 16:11:57] /m venusaur
[03/04/2016 16:11:57] /m venusaur
[03/04/2016 16:11:57] /m venusaur
[03/04/2016 16:11:58] /m venusaur
[03/04/2016 16:11:58] /m venusaur
[03/04/2016 16:11:58] /m venusaur
[03/04/2016 16:11:58] /m venusaur
[03/04/2016 16:11:58] /m venusaur
[03/04/2016 16:11:58] /m venusaur
[03/04/2016 16:11:58] /m venusaur
[03/04/2016 16:12:08] /m venusaur
[03/04/2016 16:12:08] /m venusaur
[03/04/2016 16:12:08] /m venusaur
[03/04/2016 16:12:08] /m venusaur
[03/04/2016 16:12:08] /m venusaur
[03/04/2016 16:12:08] /m venusaur
[03/04/2016 16:12:08] /m venusaur
[03/04/2016 16:12:09] /m venusaur
[03/04/2016 16:12:09] /m venusaur
[03/04/2016 16:12:09] /m venusaur
[03/04/2016 16:12:09] /m venusaur
[03/04/2016 16:12:09] /m venusaur
[03/04/2016 16:12:09] /m venusaur
[03/04/2016 16:12:10] /m venusaur
[03/04/2016 16:12:10] /m venusaur
[03/04/2016 16:12:10] /m venusaur
[03/04/2016 16:12:10] /m venusaur
[03/04/2016 16:12:11] /m venusaur
[03/04/2016 16:12:11] /m venusaur
[03/04/2016 16:12:11] /m venusaur
[03/04/2016 16:12:11] /m venusaur
[03/04/2016 16:12:11] /m venusaur
[03/04/2016 16:12:11] /m venusaur
[03/04/2016 16:12:11] /m venusaur
[03/04/2016 16:12:12] /m venusaur
[03/04/2016 16:12:12] /m venusaur
[03/04/2016 16:12:12] /m venusaur
[03/04/2016 16:12:12] /m venusaur
[03/04/2016 16:12:12] /m venusaur
[03/04/2016 16:12:12] /m venusaur
[03/04/2016 16:12:12] /m venusaur
[03/04/2016 16:12:13] /m venusaur
[03/04/2016 16:12:13] /m venusaur
[03/04/2016 16:12:13] /m venusaur
[03/04/2016 16:12:13] /m venusaur
[03/04/2016 16:12:13] /m venusaur
[03/04/2016 16:12:14] /m venusaur
[03/04/2016 16:12:14] /m venusaur
[03/04/2016 16:12:14] /m venusaur
[03/04/2016 16:12:14] /m venusaur
[03/04/2016 16:12:14] /m venusaur
[03/04/2016 16:12:14] /m venusaur
[03/04/2016 16:12:14] /m venusaur
[03/04/2016 16:12:15] /m venusaur
[03/04/2016 16:12:15] /m venusaur
[03/04/2016 16:12:15] /m venusaur
[03/04/2016 16:12:15] /m venusaur
[03/04/2016 16:12:15] /m venusaur
[03/04/2016 16:12:15] /m venusaur
[03/04/2016 16:12:16] /m venusaur
[03/04/2016 16:12:16] /m venusaur
[03/04/2016 16:12:16] /m venusaur
[03/04/2016 16:12:29] /m venusaur
[03/04/2016 16:12:29] /m venusaur
[03/04/2016 16:12:29] /m venusaur
[03/04/2016 16:12:29] /m venusaur
[03/04/2016 16:12:29] /m venusaur
[03/04/2016 16:12:29] /m venusaur
[03/04/2016 16:12:30] /m venusaur
[03/04/2016 16:12:30] /m venusaur
[03/04/2016 16:12:30] /m venusaur
[03/04/2016 16:12:30] /m venusaur
[03/04/2016 16:12:30] /m venusaur
[03/04/2016 16:12:30] /m venusaur
[03/04/2016 16:12:30] /m venusaur
[03/04/2016 16:12:31] /m venusaur
[03/04/2016 16:12:31] /m venusaur
[03/04/2016 16:12:31] /m venusaur
[03/04/2016 16:12:31] /m venusaur
[03/04/2016 16:12:31] /m venusaur
[03/04/2016 16:12:31] /m venusaur
[03/04/2016 16:12:32] /m venusaur
[03/04/2016 16:12:32] /m venusaur
[03/04/2016 16:12:32] /m venusaur
[03/04/2016 16:12:33] /m venusaur
[03/04/2016 16:12:33] /m venusaur
[03/04/2016 16:12:33] /m venusaur
[03/04/2016 16:12:33] /m venusaur
[03/04/2016 16:12:33] /m venusaur
[03/04/2016 16:12:33] /m venusaur
[03/04/2016 16:12:35] /m venusaur
[03/04/2016 16:12:35] /m venusaur
[03/04/2016 16:12:35] /m venusaur
[03/04/2016 16:12:35] /m venusaur
[03/04/2016 16:12:35] /m venusaur
[03/04/2016 16:12:35] /m venusaur
[03/04/2016 16:12:35] /m venusaur
[03/04/2016 16:12:35] /m venusaur
[03/04/2016 16:12:36] /m venusaur
[03/04/2016 16:12:36] /m venusaur
[03/04/2016 16:12:36] /m venusaur
[03/04/2016 16:12:36] /m venusaur
[03/04/2016 16:12:36] /m venusaur
[03/04/2016 16:12:37] /m venusaur
[03/04/2016 16:12:37] /m venusaur
[03/04/2016 16:12:37] /m venusaur
[03/04/2016 16:12:37] /m venusaur
[03/04/2016 16:12:37] /m venusaur
[03/04/2016 16:12:37] /m venusaur
[03/04/2016 16:12:37] /m venusaur
[03/04/2016 16:12:37] /m venusaur
[03/04/2016 16:12:38] /m venusaur
[03/04/2016 16:12:38] /m venusaur
[03/04/2016 16:12:38] /m venusaur
[03/04/2016 16:12:38] /m venusaur
[03/04/2016 16:12:38] /m venusaur
[03/04/2016 16:12:39] /m venusaur
[03/04/2016 16:12:39] /m venusaur
[03/04/2016 16:12:39] /m venusaur
[03/04/2016 16:12:39] /m venusaur
[03/04/2016 16:12:39] /m venusaur
[03/04/2016 16:12:39] /m venusaur
[03/04/2016 16:12:39] /m venusaur
[03/04/2016 16:12:40] /m venusaur
[03/04/2016 16:12:40] /m venusaur
[03/04/2016 16:12:40] /m venusaur
[03/04/2016 16:12:40] /m venusaur
[03/04/2016 16:12:40] /m venusaur
[03/04/2016 16:12:40] /m venusaur
[03/04/2016 16:12:41] /m venusaur
[03/04/2016 16:12:41] /m venusaur
[03/04/2016 16:13:17] /m venusaur
[03/04/2016 16:13:17] /m venusaur
[03/04/2016 16:13:17] /m venusaur
[03/04/2016 16:13:17] /m venusaur
[03/04/2016 16:13:17] /m venusaur
[03/04/2016 16:13:18] /m venusaur
[03/04/2016 16:13:18] /m venusaur
[03/04/2016 16:13:18] /m venusaur
[03/04/2016 16:13:18] /m venusaur
[03/04/2016 16:13:18] /m venusaur
[03/04/2016 16:13:19] /m venusaur
[03/04/2016 16:13:19] /m venusaur
[03/04/2016 16:13:19] /m venusaur
[03/04/2016 16:13:19] /m venusaur
[03/04/2016 16:13:19] /m venusaur
[03/04/2016 16:13:19] /m venusaur
[03/04/2016 16:13:19] /m venusaur
[03/04/2016 16:13:20] /m venusaur
[03/04/2016 16:13:20] /m venusaur
[03/04/2016 16:13:20] /m venusaur
[03/04/2016 16:13:20] /m venusaur
[03/04/2016 16:13:20] /m venusaur
[03/04/2016 16:13:20] /m venusaur
[03/04/2016 16:13:20] /m venusaur
[03/04/2016 16:13:21] /m venusaur
[03/04/2016 16:13:21] /m venusaur
[03/04/2016 16:13:21] /m venusaur
[03/04/2016 16:13:21] /m venusaur
[03/04/2016 16:13:21] /m venusaur
[03/04/2016 16:13:21] /m venusaur
[03/04/2016 16:13:22] /m venusaur
[03/04/2016 16:13:22] /m venusaur
[03/04/2016 16:13:22] /m venusaur
[03/04/2016 16:13:22] /m venusaur
[03/04/2016 16:13:22] /m venusaur
[03/04/2016 16:13:22] /m venusaur
[03/04/2016 16:13:23] /m venusaur
[03/04/2016 16:13:23] /m venusaur
[03/04/2016 16:13:23] /m venusaur
[03/04/2016 16:13:23] /m venusaur
[03/04/2016 16:13:23] /m venusaur
[03/04/2016 16:13:23] /m venusaur
[03/04/2016 16:13:23] /m venusaur
[03/04/2016 16:13:24] /m venusaur
[03/04/2016 16:13:24] /m venusaur
[03/04/2016 16:13:24] /m venusaur
[03/04/2016 16:13:24] /m venusaur
[03/04/2016 16:13:25] /m venusaur
[03/04/2016 16:13:25] /m venusaur
[03/04/2016 16:13:25] /m venusaur
[03/04/2016 16:13:25] /m venusaur
[03/04/2016 16:13:25] /m venusaur
[03/04/2016 16:13:25] /m venusaur
[03/04/2016 16:13:25] /m venusaur
[03/04/2016 16:13:25] /m venusaur
[03/04/2016 16:13:26] /m venusaur
[03/04/2016 16:13:26] /m venusaur
[03/04/2016 16:13:26] /m venusaur
[03/04/2016 16:13:26] /m venusaur
[03/04/2016 16:13:26] /m venusaur
[03/04/2016 16:13:27] /m venusaur
[03/04/2016 16:13:27] /m venusaur
[03/04/2016 16:13:27] /m venusaur
[03/04/2016 16:13:27] /m venusaur
[03/04/2016 16:13:27] /m venusaur
[03/04/2016 16:13:27] /m venusaur
[03/04/2016 16:13:27] /m venusaur
[03/04/2016 16:13:28] /m venusaur
[03/04/2016 16:13:28] /m venusaur
[03/04/2016 16:13:28] /m venusaur
[03/04/2016 16:13:28] /m venusaur
[03/04/2016 16:13:28] /m venusaur
[03/04/2016 16:13:28] /m venusaur
[03/04/2016 16:13:28] /m venusaur
[03/04/2016 16:13:29] /m venusaur
[03/04/2016 16:13:29] /m venusaur
[03/04/2016 16:13:29] /m venusaur
[03/04/2016 16:13:30] /m venusaur
[03/04/2016 16:13:30] /m venusaur
[03/04/2016 16:13:30] /m venusaur
[03/04/2016 16:13:30] /m venusaur
[03/04/2016 16:13:30] /m venusaur
[03/04/2016 16:13:30] /m venusaur
[03/04/2016 16:13:30] /m venusaur
[03/04/2016 16:13:30] /m venusaur
[03/04/2016 16:13:30] /m venusaur
[03/04/2016 16:13:31] /m venusaur
[03/04/2016 16:13:31] /m venusaur
[03/04/2016 16:13:31] /m venusaur
[03/04/2016 16:13:31] /m venusaur
[03/04/2016 16:14:08] /i revive
[03/04/2016 16:16:41] /b aggron
[03/04/2016 16:16:53] /r
[03/04/2016 16:17:50] /i aggronite
[03/04/2016 16:19:09] /i revive
[03/04/2016 16:20:10] /m charizard
[03/04/2016 16:20:11] /m charizard
[03/04/2016 16:20:11] /m charizard
[03/04/2016 16:20:11] /m charizard
[03/04/2016 16:20:11] /m charizard
[03/04/2016 16:20:12] /m charizard
[03/04/2016 16:20:12] /m charizard
[03/04/2016 16:20:12] /m charizard
[03/04/2016 16:20:13] /m charizard
[03/04/2016 16:20:13] /m charizard
[03/04/2016 16:20:13] /m charizard
[03/04/2016 16:22:47] /m tyranitar
[03/04/2016 16:23:10] /attr group 6
[03/04/2016 16:23:33] /r
[03/04/2016 16:23:42] /kick Fuuinfake
[03/04/2016 16:43:30] /i 2160
[03/04/2016 17:08:08] /i master ball
[03/04/2016 17:08:10] /m venusaur
[03/04/2016 17:08:31] /m charizard
[03/04/2016 17:32:18] /addskill Fuuinfake, level, 100
[03/04/2016 17:35:23] /i charizardite x
[03/04/2016 17:40:39] /r
