[09/04/2016 02:49:25] /attr set nick Lixo
[09/04/2016 03:07:28] /m Magikarp
[09/04/2016 03:09:59] /m Horsea
[09/04/2016 03:19:19] /m charizard
[09/04/2016 03:19:24] /m charizard
[11/04/2016 05:29:57] /t
[11/04/2016 05:33:40] /t
[13/04/2016 06:54:22] /reload actions
[13/04/2016 07:08:40] /reload talkactions
[13/04/2016 07:08:54] /m rattata
[13/04/2016 07:09:41] /m rattata
[13/04/2016 07:09:52] /reload talkactions
[13/04/2016 07:10:29] /reload talkactions
[13/04/2016 07:16:31] /reload talkactions
[13/04/2016 07:17:41] /reload talkactions
[13/04/2016 07:19:10] /reload talkactions
[13/04/2016 07:19:24] /reload talkactions
[13/04/2016 07:19:25] /reload talkactions
[13/04/2016 07:22:23] /reload talkactions
[13/04/2016 07:23:01] /reload talkactions
[13/04/2016 07:23:26] /reload talkactions
[13/04/2016 07:25:20] /reload talkactions
[13/04/2016 07:26:32] /reload talkactions
[13/04/2016 07:27:07] /m rattata
[13/04/2016 07:27:12] /reload talkactions
[13/04/2016 07:29:05] /reload talkactions
[13/04/2016 07:29:35] /reload talkactions
[13/04/2016 07:29:56] /reload talkactions
[13/04/2016 07:30:36] /r
[13/04/2016 07:30:40] /m blastoise
[13/04/2016 07:33:14] /reload talkactions
[13/04/2016 07:33:20] /reload actions
[13/04/2016 07:34:08] /r
[13/04/2016 07:40:34] /m scyther
[13/04/2016 07:41:28] /r
[13/04/2016 07:47:39] /save
[13/04/2016 07:49:42] /m smeargle
[13/04/2016 07:51:48] /reload talkactions
[13/04/2016 07:52:50] /i 4437
[13/04/2016 07:53:56] /reload creatureevents
[13/04/2016 07:54:04] /m smeargle
[13/04/2016 07:56:13] /m smeargle
[13/04/2016 07:59:11] /reload actions
[13/04/2016 07:59:15] /m smeargle
[13/04/2016 08:07:25] /reload creatureevents
[13/04/2016 08:08:06] /reload creatureevents
[13/04/2016 08:09:24] /reload creatureevents
[13/04/2016 08:10:51] /reload creatureevents
[13/04/2016 08:11:32] /reload creatureevents
[13/04/2016 08:13:39] /reload creatureevents
[13/04/2016 08:18:41] /m charizard
[13/04/2016 08:20:06] /reload creatureevents
[13/04/2016 08:20:26] /m smeargle
[13/04/2016 08:21:55] /reload actions
[13/04/2016 08:22:06] /m smeargle
[13/04/2016 08:23:53] /m smeargle
[13/04/2016 08:23:55] /reload actions
[13/04/2016 08:24:37] /reload actions
[13/04/2016 08:24:39] /m smeargle
[13/04/2016 08:25:51] /reload actions
[13/04/2016 08:25:52] /m smeargle
[13/04/2016 08:27:27] /reload actions
[13/04/2016 08:27:28] /m smeargle
[13/04/2016 08:28:56] /m shiny hitmontop
[13/04/2016 08:29:46] /r
[13/04/2016 08:31:13] /reload talkactions
[13/04/2016 08:31:27] /m shiny hitmontop
[13/04/2016 08:33:19] /reload creatureevents
[13/04/2016 08:33:28] /m smeargle
[13/04/2016 08:34:06] /reload creatureevents
[13/04/2016 08:34:39] /reload creatureevents
[13/04/2016 08:34:46] /m smeargle
[13/04/2016 08:34:51] /m smeargle
[13/04/2016 08:35:15] /reload creatureevents
[13/04/2016 08:35:19] /m smeargle
[13/04/2016 08:35:29] /reload creatureevents
[13/04/2016 08:35:32] /m smeargle
[13/04/2016 08:36:43] /reload creatureevents
[13/04/2016 08:36:50] /m smeargle
[13/04/2016 08:37:06] /m blastoise
[13/04/2016 08:44:42] /reload creatureevents
[13/04/2016 08:45:01] /reload creatureevents
[13/04/2016 08:45:10] /m charizard
[13/04/2016 08:45:42] /m smeargle
[13/04/2016 08:46:16] /m smeargle
[13/04/2016 08:46:16] /m smeargle
[13/04/2016 08:46:16] /m smeargle
[13/04/2016 08:46:51] /m koffing
[13/04/2016 08:47:17] /m koffing
[13/04/2016 08:48:42] /m koffing
[13/04/2016 08:49:32] /reload creatureevents
[13/04/2016 08:50:15] /reload creatureevents
[13/04/2016 08:50:58] /reload creatureevents
[13/04/2016 08:56:19] /save
[13/04/2016 09:00:49] /m rattata
[13/04/2016 09:01:22] /reload creatureevents
[13/04/2016 09:02:37] /reload creatureevents
[13/04/2016 09:03:17] /reload creatureevents
[13/04/2016 09:03:51] /reload creatureevents
[13/04/2016 09:04:54] /reload creatureevents
[13/04/2016 09:05:01] /m charizard
[13/04/2016 09:05:33] /reload creatureevents
[13/04/2016 09:06:13] /reload creatureevents
[13/04/2016 09:06:16] /m charizard
[13/04/2016 09:06:53] /reload creatureevents
[13/04/2016 09:07:48] /m charizard
[13/04/2016 09:09:30] /reload creatureevents
[13/04/2016 09:09:54] /reload creatureevents
[13/04/2016 09:10:26] /i revive
[13/04/2016 09:10:39] /m charizard
[13/04/2016 09:11:02] /i revive
[13/04/2016 09:11:05] /reload creatureevents
[13/04/2016 09:13:32] /reload creatureevents
[13/04/2016 09:14:20] /reload creatureevents
[13/04/2016 09:15:09] /reload creatureevents
[13/04/2016 09:17:02] /reload creatureevents
[13/04/2016 09:19:14] /reload creatureevents
[13/04/2016 09:19:18] /reload talkactions
[13/04/2016 09:24:51] /m blaziken
[13/04/2016 09:27:33] /r
[13/04/2016 09:28:24] /m charizard
[13/04/2016 09:28:34] /r
[13/04/2016 09:28:43] /m alakazam
[13/04/2016 09:29:00] /r
[13/04/2016 09:29:12] /m gengar
[13/04/2016 09:29:28] /i revive
[13/04/2016 09:29:30] /save
[13/04/2016 13:21:05] /m rattata
[13/04/2016 13:21:15] /m rattata
[13/04/2016 13:21:25] /m charizard
[13/04/2016 13:22:01] /r
[13/04/2016 13:41:55] /m charizard
[13/04/2016 13:43:44] /m charizard
[14/04/2016 15:14:40] /reload talkactions
[14/04/2016 15:15:23] /reload talkactions
[14/04/2016 15:17:07] /reload talkactions
[14/04/2016 15:18:09] /reload talkactions
[14/04/2016 15:19:39] /addskill cavaleiro, level, 1
[14/04/2016 15:19:40] /addskill cavaleiro, level, 1
[14/04/2016 15:19:41] /addskill cavaleiro, level, 1
[14/04/2016 15:19:41] /addskill cavaleiro, level, 1
[14/04/2016 15:19:41] /addskill cavaleiro, level, 1
[14/04/2016 15:19:42] /addskill cavaleiro, level, 1
[14/04/2016 15:19:42] /addskill cavaleiro, level, 1
[14/04/2016 15:19:42] /addskill cavaleiro, level, 1
[14/04/2016 15:19:43] /addskill cavaleiro, level, 1
[14/04/2016 15:19:44] /addskill cavaleiro, level, 1
[14/04/2016 15:19:44] /addskill cavaleiro, level, 1
[14/04/2016 15:19:44] /addskill cavaleiro, level, 1
[14/04/2016 15:19:45] /addskill cavaleiro, level, 1
[14/04/2016 15:19:45] /addskill cavaleiro, level, 1
[14/04/2016 15:19:46] /addskill cavaleiro, level, 1
[14/04/2016 15:19:46] /addskill cavaleiro, level, 1
[14/04/2016 15:20:25] /m geodude
[14/04/2016 15:20:26] /m geodude
[14/04/2016 15:22:03] /m geodude
[14/04/2016 15:22:03] /reload talkactions
[14/04/2016 15:22:20] /m geodude
[14/04/2016 15:23:33] /reload creatureevents
[14/04/2016 15:23:37] /m geodude
[14/04/2016 15:23:58] /m geodude
[14/04/2016 15:24:27] /addskill cavaleiro, level, 1
[14/04/2016 15:24:27] /addskill cavaleiro, level, 1
[14/04/2016 15:24:28] /addskill cavaleiro, level, 1
[14/04/2016 15:24:28] /addskill cavaleiro, level, 1
[14/04/2016 15:24:29] /addskill cavaleiro, level, 1
[14/04/2016 15:24:29] /addskill cavaleiro, level, 1
[14/04/2016 15:24:30] /addskill cavaleiro, level, 1
[14/04/2016 15:24:30] /addskill cavaleiro, level, 1
[14/04/2016 15:24:31] /addskill cavaleiro, level, 1
[14/04/2016 15:24:32] /addskill cavaleiro, level, 1
[14/04/2016 15:24:38] /m graveler
[14/04/2016 15:25:17] /reload creatureevents
[14/04/2016 15:25:22] /m graveler
[14/04/2016 15:25:48] /m graveler
[14/04/2016 15:26:10] /i leaf stone
[14/04/2016 15:26:49] /addskill cavaleiro, level, 1
[14/04/2016 15:26:50] /addskill cavaleiro, level, 1
[14/04/2016 15:26:50] /addskill cavaleiro, level, 1
[14/04/2016 15:26:50] /addskill cavaleiro, level, 1
[14/04/2016 15:26:50] /addskill cavaleiro, level, 1
[14/04/2016 15:26:50] /addskill cavaleiro, level, 1
[14/04/2016 15:26:50] /addskill cavaleiro, level, 1
[14/04/2016 15:26:51] /addskill cavaleiro, level, 1
[14/04/2016 15:26:51] /addskill cavaleiro, level, 1
[14/04/2016 15:26:51] /addskill cavaleiro, level, 1
[14/04/2016 15:26:51] /addskill cavaleiro, level, 1
[14/04/2016 15:26:51] /addskill cavaleiro, level, 1
[14/04/2016 15:26:51] /addskill cavaleiro, level, 1
[14/04/2016 15:26:56] /addskill cavaleiro, level, 1
[14/04/2016 15:26:57] /addskill cavaleiro, level, 1
[14/04/2016 15:26:57] /addskill cavaleiro, level, 1
[14/04/2016 15:26:57] /addskill cavaleiro, level, 1
[14/04/2016 15:26:58] /addskill cavaleiro, level, 1
[14/04/2016 15:26:58] /addskill cavaleiro, level, 1
[14/04/2016 15:26:59] /addskill cavaleiro, level, 1
[14/04/2016 15:27:26] /reload creatureevents
[14/04/2016 15:27:30] /m golem
[14/04/2016 15:27:42] /r
[14/04/2016 15:27:53] /reload creatureevents
[14/04/2016 15:27:54] /m golem
[14/04/2016 15:28:35] /reload creatureevents
[14/04/2016 15:28:40] /m golem
[14/04/2016 15:29:25] /m golem
[14/04/2016 15:30:14] /reload creatureevents
[14/04/2016 15:30:16] /m golem
[14/04/2016 15:31:21] /addskill cavaleiro, level, 40
[14/04/2016 15:31:35] /i venom stone
[14/04/2016 15:31:42] /m golem
[14/04/2016 15:31:42] /m golem
[14/04/2016 15:31:43] /m golem
[14/04/2016 15:33:11] /i thunder stone
[14/04/2016 15:33:42] /m pidgey
[14/04/2016 15:33:54] /m pidgeotto
[14/04/2016 15:33:55] /m pidgeotto
[14/04/2016 15:34:05] /m pidgeotto
[14/04/2016 15:34:41] /reload creatureevents
[14/04/2016 15:34:43] /m pidgeotto
[14/04/2016 15:34:44] /m pidgeotto
[14/04/2016 15:35:44] /reload talkactions
[14/04/2016 15:35:46] /reload creatureevents
[14/04/2016 15:35:49] /m pidgeotto
[14/04/2016 15:35:50] /m pidgeotto
[14/04/2016 15:36:48] /i ancient stone
[14/04/2016 15:37:24] /addskill calaveiro, level, 50
[14/04/2016 15:37:33] /addskill cavaleiro, level, 50
[14/04/2016 15:37:51] /reload creatureevents
[14/04/2016 15:37:54] /m pidgeot
[14/04/2016 15:38:08] /m pidgeot/r
[14/04/2016 15:38:18] /r
[14/04/2016 15:38:20] /r
[14/04/2016 15:38:21] /r
[14/04/2016 15:38:27] /m pidgeot
[14/04/2016 15:39:05] /reload creatureevents
[14/04/2016 15:39:07] /m pidgeot
[14/04/2016 15:39:27] /reload creatureevents
[14/04/2016 15:39:39] /reload creatureevents
[14/04/2016 15:39:41] /m pidgeot
[14/04/2016 15:39:41] /m pidgeot
[14/04/2016 15:40:19] /reload creatureevents
[14/04/2016 15:40:24] /m pidgeot
[14/04/2016 15:40:28] /m pidgeot
[14/04/2016 15:40:43] /r
[14/04/2016 15:42:52] /reload creatureevents
[14/04/2016 15:42:57] /m pidgeot
[14/04/2016 15:43:15] /reload creatureevents
[14/04/2016 15:43:16] /m pidgeot
[14/04/2016 15:43:31] /reload creatureevents
[14/04/2016 15:43:32] /m pidgeot
[14/04/2016 15:43:48] /reload creatureevents
[14/04/2016 15:43:50] /m pidgeot
[14/04/2016 15:44:00] /reload creatureevents
[14/04/2016 15:44:04] /m pidgeot
[14/04/2016 15:44:41] /reload creatureevents
[14/04/2016 15:44:45] /m pidgeotto
[14/04/2016 15:45:30] /m marowak
[14/04/2016 15:46:56] /m bulbasaur
[14/04/2016 15:47:09] /m bulbasaur
[14/04/2016 15:47:33] /reload creatureevents
[14/04/2016 15:47:37] /m bulbasaur
[14/04/2016 15:49:19] /reload creatureevents
[14/04/2016 15:49:20] /reload talkactions
[14/04/2016 15:49:25] /m bulbasaur
[14/04/2016 15:49:41] /m bulbasaur
[14/04/2016 15:49:42] /m bulbasaur
[14/04/2016 15:49:42] /m bulbasaur
[14/04/2016 15:50:06] /i fire stone
[14/04/2016 15:50:13] /addskill cavaleiro, level, 1
[14/04/2016 15:50:13] /addskill cavaleiro, level, 1
[14/04/2016 15:50:14] /addskill cavaleiro, level, 1
[14/04/2016 15:50:14] /addskill cavaleiro, level, 1
[14/04/2016 15:50:14] /addskill cavaleiro, level, 1
[14/04/2016 15:50:14] /addskill cavaleiro, level, 1
[14/04/2016 15:50:15] /addskill cavaleiro, level, 1
[14/04/2016 15:50:15] /addskill cavaleiro, level, 1
[14/04/2016 15:50:16] /addskill cavaleiro, level, 1
[14/04/2016 15:50:16] /addskill cavaleiro, level, 1
[14/04/2016 15:50:16] /addskill cavaleiro, level, 1
[14/04/2016 15:50:16] /addskill cavaleiro, level, 1
[14/04/2016 15:50:17] /addskill cavaleiro, level, 1
[14/04/2016 15:50:17] /addskill cavaleiro, level, 1
[14/04/2016 15:50:17] /addskill cavaleiro, level, 1
[14/04/2016 15:50:18] /addskill cavaleiro, level, 1
[14/04/2016 15:50:18] /addskill cavaleiro, level, 1
[14/04/2016 15:50:19] /addskill cavaleiro, level, 1
[14/04/2016 15:50:19] /addskill cavaleiro, level, 1
[14/04/2016 15:50:30] /m ivysaur
[14/04/2016 15:50:31] /m ivysaur
[14/04/2016 15:50:32] /m ivysaur
[14/04/2016 15:50:53] /m ivysaur
[14/04/2016 15:51:19] /reload creatureevents
[14/04/2016 15:51:21] /m ivysaur
[14/04/2016 15:51:43] /m ivysaur
[14/04/2016 15:51:43] /m ivysaur
[14/04/2016 15:51:44] /m ivysaur
[14/04/2016 15:52:33] /reload creatureevents
[14/04/2016 15:52:34] /m ivysaur
[14/04/2016 15:52:36] /reload talkactions
[14/04/2016 15:53:10] /reload talkactions
[14/04/2016 15:53:12] /reload creatureevents
[14/04/2016 15:53:15] /m ivysaur
[14/04/2016 15:53:43] /reload talkactions
[14/04/2016 15:53:44] /reload creatureevents
[14/04/2016 15:53:46] /m ivysaur
[14/04/2016 15:54:27] /reload creatureevents
[14/04/2016 15:54:32] /addskill cavaleiro, level, 40
[14/04/2016 15:54:51] /m venusaur
[14/04/2016 15:54:56] /r
[14/04/2016 15:55:01] /m venusaur
[14/04/2016 15:55:20] /m venusaur
[14/04/2016 15:55:51] /reload creatureevents
[14/04/2016 15:55:54] /m venusaur
[14/04/2016 15:56:10] /m venusaur
[14/04/2016 15:56:10] /m venusaur
[14/04/2016 15:56:11] /m venusaur
[14/04/2016 15:56:51] /r
[14/04/2016 15:56:53] /r
[14/04/2016 15:57:00] /m venusaur
[14/04/2016 15:57:00] /m venusaur
[14/04/2016 15:57:00] /m venusaur
[14/04/2016 15:57:09] /r
[14/04/2016 15:57:25] /m venusaur
[14/04/2016 15:58:34] /m squirtle
[14/04/2016 15:59:00] /m charmander
[14/04/2016 16:00:38] /reload creatureevents
[14/04/2016 16:00:39] /reload talkactions
[14/04/2016 16:00:55] /m squirtle
[14/04/2016 16:01:35] /m charmander
[14/04/2016 16:01:56] /addskill cavaleiro, level, 1
[14/04/2016 16:01:57] /addskill cavaleiro, level, 1
[14/04/2016 16:01:57] /addskill cavaleiro, level, 1
[14/04/2016 16:01:57] /addskill cavaleiro, level, 1
[14/04/2016 16:01:57] /addskill cavaleiro, level, 1
[14/04/2016 16:01:57] /addskill cavaleiro, level, 1
[14/04/2016 16:02:00] /addskill cavaleiro, level, 1
[14/04/2016 16:02:01] /addskill cavaleiro, level, 1
[14/04/2016 16:02:01] /addskill cavaleiro, level, 1
[14/04/2016 16:02:02] /addskill cavaleiro, level, 1
[14/04/2016 16:02:05] /m charmander
[14/04/2016 16:02:47] /reload creatureevents
[14/04/2016 16:02:48] /reload talkactions
[14/04/2016 16:02:53] /m charmander
[14/04/2016 16:03:16] /m charmander
[14/04/2016 16:03:17] /m charmander
[14/04/2016 16:03:39] /m charmander
[14/04/2016 16:03:47] /i water stone
[14/04/2016 16:03:51] /reload talkactions
[14/04/2016 16:03:52] /reload creatureevents
[14/04/2016 16:04:07] /addskill cavaleiro, level, 1
[14/04/2016 16:04:07] /addskill cavaleiro, level, 1
[14/04/2016 16:04:08] /addskill cavaleiro, level, 1
[14/04/2016 16:04:08] /addskill cavaleiro, level, 1
[14/04/2016 16:04:08] /addskill cavaleiro, level, 1
[14/04/2016 16:04:08] /addskill cavaleiro, level, 1
[14/04/2016 16:04:11] /addskill cavaleiro, level, 1
[14/04/2016 16:04:11] /addskill cavaleiro, level, 1
[14/04/2016 16:04:12] /addskill cavaleiro, level, 1
[14/04/2016 16:04:12] /addskill cavaleiro, level, 1
[14/04/2016 16:04:13] /addskill cavaleiro, level, 1
[14/04/2016 16:04:13] /addskill cavaleiro, level, 1
[14/04/2016 16:04:13] /addskill cavaleiro, level, 1
[14/04/2016 16:04:13] /addskill cavaleiro, level, 1
[14/04/2016 16:04:13] /addskill cavaleiro, level, 1
[14/04/2016 16:04:14] /addskill cavaleiro, level, 1
[14/04/2016 16:04:14] /addskill cavaleiro, level, 1
[14/04/2016 16:04:15] /addskill cavaleiro, level, 1
[14/04/2016 16:04:15] /addskill cavaleiro, level, 1
[14/04/2016 16:04:15] /addskill cavaleiro, level, 1
[14/04/2016 16:04:16] /addskill cavaleiro, level, 1
[14/04/2016 16:04:23] /m charmeleon
[14/04/2016 16:04:53] /reload creatureevents
[14/04/2016 16:04:55] /m charmeleon
[14/04/2016 16:05:14] /m charmeleon
[14/04/2016 16:05:14] /m charmeleon
[14/04/2016 16:05:14] /m charmeleon
[14/04/2016 16:05:49] /m charizard
[14/04/2016 16:05:50] /m charizard
[14/04/2016 16:06:04] /r
[14/04/2016 16:06:07] /r
[14/04/2016 16:06:44] /addskill cavaleiro, level,40
[14/04/2016 16:06:52] /m charizard
[14/04/2016 16:06:52] /m charizard
[14/04/2016 16:07:29] /m charizard
[14/04/2016 16:07:29] /m charizard
[14/04/2016 16:07:29] /m charizard
[14/04/2016 16:07:30] /m charizard
[14/04/2016 16:08:40] /reload creatureevents
[14/04/2016 16:08:44] /m charizard
[14/04/2016 16:13:12] /reload talkactions
[14/04/2016 16:13:12] /reload creatureevents
[14/04/2016 16:13:20] /m charizard
[14/04/2016 16:13:21] /m charizard
[14/04/2016 16:13:21] /m charizard
[14/04/2016 16:13:21] /m charizard
[14/04/2016 16:14:45] /m charmander
[14/04/2016 16:14:59] /m charmander
[14/04/2016 16:15:23] /reload creatureevents
[14/04/2016 16:15:24] /m charmander
[14/04/2016 16:15:34] /reload creatureevents
[14/04/2016 16:15:37] /m charmander
[14/04/2016 16:16:12] /m geodude
[14/04/2016 16:16:19] /m geodude
[14/04/2016 16:16:38] /reload creatureevents
[14/04/2016 16:16:39] /m geodude
[14/04/2016 16:17:14] /reload creatureevents
[14/04/2016 16:17:15] /m geodude
[14/04/2016 16:17:45] /r
[14/04/2016 16:17:47] /r
[14/04/2016 16:17:48] /r
[14/04/2016 16:17:48] /r
[14/04/2016 16:17:55] /m geodude
[14/04/2016 16:17:55] /m geodude
[14/04/2016 16:18:16] /reload creatureevents
[14/04/2016 16:18:18] /m graveler
[14/04/2016 16:18:40] /reload creatureevents
[14/04/2016 16:18:40] /m graveler
[14/04/2016 16:19:01] /m graveler
[14/04/2016 16:24:45] /reload creatureevents
[14/04/2016 16:24:57] /reload creatureevents
[14/04/2016 16:25:11] /addskill cavaleiro, level,60
[14/04/2016 16:25:18] /m charizard
[14/04/2016 16:25:18] /m charizard
[14/04/2016 16:25:38] /r
[14/04/2016 16:25:39] /r
[14/04/2016 16:25:44] /m blastoise
[14/04/2016 16:25:44] /m blastoise
[14/04/2016 16:25:48] /r
[14/04/2016 16:25:53] /m blastoise
[14/04/2016 16:26:43] /m charmander
[14/04/2016 16:26:46] /addskill cavaleiro, level, 1
[14/04/2016 16:26:58] /m squirtle
[14/04/2016 16:28:20] /reload creatureevents
[14/04/2016 16:28:21] /m squirtle
[14/04/2016 16:28:35] /m squirtle
[14/04/2016 16:28:35] /m squirtle
[14/04/2016 16:28:36] /m squirtle
[14/04/2016 16:28:36] /m squirtle
[14/04/2016 16:28:36] /m squirtle
[14/04/2016 16:30:38] /reload creatureevents
[14/04/2016 16:30:40] /m squirtle
[14/04/2016 16:30:58] /m squirtle
[14/04/2016 16:30:58] /m squirtle
[14/04/2016 16:30:58] /m squirtle
[14/04/2016 16:32:22] /m rattata
[14/04/2016 16:33:13] /reload creatureevents
[14/04/2016 16:33:16] /m rattata
[14/04/2016 16:33:16] /m rattata
[14/04/2016 16:34:19] /addskill cavaleiro, level, 90
[14/04/2016 16:34:24] /goto charizard
[14/04/2016 16:34:29] /goto blastoise
[14/04/2016 16:34:41] /goto cavaleiro
[14/04/2016 16:34:45] /goto blastoise
[14/04/2016 16:34:51] /c cavaleiro
[14/04/2016 16:35:54] /m shiny blastoise
[14/04/2016 16:36:18] /goto pidgeot
[14/04/2016 16:36:32] /c cavaleiro
[14/04/2016 16:37:22] /c cavaleiro
[14/04/2016 16:38:23] /m pidgeot
[14/04/2016 16:39:03] /r
[14/04/2016 16:39:05] /r
[14/04/2016 16:39:07] /r
[14/04/2016 16:39:16] /goto ampharos
[14/04/2016 16:39:23] /c cavaleiros
[14/04/2016 16:39:26] /c cavaleiro
[14/04/2016 16:40:05] /c cavaleiro
[14/04/2016 16:41:02] /c cavaleiro
[14/04/2016 16:42:59] /i revive
[14/04/2016 16:45:28] /reload creatureevents
[16/04/2016 13:45:22] /t
[18/04/2016 08:54:51] /m charizard
[18/04/2016 08:55:01] /m charizard
[18/04/2016 08:55:46] /a
[18/04/2016 08:55:47] /a
[18/04/2016 08:55:47] /a
[18/04/2016 08:55:48] /a
[18/04/2016 08:55:48] /a
[18/04/2016 08:55:48] /a
[18/04/2016 08:55:49] /a
[18/04/2016 08:55:49] /a
[18/04/2016 08:55:50] /a
[18/04/2016 08:55:50] /a
[18/04/2016 08:55:50] /a
[18/04/2016 08:55:50] /a
[18/04/2016 08:55:50] /a
[18/04/2016 08:55:50] /a
[18/04/2016 08:55:51] /a
[18/04/2016 08:55:51] /a
[18/04/2016 08:55:51] /a
[18/04/2016 08:55:51] /a
[18/04/2016 08:55:52] /a
[18/04/2016 08:55:52] /a
[18/04/2016 08:55:52] /a
[18/04/2016 08:55:52] /a
[18/04/2016 08:55:52] /a
[18/04/2016 08:55:52] /a
[18/04/2016 08:55:52] /a
[18/04/2016 08:55:52] /a
[18/04/2016 08:55:52] /a
[18/04/2016 08:55:52] /a
[18/04/2016 08:55:52] /a
[18/04/2016 08:55:52] /a
[18/04/2016 08:55:52] /a
[18/04/2016 08:55:52] /a
[18/04/2016 08:55:52] /a
[18/04/2016 08:55:52] /a
[18/04/2016 08:55:52] /a
[18/04/2016 08:55:52] /a
[18/04/2016 08:55:52] /a
[18/04/2016 08:55:52] /a
[18/04/2016 08:55:53] /a
[18/04/2016 08:55:53] /a
[18/04/2016 08:55:53] /a
[18/04/2016 08:55:53] /a
[18/04/2016 08:55:53] /a
[18/04/2016 08:55:53] /a
[18/04/2016 08:55:53] /a
[18/04/2016 08:55:53] /a
[18/04/2016 08:55:53] /a
[18/04/2016 08:55:53] /a
[18/04/2016 08:55:53] /a
[18/04/2016 08:55:53] /a
[18/04/2016 08:55:53] /a
[18/04/2016 08:55:54] /a
[18/04/2016 08:55:55] /a
[18/04/2016 08:55:55] /a
[18/04/2016 08:55:55] /a
[18/04/2016 08:55:55] /a
[18/04/2016 08:55:55] /a
[18/04/2016 08:55:55] /a
[18/04/2016 08:55:55] /a
[18/04/2016 08:55:55] /a
[18/04/2016 08:55:55] /a
[18/04/2016 08:55:55] /a
[18/04/2016 08:55:55] /a
[18/04/2016 08:55:55] /a
[18/04/2016 08:55:55] /a
[18/04/2016 08:55:55] /a
[18/04/2016 08:55:55] /a
[18/04/2016 08:55:55] /a
[18/04/2016 08:55:55] /a
[18/04/2016 08:55:55] /a
[18/04/2016 08:55:56] /a
[18/04/2016 08:55:56] /a
[18/04/2016 08:55:56] /a
[18/04/2016 08:55:56] /a
[18/04/2016 08:55:56] /a
[18/04/2016 08:55:56] /a
[18/04/2016 08:55:56] /a
[18/04/2016 08:55:56] /a
[18/04/2016 08:55:56] /a
[18/04/2016 08:55:56] /a
[18/04/2016 08:55:56] /a
[18/04/2016 08:55:56] /a
[18/04/2016 08:55:56] /a
[18/04/2016 08:55:56] /a
[18/04/2016 08:55:56] /a
[18/04/2016 08:55:56] /a
[18/04/2016 08:55:56] /a
[18/04/2016 08:55:56] /a
[18/04/2016 08:55:56] /a
[18/04/2016 08:55:56] /a
[18/04/2016 08:55:57] /a
[18/04/2016 08:55:57] /a
[18/04/2016 08:55:57] /a
[18/04/2016 08:55:57] /a
[18/04/2016 08:55:57] /a
[18/04/2016 08:55:57] /a
[18/04/2016 08:55:57] /a
[18/04/2016 08:55:57] /a
[18/04/2016 08:55:57] /a
[18/04/2016 08:55:57] /a
[18/04/2016 08:55:57] /a
[18/04/2016 08:55:57] /a
[18/04/2016 08:55:57] /a
[18/04/2016 08:55:57] /a
[18/04/2016 08:55:57] /a
[18/04/2016 08:55:57] /a
[18/04/2016 08:55:58] /a
[18/04/2016 08:55:58] /a
[18/04/2016 08:55:58] /a
[18/04/2016 08:55:58] /a
[18/04/2016 08:55:58] /a
[18/04/2016 08:56:10] /a
[18/04/2016 08:56:10] /a
[18/04/2016 08:56:10] /a
[18/04/2016 08:56:10] /a
[18/04/2016 08:56:10] /a
[18/04/2016 08:56:10] /a
[18/04/2016 08:56:10] /a
[18/04/2016 08:56:11] /a
[18/04/2016 08:56:11] /a
[18/04/2016 08:56:11] /a
[18/04/2016 08:56:11] /a
[18/04/2016 08:56:11] /a
[18/04/2016 08:56:11] /a
[18/04/2016 08:56:11] /a
[18/04/2016 08:56:11] /a
[18/04/2016 08:56:11] /a
[18/04/2016 08:56:11] /a
[18/04/2016 08:56:11] /a
[18/04/2016 08:56:11] /a
[18/04/2016 08:56:11] /a
[18/04/2016 08:56:11] /a
[18/04/2016 08:56:11] /a
[18/04/2016 08:56:11] /a
[18/04/2016 08:56:11] /a
[18/04/2016 08:56:11] /a
[18/04/2016 08:56:11] /a
[18/04/2016 08:56:11] /a
[18/04/2016 08:56:11] /a
[18/04/2016 08:56:11] /a
[18/04/2016 08:56:11] /a
[18/04/2016 08:56:12] /a
[18/04/2016 08:56:12] /a
[18/04/2016 08:56:12] /a
[18/04/2016 08:56:12] /a
[18/04/2016 08:56:12] /a
[18/04/2016 08:56:12] /a
[18/04/2016 08:56:12] /a
[18/04/2016 08:56:12] /a
[18/04/2016 08:56:12] /a
[18/04/2016 08:56:12] /a
[18/04/2016 08:56:12] /a
[18/04/2016 08:56:12] /a
[18/04/2016 08:56:12] /a
[18/04/2016 08:56:12] /a
[18/04/2016 08:56:12] /a
[18/04/2016 08:56:12] /a
[18/04/2016 08:56:12] /a
[18/04/2016 08:56:12] /a
[18/04/2016 08:56:12] /a
[18/04/2016 08:56:13] /a
[18/04/2016 08:56:13] /a
[18/04/2016 08:56:13] /a
[18/04/2016 08:56:13] /a
[18/04/2016 08:56:13] /a
[18/04/2016 08:56:13] /a
[18/04/2016 08:56:13] /a
[18/04/2016 08:56:13] /a
[18/04/2016 08:56:13] /a
[18/04/2016 08:57:25] /goto charizard
[18/04/2016 08:59:27] /a
[18/04/2016 08:59:42] /a
[18/04/2016 11:42:13] /t
[18/04/2016 11:48:07] /reload talkactions
[18/04/2016 11:48:27] /reload talkactions
[18/04/2016 12:02:13] /reload talkactions
[18/04/2016 12:13:08] /reload talkactions
[18/04/2016 12:14:22] /reload talkactions
[18/04/2016 12:16:22] /reload talkactions
[18/04/2016 12:29:55] /reload talkactions
[18/04/2016 12:31:02] /reload talkactions
[18/04/2016 12:31:24] /reload talkactions
[18/04/2016 12:31:53] /reload talkactions
[18/04/2016 12:31:56] /r
[18/04/2016 12:31:58] /r
[18/04/2016 12:31:59] /reload talkactions
[18/04/2016 12:34:05] /reload talkactions
[18/04/2016 12:34:20] /reload talkactions
[18/04/2016 12:34:45] /save
[18/04/2016 12:40:15] /reload creatureevents
[18/04/2016 12:40:43] /reload creatureevents
[18/04/2016 12:41:24] /reload creatureevents
[18/04/2016 12:42:19] /reload creatureevents
[18/04/2016 12:42:33] /reload creatureevents
[18/04/2016 12:42:33] /reload creatureevents
[18/04/2016 12:42:47] /reload creatureevents
[18/04/2016 12:42:50] /reload creatureevents
[18/04/2016 12:42:50] /reload creatureevents
[18/04/2016 12:42:51] /reload creatureevents
[18/04/2016 12:44:42] /reload creatureevents
[18/04/2016 12:52:23] /reload creatureevents
[18/04/2016 12:52:24] /reload talkactions
[18/04/2016 12:52:59] /reload talkactions
[18/04/2016 12:56:15] /reload talkactions
[18/04/2016 12:56:31] /save
[18/04/2016 12:56:47] /reload talkactions
[18/04/2016 13:07:37] /town 9
[18/04/2016 13:07:55] /reload creatureevents
[18/04/2016 13:10:49] /save
[18/04/2016 13:10:53] /save
[18/04/2016 13:15:11] /reload creatureevents
[18/04/2016 13:15:12] /reload talkactions
[18/04/2016 13:16:28] /reload creatureevents
[18/04/2016 13:17:56] /reload talkactions
[18/04/2016 13:18:15] /reload talkactions
[18/04/2016 13:18:21] /reload creatureevents
[18/04/2016 13:19:30] /reload creatureevents
[18/04/2016 13:19:36] /r
[18/04/2016 13:19:41] /r
[18/04/2016 13:19:43] /r
[18/04/2016 13:19:46] /r
[18/04/2016 13:19:49] /reload creatureevents
[18/04/2016 13:19:49] /reload talkactions
[18/04/2016 13:19:53] /reload creatureevents
[18/04/2016 13:19:54] /reload creatureevents
[18/04/2016 13:19:54] /reload creatureevents
[18/04/2016 13:25:04] /reload talkactions
[18/04/2016 13:27:39] /reload talkactions
[18/04/2016 13:27:40] /reload creatureevents
[18/04/2016 13:28:05] /reload creatureevents
[18/04/2016 13:28:08] /reload creatureevents
[18/04/2016 13:28:09] /reload creatureevents
[18/04/2016 13:28:09] /reload creatureevents
[18/04/2016 13:29:27] /reload creatureevents
[18/04/2016 13:30:01] /reload creatureevents
[18/04/2016 13:30:22] /reload talkactions
[18/04/2016 13:30:23] /reload creatureevents
[18/04/2016 13:30:27] /reload creatureevents
[18/04/2016 13:30:27] /reload creatureevents
[18/04/2016 13:30:27] /reload creatureevents
[18/04/2016 13:30:28] /reload creatureevents
[18/04/2016 13:31:59] /reload creatureevents
[18/04/2016 13:33:32] /reload creatureevents
[18/04/2016 13:33:32] /reload talkactions
[18/04/2016 13:33:40] /r
[18/04/2016 13:33:45] /r
[18/04/2016 13:35:03] /reload creatureevents
[18/04/2016 13:35:17] /r
[18/04/2016 13:35:29] /r
[18/04/2016 13:35:32] /r
[18/04/2016 13:36:18] /r
[18/04/2016 13:36:24] /r
[18/04/2016 13:36:26] /r
[18/04/2016 13:37:51] /reload creatureevents
[18/04/2016 13:37:51] /reload talkactions
[18/04/2016 13:38:23] /reload creatureevents
[18/04/2016 13:38:23] /reload talkactions
[18/04/2016 13:38:26] /r
[18/04/2016 13:38:34] /r
[18/04/2016 13:38:36] /r
[18/04/2016 13:42:28] /reload creatureevents
[18/04/2016 13:42:29] /reload talkactions
[18/04/2016 13:42:40] /r
[18/04/2016 13:42:42] /r
[18/04/2016 13:45:25] /reload creatureevents
[18/04/2016 13:46:45] /r
[18/04/2016 13:48:27] /r
[18/04/2016 13:54:15] /r
[18/04/2016 13:55:02] /reload talkactions
[18/04/2016 13:55:02] /reload creatureevents
[18/04/2016 13:57:16] /reload talkactions
[18/04/2016 13:57:16] /reload creatureevents
[18/04/2016 13:57:18] /reload talkactions
[18/04/2016 13:58:31] /reload talkactions
[18/04/2016 13:58:32] /reload creatureevents
[18/04/2016 13:58:58] /reload talkactions
[18/04/2016 13:58:58] /reload creatureevents
[18/04/2016 14:00:48] /t
[18/04/2016 14:25:42] /reload talkactions
[18/04/2016 14:25:43] /reload creatureevents
[18/04/2016 15:03:43] /reload creatureevents
[18/04/2016 15:03:43] /reload creatureevents
[18/04/2016 15:03:44] /reload creatureevents
[18/04/2016 15:03:45] /reload creatureevents
[18/04/2016 15:03:45] /reload creatureevents
[18/04/2016 15:03:45] /reload creatureevents
[18/04/2016 15:06:05] /reload creatureevents
[18/04/2016 15:09:14] /reload talkactions
[18/04/2016 15:09:20] /reload creatureevents
[18/04/2016 15:09:20] /reload creatureevents
[18/04/2016 15:11:15] /reload creatureevents
[18/04/2016 15:12:49] /reload monster
[18/04/2016 15:19:14] /newtype 494
[18/04/2016 15:20:10] /newtype 522
[18/04/2016 15:32:53] /reload creatureevents
[18/04/2016 15:32:56] /reload talkactions
[18/04/2016 15:52:18] /reload creatureevents
[18/04/2016 15:52:54] /reload creatureevents
[18/04/2016 15:55:31] /reload creatureevents
[18/04/2016 15:55:31] /reload creatureevents
[18/04/2016 15:55:31] /reload creatureevents
[18/04/2016 15:55:31] /reload creatureevents
[18/04/2016 15:55:32] /reload creatureevents
[18/04/2016 15:55:32] /reload creatureevents
[18/04/2016 15:55:48] /reload creatureevents
[18/04/2016 15:58:28] /reload creatureevents
[18/04/2016 16:05:39] /reload creatureevents
[19/04/2016 10:37:14] /reload creatureevents
[19/04/2016 10:38:29] /reload creatureevents
[19/04/2016 10:40:19] /reload creatureevents
[19/04/2016 10:42:00] /reload creatureevents
[19/04/2016 10:44:58] /reload creatureevents
[19/04/2016 11:49:34] /town 10
[19/04/2016 11:52:46] /town 10
[19/04/2016 12:38:07] /town 10
[19/04/2016 12:41:09] /reload talkactions
[19/04/2016 12:41:41] /reload creatureevents
[19/04/2016 12:45:52] /m charizar
[19/04/2016 12:45:56] /m charizard
[19/04/2016 12:46:08] /r
[19/04/2016 12:46:11] /m blastoise
[19/04/2016 12:47:09] /m charizard
[19/04/2016 13:39:44] /t
[19/04/2016 13:39:49] /m gloom
[19/04/2016 13:41:23] /town 10
[19/04/2016 13:45:14] /r
[19/04/2016 13:45:19] /r
[20/04/2016 11:01:21] /newtype 1674
[20/04/2016 11:01:26] /newtype 1673
[20/04/2016 11:01:29] /newtype 1674
[20/04/2016 11:01:32] /newtype 1673
[20/04/2016 11:01:33] /newtype 1674
[20/04/2016 11:01:56] /newtype 1672
[20/04/2016 11:02:07] /newtype 1666
[20/04/2016 12:22:10] /up
[20/04/2016 12:23:25] /up
[20/04/2016 12:26:33] /n brotherhood master
[20/04/2016 12:26:50] /n BrotherHood Master
[20/04/2016 12:27:26] /n BrotherHood Master
[20/04/2016 12:29:43] /n BrotherHoodMaster
[20/04/2016 12:30:35] /n Brotherhoodmaster
[20/04/2016 12:30:45] /n Brotherhoodmaster
[20/04/2016 12:33:07] /reload npc
[20/04/2016 12:35:09] /reload npc
[20/04/2016 12:35:40] /save
[20/04/2016 12:36:14] /n Brotherhoodmaster
[20/04/2016 12:36:38] /reload npc
[20/04/2016 12:36:41] /n Brotherhoodmaster
[20/04/2016 12:38:53] /i 2160
[20/04/2016 12:40:57] /reload npc
[20/04/2016 12:41:56] /n brotherhoodmaster
[20/04/2016 12:43:22] /n brotherhoodmaster
[20/04/2016 12:44:57] /reload talkactions
[20/04/2016 12:46:00] /t
[20/04/2016 12:46:15] /town 9
[20/04/2016 12:46:20] /t
[20/04/2016 12:47:54] /reload talkactions
[20/04/2016 12:49:49] /town 10
[20/04/2016 12:55:59] /reload talkactions
[20/04/2016 12:56:07] /reload talkactions
[20/04/2016 12:56:54] /t
[20/04/2016 12:59:43] /reload creatureevents
[20/04/2016 13:03:06] /reload talkactions
[20/04/2016 13:03:15] /town 10
[20/04/2016 13:06:25] /reload creatureevents
[20/04/2016 13:06:35] /r
[20/04/2016 13:06:37] /r
[20/04/2016 13:06:42] /reload talkactions
[20/04/2016 13:17:23] /reload talkactions
[20/04/2016 13:17:28] /reload creatureevents
[20/04/2016 13:17:48] /r
[20/04/2016 13:17:50] /r
[20/04/2016 13:17:55] /r
[20/04/2016 13:18:02] /r
[20/04/2016 13:18:05] /r
[20/04/2016 13:18:11] /reload talkactions
[20/04/2016 13:35:41] /n Brotherhood parchute
[20/04/2016 13:35:47] /n Brotherhoodparchute
[20/04/2016 13:37:39] /n Brotherhoodparachute
[20/04/2016 13:39:03] /reload npc
[20/04/2016 13:39:42] /i 2160
[20/04/2016 13:40:03] /reload npc
[20/04/2016 14:00:29] /t
[20/04/2016 14:32:27] /goto wildnpc
[20/04/2016 14:32:32] /goto testef
[20/04/2016 14:32:34] /goto teste
[20/04/2016 14:35:13] /m charizard
[20/04/2016 14:35:23] /goto teste
[20/04/2016 14:36:23] /m charizard
[20/04/2016 14:36:27] /goto teste
[20/04/2016 14:36:52] /reload creatureevents
[20/04/2016 14:38:33] /t
[20/04/2016 14:55:56] /m charizard
[20/04/2016 14:55:58] /r
[20/04/2016 14:56:45] /reload actions
[20/04/2016 14:56:54] /goto teste
[20/04/2016 14:59:13] /goto teste
[20/04/2016 15:00:06] /goto teste
[20/04/2016 15:00:16] /t
[20/04/2016 15:00:23] /n nurse
[20/04/2016 15:00:28] /goto teste
[20/04/2016 15:01:11] /goto teste
[20/04/2016 15:01:14] /goto testef
[20/04/2016 15:01:21] /r
[20/04/2016 15:01:23] /goto testef
[20/04/2016 15:01:26] /t
[20/04/2016 15:01:29] /goto testef
[20/04/2016 15:03:00] /t
[20/04/2016 15:04:59] /m charizard
[20/04/2016 15:05:33] /reload actions
[20/04/2016 15:11:09] /m rattata
[20/04/2016 15:11:58] /reload actions
[20/04/2016 15:13:15] /m charizard
[20/04/2016 15:14:49] /t
[20/04/2016 15:16:44] /reload actions
[20/04/2016 15:17:16] /reload actions
[20/04/2016 15:17:57] /goto teste
[20/04/2016 15:18:02] /r
[20/04/2016 15:18:03] /goto teste
[20/04/2016 15:18:41] /t
[20/04/2016 15:20:06] /reload actions
[20/04/2016 15:23:50] /m charizard
[20/04/2016 15:24:02] /goto teste
[20/04/2016 15:24:08] /goto testef
[20/04/2016 20:30:14] /m rattata
[20/04/2016 20:37:35] /m rattata
[20/04/2016 20:38:06] /goto teste
[20/04/2016 20:39:48] /reload creatureevents
[20/04/2016 20:40:12] /reload creatureevents
[20/04/2016 20:43:35] /m rattata
[20/04/2016 20:43:40] /r
[20/04/2016 20:46:45] /m caterpie
[20/04/2016 20:48:13] /m caterpie
[20/04/2016 20:49:05] /m caterpie
[20/04/2016 20:51:05] /m caterpie
[20/04/2016 20:51:37] /t
[20/04/2016 20:51:56] /n Brotherhoodparachute
[20/04/2016 20:52:16] /n nurse
[20/04/2016 20:54:46] /reload talkactions
[20/04/2016 20:59:49] /goto testef
[20/04/2016 20:59:52] /r
[20/04/2016 20:59:54] /goto testef
[20/04/2016 20:59:58] /r
[20/04/2016 20:59:59] /goto testef
[20/04/2016 21:00:12] /reload creatureevents
[20/04/2016 21:00:37] /reload creatureevents
[20/04/2016 21:01:10] /reload creatureevents
[20/04/2016 21:01:43] /reload creatureevents
[20/04/2016 21:06:06] /reload creatureevents
[20/04/2016 21:06:18] /goto testef
[20/04/2016 21:09:33] /goto testef
[20/04/2016 21:11:55] /reload creatureevents
[20/04/2016 21:32:59] /m charizard
[20/04/2016 21:33:26] /goto teste
[20/04/2016 21:33:28] /r
[20/04/2016 21:33:30] /goto teste
[20/04/2016 21:33:33] /goto teste
[20/04/2016 21:33:39] /r
[20/04/2016 21:33:41] /goto teste
[20/04/2016 21:33:47] /r
[20/04/2016 21:33:49] /r
[20/04/2016 21:33:51] /goto teste
[20/04/2016 21:33:53] /goto testef
[20/04/2016 21:38:11] /m caterpie
[20/04/2016 21:38:19] /goto teste f
[20/04/2016 21:38:21] /goto testef
[20/04/2016 21:38:23] /goto testef
[20/04/2016 21:38:39] /r
[20/04/2016 21:38:41] /r
[20/04/2016 21:38:46] /goto testef
[20/04/2016 21:38:48] /goto teste
[20/04/2016 21:38:53] /r
[20/04/2016 21:38:56] /goto teste
[20/04/2016 21:40:22] /reload creatureevents
[20/04/2016 21:40:22] /reload talkactions
[20/04/2016 21:41:07] /reload creatureevents
[20/04/2016 21:41:08] /reload talkactions
[20/04/2016 21:44:09] /reload creatureevents
[20/04/2016 21:44:11] /reload talkactions
[20/04/2016 21:44:12] /reload creatureevents
[20/04/2016 21:45:07] /m caterpie
[20/04/2016 21:45:10] /goto teste
[20/04/2016 21:45:13] /r
[20/04/2016 21:45:15] /goto teste
[20/04/2016 21:47:24] /reload creatureevents
[20/04/2016 21:47:25] /reload talkactions
[20/04/2016 21:48:02] /save
[20/04/2016 21:48:38] /m caterpie
[20/04/2016 21:48:49] /goto teste
[20/04/2016 21:48:51] /goto testef
[20/04/2016 21:48:56] /goto testef
[20/04/2016 21:48:58] /goto teste
[20/04/2016 21:49:05] /m caterpie
[20/04/2016 21:49:11] /goto teste
[20/04/2016 21:50:24] /m caterpie
[20/04/2016 21:50:29] /goto teste
[20/04/2016 21:50:30] /goto testef
[20/04/2016 21:50:32] /goto tes
[20/04/2016 21:50:34] /goto tese
[20/04/2016 21:50:36] /goto test
[20/04/2016 21:50:37] /goto teste
[20/04/2016 21:50:39] /goto testef
[20/04/2016 21:51:37] /m caterpie
[20/04/2016 21:53:05] /m caterpie
[20/04/2016 21:53:14] /goto teste
[20/04/2016 21:54:04] /reload creatureevents
[20/04/2016 21:54:04] /reload talkactions
[20/04/2016 21:54:05] /m caterpie
[20/04/2016 22:12:02] /m caterpie
[20/04/2016 22:12:05] /goto teste
[20/04/2016 22:12:12] /goto testef
[20/04/2016 22:13:03] /reload creatureevents
[20/04/2016 22:13:04] /reload talkactions
[20/04/2016 22:13:07] /m caterpie
[20/04/2016 22:13:38] /t
[20/04/2016 22:13:41] /n nurse
[20/04/2016 22:14:42] /goto teste
[20/04/2016 22:15:05] /r
[20/04/2016 22:15:08] /goto teste
[20/04/2016 22:15:14] /r
[20/04/2016 22:15:17] /goto teste
[20/04/2016 22:15:19] /goto testef
[20/04/2016 22:15:24] /r
[20/04/2016 22:15:27] /goto testef
[20/04/2016 22:16:31] /t
[20/04/2016 23:03:10] /t
[20/04/2016 23:03:13] /n nurse
[20/04/2016 23:03:32] /goto teste
[20/04/2016 23:03:52] /r
[20/04/2016 23:03:55] /goto teste
[20/04/2016 23:03:59] /r
[20/04/2016 23:04:02] /goto teste
[20/04/2016 23:04:04] /goto testef
[20/04/2016 23:06:04] /reload creatureevents
[20/04/2016 23:06:46] /save
[20/04/2016 23:08:37] /reload creatureevents
[20/04/2016 23:31:34] /m caterpie
[20/04/2016 23:31:43] /m caterpie
[20/04/2016 23:36:55] /t
[20/04/2016 23:36:58] /n nurse
[20/04/2016 23:38:04] /goto teste
[20/04/2016 23:38:51] /save
[20/04/2016 23:39:09] /t
[21/04/2016 00:21:22] /reload creatureevents
[21/04/2016 00:21:23] /reload talkactions
[21/04/2016 00:56:08] /reload creatureevents
[21/04/2016 00:56:08] /reload talkactions
[21/04/2016 01:03:18] /goto teste
[21/04/2016 01:03:23] /r
[21/04/2016 01:03:26] /goto teste
[21/04/2016 01:03:29] /r
[21/04/2016 01:03:33] /r
[21/04/2016 01:03:38] /goto teste
[21/04/2016 01:03:39] /goto testef
[21/04/2016 01:06:25] /reload creatureevents
[21/04/2016 01:06:26] /reload talkactions
[21/04/2016 01:43:22] /goto teste
[21/04/2016 02:32:48] /goto teste
[21/04/2016 02:33:13] /n brotherhoodparachute
[21/04/2016 02:33:17] /i 2160
[21/04/2016 02:34:06] /goto teste
[21/04/2016 02:36:12] /reload creatureevents
[21/04/2016 02:39:11] /reload creatureevents
[21/04/2016 02:39:19] /reload creatureevents
[21/04/2016 02:39:21] /goto teste
[21/04/2016 02:39:52] /n brotherhoodparachute
[21/04/2016 02:40:23] /goto teste
[21/04/2016 02:40:26] /goto testef
[21/04/2016 02:40:35] /n brotherhoodparachute
[21/04/2016 11:25:12] /reload creatureevents
[21/04/2016 11:26:00] /goto testef
[21/04/2016 11:35:20] /reload creatureevents
[21/04/2016 11:35:21] /reload talkactions
[21/04/2016 11:35:41] /r
[21/04/2016 11:35:44] /goto teste
[21/04/2016 11:35:50] /r
[21/04/2016 11:35:53] /goto teste
[21/04/2016 11:35:55] /goto testef
[21/04/2016 11:51:57] /goto testef
[21/04/2016 11:55:36] /reload creatureevents
[21/04/2016 12:28:30] /goto teste
[21/04/2016 12:47:52] /goto testef
[21/04/2016 12:47:56] /r
[21/04/2016 12:47:58] /r
[21/04/2016 12:47:59] /goto testef
[21/04/2016 12:56:01] /reload creatureevents
[21/04/2016 12:56:36] /reload creatureevents
[21/04/2016 12:57:01] /reload creatureevents
[21/04/2016 12:57:14] /reload creatureevents
[21/04/2016 12:58:45] /reload creatureevents
[21/04/2016 12:59:36] /n brotherhoodhook
[21/04/2016 13:35:16] /n brotherhoodhook
[21/04/2016 13:36:13] /n brotherhoodhook
[21/04/2016 13:41:40] /n brotherhoodhook
[21/04/2016 13:42:02] /goto testef
[21/04/2016 13:42:07] /r
[21/04/2016 13:42:09] /goto testef
[21/04/2016 13:42:12] /goto teste
[21/04/2016 13:42:15] /r
[21/04/2016 13:42:17] /goto teste
[21/04/2016 13:42:21] /goto teste
[21/04/2016 13:44:25] /goto hook sion
[21/04/2016 13:44:38] /t
[21/04/2016 13:44:46] /n brotherhoodhook
[21/04/2016 14:14:30] /goto testef
[21/04/2016 14:14:37] /r
[21/04/2016 14:14:38] /goto testef
[21/04/2016 14:14:42] /goto teste
[21/04/2016 14:14:43] /r
[21/04/2016 14:14:45] /goto teste
[21/04/2016 14:15:02] /r
[21/04/2016 14:15:03] /goto teste
[21/04/2016 14:18:12] /r
[21/04/2016 14:18:13] /goto teste
[21/04/2016 14:18:21] /r
[21/04/2016 14:18:22] /goto teste
[21/04/2016 14:18:23] /goto testef
[21/04/2016 14:18:26] /r
[21/04/2016 14:18:28] /goto testef
[21/04/2016 14:18:57] /n brotherhoodhook
[21/04/2016 14:19:14] /n brotherhoodparachute
[21/04/2016 14:22:48] /goto teste
[21/04/2016 14:22:51] /r
[21/04/2016 14:22:52] /goto teste
[21/04/2016 14:22:54] /goto testef
[21/04/2016 14:23:00] /r
[21/04/2016 14:23:02] /goto testef
[21/04/2016 14:23:04] /r
[21/04/2016 14:23:05] /goto testef
[21/04/2016 14:23:33] /n brotherhoodparachute
[21/04/2016 14:24:43] /r
[21/04/2016 14:24:56] /n brotherhoodhook
[21/04/2016 14:26:35] /m shiny rhydon
[21/04/2016 14:36:48] /town 10
[21/04/2016 14:37:13] /n brotherhoodparachyte
[21/04/2016 14:37:15] /n brotherhoodparachute
[21/04/2016 14:37:36] /n brotherhoodhook
[21/04/2016 14:40:02] /reload creatureevents
[21/04/2016 14:41:00] /n brotherhoodparachyte
[21/04/2016 14:41:03] /n brotherhoodparachute
[21/04/2016 14:41:16] /n brotherhoodhook
[21/04/2016 14:41:56] /r
[21/04/2016 14:41:59] /r
[21/04/2016 14:42:03] /r
[21/04/2016 14:46:43] /reload creatureevents
[21/04/2016 14:48:57] /reload talkactions
[21/04/2016 15:00:00] /n brotherhoodhook
[21/04/2016 15:00:03] /n brotherhoodhook
[21/04/2016 15:00:04] /n brotherhoodhook
[21/04/2016 15:00:05] /n brotherhoodhook
[21/04/2016 15:00:05] /n brotherhoodhook
[21/04/2016 15:00:06] /n brotherhoodhook
[21/04/2016 15:00:07] /r
[21/04/2016 15:00:10] /r
[21/04/2016 15:00:11] /r
[21/04/2016 15:00:13] /r
[21/04/2016 15:00:14] /r
[21/04/2016 15:00:27] /n brotherhoodparachute
[21/04/2016 15:00:57] /r
[21/04/2016 15:01:00] /r 100
[21/04/2016 15:01:58] /reload talkactions
[21/04/2016 15:03:25] /reload talkactions
[21/04/2016 15:07:08] /n brotherhoodhook
[21/04/2016 15:07:10] /n brotherhoodhook
[21/04/2016 15:07:11] /n brotherhoodhook
[21/04/2016 15:07:11] /n brotherhoodhook
[21/04/2016 15:07:11] /n brotherhoodhook
[21/04/2016 15:07:12] /n brotherhoodhook
[21/04/2016 15:07:14] /r
[21/04/2016 15:07:16] /r
[21/04/2016 15:07:18] /r
[21/04/2016 15:07:19] /r
[21/04/2016 15:07:21] /r
[21/04/2016 15:07:37] /n brotherhoodparachute
[21/04/2016 15:07:50] /r 100
[21/04/2016 15:09:45] /reload talkactions
[23/04/2016 22:57:24] /reload creatureevents
[24/04/2016 12:42:00] /r
[24/04/2016 12:42:02] /r
[24/04/2016 12:50:44] /reload creatureevents
[24/04/2016 12:51:22] /reload creatureevents
[24/04/2016 12:52:19] /i devoted token
[24/04/2016 12:52:27] /i mighty token
[24/04/2016 12:52:34] /i hornored token
[24/04/2016 12:52:40] /i honored token
[24/04/2016 12:52:52] /i 15645
[24/04/2016 12:52:54] /i 15646
[24/04/2016 12:56:10] /reload creatureevents
[24/04/2016 12:57:49] /reload creatureevents
[24/04/2016 12:58:08] /reload creatureevents
[24/04/2016 13:01:22] /reload creatureevents
[24/04/2016 13:01:33] /i 15644
[24/04/2016 13:01:33] /i 15644
[24/04/2016 13:01:48] /i 15644
[24/04/2016 13:01:48] /i 15644
[24/04/2016 13:01:49] /i 15644
[24/04/2016 13:01:57] /i 15644
[24/04/2016 13:01:58] /i 15644
[24/04/2016 13:01:58] /i 15644
[24/04/2016 13:02:06] /i 15644
[24/04/2016 13:02:06] /i 15644
[24/04/2016 13:02:06] /i 15644
[24/04/2016 13:02:16] /i 15644
[24/04/2016 13:02:16] /i 15644
[24/04/2016 13:02:17] /i 15644
[24/04/2016 13:02:17] /i 15644
[24/04/2016 13:02:38] /i 15644
[24/04/2016 13:02:50] /i 15644
[24/04/2016 13:04:52] /reload creatureevents
[24/04/2016 13:05:07] /i 15646
[24/04/2016 13:05:12] /i 15646
[24/04/2016 13:05:20] /i 15646
[24/04/2016 13:05:27] /i 15646
[24/04/2016 19:49:54] /n mark
[24/04/2016 20:04:05] /reload talkactions
[24/04/2016 20:04:29] /reload talkactions
[24/04/2016 20:05:04] /reload talkactions
[24/04/2016 20:05:30] /reload talkactions
[24/04/2016 20:06:59] /i bag box
