[23/05/2015 00:11:53] /t
[23/05/2015 00:12:24] /m aerodactyl
[23/05/2015 00:12:42] /r
[23/05/2015 00:12:57] !revert
[23/05/2015 00:14:47] /m shiny mariwaj
[23/05/2015 00:14:52] /m shiny marowak
[23/05/2015 00:14:59] /r
[23/05/2015 12:34:38] /t
[23/05/2015 12:34:52] /m shiny pidgeot
[23/05/2015 12:35:23] /r
[23/05/2015 12:35:30] /r
[23/05/2015 12:36:00] /attr health, 5000000
[23/05/2015 12:36:06] /attr health, 5000000
[23/05/2015 12:36:21] /attr skill health, 5000000
[23/05/2015 15:29:21] /t
[24/05/2015 01:50:07] /t
[24/05/2015 01:52:11] /a
[24/05/2015 01:52:22] /a
[24/05/2015 01:52:26] /a
[24/05/2015 01:52:28] /a
[24/05/2015 01:54:29] /a
[24/05/2015 01:54:34] /a
[24/05/2015 01:54:35] /a
[24/05/2015 01:55:22] /t
[24/05/2015 01:56:57] /t
[24/05/2015 02:06:48] /a
[24/05/2015 02:06:55] /a
[24/05/2015 02:07:56] /t
[24/05/2015 09:58:01] /t
[24/05/2015 09:59:13] /t
[24/05/2015 10:00:26] /t
[24/05/2015 10:00:51] /t
[24/05/2015 10:02:10] /t
[24/05/2015 10:06:19] /t
[24/05/2015 10:06:37] /m aerodactyl
[24/05/2015 10:06:44] /r
[24/05/2015 10:06:58] /n pokemon colletor
[24/05/2015 10:07:04] /n pokemon colletcor
[24/05/2015 10:08:28] /n pokemon seller
[24/05/2015 10:08:41] /m Pokemon Collector
[24/05/2015 10:08:45] /n Pokemon Collector
[24/05/2015 10:08:55] /r
[24/05/2015 12:14:04] /t
[24/05/2015 22:51:56] /t
[24/05/2015 22:52:15] /down
[24/05/2015 22:53:43] /t
[28/05/2015 16:55:13] /r
[28/05/2015 16:55:17] /r
[28/05/2015 16:55:21] /r
[28/05/2015 16:55:25] /r
[28/05/2015 17:08:20] /a
[29/05/2015 02:03:22] /a
[29/05/2015 02:03:23] /a
[29/05/2015 02:03:24] /a
[29/05/2015 02:17:01] /t
[29/05/2015 02:19:09] /m shiny mr. mime
[29/05/2015 02:19:10] /m shiny mr. mime
[29/05/2015 02:19:20] /r
[30/05/2015 10:36:40] /goto Lindo
[30/05/2015 10:36:44] /ghost
[30/05/2015 10:36:47] /ghost
[30/05/2015 10:37:01] /town 2
[30/05/2015 10:37:06] /town 1
[30/05/2015 10:37:08] /town 3
[30/05/2015 10:37:11] /town 4
[30/05/2015 10:37:14] /town 5
[30/05/2015 10:37:17] /town 6
[30/05/2015 10:37:20] /town 7
[30/05/2015 10:37:23] /town 8
[30/05/2015 10:37:45] !revert
[30/05/2015 10:38:21] /t
[30/05/2015 10:38:43] !revert
[30/05/2015 10:39:00] /a 10
[30/05/2015 10:39:01] /a 10
[30/05/2015 10:39:03] /a 10
[30/05/2015 10:39:17] /a 10
[30/05/2015 10:39:19] /a 10
[30/05/2015 10:39:20] /a 10
[30/05/2015 10:39:24] /a 10
[30/05/2015 10:39:26] /a 10
[30/05/2015 10:39:29] /a 10
[30/05/2015 10:39:30] /a 10
[30/05/2015 10:49:16] /c Lindo
