[12/08/2015 16:04:07] /cleanMe
[12/08/2015 16:05:04] /goto charizard
[12/08/2015 16:06:16] /i revive
[12/08/2015 16:07:27] /t
[12/08/2015 16:08:27] /c teste
[12/08/2015 16:08:40] /r
[12/08/2015 16:08:52] /r
[13/08/2015 12:56:48] /t
[13/08/2015 15:16:06] /ghost
[13/08/2015 15:16:59] /goto shiny charizard
[13/08/2015 15:36:42] /up
[13/08/2015 15:36:47] /up
[13/08/2015 15:37:07] /down
[13/08/2015 15:38:46] /goto [ADM] Two
[13/08/2015 15:38:54] /goto [ADM] Two
[13/08/2015 15:39:09] /goto [ADM] Two
[13/08/2015 15:40:23] /goto [ADM] Two
[13/08/2015 15:42:47] /i prize pokemon box
[13/08/2015 15:42:55] /i prize pokemon box+4
[13/08/2015 15:43:35] /goto daniel
[13/08/2015 15:44:09] /t
[13/08/2015 15:45:33] /town 5
[13/08/2015 15:45:44] /i leaf stone
[13/08/2015 15:45:52] /i venom stone
[13/08/2015 15:46:04] /i heart stone
[13/08/2015 15:46:26] /c alucard
[13/08/2015 15:47:29] /addskill alucard, level, 15
[13/08/2015 15:48:00] /i ultra ball
[15/08/2015 14:51:12] /goto [ADM] One
[15/08/2015 14:51:59] /goto [ADM] One
[15/08/2015 14:53:23] /t
[15/08/2015 14:54:26] /cleanMe
[15/08/2015 14:54:35] /cleanMe
[15/08/2015 15:05:41] /goto master lee
[15/08/2015 15:06:18] /attr group 1
[15/08/2015 15:09:15] /cleanMe
[15/08/2015 15:10:29] /i revive
[15/08/2015 15:10:44] /i ultra ball
[15/08/2015 15:10:45] /i ultra ball
[15/08/2015 15:11:45] /attr group 1
[15/08/2015 15:13:52] /c master lee
[15/08/2015 15:17:35] /i facebook bag
[15/08/2015 15:17:40] /i bag
[15/08/2015 15:17:45] /i pokemon bag
[15/08/2015 15:19:17] /attr group 6
[15/08/2015 15:19:32] /attr group 6
[15/08/2015 15:19:35] /attr group 1
[03/03/2016 23:31:54] /t
[03/03/2016 23:43:50] /i x-lucky (tier: 7)
[03/03/2016 23:52:01] /i bag box
[03/03/2016 23:52:17] /addskill [ADM] Three, level, 100
[13/03/2016 16:39:54] /i emerald
[13/03/2016 16:40:21] /i esmeralda
[13/03/2016 16:40:24] /i emerald
[13/03/2016 16:45:40] /t 1
[13/03/2016 16:45:45] /t pewter
[13/03/2016 16:47:09] /i revive
[13/03/2016 16:54:24] /a
[13/03/2016 16:54:49] /town saffron
[13/03/2016 17:05:14] /cleanMe
