[25/06/2015 16:12:13] /t
[28/06/2015 21:03:49] /a
[28/06/2015 21:03:50] /a
[28/06/2015 21:03:51] /a
[28/06/2015 21:03:52] /a
[28/06/2015 21:04:00] /a 5
[28/06/2015 21:04:01] /a 5
[28/06/2015 21:04:01] /a 5
[28/06/2015 21:04:05] /a 5
[28/06/2015 21:04:05] /a 5
[28/06/2015 21:04:06] /a 5
[28/06/2015 21:04:22] /a 5
[28/06/2015 21:04:23] /a 5
[28/06/2015 21:04:26] /a 5
[28/06/2015 21:04:34] /a 5
[28/06/2015 21:04:36] /a 5
[28/06/2015 21:04:38] /a 5
[28/06/2015 21:04:39] /a 5
[28/06/2015 21:04:40] /a 5
[28/06/2015 21:04:41] /a 5
[28/06/2015 21:04:41] /a 5
[28/06/2015 21:04:42] /a 5
[28/06/2015 21:04:43] /a 5
[28/06/2015 21:04:44] /a 5
[28/06/2015 21:04:45] /a 5
[28/06/2015 21:04:45] /a 5
[28/06/2015 21:04:46] /a 5
[28/06/2015 21:04:47] /a 5
[28/06/2015 21:04:47] /a 5
[28/06/2015 21:04:48] /a 5
[28/06/2015 21:04:48] /a 5
[28/06/2015 21:04:49] /a 5
[28/06/2015 21:04:51] /a 5
[28/06/2015 21:04:52] /a 5
[28/06/2015 21:04:53] /a 5
[28/06/2015 21:04:58] /a
[28/06/2015 21:04:58] /a
[28/06/2015 21:05:02] /a 5
[28/06/2015 21:05:03] /a 5
[28/06/2015 21:05:04] /a 5
[28/06/2015 21:05:06] /a 5
[28/06/2015 21:05:07] /a 5
[28/06/2015 21:05:07] /a 5
[28/06/2015 21:05:11] /a
[28/06/2015 21:05:14] /t
[28/06/2015 21:05:16] /up
[28/06/2015 21:05:16] /up
[28/06/2015 21:05:26] /t
[28/06/2015 21:05:28] /up
[28/06/2015 21:05:30] /up
[28/06/2015 21:06:25] /a
[28/06/2015 21:06:32] /t
[28/06/2015 21:12:55] /up
[30/06/2015 22:20:00] /t
[30/06/2015 22:20:06] /town 2
[30/06/2015 22:20:12] /t
[30/06/2015 22:20:58] /town 2
[30/06/2015 22:21:47] /a
[30/06/2015 22:21:50] /down
[30/06/2015 22:21:55] /a
[30/06/2015 22:22:23] /town 8
[30/06/2015 22:23:03] /t
[30/06/2015 22:23:09] /town 5
[30/06/2015 22:23:36] /t
[30/06/2015 22:37:14] /town 8
[30/06/2015 22:38:23] /town 5
[30/06/2015 22:38:42] /town 2
[30/06/2015 22:39:16] /t
[30/06/2015 22:41:45] /t
[01/07/2015 22:31:11] /a 100
[01/07/2015 22:37:13] /t
[01/07/2015 22:38:24] /town 2
[01/07/2015 22:39:29] /down
[01/07/2015 22:39:33] /up
[01/07/2015 22:39:38] /down
[01/07/2015 22:39:43] /t
[09/07/2015 10:06:57] /cleanMe
[18/07/2015 01:53:11] teste
[18/07/2015 02:31:06] /i green bag
[12/08/2015 22:34:31] /t
[12/08/2015 22:35:59] /newtype 1476
[12/08/2015 22:36:04] /newtype 1672
[12/08/2015 22:36:06] /newtype 1673
[12/08/2015 22:37:19] /newtype 1673
[12/08/2015 22:37:27] /newtype 1673
[12/08/2015 22:37:33] /t
[12/08/2015 22:39:12] /n dalk
[12/08/2015 22:39:21] /n diamond shop
[12/08/2015 22:39:35] /t
[12/08/2015 22:43:46] /t
[12/08/2015 22:44:02] /i diamond
[12/08/2015 22:44:07] /i small diamond
[12/08/2015 22:44:08] /t
[12/08/2015 22:44:13] /goto dalk
[12/08/2015 22:44:23] /t
[12/08/2015 22:46:11] /r
[12/08/2015 22:46:15] /r 50
[12/08/2015 22:46:17] /r 50
[12/08/2015 22:47:29] /newtype 1673
[12/08/2015 22:47:41] /newtype 1673
[12/08/2015 22:47:50] /newtype 1673
[12/08/2015 22:48:17] /rename [ADM] Two, Lixo Master
[13/08/2015 11:24:14] /t
[13/08/2015 11:24:41] /newtype 1673
[13/08/2015 11:26:02] /newtype 1675
[13/08/2015 11:26:07] /newtype 1676
[13/08/2015 11:26:12] /newtype 1677
[13/08/2015 11:26:17] /newtype 1678
[13/08/2015 11:26:20] /newtype 1679
[13/08/2015 11:26:25] /newtype 1680
[13/08/2015 11:26:33] /newtype 1681
[13/08/2015 11:31:21] /newtype 1683
[13/08/2015 11:31:25] /newtype 1682
[13/08/2015 11:31:29] /newtype 1681
[13/08/2015 12:00:08] /rename [ADM] Two, Player1
[13/08/2015 12:10:23] /newtype 1673
[13/08/2015 12:23:42] /newtype 1682
[13/08/2015 12:23:47] /newtype 1681
[13/08/2015 12:23:49] /newtype 1680
[13/08/2015 12:23:51] /newtype 1679
[13/08/2015 12:23:52] /newtype 1678
[13/08/2015 12:23:54] /newtype 1677
[13/08/2015 12:23:56] /newtype 1676
[13/08/2015 12:23:57] /newtype 1675
[13/08/2015 12:23:59] /newtype 1674
[13/08/2015 12:24:04] /newtype 1673
[13/08/2015 12:24:05] /newtype 1672
[13/08/2015 12:24:06] /newtype 1671
[13/08/2015 12:24:08] /newtype 1670
[13/08/2015 12:24:11] /newtype 1669
[13/08/2015 12:24:12] /newtype 1668
[13/08/2015 12:24:22] /newtype 1673
[13/08/2015 12:24:32] /newtype 1673
[13/08/2015 12:26:38] /newtype 1671, [ADM] One
[13/08/2015 12:26:46] /newtype 1678, [ADM] One
[13/08/2015 12:26:51] /newtype 1679, [ADM] One
[13/08/2015 12:26:58] /newtype 1649, [ADM] One
[13/08/2015 12:27:08] /newtype 1647, [ADM] One
[13/08/2015 12:27:30] /town 7, [ADM] One
[13/08/2015 12:27:42] /town 5, [ADM] One
[13/08/2015 12:27:48] /town 3, [ADM] One
[13/08/2015 12:27:57] /newtype 1673, [ADM] One
[13/08/2015 12:28:11] /t
[13/08/2015 12:28:16] /r
[13/08/2015 12:28:23] /c [ADM] One
[13/08/2015 12:28:26] /c [ADM] One
[13/08/2015 12:28:27] /t
[13/08/2015 12:28:30] /c [ADM] One
[13/08/2015 12:28:31] /t
[13/08/2015 12:29:03] /ghost
[13/08/2015 12:29:04] /a
[13/08/2015 12:29:12] /goto [ADM] One
[13/08/2015 12:29:15] /ghost
[13/08/2015 12:29:34] /s magmortar
[13/08/2015 12:29:41] /s electivire
[13/08/2015 12:30:10] /s shiny onix
[13/08/2015 12:30:45] /t
[13/08/2015 12:30:58] /c [ADM] One
[13/08/2015 12:31:52] /goto aerodactyl
[13/08/2015 12:31:57] /c [ADM] One
[13/08/2015 12:32:33] /i boost stone
[13/08/2015 12:32:42] /t
[13/08/2015 12:33:11] /c [ADM] oNE
[13/08/2015 12:33:55] /t
[13/08/2015 12:34:00] /goto [ADM] oNE
[13/08/2015 12:34:19] /c [ADM] oNE
[13/08/2015 12:34:23] /c [ADM] oNE
[13/08/2015 12:34:25] /c [ADM] oNE
[13/08/2015 12:34:29] /c [ADM] oNE
[13/08/2015 12:34:35] /a 2
[13/08/2015 12:34:40] /c [ADM] oNE
[13/08/2015 12:34:41] /r
[13/08/2015 12:34:49] /c [ADM] oNE
[13/08/2015 12:34:58] /t
[13/08/2015 12:35:00] /town 8
[13/08/2015 12:35:01] /c [ADM] oNE
[13/08/2015 12:35:03] /c [ADM] oNE
[13/08/2015 12:35:15] /c [ADM] oNE
[13/08/2015 12:35:22] /c [ADM] oNE
[13/08/2015 12:35:33] /c [ADM] oNE
[13/08/2015 12:35:36] /t
[13/08/2015 12:35:37] /c [ADM] oNE
[13/08/2015 12:36:14] /goto [ADM] One
[13/08/2015 12:36:15] /c [ADM] oNE
[13/08/2015 12:36:15] /goto [ADM] One
[13/08/2015 12:36:15] /c [ADM] oNE
[13/08/2015 12:36:15] /goto [ADM] One
[13/08/2015 12:36:16] /c [ADM] oNE
[13/08/2015 12:36:16] /goto [ADM] One
[13/08/2015 12:36:16] /c [ADM] oNE
[13/08/2015 12:36:16] /goto [ADM] One
[13/08/2015 12:36:16] /c [ADM] oNE
[13/08/2015 12:36:16] /goto [ADM] One
[13/08/2015 12:36:16] /c [ADM] oNE
[13/08/2015 12:36:16] /goto [ADM] One
[13/08/2015 12:36:17] /c [ADM] oNE
[13/08/2015 12:36:17] /goto [ADM] One
[13/08/2015 12:36:17] /c [ADM] oNE
[13/08/2015 12:36:17] /goto [ADM] One
[13/08/2015 12:36:17] /c [ADM] oNE
[13/08/2015 12:36:17] /goto [ADM] One
[13/08/2015 12:36:17] /c [ADM] oNE
[13/08/2015 12:36:17] /goto [ADM] One
[13/08/2015 12:36:18] /c [ADM] oNE
[13/08/2015 12:36:18] /goto [ADM] One
[13/08/2015 12:36:18] /c [ADM] oNE
[13/08/2015 12:36:18] /goto [ADM] One
[13/08/2015 12:36:18] /c [ADM] oNE
[13/08/2015 12:36:18] /goto [ADM] One
[13/08/2015 12:36:18] /c [ADM] oNE
[13/08/2015 12:36:18] /goto [ADM] One
[13/08/2015 12:36:19] /c [ADM] oNE
[13/08/2015 12:36:19] /goto [ADM] One
[13/08/2015 12:36:19] /c [ADM] oNE
[13/08/2015 12:36:19] /goto [ADM] One
[13/08/2015 12:36:19] /c [ADM] oNE
[13/08/2015 12:36:19] /goto [ADM] One
[13/08/2015 12:36:19] /c [ADM] oNE
[13/08/2015 12:36:19] /goto [ADM] One
[13/08/2015 12:36:19] /c [ADM] oNE
[13/08/2015 12:36:20] /goto [ADM] One
[13/08/2015 12:36:20] /c [ADM] oNE
[13/08/2015 12:36:20] /goto [ADM] One
[13/08/2015 12:36:20] /c [ADM] oNE
[13/08/2015 12:36:20] /goto [ADM] One
[13/08/2015 12:36:20] /c [ADM] oNE
[13/08/2015 12:36:20] /goto [ADM] One
[13/08/2015 12:36:20] /c [ADM] oNE
[13/08/2015 12:36:21] /goto [ADM] One
[13/08/2015 12:36:21] /c [ADM] oNE
[13/08/2015 12:36:21] /goto [ADM] One
[13/08/2015 12:36:21] /c [ADM] oNE
[13/08/2015 12:36:21] /goto [ADM] One
[13/08/2015 12:36:21] /c [ADM] oNE
[13/08/2015 12:36:21] /goto [ADM] One
[13/08/2015 12:36:21] /c [ADM] oNE
[13/08/2015 12:36:21] /goto [ADM] One
[13/08/2015 12:36:22] /c [ADM] oNE
[13/08/2015 12:36:22] /goto [ADM] One
[13/08/2015 12:36:22] /c [ADM] oNE
[13/08/2015 12:36:22] /goto [ADM] One
[13/08/2015 12:36:22] /c [ADM] oNE
[13/08/2015 12:36:22] /goto [ADM] One
[13/08/2015 12:36:22] /c [ADM] oNE
[13/08/2015 12:36:22] /goto [ADM] One
[13/08/2015 12:36:23] /c [ADM] oNE
[13/08/2015 12:36:23] /goto [ADM] One
[13/08/2015 12:36:23] /c [ADM] oNE
[13/08/2015 12:36:23] /goto [ADM] One
[13/08/2015 12:36:23] /c [ADM] oNE
[13/08/2015 12:36:23] /goto [ADM] One
[13/08/2015 12:36:23] /c [ADM] oNE
[13/08/2015 12:36:24] /goto [ADM] One
[13/08/2015 12:36:24] /c [ADM] oNE
[13/08/2015 12:36:24] /goto [ADM] One
[13/08/2015 12:36:24] /c [ADM] oNE
[13/08/2015 12:36:24] /goto [ADM] One
[13/08/2015 12:36:24] /c [ADM] oNE
[13/08/2015 12:36:24] /goto [ADM] One
[13/08/2015 12:36:24] /c [ADM] oNE
[13/08/2015 12:36:25] /goto [ADM] One
[13/08/2015 12:36:25] /c [ADM] oNE
[13/08/2015 12:36:25] /goto [ADM] One
[13/08/2015 12:36:25] /c [ADM] oNE
[13/08/2015 12:36:25] /goto [ADM] One
[13/08/2015 12:36:25] /c [ADM] oNE
[13/08/2015 12:36:25] /goto [ADM] One
[13/08/2015 12:36:26] /c [ADM] oNE
[13/08/2015 12:36:26] /goto [ADM] One
[13/08/2015 12:36:26] /c [ADM] oNE
[13/08/2015 12:36:26] /goto [ADM] One
[13/08/2015 12:36:26] /c [ADM] oNE
[13/08/2015 12:36:26] /goto [ADM] One
[13/08/2015 12:36:26] /c [ADM] oNE
[13/08/2015 12:36:26] /goto [ADM] One
[13/08/2015 12:36:27] /c [ADM] oNE
[13/08/2015 12:36:27] /goto [ADM] One
[13/08/2015 12:36:27] /c [ADM] oNE
[13/08/2015 12:36:27] /goto [ADM] One
[13/08/2015 12:36:27] /c [ADM] oNE
[13/08/2015 12:36:27] /goto [ADM] One
[13/08/2015 12:36:27] /c [ADM] oNE
[13/08/2015 12:36:28] /goto [ADM] One
[13/08/2015 12:36:28] /c [ADM] oNE
[13/08/2015 12:36:28] /goto [ADM] One
[13/08/2015 12:36:28] /c [ADM] oNE
[13/08/2015 12:36:28] /goto [ADM] One
[13/08/2015 12:36:28] /c [ADM] oNE
[13/08/2015 12:36:28] /goto [ADM] One
[13/08/2015 12:36:28] /c [ADM] oNE
[13/08/2015 12:36:28] /goto [ADM] One
[13/08/2015 12:36:29] /c [ADM] oNE
[13/08/2015 12:36:29] /goto [ADM] One
[13/08/2015 12:36:29] /c [ADM] oNE
[13/08/2015 12:36:29] /goto [ADM] One
[13/08/2015 12:36:29] /c [ADM] oNE
[13/08/2015 12:36:29] /goto [ADM] One
[13/08/2015 12:36:29] /c [ADM] oNE
[13/08/2015 12:36:30] /goto [ADM] One
[13/08/2015 12:36:30] /c [ADM] oNE
[13/08/2015 12:36:30] /goto [ADM] One
[13/08/2015 12:36:30] /c [ADM] oNE
[13/08/2015 12:36:30] /goto [ADM] One
[13/08/2015 12:36:30] /c [ADM] oNE
[13/08/2015 12:36:30] /goto [ADM] One
[13/08/2015 12:36:30] /c [ADM] oNE
[13/08/2015 12:36:31] /goto [ADM] One
[13/08/2015 12:36:31] /c [ADM] oNE
[13/08/2015 12:36:31] /goto [ADM] One
[13/08/2015 12:36:31] /c [ADM] oNE
[13/08/2015 12:36:31] /goto [ADM] One
[13/08/2015 12:36:31] /c [ADM] oNE
[13/08/2015 12:36:31] /goto [ADM] One
[13/08/2015 12:36:31] /c [ADM] oNE
[13/08/2015 12:36:32] /goto [ADM] One
[13/08/2015 12:36:32] /c [ADM] oNE
[13/08/2015 12:36:32] /goto [ADM] One
[13/08/2015 12:36:32] /c [ADM] oNE
[13/08/2015 12:36:32] /goto [ADM] One
[13/08/2015 12:36:32] /c [ADM] oNE
[13/08/2015 12:36:32] /goto [ADM] One
[13/08/2015 12:36:33] /c [ADM] oNE
[13/08/2015 12:36:33] /goto [ADM] One
[13/08/2015 12:36:33] /c [ADM] oNE
[13/08/2015 12:36:33] /goto [ADM] One
[13/08/2015 12:36:33] /c [ADM] oNE
[13/08/2015 12:36:33] /goto [ADM] One
[13/08/2015 12:36:33] /c [ADM] oNE
[13/08/2015 12:36:33] /goto [ADM] One
[13/08/2015 12:36:34] /c [ADM] oNE
[13/08/2015 12:36:34] /goto [ADM] One
[13/08/2015 12:36:34] /c [ADM] oNE
[13/08/2015 12:36:34] /goto [ADM] One
[13/08/2015 12:36:34] /c [ADM] oNE
[13/08/2015 12:36:34] /goto [ADM] One
[13/08/2015 12:36:34] /c [ADM] oNE
[13/08/2015 12:36:35] /goto [ADM] One
[13/08/2015 12:36:35] /c [ADM] oNE
[13/08/2015 12:36:35] /goto [ADM] One
[13/08/2015 12:36:35] /c [ADM] oNE
[13/08/2015 12:36:35] /goto [ADM] One
[13/08/2015 12:36:35] /c [ADM] oNE
[13/08/2015 12:36:35] /goto [ADM] One
[13/08/2015 12:36:35] /c [ADM] oNE
[13/08/2015 12:36:36] /goto [ADM] One
[13/08/2015 12:36:36] /c [ADM] oNE
[13/08/2015 12:36:36] /goto [ADM] One
[13/08/2015 12:36:36] /c [ADM] oNE
[13/08/2015 12:36:36] /goto [ADM] One
[13/08/2015 12:36:36] /c [ADM] oNE
[13/08/2015 12:36:36] /goto [ADM] One
[13/08/2015 12:36:36] /c [ADM] oNE
[13/08/2015 12:36:37] /goto [ADM] One
[13/08/2015 12:36:37] /c [ADM] oNE
[13/08/2015 12:36:37] /goto [ADM] One
[13/08/2015 12:36:37] /c [ADM] oNE
[13/08/2015 12:36:37] /goto [ADM] One
[13/08/2015 12:36:37] /c [ADM] oNE
[13/08/2015 12:36:37] /goto [ADM] One
[13/08/2015 12:37:00] /goto [ADM] One
[13/08/2015 12:37:18] /goto [ADM] One
[13/08/2015 12:37:18] /goto [ADM] One
[13/08/2015 12:37:18] /goto [ADM] One
[13/08/2015 12:37:18] /goto [ADM] One
[13/08/2015 12:37:19] /goto [ADM] One
[13/08/2015 12:37:19] /goto [ADM] One
[13/08/2015 12:37:19] /goto [ADM] One
[13/08/2015 12:37:19] /goto [ADM] One
[13/08/2015 12:37:19] /goto [ADM] One
[13/08/2015 12:37:19] /goto [ADM] One
[13/08/2015 12:37:20] /goto [ADM] One
[13/08/2015 12:37:20] /goto [ADM] One
[13/08/2015 12:37:20] /goto [ADM] One
[13/08/2015 12:37:20] /goto [ADM] One
[13/08/2015 12:37:20] /goto [ADM] One
[13/08/2015 12:37:21] /goto [ADM] One
[13/08/2015 12:37:21] /goto [ADM] One
[13/08/2015 12:37:21] /goto [ADM] One
[13/08/2015 12:37:21] /goto [ADM] One
[13/08/2015 12:37:21] /goto [ADM] One
[13/08/2015 12:37:21] /goto [ADM] One
[13/08/2015 12:37:22] /goto [ADM] One
[13/08/2015 12:37:22] /goto [ADM] One
[13/08/2015 12:37:22] /goto [ADM] One
[13/08/2015 12:37:22] /goto [ADM] One
[13/08/2015 12:37:22] /goto [ADM] One
[13/08/2015 12:37:26] /newtype 1682
[13/08/2015 12:37:30] /newtype 1681
[13/08/2015 12:37:32] /goto [ADM] One
[13/08/2015 12:37:32] /goto [ADM] One
[13/08/2015 12:37:32] /goto [ADM] One
[13/08/2015 12:37:32] /goto [ADM] One
[13/08/2015 12:37:32] /goto [ADM] One
[13/08/2015 12:37:32] /goto [ADM] One
[13/08/2015 12:37:32] /goto [ADM] One
[13/08/2015 12:37:33] /goto [ADM] One
[13/08/2015 12:37:33] /goto [ADM] One
[13/08/2015 12:37:33] /goto [ADM] One
[13/08/2015 12:37:33] /goto [ADM] One
[13/08/2015 12:37:33] /goto [ADM] One
[13/08/2015 12:37:33] /goto [ADM] One
[13/08/2015 12:37:34] /goto [ADM] One
[13/08/2015 12:37:34] /goto [ADM] One
[13/08/2015 12:37:34] /goto [ADM] One
[13/08/2015 12:37:34] /goto [ADM] One
[13/08/2015 12:37:34] /goto [ADM] One
[13/08/2015 12:37:34] /goto [ADM] One
[13/08/2015 12:37:34] /goto [ADM] One
[13/08/2015 12:37:35] /goto [ADM] One
[13/08/2015 12:37:35] /goto [ADM] One
[13/08/2015 12:37:35] /goto [ADM] One
[13/08/2015 12:37:35] /goto [ADM] One
[13/08/2015 12:37:35] /goto [ADM] One
[13/08/2015 12:37:35] /goto [ADM] One
[13/08/2015 12:37:36] /goto [ADM] One
[13/08/2015 12:37:36] /goto [ADM] One
[13/08/2015 12:37:36] /goto [ADM] One
[13/08/2015 12:37:36] /goto [ADM] One
[13/08/2015 12:37:36] /goto [ADM] One
[13/08/2015 12:37:36] /goto [ADM] One
[13/08/2015 12:37:37] /goto [ADM] One
[13/08/2015 12:37:37] /goto [ADM] One
[13/08/2015 12:37:37] /goto [ADM] One
[13/08/2015 12:37:37] /goto [ADM] One
[13/08/2015 12:37:37] /goto [ADM] One
[13/08/2015 12:37:42] /a
[13/08/2015 12:38:19] /goto [ADM] One
[13/08/2015 12:38:41] /newtype 1681, [ADM] One
[13/08/2015 12:38:53] /goto [ADM] One
[13/08/2015 12:39:01] /goto [ADM] One
[13/08/2015 12:39:04] /c [ADM] oNE
[13/08/2015 12:39:06] /c [ADM] oNE
[13/08/2015 12:39:07] /c [ADM] oNE
[13/08/2015 12:39:08] /c [ADM] oNE
[13/08/2015 12:39:09] /c [ADM] oNE
[13/08/2015 12:39:09] /c [ADM] oNE
[13/08/2015 12:39:09] /c [ADM] oNE
[13/08/2015 12:40:22] /goto shiny cubone
[13/08/2015 12:40:24] /i dark ball
[13/08/2015 12:41:40] /goto cubone
[13/08/2015 12:41:44] /goto shiny cubone
[13/08/2015 12:41:48] /goto shiny marowak
[13/08/2015 12:41:51] /t
[13/08/2015 12:41:55] /c [ADM] oNE
[13/08/2015 12:41:58] /goto [ADM] One
[13/08/2015 12:41:59] /goto [ADM] One
[13/08/2015 12:42:00] /goto [ADM] One
[13/08/2015 12:42:02] /goto [ADM] One
[13/08/2015 12:42:03] /goto [ADM] One
[13/08/2015 12:42:03] /goto [ADM] One
[13/08/2015 12:42:04] /goto [ADM] One
[13/08/2015 12:42:04] /goto [ADM] One
[13/08/2015 12:42:04] /goto [ADM] One
[13/08/2015 12:42:04] /goto [ADM] One
[13/08/2015 12:42:04] /goto [ADM] One
[13/08/2015 12:42:05] /goto [ADM] One
[13/08/2015 12:42:05] /goto [ADM] One
[13/08/2015 12:42:05] /goto [ADM] One
[13/08/2015 12:42:05] /goto [ADM] One
[13/08/2015 12:42:05] /goto [ADM] One
[13/08/2015 12:42:05] /goto [ADM] One
[13/08/2015 12:42:06] /goto [ADM] One
[13/08/2015 12:42:06] /goto [ADM] One
[13/08/2015 12:42:06] /goto [ADM] One
[13/08/2015 12:42:06] /goto [ADM] One
[13/08/2015 12:42:06] /goto [ADM] One
[13/08/2015 12:42:07] /goto [ADM] One
[13/08/2015 12:42:07] /goto [ADM] One
[13/08/2015 12:42:07] /goto [ADM] One
[13/08/2015 12:42:07] /goto [ADM] One
[13/08/2015 12:42:07] /goto [ADM] One
[13/08/2015 12:42:07] /goto [ADM] One
[13/08/2015 12:42:08] /goto [ADM] One
[13/08/2015 12:42:08] /goto [ADM] One
[13/08/2015 12:42:08] /goto [ADM] One
[13/08/2015 12:42:08] /goto [ADM] One
[13/08/2015 12:42:08] /goto [ADM] One
[13/08/2015 12:42:08] /goto [ADM] One
[13/08/2015 12:42:08] /goto [ADM] One
[13/08/2015 12:42:09] /goto [ADM] One
[13/08/2015 12:42:09] /goto [ADM] One
[13/08/2015 12:42:09] /goto [ADM] One
[13/08/2015 12:42:09] /goto [ADM] One
[13/08/2015 12:42:09] /c [ADM] oNE
[13/08/2015 12:42:10] /goto [ADM] One
[13/08/2015 12:42:10] /c [ADM] oNE
[13/08/2015 12:42:10] /goto [ADM] One
[13/08/2015 12:42:10] /c [ADM] oNE
[13/08/2015 12:42:10] /goto [ADM] One
[13/08/2015 12:42:10] /c [ADM] oNE
[13/08/2015 12:42:10] /goto [ADM] One
[13/08/2015 12:42:10] /c [ADM] oNE
[13/08/2015 12:42:11] /goto [ADM] One
[13/08/2015 12:42:11] /c [ADM] oNE
[13/08/2015 12:42:11] /goto [ADM] One
[13/08/2015 12:42:11] /c [ADM] oNE
[13/08/2015 12:50:01] /a
[13/08/2015 12:50:08] /t
[13/08/2015 12:50:11] /a 2
[13/08/2015 12:50:21] /town 8, [ADM] One
[13/08/2015 12:50:24] /goto [ADM] One
[13/08/2015 12:50:26] /t
[13/08/2015 12:50:28] /a 10
[13/08/2015 12:50:29] /c [ADM] oNE
[13/08/2015 12:50:35] /town 8, [ADM] One
[13/08/2015 12:50:35] /c [ADM] oNE
[13/08/2015 12:50:42] /goto [ADM] One
[13/08/2015 12:50:43] /goto [ADM] One
[13/08/2015 12:50:44] /goto [ADM] One
[13/08/2015 12:50:44] /goto [ADM] One
[13/08/2015 12:50:44] /goto [ADM] One
[13/08/2015 12:50:44] /goto [ADM] One
[13/08/2015 12:50:44] /goto [ADM] One
[13/08/2015 12:50:44] /goto [ADM] One
[13/08/2015 12:50:45] /goto [ADM] One
[13/08/2015 12:50:45] /goto [ADM] One
[13/08/2015 12:50:45] /goto [ADM] One
[13/08/2015 12:50:45] /goto [ADM] One
[13/08/2015 12:50:45] /goto [ADM] One
[13/08/2015 12:50:45] /goto [ADM] One
[13/08/2015 12:50:45] /c [ADM] oNE
[13/08/2015 12:50:46] /goto [ADM] One
[13/08/2015 12:50:46] /c [ADM] oNE
[13/08/2015 12:50:46] /goto [ADM] One
[13/08/2015 12:50:46] /c [ADM] oNE
[13/08/2015 12:50:46] /goto [ADM] One
[13/08/2015 12:50:46] /c [ADM] oNE
[13/08/2015 12:50:46] /goto [ADM] One
[13/08/2015 12:50:46] /c [ADM] oNE
[13/08/2015 12:50:46] /goto [ADM] One
[13/08/2015 12:50:46] /c [ADM] oNE
[13/08/2015 12:50:47] /goto [ADM] One
[13/08/2015 12:50:47] /c [ADM] oNE
[13/08/2015 12:50:47] /goto [ADM] One
[13/08/2015 12:50:47] /c [ADM] oNE
[13/08/2015 12:50:47] /goto [ADM] One
[13/08/2015 12:50:47] /c [ADM] oNE
[13/08/2015 12:50:47] /goto [ADM] One
[13/08/2015 12:50:47] /c [ADM] oNE
[13/08/2015 12:50:48] /goto [ADM] One
[13/08/2015 12:50:48] /c [ADM] oNE
[13/08/2015 12:50:48] /goto [ADM] One
[13/08/2015 12:50:48] /c [ADM] oNE
[13/08/2015 12:50:48] /goto [ADM] One
[13/08/2015 12:50:48] /c [ADM] oNE
[13/08/2015 12:50:48] /goto [ADM] One
[13/08/2015 12:50:48] /c [ADM] oNE
[13/08/2015 12:50:48] /goto [ADM] One
[13/08/2015 12:50:49] /c [ADM] oNE
[13/08/2015 12:50:49] /goto [ADM] One
[13/08/2015 12:50:49] /c [ADM] oNE
[13/08/2015 12:50:49] /goto [ADM] One
[13/08/2015 12:50:49] /c [ADM] oNE
[13/08/2015 12:50:49] /goto [ADM] One
[13/08/2015 12:50:49] /c [ADM] oNE
[13/08/2015 12:50:49] /goto [ADM] One
[13/08/2015 12:50:49] /c [ADM] oNE
[13/08/2015 12:50:50] /goto [ADM] One
[13/08/2015 12:50:50] /c [ADM] oNE
[13/08/2015 12:50:50] /goto [ADM] One
[13/08/2015 12:50:50] /c [ADM] oNE
[13/08/2015 12:50:50] /goto [ADM] One
[13/08/2015 12:50:50] /c [ADM] oNE
[13/08/2015 12:50:50] /goto [ADM] One
[13/08/2015 12:50:50] /c [ADM] oNE
[13/08/2015 12:50:51] /goto [ADM] One
[13/08/2015 12:50:51] /c [ADM] oNE
[13/08/2015 12:50:51] /goto [ADM] One
[13/08/2015 12:50:51] /c [ADM] oNE
[13/08/2015 12:50:51] /goto [ADM] One
[13/08/2015 12:50:52] /town 8, [ADM] One
[13/08/2015 12:50:54] /c [ADM] oNE
[13/08/2015 12:51:01] /a 
[13/08/2015 12:56:37] /goto Alucard
[13/08/2015 12:57:03] /newtype 1682, [ADM] Three
[13/08/2015 12:57:07] /newtype 1681, [ADM] Three
[13/08/2015 12:57:41] /t Teste
[13/08/2015 12:57:52] /ghost
[13/08/2015 12:57:58] /ghost
[13/08/2015 12:58:01] /ghost
[13/08/2015 12:58:04] /kick Teste
[13/08/2015 12:58:21] /newtype 1673, Teste
[13/08/2015 12:58:58] /c [ADM] Three
[13/08/2015 12:58:59] /c Teste
[13/08/2015 12:59:03] /a
[13/08/2015 12:59:24] /goto rattata
[13/08/2015 12:59:33] /i ultra ball
[13/08/2015 12:59:51] /t
[13/08/2015 12:59:53] /a
[13/08/2015 13:01:11] /ghost
[13/08/2015 13:07:04] /t
[13/08/2015 13:08:22] /goto [ADM] One
[13/08/2015 13:08:22] /goto [ADM] One
[13/08/2015 13:08:22] /goto [ADM] One
[13/08/2015 13:08:22] /goto [ADM] One
[13/08/2015 13:08:23] /goto [ADM] One
[13/08/2015 13:08:23] /goto [ADM] One
[13/08/2015 13:08:23] /goto [ADM] One
[13/08/2015 13:08:23] /c [ADM] oNE
[13/08/2015 13:08:23] /goto [ADM] One
[13/08/2015 13:08:24] /c [ADM] oNE
[13/08/2015 13:08:24] /goto [ADM] One
[13/08/2015 13:08:24] /c [ADM] oNE
[13/08/2015 13:08:24] /goto [ADM] One
[13/08/2015 13:08:24] /c [ADM] oNE
[13/08/2015 13:08:24] /goto [ADM] One
[13/08/2015 13:08:24] /c [ADM] oNE
[13/08/2015 13:08:24] /goto [ADM] One
[13/08/2015 13:08:24] /c [ADM] oNE
[13/08/2015 13:08:25] /goto [ADM] One
[13/08/2015 13:08:25] /c [ADM] oNE
[13/08/2015 13:08:25] /goto [ADM] One
[13/08/2015 13:08:25] /c [ADM] oNE
[13/08/2015 13:08:25] /goto [ADM] One
[13/08/2015 13:08:25] /c [ADM] oNE
[13/08/2015 13:08:25] /goto [ADM] One
[13/08/2015 13:08:25] /c [ADM] oNE
[13/08/2015 13:08:26] /goto [ADM] One
[13/08/2015 13:08:26] /c [ADM] oNE
[13/08/2015 13:08:26] /goto [ADM] One
[13/08/2015 13:08:29] /a 50
[13/08/2015 13:08:31] /a 50
[13/08/2015 13:08:31] /a 50
[13/08/2015 13:08:32] /a 50
[13/08/2015 13:08:33] /a 50
[13/08/2015 13:08:34] /a 50
[13/08/2015 13:08:34] /a 50
[13/08/2015 13:08:35] /goto [ADM] One
[13/08/2015 13:08:37] /goto [ADM] One
[13/08/2015 13:08:40] /a 50
[13/08/2015 13:08:40] /a 50
[13/08/2015 13:08:40] /a 50
[13/08/2015 13:08:44] /c [ADM] oNE
[13/08/2015 13:08:45] /c [ADM] oNE
[13/08/2015 13:08:48] /c [ADM] oNE
[13/08/2015 13:08:50] /a 5
[13/08/2015 13:08:55] /a 50
[13/08/2015 13:09:00] /goto [ADM] One
[13/08/2015 13:09:00] /c [ADM] oNE
[13/08/2015 13:09:00] /goto [ADM] One
[13/08/2015 13:09:00] /c [ADM] oNE
[13/08/2015 13:09:00] /goto [ADM] One
[13/08/2015 13:09:00] /goto [ADM] One
[13/08/2015 13:09:01] /goto [ADM] One
[13/08/2015 13:09:01] /goto [ADM] One
[13/08/2015 13:09:01] /goto [ADM] One
[13/08/2015 13:09:01] /goto [ADM] One
[13/08/2015 13:09:01] /goto [ADM] One
[13/08/2015 13:09:01] /goto [ADM] One
[13/08/2015 13:09:01] /goto [ADM] One
[13/08/2015 13:09:01] /goto [ADM] One
[13/08/2015 13:09:01] /goto [ADM] One
[13/08/2015 13:09:01] /goto [ADM] One
[13/08/2015 13:09:01] /goto [ADM] One
[13/08/2015 13:09:02] /goto [ADM] One
[13/08/2015 13:09:02] /goto [ADM] One
[13/08/2015 13:09:02] /goto [ADM] One
[13/08/2015 13:09:02] /goto [ADM] One
[13/08/2015 13:09:02] /goto [ADM] One
[13/08/2015 13:09:02] /goto [ADM] One
[13/08/2015 13:09:02] /goto [ADM] One
[13/08/2015 13:09:02] /goto [ADM] One
[13/08/2015 13:09:02] /goto [ADM] One
[13/08/2015 13:09:02] /goto [ADM] One
[13/08/2015 13:09:02] /goto [ADM] One
[13/08/2015 13:09:02] /goto [ADM] One
[13/08/2015 13:09:02] /goto [ADM] One
[13/08/2015 13:09:02] /goto [ADM] One
[13/08/2015 13:09:02] /goto [ADM] One
[13/08/2015 13:09:02] /goto [ADM] One
[13/08/2015 13:09:02] /goto [ADM] One
[13/08/2015 13:09:02] /goto [ADM] One
[13/08/2015 13:09:02] /goto [ADM] One
[13/08/2015 13:09:02] /goto [ADM] One
[13/08/2015 13:09:03] /goto [ADM] One
[13/08/2015 13:09:03] /goto [ADM] One
[13/08/2015 13:09:03] /goto [ADM] One
[13/08/2015 13:09:03] /goto [ADM] One
[13/08/2015 13:09:03] /goto [ADM] One
[13/08/2015 13:09:03] /goto [ADM] One
[13/08/2015 13:09:03] /goto [ADM] One
[13/08/2015 13:09:03] /goto [ADM] One
[13/08/2015 13:09:03] /goto [ADM] One
[13/08/2015 13:09:03] /goto [ADM] One
[13/08/2015 13:09:03] /goto [ADM] One
[13/08/2015 13:09:03] /goto [ADM] One
[13/08/2015 13:09:03] /goto [ADM] One
[13/08/2015 13:09:03] /goto [ADM] One
[13/08/2015 13:09:03] /goto [ADM] One
[13/08/2015 13:09:03] /goto [ADM] One
[13/08/2015 13:09:03] /goto [ADM] One
[13/08/2015 13:09:03] /goto [ADM] One
[13/08/2015 13:09:03] /goto [ADM] One
[13/08/2015 13:09:03] /goto [ADM] One
[13/08/2015 13:09:04] /goto [ADM] One
[13/08/2015 13:09:04] /goto [ADM] One
[13/08/2015 13:09:04] /goto [ADM] One
[13/08/2015 13:09:04] /goto [ADM] One
[13/08/2015 13:09:04] /goto [ADM] One
[13/08/2015 13:09:04] /goto [ADM] One
[13/08/2015 13:09:04] /goto [ADM] One
[13/08/2015 13:09:04] /goto [ADM] One
[13/08/2015 13:09:04] /goto [ADM] One
[13/08/2015 13:09:04] /goto [ADM] One
[13/08/2015 13:09:04] /goto [ADM] One
[13/08/2015 13:09:04] /goto [ADM] One
[13/08/2015 13:09:04] /goto [ADM] One
[13/08/2015 13:09:04] /goto [ADM] One
[13/08/2015 13:09:04] /goto [ADM] One
[13/08/2015 13:09:04] /goto [ADM] One
[13/08/2015 13:09:04] /goto [ADM] One
[13/08/2015 13:09:04] /goto [ADM] One
[13/08/2015 13:09:04] /goto [ADM] One
[13/08/2015 13:09:04] /goto [ADM] One
[13/08/2015 13:09:05] /goto [ADM] One
[13/08/2015 13:09:05] /goto [ADM] One
[13/08/2015 13:09:05] /goto [ADM] One
[13/08/2015 13:09:05] /goto [ADM] One
[13/08/2015 13:09:05] /goto [ADM] One
[13/08/2015 13:09:05] /goto [ADM] One
[13/08/2015 13:09:05] /goto [ADM] One
[13/08/2015 13:09:05] /goto [ADM] One
[13/08/2015 13:09:05] /goto [ADM] One
[13/08/2015 13:09:05] /goto [ADM] One
[13/08/2015 13:09:05] /goto [ADM] One
[13/08/2015 13:09:05] /goto [ADM] One
[13/08/2015 13:09:05] /goto [ADM] One
[13/08/2015 13:09:05] /goto [ADM] One
[13/08/2015 13:09:05] /goto [ADM] One
[13/08/2015 13:09:05] /goto [ADM] One
[13/08/2015 13:09:05] /goto [ADM] One
[13/08/2015 13:09:05] /goto [ADM] One
[13/08/2015 13:09:05] /goto [ADM] One
[13/08/2015 13:09:05] /goto [ADM] One
[13/08/2015 13:09:05] /goto [ADM] One
[13/08/2015 13:09:06] /goto [ADM] One
[13/08/2015 13:09:06] /goto [ADM] One
[13/08/2015 13:09:06] /goto [ADM] One
[13/08/2015 13:09:06] /goto [ADM] One
[13/08/2015 13:09:06] /goto [ADM] One
[13/08/2015 13:09:06] /goto [ADM] One
[13/08/2015 13:09:06] /goto [ADM] One
[13/08/2015 13:09:06] /goto [ADM] One
[13/08/2015 13:09:06] /goto [ADM] One
[13/08/2015 13:09:06] /goto [ADM] One
[13/08/2015 13:09:06] /goto [ADM] One
[13/08/2015 13:09:06] /goto [ADM] One
[13/08/2015 13:09:06] /goto [ADM] One
[13/08/2015 13:09:06] /goto [ADM] One
[13/08/2015 13:09:06] /goto [ADM] One
[13/08/2015 13:09:06] /goto [ADM] One
[13/08/2015 13:09:06] /goto [ADM] One
[13/08/2015 13:09:06] /goto [ADM] One
[13/08/2015 13:09:06] /goto [ADM] One
[13/08/2015 13:09:06] /goto [ADM] One
[13/08/2015 13:09:06] /goto [ADM] One
[13/08/2015 13:09:07] /goto [ADM] One
[13/08/2015 13:09:07] /goto [ADM] One
[13/08/2015 13:09:07] /goto [ADM] One
[13/08/2015 13:09:07] /goto [ADM] One
[13/08/2015 13:09:07] /goto [ADM] One
[13/08/2015 13:09:07] /goto [ADM] One
[13/08/2015 13:09:07] /goto [ADM] One
[13/08/2015 13:09:07] /goto [ADM] One
[13/08/2015 13:09:07] /goto [ADM] One
[13/08/2015 13:09:07] /goto [ADM] One
[13/08/2015 13:09:07] /goto [ADM] One
[13/08/2015 13:09:07] /c [ADM] oNE
[13/08/2015 13:09:08] /c [ADM] oNE
[13/08/2015 13:09:08] /c [ADM] oNE
[13/08/2015 13:09:08] /c [ADM] oNE
[13/08/2015 13:09:08] /c [ADM] oNE
[13/08/2015 13:09:08] /c [ADM] oNE
[13/08/2015 13:09:08] /c [ADM] oNE
[13/08/2015 13:09:08] /c [ADM] oNE
[13/08/2015 13:09:08] /c [ADM] oNE
[13/08/2015 13:09:08] /c [ADM] oNE
[13/08/2015 13:09:08] /c [ADM] oNE
[13/08/2015 13:09:08] /c [ADM] oNE
[13/08/2015 13:09:08] /c [ADM] oNE
[13/08/2015 13:09:08] /c [ADM] oNE
[13/08/2015 13:09:08] /c [ADM] oNE
[13/08/2015 13:09:08] /c [ADM] oNE
[13/08/2015 13:09:08] /c [ADM] oNE
[13/08/2015 13:09:08] /c [ADM] oNE
[13/08/2015 13:09:09] /c [ADM] oNE
[13/08/2015 13:09:09] /c [ADM] oNE
[13/08/2015 13:09:09] /c [ADM] oNE
[13/08/2015 13:09:09] /c [ADM] oNE
[13/08/2015 13:09:09] /c [ADM] oNE
[13/08/2015 13:09:09] /c [ADM] oNE
[13/08/2015 13:09:09] /c [ADM] oNE
[13/08/2015 13:09:09] /c [ADM] oNE
[13/08/2015 13:09:09] /c [ADM] oNE
[13/08/2015 13:09:09] /c [ADM] oNE
[13/08/2015 13:09:09] /c [ADM] oNE
[13/08/2015 13:09:09] /c [ADM] oNE
[13/08/2015 13:09:09] /c [ADM] oNE
[13/08/2015 13:09:09] /c [ADM] oNE
[13/08/2015 13:09:09] /c [ADM] oNE
[13/08/2015 13:09:09] /c [ADM] oNE
[13/08/2015 13:09:09] /c [ADM] oNE
[13/08/2015 13:09:09] /c [ADM] oNE
[13/08/2015 13:09:09] /c [ADM] oNE
[13/08/2015 13:09:09] /c [ADM] oNE
[13/08/2015 13:09:10] /c [ADM] oNE
[13/08/2015 13:09:10] /c [ADM] oNE
[13/08/2015 13:09:10] /c [ADM] oNE
[13/08/2015 13:09:10] /c [ADM] oNE
[13/08/2015 13:09:10] /c [ADM] oNE
[13/08/2015 13:09:10] /c [ADM] oNE
[13/08/2015 13:09:10] /c [ADM] oNE
[13/08/2015 13:09:10] /c [ADM] oNE
[13/08/2015 13:09:10] /c [ADM] oNE
[13/08/2015 13:09:10] /c [ADM] oNE
[13/08/2015 13:09:10] /c [ADM] oNE
[13/08/2015 13:09:10] /c [ADM] oNE
[13/08/2015 13:09:10] /c [ADM] oNE
[13/08/2015 13:09:10] /c [ADM] oNE
[13/08/2015 13:09:10] /c [ADM] oNE
[13/08/2015 13:09:10] /c [ADM] oNE
[13/08/2015 13:09:10] /c [ADM] oNE
[13/08/2015 13:09:10] /c [ADM] oNE
[13/08/2015 13:09:10] /c [ADM] oNE
[13/08/2015 13:09:10] /c [ADM] oNE
[13/08/2015 13:09:10] /c [ADM] oNE
[13/08/2015 13:09:11] /c [ADM] oNE
[13/08/2015 13:09:11] /c [ADM] oNE
[13/08/2015 13:09:11] /c [ADM] oNE
[13/08/2015 13:09:11] /c [ADM] oNE
[13/08/2015 13:09:11] /c [ADM] oNE
[13/08/2015 13:09:11] /c [ADM] oNE
[13/08/2015 13:09:11] /c [ADM] oNE
[13/08/2015 13:09:11] /c [ADM] oNE
[13/08/2015 13:09:11] /c [ADM] oNE
[13/08/2015 13:09:11] /c [ADM] oNE
[13/08/2015 13:09:11] /c [ADM] oNE
[13/08/2015 13:09:11] /c [ADM] oNE
[13/08/2015 13:09:11] /c [ADM] oNE
[13/08/2015 13:09:11] /c [ADM] oNE
[13/08/2015 13:09:11] /c [ADM] oNE
[13/08/2015 13:09:11] /c [ADM] oNE
[13/08/2015 13:09:11] /c [ADM] oNE
[13/08/2015 13:09:11] /c [ADM] oNE
[13/08/2015 13:09:11] /c [ADM] oNE
[13/08/2015 13:09:11] /c [ADM] oNE
[13/08/2015 13:09:11] /c [ADM] oNE
[13/08/2015 13:09:12] /c [ADM] oNE
[13/08/2015 13:09:12] /c [ADM] oNE
[13/08/2015 13:09:12] /c [ADM] oNE
[13/08/2015 13:09:12] /c [ADM] oNE
[13/08/2015 13:09:12] /c [ADM] oNE
[13/08/2015 13:09:12] /c [ADM] oNE
[13/08/2015 13:09:12] /c [ADM] oNE
[13/08/2015 13:09:12] /c [ADM] oNE
[13/08/2015 13:09:12] /c [ADM] oNE
[13/08/2015 13:09:12] /c [ADM] oNE
[13/08/2015 13:09:12] /c [ADM] oNE
[13/08/2015 13:09:12] /c [ADM] oNE
[13/08/2015 13:09:12] /c [ADM] oNE
[13/08/2015 13:09:12] /c [ADM] oNE
[13/08/2015 13:09:12] /c [ADM] oNE
[13/08/2015 13:09:12] /c [ADM] oNE
[13/08/2015 13:09:12] /c [ADM] oNE
[13/08/2015 13:09:12] /c [ADM] oNE
[13/08/2015 13:09:12] /c [ADM] oNE
[13/08/2015 13:09:12] /c [ADM] oNE
[13/08/2015 13:09:12] /c [ADM] oNE
[13/08/2015 13:09:13] /c [ADM] oNE
[13/08/2015 13:09:13] /c [ADM] oNE
[13/08/2015 13:09:13] /c [ADM] oNE
[13/08/2015 13:09:13] /c [ADM] oNE
[13/08/2015 13:09:13] /c [ADM] oNE
[13/08/2015 13:09:13] /c [ADM] oNE
[13/08/2015 13:09:13] /c [ADM] oNE
[13/08/2015 13:09:13] /c [ADM] oNE
[13/08/2015 13:09:13] /c [ADM] oNE
[13/08/2015 13:09:13] /c [ADM] oNE
[13/08/2015 13:09:13] /c [ADM] oNE
[13/08/2015 13:09:13] /c [ADM] oNE
[13/08/2015 13:09:21] /kick [ADM] One
[13/08/2015 13:09:25] /kick [ADM] One
[13/08/2015 13:09:28] /a 2
[13/08/2015 13:09:38] /t
[13/08/2015 13:09:43] /c [ADM] oNE
[13/08/2015 13:09:44] /goto [ADM] One
[13/08/2015 13:10:53] /goto [ADM] One
[13/08/2015 13:10:54] /goto [ADM] One
[13/08/2015 13:10:54] /goto [ADM] One
[13/08/2015 13:10:54] /goto [ADM] One
[13/08/2015 13:10:54] /goto [ADM] One
[13/08/2015 13:10:55] /goto [ADM] One
[13/08/2015 13:10:55] /goto [ADM] One
[13/08/2015 13:10:55] /goto [ADM] One
[13/08/2015 13:10:55] /goto [ADM] One
[13/08/2015 13:10:55] /goto [ADM] One
[13/08/2015 13:11:09] /goto charizard
[13/08/2015 13:11:43] /i revive
[13/08/2015 13:12:24] /goto [ADM] One
[13/08/2015 13:13:20] /r
[13/08/2015 13:14:46] /goto blastoise
[13/08/2015 13:15:46] /goto pidgeot
[13/08/2015 13:15:48] /goto [ADM] One
[13/08/2015 13:15:52] /goto pidgeot
[13/08/2015 13:15:52] /c [ADM] oNE
[13/08/2015 13:16:15] /i medicine
[13/08/2015 13:16:45] /goto jynx
[13/08/2015 13:16:47] /c [ADM] oNE
[13/08/2015 13:17:31] /r
[13/08/2015 13:17:31] /r
[13/08/2015 13:17:32] /r
[13/08/2015 13:17:33] /r
[13/08/2015 13:17:33] /r
[13/08/2015 13:18:22] /goto venusaur
[13/08/2015 13:19:23] /m shiny venusaur
[13/08/2015 13:19:40] /t
[13/08/2015 13:19:42] /c [ADM] oNE
[13/08/2015 13:19:48] /goto electabuzz
[13/08/2015 13:21:20] /goto [ADM] One
[13/08/2015 13:21:54] /c [ADM] oNE
[13/08/2015 13:21:56] /goto [ADM] One
[13/08/2015 13:25:57] /goto Pixel
[13/08/2015 13:26:23] /a
[13/08/2015 13:26:32] /i 2160
[13/08/2015 13:28:37] /goto Pixel
[13/08/2015 13:29:03] /newtype 1673
[13/08/2015 13:30:00] /goto Pixel
[13/08/2015 13:30:09] /goto Pixel
[13/08/2015 13:31:16] /goto Pixel
[13/08/2015 13:31:38] /goto Pixel
[13/08/2015 13:32:08] /t
[13/08/2015 13:32:22] /goto Pixel
[13/08/2015 13:32:59] /goto Daniel
[13/08/2015 13:33:02] /goto Pixel
[13/08/2015 13:33:08] /goto Pixel
[13/08/2015 13:33:23] /goto Pixel
[13/08/2015 13:34:53] /cleanMe
[13/08/2015 13:35:04] /goto Pixel
[13/08/2015 13:35:25] /goto Pixel
[13/08/2015 13:36:59] /goto Pixel
[13/08/2015 13:37:02] /t
[13/08/2015 13:37:05] /goto Daniel
[13/08/2015 13:37:13] /goto Pixel
[13/08/2015 13:37:23] /goto Pixel
[13/08/2015 13:38:20] /goto Pixel
[13/08/2015 13:38:27] /goto Pixel
[13/08/2015 13:38:32] /goto Pixel
[13/08/2015 13:38:36] /goto Pixel
[13/08/2015 13:38:38] /goto Pixel
[13/08/2015 13:38:45] /goto Pixel
[13/08/2015 13:38:48] /t
[13/08/2015 13:38:50] /r
[13/08/2015 13:39:00] /a
[13/08/2015 13:39:08] /r
[13/08/2015 13:39:14] /r
[13/08/2015 13:39:17] /r
[13/08/2015 13:39:22] /i 14224
[13/08/2015 13:39:25] /a
[13/08/2015 13:39:29] /a
[13/08/2015 13:39:31] /a
[13/08/2015 13:40:36] /goto Pixel
[13/08/2015 13:41:30] /t Pixel
[13/08/2015 13:41:54] /goto Pixel
[13/08/2015 13:42:03] /ghost
[13/08/2015 13:43:02] /goto Pixel
[13/08/2015 13:43:11] /newtype 1673, Pixel
[13/08/2015 13:48:42] /goto Pixel
[13/08/2015 13:48:55] /r
[13/08/2015 13:49:04] /r
[13/08/2015 13:49:27] /i revive
[13/08/2015 13:49:50] /goto Pixel
[13/08/2015 13:50:05] /goto Pixel
[13/08/2015 13:50:28] /goto Pixel
[13/08/2015 13:50:54] /goto [ADM] One
[13/08/2015 13:50:56] /goto Pixel
[13/08/2015 13:51:00] /goto Pixel
[13/08/2015 13:56:46] /t Pixel
[13/08/2015 13:56:54] /goto Pixel
[13/08/2015 13:58:53] /b Shuwtdown. Aguardem.
[13/08/2015 14:09:17] /goto Pixel
[13/08/2015 14:09:40] /r
[13/08/2015 14:09:43] /r
[13/08/2015 14:09:44] /r
[13/08/2015 14:09:46] /r
[13/08/2015 14:10:06] /goto Darkge
[13/08/2015 14:10:51] /newtype 1673, Darkge
[13/08/2015 14:13:33] /c [ADM] oNE
[13/08/2015 14:13:45] /goto Pixel
[13/08/2015 14:13:49] /goto Daniel
[13/08/2015 14:13:50] /goto [ADM] One
[13/08/2015 14:13:54] /goto Daniel
[13/08/2015 14:14:19] /i ultimate potion
[13/08/2015 14:14:42] /i 2160
[13/08/2015 14:14:54] /goto charizard
[13/08/2015 14:15:52] /m shiny charizard
[13/08/2015 14:16:01] /t
[13/08/2015 14:16:35] /goto Pixel
[13/08/2015 14:16:40] /goto Darkge
[13/08/2015 14:17:04] /i hyper potion
[13/08/2015 14:17:09] /i small potion
[13/08/2015 14:17:23] /goto charizard
[13/08/2015 14:18:20] /r
[13/08/2015 14:18:26] /goto Pixel
[13/08/2015 14:18:29] /goto Darkge
[13/08/2015 14:18:31] /goto Pixel
[13/08/2015 14:18:52] /goto Mark
[13/08/2015 14:18:58] /goto Pixel
[13/08/2015 14:18:59] /goto [ADM] One
[13/08/2015 14:19:02] /goto Pixel
[13/08/2015 14:21:05] /goto Darkge
[13/08/2015 14:21:11] /c [ADM] oNE
[13/08/2015 14:21:34] /i leaf stone
[13/08/2015 14:21:38] /i venom stone
[13/08/2015 14:25:22] /goto Pixel
[13/08/2015 14:27:43] /ghost
[13/08/2015 14:30:06] /i 12345
[13/08/2015 14:30:09] /goto charizard
[13/08/2015 14:30:47] /c [ADM] oNE
[13/08/2015 14:31:07] /goto Pixel
[13/08/2015 14:31:55] /goto Darkge
[13/08/2015 14:32:29] /goto Darkge
[13/08/2015 14:32:34] /goto Daniel
[13/08/2015 14:33:06] /c [ADM] oNE
[13/08/2015 14:33:48] /goto Daniel
[13/08/2015 14:34:28] /c [ADM] oNE
[13/08/2015 14:34:31] /t
[13/08/2015 14:35:13] /goto Pixel
[13/08/2015 14:36:13] /goto Darkge
[13/08/2015 14:36:26] /goto Daniel
[13/08/2015 14:37:59] /goto Daniel
[13/08/2015 14:41:43] /goto Pixel
[13/08/2015 14:41:47] /goto Daniel
[13/08/2015 14:44:34] /goto Pixel
[13/08/2015 14:44:41] /goto Darkge
[13/08/2015 14:45:20] /goto Darkge
[13/08/2015 14:46:37] /c [ADM] oNE
[13/08/2015 14:46:42] /goto Daniel
[13/08/2015 14:46:52] /a 2
[13/08/2015 14:47:03] /a 2
[13/08/2015 14:47:07] /owner Nobody
[13/08/2015 14:47:09] /a 2
[13/08/2015 14:47:50] /goto Jair
[13/08/2015 14:48:39] /goto Jair
[13/08/2015 14:48:47] /goto Jair
[13/08/2015 14:48:50] /goto Daniel
[13/08/2015 14:49:39] /goto Daniel
[13/08/2015 14:49:49] /b Shutdown
[13/08/2015 14:54:23] /goto Jair
[13/08/2015 14:54:31] /goto Daniel
[13/08/2015 14:54:31] /goto [ADM] One
[13/08/2015 14:54:34] /goto Jair
[13/08/2015 14:54:34] /c [ADM] oNE
[13/08/2015 14:55:33] /goto Daniel
[13/08/2015 14:57:07] /goto squirtle
[13/08/2015 14:57:23] /r
[13/08/2015 14:57:24] /t
[13/08/2015 14:57:28] /goto Jair
[13/08/2015 14:57:54] /ghost
[13/08/2015 14:58:19] /t
[13/08/2015 14:58:25] /n ziraldo
[13/08/2015 15:05:57] /goto Daniel
[13/08/2015 15:19:56] /goto Daniel
[13/08/2015 15:20:02] /goto Alucard
[13/08/2015 15:20:04] /goto Jair
[13/08/2015 15:20:07] /goto Luci
[13/08/2015 15:20:19] /t
[13/08/2015 15:25:40] /i saffari ball
[13/08/2015 15:25:48] /i super ball
[13/08/2015 15:25:58] /i great ball
[13/08/2015 15:26:52] /goto Luci
[13/08/2015 15:26:59] /goto Daniel
[13/08/2015 15:27:13] /goto Luci
[13/08/2015 15:29:31] /goto Jair
[13/08/2015 15:29:40] /r
[13/08/2015 15:29:46] /goto Alucard
[13/08/2015 15:31:53] /goto Jair
[13/08/2015 15:31:58] /goto Leuzaum Xv
[13/08/2015 15:32:12] /goto Alucard
[13/08/2015 15:32:17] /goto Alucard
[13/08/2015 15:32:19] /goto Alucard
[13/08/2015 15:32:20] /goto Alucard
[13/08/2015 15:32:20] /goto Alucard
[13/08/2015 15:32:21] /goto Alucard
[13/08/2015 15:32:21] /goto Alucard
[13/08/2015 15:32:22] /goto Alucard
[13/08/2015 15:32:23] /goto Alucard
[13/08/2015 15:32:23] /goto Alucard
[13/08/2015 15:32:23] /goto Alucard
[13/08/2015 15:32:24] /goto Alucard
[13/08/2015 15:32:24] /goto Alucard
[13/08/2015 15:32:24] /goto Alucard
[13/08/2015 15:37:40] /goto Daniel
[13/08/2015 15:38:00] /goto [ADM] Three
[13/08/2015 15:38:27] /town 8
[13/08/2015 15:38:37] /t
[13/08/2015 15:39:03] /town 8, [ADM] Three
[13/08/2015 15:39:04] /t
[13/08/2015 15:39:16] /goto Lozin
[13/08/2015 15:56:55] /ghost
[13/08/2015 15:57:06] /r
[14/08/2015 22:18:11] /a 2
[14/08/2015 22:18:15] /newtype 1673
[14/08/2015 22:18:53] /t
[14/08/2015 22:22:15] /a 50
[14/08/2015 22:23:10] /i 2160
[14/08/2015 22:23:34] /a
[14/08/2015 22:23:37] /r
[14/08/2015 22:24:16] /t
[14/08/2015 22:25:02] /addskill [ADM] Two, level, 80
[14/08/2015 22:25:06] /addskill [ADM] Two, level, 10
[14/08/2015 22:25:09] /addskill [ADM] Two, level, 10
[14/08/2015 22:25:18] /t
[14/08/2015 22:51:37] /r
[14/08/2015 22:51:38] /r
[14/08/2015 22:51:39] /r
[14/08/2015 22:51:42] /r 100
[14/08/2015 22:51:45] /r 100
[14/08/2015 22:51:46] /r 100
[14/08/2015 22:51:52] /r 100
[14/08/2015 22:51:54] /r 100
[14/08/2015 22:51:58] /r 100
[14/08/2015 22:51:59] /r 100
[14/08/2015 22:52:00] /r 100
[14/08/2015 22:52:02] /r 100
[14/08/2015 22:53:54] /addskill [ADM] Two, level, 195
[14/08/2015 22:57:20] /newtype 1682
[14/08/2015 22:57:23] /newtype 1681
[14/08/2015 22:57:28] /newtype 1662
[14/08/2015 22:57:32] /newtype 1663
[14/08/2015 22:57:38] /newtype 1664
[14/08/2015 22:57:40] /newtype 1665
[14/08/2015 22:57:44] /newtype 1666
[14/08/2015 22:57:48] /newtype 1666
[14/08/2015 22:57:50] /newtype 1665
[14/08/2015 22:57:53] /newtype 1667
[14/08/2015 22:57:55] /newtype 1668
[14/08/2015 22:58:11] /goto charizard
[14/08/2015 22:58:16] /c [ADM] oNE
[14/08/2015 22:58:33] /attr set boost, 50
[14/08/2015 22:58:38] /attr set boost 50
[14/08/2015 22:59:13] /i revive
[14/08/2015 23:00:23] /t
[14/08/2015 23:00:30] /c [ADM] One
[01/03/2016 18:30:46] /goto machamp
[01/03/2016 18:32:20] /goto gastly
[01/03/2016 18:32:44] /attr set nick Logico q nao
[02/03/2016 15:43:53] /goto machamp
[02/03/2016 16:07:44] /down
[02/03/2016 16:07:47] /up
[02/03/2016 16:07:48] /up
[02/03/2016 16:07:53] /down
[02/03/2016 19:29:46] /m shiny scyther
[02/03/2016 19:29:49] /r
[02/03/2016 19:30:23] /attr set boost 50
[02/03/2016 19:30:31] /attr set nick Kicko
[02/03/2016 19:30:47] /addskill [ADM] Two, level, 100
[02/03/2016 21:14:15] /attr set nick Sindra
[02/03/2016 21:34:42] /m shiny tangela
[02/03/2016 21:41:32] /m shiny tangela
[02/03/2016 22:50:07] /m shiny tangela
[02/03/2016 23:07:37] /m shiny tangela
[02/03/2016 23:08:50] /addskill [ADM] Two, level, 100
[02/03/2016 23:34:00] /i revive
[03/03/2016 17:31:02] /m teste
[03/03/2016 17:31:18] /i 15628
[03/03/2016 17:33:59] /i 15665
[03/03/2016 17:34:07] /i 15622
[03/03/2016 19:04:51] /i 15636
[03/03/2016 19:05:05] /i 15628
[03/03/2016 19:16:40] /m teste
[03/03/2016 19:16:55] /r
[03/03/2016 19:16:59] /r
[03/03/2016 19:17:42] /r
[03/03/2016 23:24:27] /t
[03/03/2016 23:54:05] /t
[04/03/2016 00:39:58] /i scyther
[04/03/2016 00:53:24] /m machamp
[04/03/2016 01:12:10] /m rattata
[04/03/2016 01:12:17] /m rattata
[04/03/2016 01:12:31] /m rattata
[04/03/2016 01:13:05] /m rattata
[04/03/2016 01:14:33] /m rattata
[04/03/2016 01:15:16] /m rattata
[04/03/2016 01:18:00] /m charizard
[04/03/2016 01:18:03] /r
[04/03/2016 01:18:52] /m teste
[04/03/2016 01:18:56] /r
[04/03/2016 01:19:50] /m charizard
[04/03/2016 01:20:32] /m charizard
[04/03/2016 01:21:25] /m charizard
[04/03/2016 01:26:27] /r
[04/03/2016 01:26:28] /r
[04/03/2016 01:26:29] /r
[04/03/2016 01:46:49] /m rattata
[04/03/2016 01:47:04] /r
[04/03/2016 01:47:13] /m golem
[04/03/2016 01:57:10] /r
[04/03/2016 01:57:13] /m machamp
[13/03/2016 16:36:05] /a
[13/03/2016 16:36:17] /goto [ADM] Two
[13/03/2016 16:36:23] /goto [ADM] One
[13/03/2016 16:38:17] /r
[13/03/2016 16:38:22] /r
[13/03/2016 16:38:35] /r
[13/03/2016 16:44:40] /cliport
[13/03/2016 16:44:53] /town celadon
[13/03/2016 16:44:56] /town saffron
[13/03/2016 16:45:11] /c [ADM] Theere
[13/03/2016 16:45:22] /goto [ADM] Theree
[13/03/2016 16:45:30] /goto [ADM] Theree
[13/03/2016 16:45:35] /goto [ADM] one
[13/03/2016 16:48:09] /clean
[13/03/2016 16:48:23] /r
[13/03/2016 16:48:27] /r
[13/03/2016 16:49:02] /r
[13/03/2016 16:50:55] /r
[13/03/2016 16:50:56] /r
[13/03/2016 16:50:58] /r
[13/03/2016 16:51:01] /r
[13/03/2016 16:51:17] /i blastoisenity
[13/03/2016 16:51:48] /i X-Poison
[13/03/2016 16:51:55] /i X-Poison T2
[13/03/2016 16:52:01] /a 2
[13/03/2016 16:56:54] /goto [adm] one
[13/03/2016 16:58:07] /a 2
[13/03/2016 16:59:48] /r
[13/03/2016 16:59:52] /r
[13/03/2016 17:05:17] /cleanMe
