[16/09/2014 15:28:30] /b Boa Tarde.
[16/09/2014 15:29:05] /newtype 1044
[16/09/2014 15:29:08] /newtype 1033
[16/09/2014 15:30:30] /newtype 1046
[16/09/2014 15:30:33] /newtype 1046
[16/09/2014 15:30:34] /newtype 1047
[16/09/2014 15:30:38] /newtype 1033
[16/09/2014 15:30:53] /newtype 1670
[16/09/2014 15:31:49] /town 3
[16/09/2014 15:31:50] /town 2
[16/09/2014 15:31:51] /town 1
[16/09/2014 15:31:54] /town 6
[16/09/2014 15:31:55] /town 4
[16/09/2014 15:31:57] /town 5
[16/09/2014 15:32:57] /i 2160
[16/09/2014 15:35:55] /b galera o Gewar Vai reiniciar o Servidor Dem !save.
[16/09/2014 15:35:58] /b galera o Gewar Vai reiniciar o Servidor Dem !save.
[16/09/2014 15:36:08] /goto lord pao
[16/09/2014 15:37:14] /closeserver
[16/09/2014 15:39:39] /m arceus
[16/09/2014 15:40:48] /t
[16/09/2014 15:44:21] /m arceus
[16/09/2014 15:44:38] /i revive
[16/09/2014 15:44:56] /t
[16/09/2014 15:54:28] /b 16:25 Evento. Nao Pergunte De Que Vai Ser Pq Ainda Vou Pensar.
[16/09/2014 15:54:31] /b 16:25 Evento. Nao Pergunte De Que Vai Ser Pq Ainda Vou Pensar.
[16/09/2014 15:55:16] /town 15
[16/09/2014 15:56:21] /ghost
[16/09/2014 15:56:26] /ghost
[16/09/2014 15:58:43] /m palkia
[16/09/2014 16:00:04] /addskill [ADM] Paçoca,lvl,10000
[16/09/2014 16:00:05] /addskill [ADM] Paçoca,lvl,10000
[16/09/2014 16:00:05] /addskill [ADM] Paçoca,lvl,10000
[16/09/2014 16:00:06] /addskill [ADM] Paçoca,lvl,10000
[16/09/2014 16:00:06] /addskill [ADM] Paçoca,lvl,10000
[16/09/2014 16:00:13] /addskill [ADM] Paçoca,lvl,10000
[16/09/2014 16:00:13] /addskill [ADM] Paçoca,lvl,10000
[16/09/2014 16:00:14] /addskill [ADM] Paçoca,lvl,10000
[16/09/2014 16:00:20] /addskill [ADM] Paçoca,lvl,10000
[16/09/2014 16:00:20] /addskill [ADM] Paçoca,lvl,10000
[16/09/2014 16:00:21] /addskill [ADM] Paçoca,lvl,10000
[16/09/2014 16:00:30] /addskill [ADM] Paçoca,lvl,10000
[16/09/2014 16:00:31] /addskill [ADM] Paçoca,lvl,10000
[16/09/2014 16:00:31] /addskill [ADM] Paçoca,lvl,10000
[16/09/2014 16:00:31] /addskill [ADM] Paçoca,lvl,10000
[16/09/2014 16:00:31] /addskill [ADM] Paçoca,lvl,10000
[16/09/2014 16:00:31] /addskill [ADM] Paçoca,lvl,10000
[16/09/2014 16:00:31] /addskill [ADM] Paçoca,lvl,10000
[16/09/2014 16:00:31] /addskill [ADM] Paçoca,lvl,10000
[16/09/2014 16:00:31] /addskill [ADM] Paçoca,lvl,10000
[16/09/2014 16:00:31] /addskill [ADM] Paçoca,lvl,10000
[16/09/2014 16:00:31] /addskill [ADM] Paçoca,lvl,10000
[16/09/2014 16:00:31] /addskill [ADM] Paçoca,lvl,10000
[16/09/2014 16:00:31] /addskill [ADM] Paçoca,lvl,10000
[16/09/2014 16:00:31] /addskill [ADM] Paçoca,lvl,10000
[16/09/2014 16:00:31] /addskill [ADM] Paçoca,lvl,10000
[16/09/2014 16:00:31] /addskill [ADM] Paçoca,lvl,10000
[16/09/2014 16:00:31] /addskill [ADM] Paçoca,lvl,10000
[16/09/2014 16:00:31] /addskill [ADM] Paçoca,lvl,10000
[16/09/2014 16:00:31] /addskill [ADM] Paçoca,lvl,10000
[16/09/2014 16:00:31] /addskill [ADM] Paçoca,lvl,10000
[16/09/2014 16:00:31] /addskill [ADM] Paçoca,lvl,10000
[16/09/2014 16:00:31] /addskill [ADM] Paçoca,lvl,10000
[16/09/2014 16:00:32] /addskill [ADM] Paçoca,lvl,10000
[16/09/2014 16:00:32] /addskill [ADM] Paçoca,lvl,10000
[16/09/2014 16:00:32] /addskill [ADM] Paçoca,lvl,10000
[16/09/2014 16:00:32] /addskill [ADM] Paçoca,lvl,10000
[16/09/2014 16:00:32] /addskill [ADM] Paçoca,lvl,10000
[16/09/2014 16:00:32] /addskill [ADM] Paçoca,lvl,10000
[16/09/2014 16:00:32] /addskill [ADM] Paçoca,lvl,10000
[16/09/2014 16:00:32] /addskill [ADM] Paçoca,lvl,10000
[16/09/2014 16:00:32] /addskill [ADM] Paçoca,lvl,10000
[16/09/2014 16:00:32] /addskill [ADM] Paçoca,lvl,10000
[16/09/2014 16:00:32] /addskill [ADM] Paçoca,lvl,10000
[16/09/2014 16:00:32] /addskill [ADM] Paçoca,lvl,10000
[16/09/2014 16:00:32] /addskill [ADM] Paçoca,lvl,10000
[16/09/2014 16:00:32] /addskill [ADM] Paçoca,lvl,10000
[16/09/2014 16:00:32] /addskill [ADM] Paçoca,lvl,10000
[16/09/2014 16:00:32] /addskill [ADM] Paçoca,lvl,10000
[16/09/2014 16:00:32] /addskill [ADM] Paçoca,lvl,10000
[16/09/2014 16:00:32] /addskill [ADM] Paçoca,lvl,10000
[16/09/2014 16:00:32] /addskill [ADM] Paçoca,lvl,10000
[16/09/2014 16:00:32] /addskill [ADM] Paçoca,lvl,10000
[16/09/2014 16:00:32] /addskill [ADM] Paçoca,lvl,10000
[16/09/2014 16:00:32] /addskill [ADM] Paçoca,lvl,10000
[16/09/2014 16:00:32] /addskill [ADM] Paçoca,lvl,10000
[16/09/2014 16:00:32] /addskill [ADM] Paçoca,lvl,10000
[16/09/2014 16:00:32] /addskill [ADM] Paçoca,lvl,10000
[16/09/2014 16:00:32] /addskill [ADM] Paçoca,lvl,10000
[16/09/2014 16:00:32] /addskill [ADM] Paçoca,lvl,10000
[16/09/2014 16:00:33] /addskill [ADM] Paçoca,lvl,10000
[16/09/2014 16:00:33] /addskill [ADM] Paçoca,lvl,10000
[16/09/2014 16:00:33] /addskill [ADM] Paçoca,lvl,10000
[16/09/2014 16:00:33] /addskill [ADM] Paçoca,lvl,10000
[16/09/2014 16:00:33] /addskill [ADM] Paçoca,lvl,10000
[16/09/2014 16:00:33] /addskill [ADM] Paçoca,lvl,10000
[16/09/2014 16:00:33] /addskill [ADM] Paçoca,lvl,10000
[16/09/2014 16:00:33] /addskill [ADM] Paçoca,lvl,10000
[16/09/2014 16:00:33] /addskill [ADM] Paçoca,lvl,10000
[16/09/2014 16:00:33] /addskill [ADM] Paçoca,lvl,10000
[16/09/2014 16:00:33] /addskill [ADM] Paçoca,lvl,10000
[16/09/2014 16:00:33] /addskill [ADM] Paçoca,lvl,10000
[16/09/2014 16:00:33] /addskill [ADM] Paçoca,lvl,10000
[16/09/2014 16:00:33] /addskill [ADM] Paçoca,lvl,10000
[16/09/2014 16:00:33] /addskill [ADM] Paçoca,lvl,10000
[16/09/2014 16:00:33] /addskill [ADM] Paçoca,lvl,10000
[16/09/2014 16:00:33] /addskill [ADM] Paçoca,lvl,10000
[16/09/2014 16:00:33] /addskill [ADM] Paçoca,lvl,10000
[16/09/2014 16:00:33] /addskill [ADM] Paçoca,lvl,10000
[16/09/2014 16:00:33] /addskill [ADM] Paçoca,lvl,10000
[16/09/2014 16:00:33] /addskill [ADM] Paçoca,lvl,10000
[16/09/2014 16:00:33] /addskill [ADM] Paçoca,lvl,10000
[16/09/2014 16:00:33] /addskill [ADM] Paçoca,lvl,10000
[16/09/2014 16:00:33] /addskill [ADM] Paçoca,lvl,10000
[16/09/2014 16:00:33] /addskill [ADM] Paçoca,lvl,10000
[16/09/2014 16:00:33] /addskill [ADM] Paçoca,lvl,10000
[16/09/2014 16:00:33] /addskill [ADM] Paçoca,lvl,10000
[16/09/2014 16:00:33] /addskill [ADM] Paçoca,lvl,10000
[16/09/2014 16:00:34] /addskill [ADM] Paçoca,lvl,10000
[16/09/2014 16:00:34] /addskill [ADM] Paçoca,lvl,10000
[16/09/2014 16:00:34] /addskill [ADM] Paçoca,lvl,10000
[16/09/2014 16:00:34] /addskill [ADM] Paçoca,lvl,10000
[16/09/2014 16:00:34] /addskill [ADM] Paçoca,lvl,10000
[16/09/2014 16:00:34] /addskill [ADM] Paçoca,lvl,10000
[16/09/2014 16:00:34] /addskill [ADM] Paçoca,lvl,10000
[16/09/2014 16:00:48] /addskill [ADM] Paçoca,lvl,10000
[16/09/2014 16:00:55] /addskill [ADM] Paçoca,lvl,1000
[16/09/2014 16:00:56] /addskill [ADM] Paçoca,lvl,1000
[16/09/2014 16:00:56] /addskill [ADM] Paçoca,lvl,1000
[16/09/2014 16:00:56] /addskill [ADM] Paçoca,lvl,1000
[16/09/2014 16:00:56] /addskill [ADM] Paçoca,lvl,1000
[16/09/2014 16:00:56] /addskill [ADM] Paçoca,lvl,1000
[16/09/2014 16:00:56] /addskill [ADM] Paçoca,lvl,1000
[16/09/2014 16:00:56] /addskill [ADM] Paçoca,lvl,1000
[16/09/2014 16:00:56] /addskill [ADM] Paçoca,lvl,1000
[16/09/2014 16:00:56] /addskill [ADM] Paçoca,lvl,1000
[16/09/2014 16:00:56] /addskill [ADM] Paçoca,lvl,1000
[16/09/2014 16:00:56] /addskill [ADM] Paçoca,lvl,1000
[16/09/2014 16:00:56] /addskill [ADM] Paçoca,lvl,1000
[16/09/2014 16:00:56] /addskill [ADM] Paçoca,lvl,1000
[16/09/2014 16:00:56] /addskill [ADM] Paçoca,lvl,1000
[16/09/2014 16:00:56] /addskill [ADM] Paçoca,lvl,1000
[16/09/2014 16:00:56] /addskill [ADM] Paçoca,lvl,1000
[16/09/2014 16:00:56] /addskill [ADM] Paçoca,lvl,1000
[16/09/2014 16:00:57] /addskill [ADM] Paçoca,lvl,1000
[16/09/2014 16:00:57] /addskill [ADM] Paçoca,lvl,1000
[16/09/2014 16:00:57] /addskill [ADM] Paçoca,lvl,1000
[16/09/2014 16:00:57] /addskill [ADM] Paçoca,lvl,1000
[16/09/2014 16:00:57] /addskill [ADM] Paçoca,lvl,1000
[16/09/2014 16:00:57] /addskill [ADM] Paçoca,lvl,1000
[16/09/2014 16:00:57] /addskill [ADM] Paçoca,lvl,1000
[16/09/2014 16:00:57] /addskill [ADM] Paçoca,lvl,1000
[16/09/2014 16:00:57] /addskill [ADM] Paçoca,lvl,1000
[16/09/2014 16:00:57] /addskill [ADM] Paçoca,lvl,1000
[16/09/2014 16:00:57] /addskill [ADM] Paçoca,lvl,1000
[16/09/2014 16:00:57] /addskill [ADM] Paçoca,lvl,1000
[16/09/2014 16:00:57] /addskill [ADM] Paçoca,lvl,1000
[16/09/2014 16:00:57] /addskill [ADM] Paçoca,lvl,1000
[16/09/2014 16:00:57] /addskill [ADM] Paçoca,lvl,1000
[16/09/2014 16:00:57] /addskill [ADM] Paçoca,lvl,1000
[16/09/2014 16:00:57] /addskill [ADM] Paçoca,lvl,1000
[16/09/2014 16:00:57] /addskill [ADM] Paçoca,lvl,1000
[16/09/2014 16:00:57] /addskill [ADM] Paçoca,lvl,1000
[16/09/2014 16:00:57] /addskill [ADM] Paçoca,lvl,1000
[16/09/2014 16:00:57] /addskill [ADM] Paçoca,lvl,1000
[16/09/2014 16:00:57] /addskill [ADM] Paçoca,lvl,1000
[16/09/2014 16:00:57] /addskill [ADM] Paçoca,lvl,1000
[16/09/2014 16:00:57] /addskill [ADM] Paçoca,lvl,1000
[16/09/2014 16:00:57] /addskill [ADM] Paçoca,lvl,1000
[16/09/2014 16:00:58] /addskill [ADM] Paçoca,lvl,1000
[16/09/2014 16:00:58] /addskill [ADM] Paçoca,lvl,1000
[16/09/2014 16:00:58] /addskill [ADM] Paçoca,lvl,1000
[16/09/2014 16:00:58] /addskill [ADM] Paçoca,lvl,1000
[16/09/2014 16:00:58] /addskill [ADM] Paçoca,lvl,1000
[16/09/2014 16:00:58] /addskill [ADM] Paçoca,lvl,1000
[16/09/2014 16:00:58] /addskill [ADM] Paçoca,lvl,1000
[16/09/2014 16:01:02] /addskill [ADM] Paçoca,lvl,100
[16/09/2014 16:01:04] /addskill [ADM] Paçoca,lvl,100
[16/09/2014 16:01:04] /addskill [ADM] Paçoca,lvl,100
[16/09/2014 16:01:04] /addskill [ADM] Paçoca,lvl,100
[16/09/2014 16:01:04] /addskill [ADM] Paçoca,lvl,100
[16/09/2014 16:01:04] /addskill [ADM] Paçoca,lvl,100
[16/09/2014 16:01:04] /addskill [ADM] Paçoca,lvl,100
[16/09/2014 16:01:04] /addskill [ADM] Paçoca,lvl,100
[16/09/2014 16:01:04] /addskill [ADM] Paçoca,lvl,100
[16/09/2014 16:01:04] /addskill [ADM] Paçoca,lvl,100
[16/09/2014 16:01:04] /addskill [ADM] Paçoca,lvl,100
[16/09/2014 16:01:04] /addskill [ADM] Paçoca,lvl,100
[16/09/2014 16:01:04] /addskill [ADM] Paçoca,lvl,100
[16/09/2014 16:01:04] /addskill [ADM] Paçoca,lvl,100
[16/09/2014 16:01:04] /addskill [ADM] Paçoca,lvl,100
[16/09/2014 16:01:04] /addskill [ADM] Paçoca,lvl,100
[16/09/2014 16:01:04] /addskill [ADM] Paçoca,lvl,100
[16/09/2014 16:01:04] /addskill [ADM] Paçoca,lvl,100
[16/09/2014 16:01:04] /addskill [ADM] Paçoca,lvl,100
[16/09/2014 16:01:04] /addskill [ADM] Paçoca,lvl,100
[16/09/2014 16:01:04] /addskill [ADM] Paçoca,lvl,100
[16/09/2014 16:01:04] /addskill [ADM] Paçoca,lvl,100
[16/09/2014 16:01:04] /addskill [ADM] Paçoca,lvl,100
[16/09/2014 16:01:04] /addskill [ADM] Paçoca,lvl,100
[16/09/2014 16:01:04] /addskill [ADM] Paçoca,lvl,100
[16/09/2014 16:01:04] /addskill [ADM] Paçoca,lvl,100
[16/09/2014 16:01:30] /r
[16/09/2014 16:01:53] /attr set boost 500000
[16/09/2014 16:02:17] /r
[16/09/2014 16:03:23] /goto alexbm
[16/09/2014 16:03:38] /ghost
[16/09/2014 16:04:31] /t
[16/09/2014 16:04:40] /t
[16/09/2014 16:05:37] /m shiny charizard
[16/09/2014 16:05:46] /i dark ball
[16/09/2014 16:11:20] /ghost
[16/09/2014 16:12:42] /b [EVENTO] Quem Me Achar Ganha 1 Shiny Charizard.
[16/09/2014 16:12:48] /b podem procurar
[16/09/2014 16:12:51] /b [EVENTO] Quem Me Achar Ganha 1 Shiny Charizard.
[16/09/2014 16:12:52] /b [EVENTO] Quem Me Achar Ganha 1 Shiny Charizard.
[16/09/2014 16:12:53] /b [EVENTO] Quem Me Achar Ganha 1 Shiny Charizard.
[16/09/2014 16:12:55] /b [EVENTO] Quem Me Achar Ganha 1 Shiny Charizard.
[16/09/2014 16:12:57] /b podem procurar
[16/09/2014 16:13:01] /b [EVENTO] Quem Me Achar Ganha 1 Shiny Charizard.
[16/09/2014 16:13:08] /b [EVENTO] Quem Me Achar Ganha 1 Shiny Charizard.
[16/09/2014 16:14:30] /b estou entre vermilion e saffron.
[16/09/2014 16:14:34] /b estou entre vermilion e saffron.
[16/09/2014 16:14:35] /b estou entre vermilion e saffron.
[16/09/2014 16:14:47] /r
[16/09/2014 16:18:07] /b alexbm achou
[16/09/2014 16:19:03] /t alexbm
[16/09/2014 16:19:06] /t
[16/09/2014 16:19:49] /b ++++ um evento
[16/09/2014 16:20:01] /ghost
[16/09/2014 16:22:50] /b estou em cerulean gooo
[16/09/2014 16:25:47] /ghost
[16/09/2014 16:26:10] /b {dica} zubat zubat
[16/09/2014 16:26:34] /ghost
[16/09/2014 16:26:48] /b troool
[16/09/2014 16:27:07] /b nao estou no zubat
[16/09/2014 16:27:42] /cliport
[16/09/2014 16:28:03] /ghost
[16/09/2014 16:29:11] /b destrutions wins
[16/09/2014 16:29:34] /t destrutions
[16/09/2014 16:29:37] /t
[16/09/2014 16:30:05] /i 2160
[16/09/2014 16:32:02] /b arceus ataca saffron
[16/09/2014 16:32:13] /ghost
[16/09/2014 16:32:32] /m arceus
[16/09/2014 16:33:32] /m arceus
[16/09/2014 16:33:40] /b arceus esccontido
[16/09/2014 16:34:35] /ghost
[16/09/2014 16:34:51] /r
[16/09/2014 16:35:00] /r
[16/09/2014 16:35:16] /r
[16/09/2014 16:35:19] /t
[16/09/2014 16:36:10] /b blastoise atacka saffron
[16/09/2014 16:36:15] /m blastoise
[16/09/2014 16:36:15] /m blastoise
[16/09/2014 16:36:15] /m blastoise
[16/09/2014 16:36:15] /m blastoise
[16/09/2014 16:36:15] /m blastoise
[16/09/2014 16:36:15] /m blastoise
[16/09/2014 16:36:15] /m blastoise
[16/09/2014 16:36:16] /m blastoise
[16/09/2014 16:36:16] /m blastoise
[16/09/2014 16:36:16] /m blastoise
[16/09/2014 16:36:16] /m blastoise
[16/09/2014 16:36:16] /m blastoise
[16/09/2014 16:36:16] /m blastoise
[16/09/2014 16:36:16] /m blastoise
[16/09/2014 16:36:16] /m blastoise
[16/09/2014 16:36:16] /m blastoise
[16/09/2014 16:36:16] /m blastoise
[16/09/2014 16:36:16] /m blastoise
[16/09/2014 16:36:16] /m blastoise
[16/09/2014 16:36:16] /m blastoise
[16/09/2014 16:36:16] /m blastoise
[16/09/2014 16:36:16] /m blastoise
[16/09/2014 16:36:16] /m blastoise
[16/09/2014 16:36:16] /m blastoise
[16/09/2014 16:36:16] /m blastoise
[16/09/2014 16:36:16] /m blastoise
[16/09/2014 16:36:16] /m blastoise
[16/09/2014 16:36:16] /m blastoise
[16/09/2014 16:36:16] /m blastoise
[16/09/2014 16:36:16] /m blastoise
[16/09/2014 16:36:16] /m blastoise
[16/09/2014 16:36:16] /m blastoise
[16/09/2014 16:36:16] /m blastoise
[16/09/2014 16:36:17] /m blastoise
[16/09/2014 16:36:17] /m blastoise
[16/09/2014 16:36:17] /m blastoise
[16/09/2014 16:36:17] /m blastoise
[16/09/2014 16:36:17] /m blastoise
[16/09/2014 16:36:17] /m blastoise
[16/09/2014 16:36:17] /m blastoise
[16/09/2014 16:36:17] /m blastoise
[16/09/2014 16:36:17] /m blastoise
[16/09/2014 16:36:17] /m blastoise
[16/09/2014 16:36:17] /m blastoise
[16/09/2014 16:36:17] /m blastoise
[16/09/2014 16:36:17] /m blastoise
[16/09/2014 16:36:17] /m blastoise
[16/09/2014 16:36:17] /m blastoise
[16/09/2014 16:36:17] /m blastoise
[16/09/2014 16:36:17] /m blastoise
[16/09/2014 16:36:17] /m blastoise
[16/09/2014 16:36:17] /m blastoise
[16/09/2014 16:36:17] /m blastoise
[16/09/2014 16:36:17] /m blastoise
[16/09/2014 16:36:17] /m blastoise
[16/09/2014 16:36:17] /m blastoise
[16/09/2014 16:36:17] /m blastoise
[16/09/2014 16:36:17] /m blastoise
[16/09/2014 16:36:17] /m blastoise
[16/09/2014 16:36:18] /m blastoise
[16/09/2014 16:36:18] /m blastoise
[16/09/2014 16:36:18] /m blastoise
[16/09/2014 16:36:18] /m blastoise
[16/09/2014 16:36:18] /m blastoise
[16/09/2014 16:36:18] /m blastoise
[16/09/2014 16:36:18] /m blastoise
[16/09/2014 16:36:18] /m blastoise
[16/09/2014 16:36:18] /m blastoise
[16/09/2014 16:36:18] /m blastoise
[16/09/2014 16:36:18] /m blastoise
[16/09/2014 16:36:18] /m blastoise
[16/09/2014 16:36:18] /m blastoise
[16/09/2014 16:36:18] /m blastoise
[16/09/2014 16:36:18] /m blastoise
[16/09/2014 16:36:18] /m blastoise
[16/09/2014 16:36:18] /m blastoise
[16/09/2014 16:36:18] /m blastoise
[16/09/2014 16:36:18] /m blastoise
[16/09/2014 16:36:19] /m blastoise
[16/09/2014 16:36:19] /m blastoise
[16/09/2014 16:36:19] /m blastoise
[16/09/2014 16:36:19] /m blastoise
[16/09/2014 16:36:20] /m blastoise
[16/09/2014 16:36:20] /m blastoise
[16/09/2014 16:36:20] /m blastoise
[16/09/2014 16:36:20] /m blastoise
[16/09/2014 16:36:20] /m blastoise
[16/09/2014 16:36:20] /m blastoise
[16/09/2014 16:36:20] /m blastoise
[16/09/2014 16:36:20] /m blastoise
[16/09/2014 16:36:20] /m blastoise
[16/09/2014 16:36:20] /m blastoise
[16/09/2014 16:36:20] /m blastoise
[16/09/2014 16:36:20] /m blastoise
[16/09/2014 16:36:20] /m blastoise
[16/09/2014 16:36:20] /m blastoise
[16/09/2014 16:36:20] /m blastoise
[16/09/2014 16:36:20] /m blastoise
[16/09/2014 16:36:20] /m blastoise
[16/09/2014 16:36:20] /m blastoise
[16/09/2014 16:36:20] /m blastoise
[16/09/2014 16:36:20] /m blastoise
[16/09/2014 16:36:20] /m blastoise
[16/09/2014 16:36:20] /m blastoise
[16/09/2014 16:36:20] /m blastoise
[16/09/2014 16:36:20] /m blastoise
[16/09/2014 16:36:20] /m blastoise
[16/09/2014 16:36:20] /m blastoise
[16/09/2014 16:36:20] /m blastoise
[16/09/2014 16:36:20] /m blastoise
[16/09/2014 16:36:20] /m blastoise
[16/09/2014 16:36:20] /m blastoise
[16/09/2014 16:36:20] /m blastoise
[16/09/2014 16:36:20] /m blastoise
[16/09/2014 16:36:20] /m blastoise
[16/09/2014 16:36:20] /m blastoise
[16/09/2014 16:36:20] /m blastoise
[16/09/2014 16:36:20] /m blastoise
[16/09/2014 16:36:20] /m blastoise
[16/09/2014 16:36:20] /m blastoise
[16/09/2014 16:36:20] /m blastoise
[16/09/2014 16:36:20] /m blastoise
[16/09/2014 16:36:20] /m blastoise
[16/09/2014 16:36:20] /m blastoise
[16/09/2014 16:36:23] /ghost
[16/09/2014 16:36:25] /m blastoise
[16/09/2014 16:36:25] /m blastoise
[16/09/2014 16:36:25] /m blastoise
[16/09/2014 16:36:26] /m blastoise
[16/09/2014 16:36:26] /m blastoise
[16/09/2014 16:36:26] /m blastoise
[16/09/2014 16:36:26] /m blastoise
[16/09/2014 16:36:27] /m blastoise
[16/09/2014 16:36:27] /m blastoise
[16/09/2014 16:36:27] /m blastoise
[16/09/2014 16:36:27] /m blastoise
[16/09/2014 16:36:27] /m blastoise
[16/09/2014 16:36:27] /m blastoise
[16/09/2014 16:36:27] /m blastoise
[16/09/2014 16:36:27] /m blastoise
[16/09/2014 16:36:27] /m blastoise
[16/09/2014 16:36:27] /m blastoise
[16/09/2014 16:36:27] /m blastoise
[16/09/2014 16:36:27] /m blastoise
[16/09/2014 16:36:31] /m blastoise
[16/09/2014 16:36:31] /m blastoise
[16/09/2014 16:36:31] /m blastoise
[16/09/2014 16:36:31] /m blastoise
[16/09/2014 16:36:31] /m blastoise
[16/09/2014 16:36:31] /m blastoise
[16/09/2014 16:36:31] /m blastoise
[16/09/2014 16:36:31] /m blastoise
[16/09/2014 16:36:32] /m blastoise
[16/09/2014 16:36:32] /m blastoise
[16/09/2014 16:36:32] /m blastoise
[16/09/2014 16:36:32] /m blastoise
[16/09/2014 16:36:32] /m blastoise
[16/09/2014 16:36:32] /m blastoise
[16/09/2014 16:36:32] /m blastoise
[16/09/2014 16:36:32] /m blastoise
[16/09/2014 16:36:32] /m blastoise
[16/09/2014 16:36:32] /m blastoise
[16/09/2014 16:36:32] /m blastoise
[16/09/2014 16:36:32] /m blastoise
[16/09/2014 16:36:32] /m blastoise
[16/09/2014 16:36:32] /m blastoise
[16/09/2014 16:36:32] /m blastoise
[16/09/2014 16:36:32] /m blastoise
[16/09/2014 16:36:32] /m blastoise
[16/09/2014 16:36:32] /m blastoise
[16/09/2014 16:36:32] /m blastoise
[16/09/2014 16:36:32] /m blastoise
[16/09/2014 16:36:32] /m blastoise
[16/09/2014 16:36:32] /m blastoise
[16/09/2014 16:36:32] /m blastoise
[16/09/2014 16:36:32] /m blastoise
[16/09/2014 16:36:32] /m blastoise
[16/09/2014 16:36:32] /m blastoise
[16/09/2014 16:36:32] /m blastoise
[16/09/2014 16:36:33] /m blastoise
[16/09/2014 16:36:33] /m blastoise
[16/09/2014 16:36:33] /m blastoise
[16/09/2014 16:36:33] /m blastoise
[16/09/2014 16:36:33] /m blastoise
[16/09/2014 16:36:33] /m blastoise
[16/09/2014 16:36:33] /m blastoise
[16/09/2014 16:36:33] /m blastoise
[16/09/2014 16:36:33] /m blastoise
[16/09/2014 16:36:33] /m blastoise
[16/09/2014 16:36:33] /m blastoise
[16/09/2014 16:36:33] /m blastoise
[16/09/2014 16:36:33] /m blastoise
[16/09/2014 16:36:33] /m blastoise
[16/09/2014 16:36:33] /m blastoise
[16/09/2014 16:36:33] /m blastoise
[16/09/2014 16:36:33] /m blastoise
[16/09/2014 16:36:33] /m blastoise
[16/09/2014 16:36:33] /m blastoise
[16/09/2014 16:36:33] /m blastoise
[16/09/2014 16:36:33] /m blastoise
[16/09/2014 16:36:33] /m blastoise
[16/09/2014 16:36:33] /m blastoise
[16/09/2014 16:36:33] /m blastoise
[16/09/2014 16:36:33] /m blastoise
[16/09/2014 16:36:33] /m blastoise
[16/09/2014 16:36:33] /m blastoise
[16/09/2014 16:36:34] /m blastoise
[16/09/2014 16:36:34] /m blastoise
[16/09/2014 16:36:34] /m blastoise
[16/09/2014 16:36:41] /m blastoise
[16/09/2014 16:36:41] /m blastoise
[16/09/2014 16:36:41] /m blastoise
[16/09/2014 16:36:41] /m blastoise
[16/09/2014 16:36:41] /m blastoise
[16/09/2014 16:36:41] /m blastoise
[16/09/2014 16:36:41] /m blastoise
[16/09/2014 16:36:41] /m blastoise
[16/09/2014 16:36:42] /m blastoise
[16/09/2014 16:36:42] /m blastoise
[16/09/2014 16:36:42] /m blastoise
[16/09/2014 16:36:42] /m blastoise
[16/09/2014 16:36:42] /m blastoise
[16/09/2014 16:36:42] /m blastoise
[16/09/2014 16:36:42] /m blastoise
[16/09/2014 16:36:42] /m blastoise
[16/09/2014 16:36:42] /m blastoise
[16/09/2014 16:36:42] /m blastoise
[16/09/2014 16:36:42] /m blastoise
[16/09/2014 16:36:42] /m blastoise
[16/09/2014 16:36:42] /m blastoise
[16/09/2014 16:36:42] /m blastoise
[16/09/2014 16:36:42] /m blastoise
[16/09/2014 16:36:42] /m blastoise
[16/09/2014 16:36:42] /m blastoise
[16/09/2014 16:36:42] /m blastoise
[16/09/2014 16:36:42] /m blastoise
[16/09/2014 16:36:42] /m blastoise
[16/09/2014 16:36:42] /m blastoise
[16/09/2014 16:36:42] /m blastoise
[16/09/2014 16:36:42] /m blastoise
[16/09/2014 16:36:42] /m blastoise
[16/09/2014 16:36:42] /m blastoise
[16/09/2014 16:36:42] /m blastoise
[16/09/2014 16:36:42] /m blastoise
[16/09/2014 16:36:43] /m blastoise
[16/09/2014 16:36:43] /m blastoise
[16/09/2014 16:36:43] /m blastoise
[16/09/2014 16:36:43] /m blastoise
[16/09/2014 16:36:43] /m blastoise
[16/09/2014 16:36:43] /m blastoise
[16/09/2014 16:36:43] /m blastoise
[16/09/2014 16:36:43] /m blastoise
[16/09/2014 16:36:43] /m blastoise
[16/09/2014 16:36:43] /m blastoise
[16/09/2014 16:36:43] /m blastoise
[16/09/2014 16:36:43] /m blastoise
[16/09/2014 16:36:43] /m blastoise
[16/09/2014 16:36:43] /m blastoise
[16/09/2014 16:36:43] /m blastoise
[16/09/2014 16:36:43] /m blastoise
[16/09/2014 16:36:43] /m blastoise
[16/09/2014 16:36:43] /m blastoise
[16/09/2014 16:36:43] /m blastoise
[16/09/2014 16:36:43] /m blastoise
[16/09/2014 16:36:43] /m blastoise
[16/09/2014 16:36:43] /m blastoise
[16/09/2014 16:36:48] /m blastoise
[16/09/2014 16:36:49] /m blastoise
[16/09/2014 16:36:49] /m blastoise
[16/09/2014 16:36:49] /m blastoise
[16/09/2014 16:36:49] /m blastoise
[16/09/2014 16:36:49] /m blastoise
[16/09/2014 16:36:49] /m blastoise
[16/09/2014 16:36:49] /m blastoise
[16/09/2014 16:36:49] /m blastoise
[16/09/2014 16:36:49] /m blastoise
[16/09/2014 16:36:49] /m blastoise
[16/09/2014 16:36:49] /m blastoise
[16/09/2014 16:36:49] /m blastoise
[16/09/2014 16:36:49] /m blastoise
[16/09/2014 16:36:49] /m blastoise
[16/09/2014 16:36:49] /m blastoise
[16/09/2014 16:36:49] /m blastoise
[16/09/2014 16:36:49] /m blastoise
[16/09/2014 16:36:49] /m blastoise
[16/09/2014 16:36:49] /m blastoise
[16/09/2014 16:36:49] /m blastoise
[16/09/2014 16:36:49] /m blastoise
[16/09/2014 16:36:49] /m blastoise
[16/09/2014 16:36:49] /m blastoise
[16/09/2014 16:36:49] /m blastoise
[16/09/2014 16:36:50] /m blastoise
[16/09/2014 16:36:50] /m blastoise
[16/09/2014 16:36:50] /m blastoise
[16/09/2014 16:36:50] /m blastoise
[16/09/2014 16:36:50] /m blastoise
[16/09/2014 16:36:50] /m blastoise
[16/09/2014 16:36:50] /m blastoise
[16/09/2014 16:36:50] /m blastoise
[16/09/2014 16:36:50] /m blastoise
[16/09/2014 16:36:50] /m blastoise
[16/09/2014 16:36:50] /m blastoise
[16/09/2014 16:36:50] /m blastoise
[16/09/2014 16:36:51] /m blastoise
[16/09/2014 16:36:51] /m blastoise
[16/09/2014 16:36:51] /m blastoise
[16/09/2014 16:36:51] /m blastoise
[16/09/2014 16:36:51] /m blastoise
[16/09/2014 16:36:51] /m blastoise
[16/09/2014 16:36:51] /m blastoise
[16/09/2014 16:36:51] /m blastoise
[16/09/2014 16:36:51] /m blastoise
[16/09/2014 16:36:51] /m blastoise
[16/09/2014 16:36:51] /m blastoise
[16/09/2014 16:36:51] /m blastoise
[16/09/2014 16:36:51] /m blastoise
[16/09/2014 16:36:51] /m blastoise
[16/09/2014 16:36:51] /m blastoise
[16/09/2014 16:36:51] /m blastoise
[16/09/2014 16:36:52] /m blastoise
[16/09/2014 16:36:52] /m blastoise
[16/09/2014 16:36:52] /m blastoise
[16/09/2014 16:36:52] /m blastoise
[16/09/2014 16:36:52] /m blastoise
[16/09/2014 16:36:52] /m blastoise
[16/09/2014 16:36:52] /m blastoise
[16/09/2014 16:36:52] /m blastoise
[16/09/2014 16:36:52] /m blastoise
[16/09/2014 16:36:52] /m blastoise
[16/09/2014 16:36:52] /m blastoise
[16/09/2014 16:37:04] /m mega blastoise
[16/09/2014 16:37:12] /m mega blastoise
[16/09/2014 16:37:13] /m mega blastoise
[16/09/2014 16:37:18] /m blastoise
[16/09/2014 16:37:18] /m blastoise
[16/09/2014 16:37:19] /m blastoise
[16/09/2014 16:37:19] /m blastoise
[16/09/2014 16:37:19] /m blastoise
[16/09/2014 16:37:19] /m blastoise
[16/09/2014 16:37:19] /m blastoise
[16/09/2014 16:37:19] /m blastoise
[16/09/2014 16:37:19] /m blastoise
[16/09/2014 16:37:19] /m blastoise
[16/09/2014 16:37:19] /m blastoise
[16/09/2014 16:37:19] /m blastoise
[16/09/2014 16:37:19] /m blastoise
[16/09/2014 16:37:19] /m blastoise
[16/09/2014 16:37:19] /m blastoise
[16/09/2014 16:37:29] /b tem mega blastoise *-*
[16/09/2014 16:37:34] /m blastoise
[16/09/2014 16:37:34] /m blastoise
[16/09/2014 16:37:34] /m blastoise
[16/09/2014 16:37:34] /m blastoise
[16/09/2014 16:37:34] /m blastoise
[16/09/2014 16:37:34] /m blastoise
[16/09/2014 16:37:34] /m blastoise
[16/09/2014 16:37:34] /m blastoise
[16/09/2014 16:37:34] /m blastoise
[16/09/2014 16:37:34] /m blastoise
[16/09/2014 16:37:34] /m blastoise
[16/09/2014 16:37:34] /m blastoise
[16/09/2014 16:37:35] /m blastoise
[16/09/2014 16:37:35] /m blastoise
[16/09/2014 16:37:35] /m blastoise
[16/09/2014 16:37:35] /m blastoise
[16/09/2014 16:37:35] /m blastoise
[16/09/2014 16:37:35] /m blastoise
[16/09/2014 16:37:35] /m blastoise
[16/09/2014 16:37:35] /m blastoise
[16/09/2014 16:37:35] /m blastoise
[16/09/2014 16:37:35] /m blastoise
[16/09/2014 16:37:35] /m blastoise
[16/09/2014 16:37:35] /m blastoise
[16/09/2014 16:37:35] /m blastoise
[16/09/2014 16:37:35] /m blastoise
[16/09/2014 16:37:35] /m blastoise
[16/09/2014 16:37:41] /m mega blastoise
[16/09/2014 16:37:43] /m mega blastoise
[16/09/2014 16:37:45] /m mega blastoise
[16/09/2014 16:37:46] /m mega blastoise
[16/09/2014 16:37:48] /m mega blastoise
[16/09/2014 16:37:48] /m blastoise
[16/09/2014 16:37:49] /m blastoise
[16/09/2014 16:37:49] /m blastoise
[16/09/2014 16:37:49] /m blastoise
[16/09/2014 16:37:49] /m blastoise
[16/09/2014 16:37:49] /m blastoise
[16/09/2014 16:37:49] /m blastoise
[16/09/2014 16:37:49] /m blastoise
[16/09/2014 16:37:49] /m blastoise
[16/09/2014 16:37:49] /m blastoise
[16/09/2014 16:37:49] /m blastoise
[16/09/2014 16:37:49] /m blastoise
[16/09/2014 16:37:49] /m blastoise
[16/09/2014 16:37:50] /m blastoise
[16/09/2014 16:37:50] /m blastoise
[16/09/2014 16:37:50] /m blastoise
[16/09/2014 16:37:50] /m blastoise
[16/09/2014 16:37:50] /m blastoise
[16/09/2014 16:37:50] /m blastoise
[16/09/2014 16:37:50] /m blastoise
[16/09/2014 16:37:50] /m blastoise
[16/09/2014 16:37:50] /m blastoise
[16/09/2014 16:37:50] /m blastoise
[16/09/2014 16:37:50] /m blastoise
[16/09/2014 16:37:50] /m blastoise
[16/09/2014 16:37:50] /m blastoise
[16/09/2014 16:37:50] /m blastoise
[16/09/2014 16:37:50] /m blastoise
[16/09/2014 16:37:50] /m blastoise
[16/09/2014 16:37:50] /m blastoise
[16/09/2014 16:37:50] /m blastoise
[16/09/2014 16:37:50] /m blastoise
[16/09/2014 16:37:50] /m blastoise
[16/09/2014 16:37:50] /m blastoise
[16/09/2014 16:37:50] /m blastoise
[16/09/2014 16:37:50] /m blastoise
[16/09/2014 16:37:50] /m blastoise
[16/09/2014 16:37:50] /m blastoise
[16/09/2014 16:37:50] /m blastoise
[16/09/2014 16:37:51] /m blastoise
[16/09/2014 16:37:51] /m blastoise
[16/09/2014 16:37:53] /m blastoise
[16/09/2014 16:37:53] /m blastoise
[16/09/2014 16:37:53] /m blastoise
[16/09/2014 16:37:58] /m blastoise
[16/09/2014 16:37:58] /m blastoise
[16/09/2014 16:37:59] /m blastoise
[16/09/2014 16:37:59] /m blastoise
[16/09/2014 16:37:59] /m blastoise
[16/09/2014 16:37:59] /m blastoise
[16/09/2014 16:37:59] /m blastoise
[16/09/2014 16:37:59] /m blastoise
[16/09/2014 16:37:59] /m blastoise
[16/09/2014 16:37:59] /m blastoise
[16/09/2014 16:37:59] /m blastoise
[16/09/2014 16:37:59] /m blastoise
[16/09/2014 16:37:59] /m blastoise
[16/09/2014 16:37:59] /m blastoise
[16/09/2014 16:37:59] /m blastoise
[16/09/2014 16:37:59] /m blastoise
[16/09/2014 16:38:03] /m blastoise
[16/09/2014 16:38:03] /m blastoise
[16/09/2014 16:38:03] /m blastoise
[16/09/2014 16:38:03] /m blastoise
[16/09/2014 16:38:03] /m blastoise
[16/09/2014 16:38:03] /m blastoise
[16/09/2014 16:38:03] /m blastoise
[16/09/2014 16:38:03] /m blastoise
[16/09/2014 16:38:03] /m blastoise
[16/09/2014 16:38:03] /m blastoise
[16/09/2014 16:38:04] /m blastoise
[16/09/2014 16:38:04] /m blastoise
[16/09/2014 16:38:04] /m blastoise
[16/09/2014 16:38:04] /m blastoise
[16/09/2014 16:38:04] /m blastoise
[16/09/2014 16:38:04] /m blastoise
[16/09/2014 16:38:04] /m blastoise
[16/09/2014 16:38:04] /m blastoise
[16/09/2014 16:38:04] /m blastoise
[16/09/2014 16:38:04] /m blastoise
[16/09/2014 16:38:04] /m blastoise
[16/09/2014 16:38:04] /m blastoise
[16/09/2014 16:38:04] /m blastoise
[16/09/2014 16:38:04] /m blastoise
[16/09/2014 16:38:04] /m blastoise
[16/09/2014 16:38:04] /m blastoise
[16/09/2014 16:38:04] /m blastoise
[16/09/2014 16:38:04] /m blastoise
[16/09/2014 16:38:04] /m blastoise
[16/09/2014 16:38:04] /m blastoise
[16/09/2014 16:38:04] /m blastoise
[16/09/2014 16:38:05] /m blastoise
[16/09/2014 16:38:05] /m blastoise
[16/09/2014 16:38:05] /m blastoise
[16/09/2014 16:38:05] /m blastoise
[16/09/2014 16:38:05] /m blastoise
[16/09/2014 16:38:06] /m blastoise
[16/09/2014 16:38:09] /m mega blastoise
[16/09/2014 16:38:11] /m mega blastoise
[16/09/2014 16:38:13] /m mega blastoise
[16/09/2014 16:38:18] /m blastoise
[16/09/2014 16:38:19] /m blastoise
[16/09/2014 16:38:19] /m blastoise
[16/09/2014 16:38:19] /m blastoise
[16/09/2014 16:38:19] /m blastoise
[16/09/2014 16:38:19] /m blastoise
[16/09/2014 16:38:19] /m blastoise
[16/09/2014 16:38:19] /m blastoise
[16/09/2014 16:38:19] /m blastoise
[16/09/2014 16:38:19] /m blastoise
[16/09/2014 16:38:19] /m blastoise
[16/09/2014 16:38:19] /m blastoise
[16/09/2014 16:38:19] /m blastoise
[16/09/2014 16:38:19] /m blastoise
[16/09/2014 16:38:19] /m blastoise
[16/09/2014 16:38:19] /m blastoise
[16/09/2014 16:38:19] /m blastoise
[16/09/2014 16:38:20] /m blastoise
[16/09/2014 16:38:20] /m blastoise
[16/09/2014 16:38:20] /m blastoise
[16/09/2014 16:38:38] /m blastoise
[16/09/2014 16:38:38] /m blastoise
[16/09/2014 16:38:38] /m blastoise
[16/09/2014 16:38:38] /m blastoise
[16/09/2014 16:38:38] /m blastoise
[16/09/2014 16:38:39] /m blastoise
[16/09/2014 16:38:39] /m blastoise
[16/09/2014 16:38:39] /m blastoise
[16/09/2014 16:38:40] /m blastoise
[16/09/2014 16:38:40] /m blastoise
[16/09/2014 16:38:49] /m blastoise
[16/09/2014 16:38:50] /m blastoise
[16/09/2014 16:38:51] /m blastoise
[16/09/2014 16:38:51] /m blastoise
[16/09/2014 16:38:51] /m blastoise
[16/09/2014 16:38:51] /m blastoise
[16/09/2014 16:38:51] /m blastoise
[16/09/2014 16:38:51] /m blastoise
[16/09/2014 16:38:51] /m blastoise
[16/09/2014 16:38:51] /m blastoise
[16/09/2014 16:38:51] /m blastoise
[16/09/2014 16:38:51] /m blastoise
[16/09/2014 16:38:51] /m blastoise
[16/09/2014 16:38:51] /m blastoise
[16/09/2014 16:38:51] /m blastoise
[16/09/2014 16:38:54] /m blastoise
[16/09/2014 16:38:54] /m blastoise
[16/09/2014 16:38:54] /m blastoise
[16/09/2014 16:38:54] /m blastoise
[16/09/2014 16:38:54] /m blastoise
[16/09/2014 16:38:54] /m blastoise
[16/09/2014 16:38:54] /m blastoise
[16/09/2014 16:38:54] /m blastoise
[16/09/2014 16:38:54] /m blastoise
[16/09/2014 16:38:54] /m blastoise
[16/09/2014 16:38:54] /m blastoise
[16/09/2014 16:38:54] /m blastoise
[16/09/2014 16:38:54] /m blastoise
[16/09/2014 16:38:54] /m blastoise
[16/09/2014 16:38:54] /m blastoise
[16/09/2014 16:38:54] /m blastoise
[16/09/2014 16:38:54] /m blastoise
[16/09/2014 16:38:54] /m blastoise
[16/09/2014 16:38:54] /m blastoise
[16/09/2014 16:38:55] /m blastoise
[16/09/2014 16:38:56] /m blastoise
[16/09/2014 16:38:56] /m blastoise
[16/09/2014 16:38:56] /m blastoise
[16/09/2014 16:38:57] /m blastoise
[16/09/2014 16:38:57] /m blastoise
[16/09/2014 16:38:57] /m blastoise
[16/09/2014 16:38:57] /m blastoise
[16/09/2014 16:38:57] /m blastoise
[16/09/2014 16:38:59] /m blastoise
[16/09/2014 16:38:59] /m blastoise
[16/09/2014 16:38:59] /m blastoise
[16/09/2014 16:38:59] /m blastoise
[16/09/2014 16:38:59] /m blastoise
[16/09/2014 16:38:59] /m blastoise
[16/09/2014 16:38:59] /m blastoise
[16/09/2014 16:39:01] /m mega blastoise
[16/09/2014 16:39:01] /m mega blastoise
[16/09/2014 16:39:01] /m mega blastoise
[16/09/2014 16:39:02] /m mega blastoise
[16/09/2014 16:39:04] /m mega blastoise
[16/09/2014 16:39:05] /m mega blastoise]
[16/09/2014 16:39:06] /m mega blastoise]
[16/09/2014 16:39:07] /m mega blastoise]
[16/09/2014 16:39:09] /m mega blastoise
[16/09/2014 16:39:09] /m mega blastoise
[16/09/2014 16:39:10] /m mega blastoise
[16/09/2014 16:39:10] /m mega blastoise
[16/09/2014 16:39:11] /m mega blastoise
[16/09/2014 16:39:12] /m mega blastoise
[16/09/2014 16:39:12] /m mega blastoise
[16/09/2014 16:39:13] /m mega blastoise
[16/09/2014 16:39:23] /m mega charizard x
[16/09/2014 16:39:24] /m mega charizard x
[16/09/2014 16:39:25] /m mega charizard x
[16/09/2014 16:39:25] /m mega charizard x
[16/09/2014 16:39:26] /m mega charizard x
[16/09/2014 16:39:27] /m mega charizard x
[16/09/2014 16:39:27] /m mega charizard x
[16/09/2014 16:39:28] /m mega charizard x
[16/09/2014 16:39:31] /m mega charizard y
[16/09/2014 16:39:33] /m mega charizard y
[16/09/2014 16:39:34] /m mega charizard y
[16/09/2014 16:39:34] /m blastoise
[16/09/2014 16:39:34] /m mega charizard y
[16/09/2014 16:39:35] /m blastoise
[16/09/2014 16:39:35] /m blastoise
[16/09/2014 16:39:35] /m blastoise
[16/09/2014 16:39:35] /m blastoise
[16/09/2014 16:39:35] /m mega charizard y
[16/09/2014 16:39:35] /m blastoise
[16/09/2014 16:39:35] /m blastoise
[16/09/2014 16:39:35] /m blastoise
[16/09/2014 16:39:35] /m blastoise
[16/09/2014 16:39:35] /m blastoise
[16/09/2014 16:39:35] /m blastoise
[16/09/2014 16:39:35] /m blastoise
[16/09/2014 16:39:35] /m blastoise
[16/09/2014 16:39:35] /m blastoise
[16/09/2014 16:39:36] /m blastoise
[16/09/2014 16:39:36] /m blastoise
[16/09/2014 16:39:36] /m blastoise
[16/09/2014 16:39:36] /m blastoise
[16/09/2014 16:39:37] /m blastoise
[16/09/2014 16:39:37] /m blastoise
[16/09/2014 16:39:37] /m blastoise
[16/09/2014 16:39:37] /m blastoise
[16/09/2014 16:39:38] /m blastoise
[16/09/2014 16:39:38] /m blastoise
[16/09/2014 16:39:38] /m blastoise
[16/09/2014 16:39:38] /m blastoise
[16/09/2014 16:39:38] /m blastoise
[16/09/2014 16:39:38] /m blastoise
[16/09/2014 16:39:39] /m blastoise
[16/09/2014 16:39:39] /m blastoise
[16/09/2014 16:39:39] /m blastoise
[16/09/2014 16:39:39] /m blastoise
[16/09/2014 16:39:39] /m blastoise
[16/09/2014 16:39:52] /m mega charizard y
[16/09/2014 16:39:54] /m mega charizard y
[16/09/2014 16:39:55] /m mega charizard y
[16/09/2014 16:39:56] /m mega charizard y
[16/09/2014 16:39:58] /m mega charizard y
[16/09/2014 16:39:58] /m mega charizard y
[16/09/2014 16:39:59] /m mega charizard y
[16/09/2014 16:40:01] /m mega charizard y
[16/09/2014 16:40:02] /m mega charizard y
[16/09/2014 16:40:02] /m blastoise
[16/09/2014 16:40:02] /m blastoise
[16/09/2014 16:40:02] /m blastoise
[16/09/2014 16:40:02] /m blastoise
[16/09/2014 16:40:02] /m blastoise
[16/09/2014 16:40:02] /m blastoise
[16/09/2014 16:40:03] /m blastoise
[16/09/2014 16:40:03] /m blastoise
[16/09/2014 16:40:03] /m blastoise
[16/09/2014 16:40:03] /m blastoise
[16/09/2014 16:40:03] /m blastoise
[16/09/2014 16:40:03] /m blastoise
[16/09/2014 16:40:03] /m blastoise
[16/09/2014 16:40:03] /m blastoise
[16/09/2014 16:40:03] /m blastoise
[16/09/2014 16:40:03] /m blastoise
[16/09/2014 16:40:03] /m blastoise
[16/09/2014 16:40:03] /m blastoise
[16/09/2014 16:40:03] /m blastoise
[16/09/2014 16:40:03] /m blastoise
[16/09/2014 16:40:03] /m blastoise
[16/09/2014 16:40:03] /m blastoise
[16/09/2014 16:40:03] /m blastoise
[16/09/2014 16:40:03] /m blastoise
[16/09/2014 16:40:03] /m blastoise
[16/09/2014 16:40:03] /m blastoise
[16/09/2014 16:40:03] /m blastoise
[16/09/2014 16:40:03] /m blastoise
[16/09/2014 16:40:03] /m blastoise
[16/09/2014 16:40:03] /m blastoise
[16/09/2014 16:40:03] /m blastoise
[16/09/2014 16:40:03] /m blastoise
[16/09/2014 16:40:03] /m blastoise
[16/09/2014 16:40:04] /m blastoise
[16/09/2014 16:40:04] /m blastoise
[16/09/2014 16:40:04] /m blastoise
[16/09/2014 16:40:04] /m blastoise
[16/09/2014 16:40:04] /m blastoise
[16/09/2014 16:40:04] /m blastoise
[16/09/2014 16:40:15] /m blastoise
[16/09/2014 16:40:15] /m blastoise
[16/09/2014 16:40:15] /m blastoise
[16/09/2014 16:40:15] /m blastoise
[16/09/2014 16:40:16] /m blastoise
[16/09/2014 16:40:16] /m blastoise
[16/09/2014 16:40:16] /m blastoise
[16/09/2014 16:40:16] /m blastoise
[16/09/2014 16:40:16] /m blastoise
[16/09/2014 16:40:17] /m blastoise
[16/09/2014 16:40:17] /m blastoise
[16/09/2014 16:40:17] /m blastoise
[16/09/2014 16:40:17] /m blastoise
[16/09/2014 16:40:18] /m blastoise
[16/09/2014 16:40:18] /m blastoise
[16/09/2014 16:40:18] /m blastoise
[16/09/2014 16:40:18] /m blastoise
[16/09/2014 16:40:18] /m blastoise
[16/09/2014 16:40:19] /m blastoise
[16/09/2014 16:40:19] /m blastoise
[16/09/2014 16:40:19] /m blastoise
[16/09/2014 16:40:20] /m blastoise
[16/09/2014 16:40:20] /m blastoise
[16/09/2014 16:40:20] /m blastoise
[16/09/2014 16:40:20] /m blastoise
[16/09/2014 16:40:20] /m blastoise
[16/09/2014 16:40:21] /m blastoise
[16/09/2014 16:40:21] /m blastoise
[16/09/2014 16:40:21] /m blastoise
[16/09/2014 16:40:21] /m blastoise
[16/09/2014 16:40:22] /m blastoise
[16/09/2014 16:40:22] /m blastoise
[16/09/2014 16:40:22] /m blastoise
[16/09/2014 16:40:22] /m blastoise
[16/09/2014 16:40:23] /m blastoise
[16/09/2014 16:40:23] /m blastoise
[16/09/2014 16:40:23] /m blastoise
[16/09/2014 16:40:23] /m blastoise
[16/09/2014 16:40:23] /m blastoise
[16/09/2014 16:40:49] /m blastoise
[16/09/2014 16:40:50] /m blastoise
[16/09/2014 16:40:50] /m blastoise
[16/09/2014 16:40:50] /m blastoise
[16/09/2014 16:40:50] /m blastoise
[16/09/2014 16:40:50] /m blastoise
[16/09/2014 16:40:51] /m blastoise
[16/09/2014 16:40:51] /m blastoise
[16/09/2014 16:40:51] /m blastoise
[16/09/2014 16:40:52] /m blastoise
[16/09/2014 16:40:52] /m blastoise
[16/09/2014 16:40:52] /m blastoise
[16/09/2014 16:40:52] /m blastoise
[16/09/2014 16:40:53] /m blastoise
[16/09/2014 16:40:54] /m blastoise
[16/09/2014 16:40:54] /m blastoise
[16/09/2014 16:40:54] /m blastoise
[16/09/2014 16:40:54] /m blastoise
[16/09/2014 16:40:54] /m blastoise
[16/09/2014 16:40:54] /m blastoise
[16/09/2014 16:40:54] /m blastoise
[16/09/2014 16:40:55] /m blastoise
[16/09/2014 16:40:55] /m blastoise
[16/09/2014 16:40:55] /m blastoise
[16/09/2014 16:40:55] /m blastoise
[16/09/2014 16:40:55] /m blastoise
[16/09/2014 16:40:55] /m blastoise
[16/09/2014 16:40:55] /m blastoise
[16/09/2014 16:40:55] /m blastoise
[16/09/2014 16:40:55] /m blastoise
[16/09/2014 16:40:55] /m blastoise
[16/09/2014 16:40:55] /m blastoise
[16/09/2014 16:40:55] /m blastoise
[16/09/2014 16:40:55] /m blastoise
[16/09/2014 16:40:55] /m blastoise
[16/09/2014 16:40:55] /m blastoise
[16/09/2014 16:40:55] /m blastoise
[16/09/2014 16:40:55] /m blastoise
[16/09/2014 16:40:55] /m blastoise
[16/09/2014 16:40:55] /m blastoise
[16/09/2014 16:40:55] /m blastoise
[16/09/2014 16:40:55] /m blastoise
[16/09/2014 16:40:55] /m blastoise
[16/09/2014 16:40:55] /m blastoise
[16/09/2014 16:40:55] /m blastoise
[16/09/2014 16:40:55] /m blastoise
[16/09/2014 16:40:55] /m blastoise
[16/09/2014 16:40:55] /m blastoise
[16/09/2014 16:40:55] /m blastoise
[16/09/2014 16:40:56] /m blastoise
[16/09/2014 16:40:56] /m blastoise
[16/09/2014 16:40:56] /m blastoise
[16/09/2014 16:40:56] /m blastoise
[16/09/2014 16:40:56] /m blastoise
[16/09/2014 16:40:56] /m blastoise
[16/09/2014 16:40:56] /m blastoise
[16/09/2014 16:40:56] /m blastoise
[16/09/2014 16:40:56] /m blastoise
[16/09/2014 16:40:56] /m blastoise
[16/09/2014 16:40:56] /m blastoise
[16/09/2014 16:40:56] /m blastoise
[16/09/2014 16:40:56] /m blastoise
[16/09/2014 16:40:56] /m blastoise
[16/09/2014 16:40:56] /m blastoise
[16/09/2014 16:40:56] /m blastoise
[16/09/2014 16:40:56] /m blastoise
[16/09/2014 16:40:56] /m blastoise
[16/09/2014 16:40:56] /m blastoise
[16/09/2014 16:40:56] /m blastoise
[16/09/2014 16:40:56] /m blastoise
[16/09/2014 16:40:56] /m blastoise
[16/09/2014 16:40:56] /m blastoise
[16/09/2014 16:40:57] /m blastoise
[16/09/2014 16:40:57] /m blastoise
[16/09/2014 16:40:57] /m blastoise
[16/09/2014 16:40:57] /m blastoise
[16/09/2014 16:40:57] /m blastoise
[16/09/2014 16:40:57] /m blastoise
[16/09/2014 16:40:57] /m blastoise
[16/09/2014 16:40:57] /m blastoise
[16/09/2014 16:40:57] /m blastoise
[16/09/2014 16:40:57] /m blastoise
[16/09/2014 16:40:57] /m blastoise
[16/09/2014 16:40:57] /m blastoise
[16/09/2014 16:40:57] /m blastoise
[16/09/2014 16:40:57] /m blastoise
[16/09/2014 16:40:57] /m blastoise
[16/09/2014 16:40:57] /m blastoise
[16/09/2014 16:40:57] /m blastoise
[16/09/2014 16:40:57] /m blastoise
[16/09/2014 16:40:57] /m blastoise
[16/09/2014 16:40:57] /m blastoise
[16/09/2014 16:40:57] /m blastoise
[16/09/2014 16:40:57] /m blastoise
[16/09/2014 16:40:57] /m blastoise
[16/09/2014 16:40:57] /m blastoise
[16/09/2014 16:40:57] /m blastoise
[16/09/2014 16:40:57] /m blastoise
[16/09/2014 16:40:57] /m blastoise
[16/09/2014 16:40:57] /m blastoise
[16/09/2014 16:40:57] /m blastoise
[16/09/2014 16:40:57] /m blastoise
[16/09/2014 16:40:57] /m blastoise
[16/09/2014 16:40:57] /m blastoise
[16/09/2014 16:40:58] /m blastoise
[16/09/2014 16:40:58] /m blastoise
[16/09/2014 16:40:58] /m blastoise
[16/09/2014 16:40:58] /m blastoise
[16/09/2014 16:40:58] /m blastoise
[16/09/2014 16:40:58] /m blastoise
[16/09/2014 16:40:58] /m blastoise
[16/09/2014 16:40:58] /m blastoise
[16/09/2014 16:40:58] /m blastoise
[16/09/2014 16:40:58] /m blastoise
[16/09/2014 16:40:58] /m blastoise
[16/09/2014 16:40:58] /m blastoise
[16/09/2014 16:40:58] /m blastoise
[16/09/2014 16:40:59] /m blastoise
[16/09/2014 16:40:59] /m blastoise
[16/09/2014 16:40:59] /m blastoise
[16/09/2014 16:40:59] /m blastoise
[16/09/2014 16:40:59] /m blastoise
[16/09/2014 16:40:59] /m blastoise
[16/09/2014 16:40:59] /m blastoise
[16/09/2014 16:40:59] /m blastoise
[16/09/2014 16:40:59] /m blastoise
[16/09/2014 16:40:59] /m blastoise
[16/09/2014 16:40:59] /m blastoise
[16/09/2014 16:40:59] /m blastoise
[16/09/2014 16:40:59] /m blastoise
[16/09/2014 16:40:59] /m blastoise
[16/09/2014 16:40:59] /m blastoise
[16/09/2014 16:40:59] /m blastoise
[16/09/2014 16:41:01] /m blastoise
[16/09/2014 16:41:01] /m blastoise
[16/09/2014 16:41:01] /m blastoise
[16/09/2014 16:41:01] /m blastoise
[16/09/2014 16:41:01] /m blastoise
[16/09/2014 16:41:01] /m blastoise
[16/09/2014 16:41:01] /m blastoise
[16/09/2014 16:41:01] /m blastoise
[16/09/2014 16:41:01] /m blastoise
[16/09/2014 16:41:01] /m blastoise
[16/09/2014 16:41:01] /m blastoise
[16/09/2014 16:41:01] /m blastoise
[16/09/2014 16:41:01] /m blastoise
[16/09/2014 16:41:01] /m blastoise
[16/09/2014 16:41:01] /m blastoise
[16/09/2014 16:41:01] /m blastoise
[16/09/2014 16:41:02] /m blastoise
[16/09/2014 16:41:02] /m blastoise
[16/09/2014 16:41:02] /m blastoise
[16/09/2014 16:41:02] /m blastoise
[16/09/2014 16:41:02] /m blastoise
[16/09/2014 16:41:02] /m blastoise
[16/09/2014 16:41:02] /m blastoise
[16/09/2014 16:41:02] /m blastoise
[16/09/2014 16:41:02] /m blastoise
[16/09/2014 16:41:02] /m blastoise
[16/09/2014 16:41:02] /m blastoise
[16/09/2014 16:41:02] /m blastoise
[16/09/2014 16:41:02] /m blastoise
[16/09/2014 16:41:02] /m blastoise
[16/09/2014 16:41:02] /m blastoise
[16/09/2014 16:41:02] /m blastoise
[16/09/2014 16:41:02] /m blastoise
[16/09/2014 16:41:02] /m blastoise
[16/09/2014 16:41:02] /m blastoise
[16/09/2014 16:41:02] /m blastoise
[16/09/2014 16:41:02] /m blastoise
[16/09/2014 16:41:02] /m blastoise
[16/09/2014 16:41:05] /m mega charizard y
[16/09/2014 16:41:06] /m mega charizard y
[16/09/2014 16:41:06] /m mega charizard y
[16/09/2014 16:41:07] /m mega charizard y
[16/09/2014 16:41:08] /m mega charizard y
[16/09/2014 16:41:08] /m mega charizard y
[16/09/2014 16:41:10] /m blastoise
[16/09/2014 16:41:11] /m mega charizard y
[16/09/2014 16:41:13] /m mega charizard y
[16/09/2014 16:41:18] /m mega charizard y
[16/09/2014 16:41:23] /m mega charizard x
[16/09/2014 16:41:24] /m mega charizard x
[16/09/2014 16:41:25] /m mega charizard y
[16/09/2014 16:41:36] /m blastoise
[16/09/2014 16:41:36] /m blastoise
[16/09/2014 16:41:36] /m blastoise
[16/09/2014 16:41:36] /m blastoise
[16/09/2014 16:41:36] /m blastoise
[16/09/2014 16:41:37] /m blastoise
[16/09/2014 16:41:37] /m blastoise
[16/09/2014 16:41:37] /m blastoise
[16/09/2014 16:41:37] /m blastoise
[16/09/2014 16:41:38] /m blastoise
[16/09/2014 16:41:38] /m blastoise
[16/09/2014 16:41:38] /m blastoise
[16/09/2014 16:41:38] /m blastoise
[16/09/2014 16:41:38] /m blastoise
[16/09/2014 16:41:39] /m blastoise
[16/09/2014 16:41:39] /m blastoise
[16/09/2014 16:41:39] /m blastoise
[16/09/2014 16:41:39] /m blastoise
[16/09/2014 16:41:40] /m blastoise
[16/09/2014 16:41:40] /m blastoise
[16/09/2014 16:41:40] /m blastoise
[16/09/2014 16:41:40] /m blastoise
[16/09/2014 16:41:41] /m blastoise
[16/09/2014 16:41:41] /m blastoise
[16/09/2014 16:41:41] /m blastoise
[16/09/2014 16:41:42] /m blastoise
[16/09/2014 16:41:42] /m blastoise
[16/09/2014 16:41:42] /m blastoise
[16/09/2014 16:41:42] /m blastoise
[16/09/2014 16:41:42] /m blastoise
[16/09/2014 16:41:43] /m blastoise
[16/09/2014 16:41:43] /m blastoise
[16/09/2014 16:41:43] /m blastoise
[16/09/2014 16:41:43] /m blastoise
[16/09/2014 16:41:44] /m blastoise
[16/09/2014 16:41:46] /m blastoise
[16/09/2014 16:41:46] /m blastoise
[16/09/2014 16:41:47] /m blastoise
[16/09/2014 16:41:47] /m blastoise
[16/09/2014 16:41:47] /m blastoise
[16/09/2014 16:41:47] /m blastoise
[16/09/2014 16:41:48] /m blastoise
[16/09/2014 16:41:48] /m blastoise
[16/09/2014 16:41:48] /m blastoise
[16/09/2014 16:41:48] /m blastoise
[16/09/2014 16:41:48] /m blastoise
[16/09/2014 16:41:49] /m blastoise
[16/09/2014 16:41:49] /m blastoise
[16/09/2014 16:41:49] /m blastoise
[16/09/2014 16:41:50] /m blastoise
[16/09/2014 16:41:50] /m blastoise
[16/09/2014 16:41:50] /m blastoise
[16/09/2014 16:41:50] /m blastoise
[16/09/2014 16:41:51] /m blastoise
[16/09/2014 16:41:51] /m blastoise
[16/09/2014 16:41:51] /m blastoise
[16/09/2014 16:41:51] /m blastoise
[16/09/2014 16:41:52] /m blastoise
[16/09/2014 16:41:52] /m blastoise
[16/09/2014 16:41:52] /m blastoise
[16/09/2014 16:41:53] /m blastoise
[16/09/2014 16:41:53] /m blastoise
[16/09/2014 16:41:53] /m blastoise
[16/09/2014 16:41:53] /m blastoise
[16/09/2014 16:41:53] /m blastoise
[16/09/2014 16:41:54] /m blastoise
[16/09/2014 16:41:54] /m blastoise
[16/09/2014 16:41:54] /m blastoise
[16/09/2014 16:41:55] /m blastoise
[16/09/2014 16:41:55] /m blastoise
[16/09/2014 16:41:55] /m blastoise
[16/09/2014 16:41:55] /m blastoise
[16/09/2014 16:41:56] /m blastoise
[16/09/2014 16:41:56] /m blastoise
[16/09/2014 16:41:56] /m blastoise
[16/09/2014 16:41:56] /m blastoise
[16/09/2014 16:41:57] /m blastoise
[16/09/2014 16:41:57] /m blastoise
[16/09/2014 16:41:57] /m blastoise
[16/09/2014 16:41:58] /m blastoise
[16/09/2014 16:41:58] /m blastoise
[16/09/2014 16:41:58] /m blastoise
[16/09/2014 16:41:59] /m blastoise
[16/09/2014 16:41:59] /m blastoise
[16/09/2014 16:41:59] /m blastoise
[16/09/2014 16:41:59] /m blastoise
[16/09/2014 16:41:59] /m blastoise
[16/09/2014 16:42:00] /m blastoise
[16/09/2014 16:42:00] /m blastoise
[16/09/2014 16:42:00] /m blastoise
[16/09/2014 16:42:00] /m blastoise
[16/09/2014 16:42:01] /m blastoise
[16/09/2014 16:42:01] /m blastoise
[16/09/2014 16:42:01] /m blastoise
[16/09/2014 16:42:09] /m mega charizard y
[16/09/2014 16:42:10] /m mega charizard y
[16/09/2014 16:42:12] /m mega charizard y
[16/09/2014 16:42:13] /m mega charizard y
[16/09/2014 16:42:15] /m mega charizard y
[16/09/2014 16:42:17] /m mega charizard y
[16/09/2014 16:42:22] /m mega charizard y
[16/09/2014 16:42:22] /m blastoise
[16/09/2014 16:42:23] /m blastoise
[16/09/2014 16:42:23] /m blastoise
[16/09/2014 16:42:23] /m blastoise
[16/09/2014 16:42:23] /m blastoise
[16/09/2014 16:42:23] /m blastoise
[16/09/2014 16:42:23] /m blastoise
[16/09/2014 16:42:23] /m blastoise
[16/09/2014 16:42:23] /m blastoise
[16/09/2014 16:42:23] /m blastoise
[16/09/2014 16:42:23] /m blastoise
[16/09/2014 16:42:23] /m blastoise
[16/09/2014 16:42:23] /m blastoise
[16/09/2014 16:42:23] /m blastoise
[16/09/2014 16:42:23] /m blastoise
[16/09/2014 16:42:23] /m blastoise
[16/09/2014 16:42:23] /m blastoise
[16/09/2014 16:42:23] /m blastoise
[16/09/2014 16:42:23] /m blastoise
[16/09/2014 16:42:24] /m blastoise
[16/09/2014 16:42:24] /m blastoise
[16/09/2014 16:42:24] /m blastoise
[16/09/2014 16:42:24] /m blastoise
[16/09/2014 16:42:24] /m blastoise
[16/09/2014 16:42:24] /m blastoise
[16/09/2014 16:42:24] /m blastoise
[16/09/2014 16:42:24] /m blastoise
[16/09/2014 16:42:24] /m blastoise
[16/09/2014 16:42:24] /m blastoise
[16/09/2014 16:42:24] /m blastoise
[16/09/2014 16:42:24] /m blastoise
[16/09/2014 16:42:24] /m blastoise
[16/09/2014 16:42:24] /m blastoise
[16/09/2014 16:42:24] /m blastoise
[16/09/2014 16:42:24] /m blastoise
[16/09/2014 16:42:24] /m blastoise
[16/09/2014 16:42:24] /m blastoise
[16/09/2014 16:42:24] /m blastoise
[16/09/2014 16:42:24] /m blastoise
[16/09/2014 16:42:24] /m blastoise
[16/09/2014 16:42:24] /m blastoise
[16/09/2014 16:42:24] /m blastoise
[16/09/2014 16:42:24] /m blastoise
[16/09/2014 16:42:24] /m blastoise
[16/09/2014 16:42:24] /m blastoise
[16/09/2014 16:42:24] /m blastoise
[16/09/2014 16:42:24] /m blastoise
[16/09/2014 16:42:25] /m blastoise
[16/09/2014 16:42:25] /m blastoise
[16/09/2014 16:42:25] /m blastoise
[16/09/2014 16:42:25] /m blastoise
[16/09/2014 16:42:25] /m blastoise
[16/09/2014 16:42:25] /m blastoise
[16/09/2014 16:42:25] /m blastoise
[16/09/2014 16:42:25] /m blastoise
[16/09/2014 16:42:25] /m blastoise
[16/09/2014 16:42:25] /m blastoise
[16/09/2014 16:42:25] /m blastoise
[16/09/2014 16:42:25] /m blastoise
[16/09/2014 16:42:25] /m blastoise
[16/09/2014 16:42:25] /m blastoise
[16/09/2014 16:42:25] /m blastoise
[16/09/2014 16:42:25] /m blastoise
[16/09/2014 16:42:25] /m blastoise
[16/09/2014 16:42:25] /m blastoise
[16/09/2014 16:42:25] /m blastoise
[16/09/2014 16:42:25] /m blastoise
[16/09/2014 16:42:25] /m blastoise
[16/09/2014 16:42:25] /m blastoise
[16/09/2014 16:42:25] /m blastoise
[16/09/2014 16:42:25] /m blastoise
[16/09/2014 16:42:25] /m blastoise
[16/09/2014 16:42:25] /m blastoise
[16/09/2014 16:42:25] /m blastoise
[16/09/2014 16:42:25] /m blastoise
[16/09/2014 16:42:26] /m blastoise
[16/09/2014 16:42:26] /m blastoise
[16/09/2014 16:42:27] /m blastoise
[16/09/2014 16:42:27] /m blastoise
[16/09/2014 16:42:27] /m blastoise
[16/09/2014 16:42:27] /m blastoise
[16/09/2014 16:42:27] /m blastoise
[16/09/2014 16:42:27] /m blastoise
[16/09/2014 16:42:27] /m blastoise
[16/09/2014 16:42:27] /m blastoise
[16/09/2014 16:42:27] /m blastoise
[16/09/2014 16:42:27] /m blastoise
[16/09/2014 16:42:27] /m blastoise
[16/09/2014 16:42:27] /m blastoise
[16/09/2014 16:42:27] /m blastoise
[16/09/2014 16:42:27] /m blastoise
[16/09/2014 16:42:27] /m blastoise
[16/09/2014 16:42:27] /m blastoise
[16/09/2014 16:42:27] /m blastoise
[16/09/2014 16:42:27] /m blastoise
[16/09/2014 16:42:27] /m blastoise
[16/09/2014 16:42:27] /m blastoise
[16/09/2014 16:42:27] /m blastoise
[16/09/2014 16:42:27] /m blastoise
[16/09/2014 16:42:27] /m blastoise
[16/09/2014 16:42:27] /m blastoise
[16/09/2014 16:42:27] /m blastoise
[16/09/2014 16:42:27] /m blastoise
[16/09/2014 16:42:27] /m blastoise
[16/09/2014 16:42:27] /m blastoise
[16/09/2014 16:42:27] /m blastoise
[16/09/2014 16:42:27] /m blastoise
[16/09/2014 16:42:27] /m blastoise
[16/09/2014 16:42:27] /m blastoise
[16/09/2014 16:42:27] /m blastoise
[16/09/2014 16:42:27] /m blastoise
[16/09/2014 16:42:27] /m blastoise
[16/09/2014 16:42:27] /m blastoise
[16/09/2014 16:42:27] /m blastoise
[16/09/2014 16:42:27] /m blastoise
[16/09/2014 16:42:27] /m blastoise
[16/09/2014 16:42:27] /m blastoise
[16/09/2014 16:42:27] /m blastoise
[16/09/2014 16:42:27] /m blastoise
[16/09/2014 16:42:27] /m blastoise
[16/09/2014 16:42:27] /m blastoise
[16/09/2014 16:42:27] /m blastoise
[16/09/2014 16:42:27] /m blastoise
[16/09/2014 16:42:27] /m blastoise
[16/09/2014 16:42:27] /m blastoise
[16/09/2014 16:42:27] /m blastoise
[16/09/2014 16:42:27] /m blastoise
[16/09/2014 16:42:28] /m blastoise
[16/09/2014 16:42:28] /m blastoise
[16/09/2014 16:42:28] /m blastoise
[16/09/2014 16:42:28] /m blastoise
[16/09/2014 16:42:28] /m blastoise
[16/09/2014 16:42:28] /m blastoise
[16/09/2014 16:42:28] /m blastoise
[16/09/2014 16:42:28] /m blastoise
[16/09/2014 16:42:28] /m blastoise
[16/09/2014 16:42:28] /m blastoise
[16/09/2014 16:42:28] /m blastoise
[16/09/2014 16:42:28] /m blastoise
[16/09/2014 16:42:28] /m blastoise
[16/09/2014 16:42:28] /m blastoise
[16/09/2014 16:42:28] /m blastoise
[16/09/2014 16:42:28] /m blastoise
[16/09/2014 16:42:28] /m blastoise
[16/09/2014 16:42:28] /m blastoise
[16/09/2014 16:42:28] /m blastoise
[16/09/2014 16:42:28] /m blastoise
[16/09/2014 16:42:28] /m blastoise
[16/09/2014 16:42:28] /m blastoise
[16/09/2014 16:42:28] /m blastoise
[16/09/2014 16:42:28] /m blastoise
[16/09/2014 16:42:28] /m blastoise
[16/09/2014 16:42:28] /m blastoise
[16/09/2014 16:42:28] /m blastoise
[16/09/2014 16:42:28] /m blastoise
[16/09/2014 16:42:29] /m blastoise
[16/09/2014 16:42:29] /m blastoise
[16/09/2014 16:42:29] /m blastoise
[16/09/2014 16:42:29] /m blastoise
[16/09/2014 16:42:29] /m blastoise
[16/09/2014 16:42:29] /m blastoise
[16/09/2014 16:42:29] /m blastoise
[16/09/2014 16:42:29] /m blastoise
[16/09/2014 16:42:29] /m blastoise
[16/09/2014 16:42:29] /m blastoise
[16/09/2014 16:42:29] /m blastoise
[16/09/2014 16:42:29] /m blastoise
[16/09/2014 16:42:29] /m blastoise
[16/09/2014 16:42:29] /m blastoise
[16/09/2014 16:42:29] /m blastoise
[16/09/2014 16:42:29] /m blastoise
[16/09/2014 16:42:29] /m blastoise
[16/09/2014 16:42:29] /m blastoise
[16/09/2014 16:42:29] /m blastoise
[16/09/2014 16:42:29] /m blastoise
[16/09/2014 16:42:29] /m blastoise
[16/09/2014 16:42:29] /m blastoise
[16/09/2014 16:42:29] /m blastoise
[16/09/2014 16:42:29] /m blastoise
[16/09/2014 16:42:29] /m blastoise
[16/09/2014 16:42:29] /m blastoise
[16/09/2014 16:42:29] /m blastoise
[16/09/2014 16:42:30] /m blastoise
[16/09/2014 16:42:30] /m blastoise
[16/09/2014 16:42:30] /m blastoise
[16/09/2014 16:42:30] /m blastoise
[16/09/2014 16:42:30] /m blastoise
[16/09/2014 16:42:30] /m blastoise
[16/09/2014 16:42:30] /m blastoise
[16/09/2014 16:42:30] /m blastoise
[16/09/2014 16:42:30] /m blastoise
[16/09/2014 16:42:30] /m blastoise
[16/09/2014 16:42:30] /m blastoise
[16/09/2014 16:42:30] /m blastoise
[16/09/2014 16:42:30] /m blastoise
[16/09/2014 16:42:31] /m blastoise
[16/09/2014 16:42:31] /m blastoise
[16/09/2014 16:42:31] /m blastoise
[16/09/2014 16:42:31] /m blastoise
[16/09/2014 16:42:31] /m blastoise
[16/09/2014 16:42:31] /m blastoise
[16/09/2014 16:42:31] /m blastoise
[16/09/2014 16:42:31] /m blastoise
[16/09/2014 16:42:31] /m blastoise
[16/09/2014 16:42:31] /m blastoise
[16/09/2014 16:42:31] /m blastoise
[16/09/2014 16:42:31] /m blastoise
[16/09/2014 16:42:31] /m blastoise
[16/09/2014 16:42:31] /m blastoise
[16/09/2014 16:42:31] /m blastoise
[16/09/2014 16:42:31] /m blastoise
[16/09/2014 16:42:31] /m blastoise
[16/09/2014 16:42:31] /m blastoise
[16/09/2014 16:42:31] /m blastoise
[16/09/2014 16:42:31] /m blastoise
[16/09/2014 16:42:31] /m blastoise
[16/09/2014 16:42:31] /m blastoise
[16/09/2014 16:42:31] /m blastoise
[16/09/2014 16:42:31] /m blastoise
[16/09/2014 16:42:31] /m blastoise
[16/09/2014 16:42:31] /m blastoise
[16/09/2014 16:42:32] /m blastoise
[16/09/2014 16:42:32] /m blastoise
[16/09/2014 16:42:32] /m blastoise
[16/09/2014 16:42:32] /m blastoise
[16/09/2014 16:42:32] /m blastoise
[16/09/2014 16:42:32] /m blastoise
[16/09/2014 16:42:32] /m blastoise
[16/09/2014 16:42:32] /m blastoise
[16/09/2014 16:42:32] /m blastoise
[16/09/2014 16:42:32] /m blastoise
[16/09/2014 16:42:32] /m blastoise
[16/09/2014 16:42:32] /m blastoise
[16/09/2014 16:42:32] /m blastoise
[16/09/2014 16:42:32] /m blastoise
[16/09/2014 16:42:32] /m blastoise
[16/09/2014 16:42:32] /m blastoise
[16/09/2014 16:42:32] /m blastoise
[16/09/2014 16:42:32] /m blastoise
[16/09/2014 16:42:32] /m blastoise
[16/09/2014 16:42:32] /m blastoise
[16/09/2014 16:42:32] /m blastoise
[16/09/2014 16:42:32] /m blastoise
[16/09/2014 16:42:32] /m blastoise
[16/09/2014 16:42:32] /m blastoise
[16/09/2014 16:42:32] /m blastoise
[16/09/2014 16:42:32] /m blastoise
[16/09/2014 16:42:32] /m blastoise
[16/09/2014 16:42:32] /m blastoise
[16/09/2014 16:42:32] /m blastoise
[16/09/2014 16:42:32] /m blastoise
[16/09/2014 16:42:32] /m blastoise
[16/09/2014 16:42:32] /m blastoise
[16/09/2014 16:42:33] /m blastoise
[16/09/2014 16:42:33] /m blastoise
[16/09/2014 16:42:33] /m blastoise
[16/09/2014 16:42:33] /m blastoise
[16/09/2014 16:42:33] /m blastoise
[16/09/2014 16:42:33] /m blastoise
[16/09/2014 16:42:33] /m blastoise
[16/09/2014 16:42:33] /m blastoise
[16/09/2014 16:42:33] /m blastoise
[16/09/2014 16:42:33] /m blastoise
[16/09/2014 16:42:33] /m blastoise
[16/09/2014 16:42:33] /m blastoise
[16/09/2014 16:42:33] /m blastoise
[16/09/2014 16:42:33] /m blastoise
[16/09/2014 16:42:33] /m blastoise
[16/09/2014 16:42:33] /m blastoise
[16/09/2014 16:42:33] /m blastoise
[16/09/2014 16:42:33] /m blastoise
[16/09/2014 16:42:33] /m blastoise
[16/09/2014 16:42:33] /m blastoise
[16/09/2014 16:42:33] /m blastoise
[16/09/2014 16:42:33] /m blastoise
[16/09/2014 16:42:33] /m blastoise
[16/09/2014 16:42:33] /m blastoise
[16/09/2014 16:42:33] /m blastoise
[16/09/2014 16:42:33] /m blastoise
[16/09/2014 16:42:33] /m blastoise
[16/09/2014 16:42:33] /m blastoise
[16/09/2014 16:42:33] /m blastoise
[16/09/2014 16:42:33] /m blastoise
[16/09/2014 16:42:33] /m blastoise
[16/09/2014 16:42:33] /m blastoise
[16/09/2014 16:42:33] /m blastoise
[16/09/2014 16:42:33] /m blastoise
[16/09/2014 16:42:33] /m blastoise
[16/09/2014 16:42:33] /m blastoise
[16/09/2014 16:42:33] /m blastoise
[16/09/2014 16:42:33] /m blastoise
[16/09/2014 16:42:33] /m blastoise
[16/09/2014 16:42:33] /m blastoise
[16/09/2014 16:42:33] /m blastoise
[16/09/2014 16:42:34] /m blastoise
[16/09/2014 16:42:34] /m blastoise
[16/09/2014 16:42:34] /m blastoise
[16/09/2014 16:42:34] /m blastoise
[16/09/2014 16:42:34] /m blastoise
[16/09/2014 16:42:34] /m blastoise
[16/09/2014 16:42:34] /m blastoise
[16/09/2014 16:42:34] /m blastoise
[16/09/2014 16:42:34] /m blastoise
[16/09/2014 16:42:34] /m blastoise
[16/09/2014 16:42:34] /m blastoise
[16/09/2014 16:42:34] /m blastoise
[16/09/2014 16:42:34] /m blastoise
[16/09/2014 16:42:34] /m blastoise
[16/09/2014 16:42:34] /m blastoise
[16/09/2014 16:42:34] /m blastoise
[16/09/2014 16:42:34] /m blastoise
[16/09/2014 16:42:34] /m blastoise
[16/09/2014 16:42:34] /m blastoise
[16/09/2014 16:42:34] /m blastoise
[16/09/2014 16:42:34] /m blastoise
[16/09/2014 16:42:34] /m blastoise
[16/09/2014 16:42:34] /m blastoise
[16/09/2014 16:42:34] /m blastoise
[16/09/2014 16:42:34] /m blastoise
[16/09/2014 16:42:34] /m blastoise
[16/09/2014 16:42:34] /m blastoise
[16/09/2014 16:42:34] /m blastoise
[16/09/2014 16:42:35] /m blastoise
[16/09/2014 16:42:35] /m blastoise
[16/09/2014 16:42:35] /m blastoise
[16/09/2014 16:42:35] /m blastoise
[16/09/2014 16:42:35] /m blastoise
[16/09/2014 16:42:35] /m blastoise
[16/09/2014 16:42:35] /m blastoise
[16/09/2014 16:42:35] /m blastoise
[16/09/2014 16:42:35] /m blastoise
[16/09/2014 16:42:35] /m blastoise
[16/09/2014 16:42:35] /m blastoise
[16/09/2014 16:42:35] /m blastoise
[16/09/2014 16:42:35] /m blastoise
[16/09/2014 16:42:35] /m blastoise
[16/09/2014 16:42:35] /m blastoise
[16/09/2014 16:42:35] /m blastoise
[16/09/2014 16:42:35] /m blastoise
[16/09/2014 16:42:35] /m blastoise
[16/09/2014 16:42:35] /m blastoise
[16/09/2014 16:42:35] /m blastoise
[16/09/2014 16:42:35] /m blastoise
[16/09/2014 16:42:35] /m blastoise
[16/09/2014 16:42:35] /m blastoise
[16/09/2014 16:42:35] /m blastoise
[16/09/2014 16:42:35] /m blastoise
[16/09/2014 16:42:35] /m blastoise
[16/09/2014 16:42:35] /m blastoise
[16/09/2014 16:42:36] /m blastoise
[16/09/2014 16:42:36] /m blastoise
[16/09/2014 16:42:36] /m blastoise
[16/09/2014 16:42:36] /m blastoise
[16/09/2014 16:42:36] /m blastoise
[16/09/2014 16:42:36] /m blastoise
[16/09/2014 16:42:36] /m blastoise
[16/09/2014 16:42:36] /m blastoise
[16/09/2014 16:42:36] /m blastoise
[16/09/2014 16:42:36] /m blastoise
[16/09/2014 16:42:36] /m blastoise
[16/09/2014 16:42:36] /m blastoise
[16/09/2014 16:42:36] /m blastoise
[16/09/2014 16:42:36] /m blastoise
[16/09/2014 16:42:36] /m blastoise
[16/09/2014 16:42:36] /m blastoise
[16/09/2014 16:42:36] /m blastoise
[16/09/2014 16:42:36] /m blastoise
[16/09/2014 16:42:36] /m blastoise
[16/09/2014 16:42:36] /m blastoise
[16/09/2014 16:42:36] /m blastoise
[16/09/2014 16:42:36] /m blastoise
[16/09/2014 16:42:36] /m blastoise
[16/09/2014 16:42:36] /m blastoise
[16/09/2014 16:42:36] /m blastoise
[16/09/2014 16:42:36] /m blastoise
[16/09/2014 16:42:36] /m blastoise
[16/09/2014 16:42:36] /m blastoise
[16/09/2014 16:42:37] /m blastoise
[16/09/2014 16:42:37] /m blastoise
[16/09/2014 16:42:37] /m blastoise
[16/09/2014 16:42:37] /m blastoise
[16/09/2014 16:42:37] /m blastoise
[16/09/2014 16:42:37] /m blastoise
[16/09/2014 16:42:37] /m blastoise
[16/09/2014 16:42:37] /m blastoise
[16/09/2014 16:42:37] /m blastoise
[16/09/2014 16:42:37] /m blastoise
[16/09/2014 16:42:37] /m blastoise
[16/09/2014 16:42:37] /m blastoise
[16/09/2014 16:42:37] /m blastoise
[16/09/2014 16:42:37] /m blastoise
[16/09/2014 16:42:37] /m blastoise
[16/09/2014 16:42:37] /m blastoise
[16/09/2014 16:42:37] /m blastoise
[16/09/2014 16:42:37] /m blastoise
[16/09/2014 16:42:40] /m blastoise
[16/09/2014 16:42:40] /m blastoise
[16/09/2014 16:42:40] /m blastoise
[16/09/2014 16:42:40] /m blastoise
[16/09/2014 16:42:40] /m blastoise
[16/09/2014 16:42:40] /m blastoise
[16/09/2014 16:42:40] /m blastoise
[16/09/2014 16:42:40] /m blastoise
[16/09/2014 16:42:40] /m blastoise
[16/09/2014 16:42:40] /m blastoise
[16/09/2014 16:42:40] /m blastoise
[16/09/2014 16:42:40] /m blastoise
[16/09/2014 16:42:40] /m blastoise
[16/09/2014 16:42:40] /m blastoise
[16/09/2014 16:42:40] /m blastoise
[16/09/2014 16:42:40] /m blastoise
[16/09/2014 16:42:40] /m blastoise
[16/09/2014 16:42:40] /m blastoise
[16/09/2014 16:42:40] /m blastoise
[16/09/2014 16:42:40] /m blastoise
[16/09/2014 16:42:40] /m blastoise
[16/09/2014 16:42:40] /m blastoise
[16/09/2014 16:42:40] /m blastoise
[16/09/2014 16:42:40] /m blastoise
[16/09/2014 16:42:40] /m blastoise
[16/09/2014 16:42:40] /m blastoise
[16/09/2014 16:42:40] /m blastoise
[16/09/2014 16:42:40] /m blastoise
[16/09/2014 16:42:40] /m blastoise
[16/09/2014 16:42:40] /m blastoise
[16/09/2014 16:42:40] /m blastoise
[16/09/2014 16:42:40] /m blastoise
[16/09/2014 16:42:40] /m blastoise
[16/09/2014 16:42:40] /m blastoise
[16/09/2014 16:42:40] /m blastoise
[16/09/2014 16:42:40] /m blastoise
[16/09/2014 16:42:40] /m blastoise
[16/09/2014 16:42:40] /m blastoise
[16/09/2014 16:42:40] /m blastoise
[16/09/2014 16:42:40] /m blastoise
[16/09/2014 16:42:40] /m blastoise
[16/09/2014 16:42:40] /m blastoise
[16/09/2014 16:42:40] /m blastoise
[16/09/2014 16:42:40] /m blastoise
[16/09/2014 16:42:40] /m blastoise
[16/09/2014 16:42:40] /m blastoise
[16/09/2014 16:42:40] /m blastoise
[16/09/2014 16:42:40] /m blastoise
[16/09/2014 16:42:40] /m blastoise
[16/09/2014 16:42:40] /m blastoise
[16/09/2014 16:42:40] /m blastoise
[16/09/2014 16:42:40] /m blastoise
[16/09/2014 16:42:40] /m blastoise
[16/09/2014 16:42:40] /m blastoise
[16/09/2014 16:42:40] /m blastoise
[16/09/2014 16:42:40] /m blastoise
[16/09/2014 16:42:40] /m blastoise
[16/09/2014 16:42:40] /m blastoise
[16/09/2014 16:42:40] /m blastoise
[16/09/2014 16:42:40] /m blastoise
[16/09/2014 16:42:40] /m blastoise
[16/09/2014 16:42:40] /m blastoise
[16/09/2014 16:42:40] /m blastoise
[16/09/2014 16:42:40] /m blastoise
[16/09/2014 16:42:40] /m blastoise
[16/09/2014 16:42:40] /m blastoise
[16/09/2014 16:42:40] /m blastoise
[16/09/2014 16:42:41] /m blastoise
[16/09/2014 16:42:41] /m blastoise
[16/09/2014 16:42:41] /m blastoise
[16/09/2014 16:42:41] /m blastoise
[16/09/2014 16:42:41] /m blastoise
[16/09/2014 16:42:41] /m blastoise
[16/09/2014 16:42:41] /m blastoise
[16/09/2014 16:42:41] /m blastoise
[16/09/2014 16:42:41] /m blastoise
[16/09/2014 16:42:41] /m blastoise
[16/09/2014 16:42:41] /m blastoise
[16/09/2014 16:42:41] /m blastoise
[16/09/2014 16:42:41] /m blastoise
[16/09/2014 16:42:41] /m blastoise
[16/09/2014 16:42:41] /m blastoise
[16/09/2014 16:42:41] /m blastoise
[16/09/2014 16:42:41] /m blastoise
[16/09/2014 16:42:41] /m blastoise
[16/09/2014 16:42:41] /m blastoise
[16/09/2014 16:42:41] /m blastoise
[16/09/2014 16:42:41] /m blastoise
[16/09/2014 16:42:41] /m blastoise
[16/09/2014 16:42:41] /m blastoise
[16/09/2014 16:42:41] /m blastoise
[16/09/2014 16:42:41] /m blastoise
[16/09/2014 16:42:41] /m blastoise
[16/09/2014 16:42:41] /m blastoise
[16/09/2014 16:42:41] /m blastoise
[16/09/2014 16:42:41] /m blastoise
[16/09/2014 16:42:42] /m blastoise
[16/09/2014 16:42:42] /m blastoise
[16/09/2014 16:42:42] /m blastoise
[16/09/2014 16:42:42] /m blastoise
[16/09/2014 16:42:42] /m blastoise
[16/09/2014 16:42:42] /m blastoise
[16/09/2014 16:42:42] /m blastoise
[16/09/2014 16:42:42] /m blastoise
[16/09/2014 16:42:42] /m blastoise
[16/09/2014 16:42:42] /m blastoise
[16/09/2014 16:42:42] /m blastoise
[16/09/2014 16:42:42] /m blastoise
[16/09/2014 16:42:42] /m blastoise
[16/09/2014 16:42:42] /m blastoise
[16/09/2014 16:42:47] /m blastoise
[16/09/2014 16:42:47] /m blastoise
[16/09/2014 16:42:47] /m blastoise
[16/09/2014 16:42:47] /m blastoise
[16/09/2014 16:42:47] /m blastoise
[16/09/2014 16:42:47] /m blastoise
[16/09/2014 16:42:47] /m blastoise
[16/09/2014 16:42:48] /m blastoise
[16/09/2014 16:42:48] /m blastoise
[16/09/2014 16:42:48] /m blastoise
[16/09/2014 16:42:48] /m blastoise
[16/09/2014 16:42:48] /m blastoise
[16/09/2014 16:42:48] /m blastoise
[16/09/2014 16:42:48] /m blastoise
[16/09/2014 16:42:48] /m blastoise
[16/09/2014 16:42:48] /m blastoise
[16/09/2014 16:42:48] /m blastoise
[16/09/2014 16:42:48] /m blastoise
[16/09/2014 16:42:48] /m blastoise
[16/09/2014 16:42:51] /m blastoise
[16/09/2014 16:42:51] /m blastoise
[16/09/2014 16:42:51] /m blastoise
[16/09/2014 16:42:51] /m blastoise
[16/09/2014 16:42:51] /m blastoise
[16/09/2014 16:42:51] /m blastoise
[16/09/2014 16:42:51] /m blastoise
[16/09/2014 16:42:51] /m blastoise
[16/09/2014 16:42:51] /m blastoise
[16/09/2014 16:42:51] /m blastoise
[16/09/2014 16:42:51] /m blastoise
[16/09/2014 16:42:52] /m blastoise
[16/09/2014 16:42:52] /m blastoise
[16/09/2014 16:42:52] /m blastoise
[16/09/2014 16:42:52] /m blastoise
[16/09/2014 16:42:52] /m blastoise
[16/09/2014 16:42:52] /m blastoise
[16/09/2014 16:42:52] /m blastoise
[16/09/2014 16:42:52] /m blastoise
[16/09/2014 16:42:52] /m blastoise
[16/09/2014 16:42:52] /m blastoise
[16/09/2014 16:42:52] /m blastoise
[16/09/2014 16:42:52] /m blastoise
[16/09/2014 16:42:52] /m blastoise
[16/09/2014 16:42:52] /m blastoise
[16/09/2014 16:42:52] /m blastoise
[16/09/2014 16:42:52] /m blastoise
[16/09/2014 16:42:52] /m blastoise
[16/09/2014 16:42:52] /m blastoise
[16/09/2014 16:42:52] /m blastoise
[16/09/2014 16:42:52] /m blastoise
[16/09/2014 16:42:52] /m blastoise
[16/09/2014 16:42:52] /m blastoise
[16/09/2014 16:42:52] /m blastoise
[16/09/2014 16:42:52] /m blastoise
[16/09/2014 16:42:52] /m blastoise
[16/09/2014 16:42:52] /m blastoise
[16/09/2014 16:42:53] /m blastoise
[16/09/2014 16:42:53] /m blastoise
[16/09/2014 16:42:53] /m blastoise
[16/09/2014 16:42:53] /m blastoise
[16/09/2014 16:42:53] /m blastoise
[16/09/2014 16:42:53] /m blastoise
[16/09/2014 16:42:53] /m blastoise
[16/09/2014 16:42:53] /m blastoise
[16/09/2014 16:42:53] /m blastoise
[16/09/2014 16:42:53] /m blastoise
[16/09/2014 16:42:53] /m blastoise
[16/09/2014 16:42:53] /m blastoise
[16/09/2014 16:42:53] /m blastoise
[16/09/2014 16:42:53] /m blastoise
[16/09/2014 16:42:53] /m blastoise
[16/09/2014 16:42:53] /m blastoise
[16/09/2014 16:42:53] /m blastoise
[16/09/2014 16:42:53] /m blastoise
[16/09/2014 16:42:53] /m blastoise
[16/09/2014 16:42:53] /m blastoise
[16/09/2014 16:42:53] /m blastoise
[16/09/2014 16:42:53] /m blastoise
[16/09/2014 16:42:53] /m blastoise
[16/09/2014 16:42:53] /m blastoise
[16/09/2014 16:42:53] /m blastoise
[16/09/2014 16:42:53] /m blastoise
[16/09/2014 16:42:53] /m blastoise
[16/09/2014 16:42:54] /m blastoise
[16/09/2014 16:42:54] /m blastoise
[16/09/2014 16:42:54] /m blastoise
[16/09/2014 16:42:54] /m blastoise
[16/09/2014 16:42:54] /m blastoise
[16/09/2014 16:42:54] /m blastoise
[16/09/2014 16:42:54] /m blastoise
[16/09/2014 16:42:54] /m blastoise
[16/09/2014 16:42:54] /m blastoise
[16/09/2014 16:42:54] /m blastoise
[16/09/2014 16:42:54] /m blastoise
[16/09/2014 16:42:54] /m blastoise
[16/09/2014 16:42:54] /m blastoise
[16/09/2014 16:42:54] /m blastoise
[16/09/2014 16:42:54] /m blastoise
[16/09/2014 16:42:54] /m blastoise
[16/09/2014 16:42:54] /m blastoise
[16/09/2014 16:42:54] /m blastoise
[16/09/2014 16:42:54] /m blastoise
[16/09/2014 16:42:54] /m blastoise
[16/09/2014 16:42:54] /m blastoise
[16/09/2014 16:42:54] /m blastoise
[16/09/2014 16:42:54] /m blastoise
[16/09/2014 16:42:54] /m blastoise
[16/09/2014 16:42:54] /m blastoise
[16/09/2014 16:42:54] /m blastoise
[16/09/2014 16:42:55] /m blastoise
[16/09/2014 16:42:55] /m blastoise
[16/09/2014 16:42:55] /m blastoise
[16/09/2014 16:42:55] /m blastoise
[16/09/2014 16:42:55] /m blastoise
[16/09/2014 16:42:55] /m blastoise
[16/09/2014 16:42:55] /m blastoise
[16/09/2014 16:42:55] /m blastoise
[16/09/2014 16:42:55] /m blastoise
[16/09/2014 16:42:55] /m blastoise
[16/09/2014 16:42:55] /m blastoise
[16/09/2014 16:42:55] /m blastoise
[16/09/2014 16:42:55] /m blastoise
[16/09/2014 16:42:55] /m blastoise
[16/09/2014 16:42:55] /m blastoise
[16/09/2014 16:42:55] /m blastoise
[16/09/2014 16:42:55] /m blastoise
[16/09/2014 16:42:55] /m blastoise
[16/09/2014 16:42:55] /m blastoise
[16/09/2014 16:42:55] /m blastoise
[16/09/2014 16:42:55] /m blastoise
[16/09/2014 16:42:55] /m blastoise
[16/09/2014 16:42:55] /m blastoise
[16/09/2014 16:42:55] /m blastoise
[16/09/2014 16:42:55] /m blastoise
[16/09/2014 16:42:55] /m blastoise
[16/09/2014 16:42:55] /m blastoise
[16/09/2014 16:42:55] /m blastoise
[16/09/2014 16:42:56] /m blastoise
[16/09/2014 16:42:56] /m blastoise
[16/09/2014 16:42:56] /m blastoise
[16/09/2014 16:42:56] /m blastoise
[16/09/2014 16:42:56] /m blastoise
[16/09/2014 16:42:56] /m blastoise
[16/09/2014 16:42:56] /m blastoise
[16/09/2014 16:42:56] /m blastoise
[16/09/2014 16:42:56] /m blastoise
[16/09/2014 16:42:56] /m blastoise
[16/09/2014 16:42:56] /m blastoise
[16/09/2014 16:42:56] /m blastoise
[16/09/2014 16:42:56] /m blastoise
[16/09/2014 16:42:56] /m blastoise
[16/09/2014 16:42:56] /m blastoise
[16/09/2014 16:42:56] /m blastoise
[16/09/2014 16:42:56] /m blastoise
[16/09/2014 16:42:56] /m blastoise
[16/09/2014 16:42:56] /m blastoise
[16/09/2014 16:42:56] /m blastoise
[16/09/2014 16:42:56] /m blastoise
[16/09/2014 16:42:56] /m blastoise
[16/09/2014 16:42:56] /m blastoise
[16/09/2014 16:42:56] /m blastoise
[16/09/2014 16:42:56] /m blastoise
[16/09/2014 16:42:56] /m blastoise
[16/09/2014 16:42:56] /m blastoise
[16/09/2014 16:42:57] /m blastoise
[16/09/2014 16:42:57] /m blastoise
[16/09/2014 16:42:57] /m blastoise
[16/09/2014 16:42:57] /m blastoise
[16/09/2014 16:42:57] /m blastoise
[16/09/2014 16:42:57] /m blastoise
[16/09/2014 16:42:57] /m blastoise
[16/09/2014 16:42:57] /m blastoise
[16/09/2014 16:42:57] /m blastoise
[16/09/2014 16:42:57] /m blastoise
[16/09/2014 16:42:57] /m blastoise
[16/09/2014 16:42:57] /m blastoise
[16/09/2014 16:42:57] /m blastoise
[16/09/2014 16:42:57] /m blastoise
[16/09/2014 16:42:57] /m blastoise
[16/09/2014 16:42:57] /m blastoise
[16/09/2014 16:42:57] /m blastoise
[16/09/2014 16:42:58] /m blastoise
[16/09/2014 16:43:01] /m blastoise
[16/09/2014 16:43:01] /m blastoise
[16/09/2014 16:43:01] /m blastoise
[16/09/2014 16:43:01] /m blastoise
[16/09/2014 16:43:01] /m blastoise
[16/09/2014 16:43:01] /m blastoise
[16/09/2014 16:43:01] /m blastoise
[16/09/2014 16:43:02] /m blastoise
[16/09/2014 16:43:02] /m blastoise
[16/09/2014 16:43:02] /m blastoise
[16/09/2014 16:43:02] /m blastoise
[16/09/2014 16:43:02] /m blastoise
[16/09/2014 16:43:02] /m blastoise
[16/09/2014 16:43:02] /m blastoise
[16/09/2014 16:43:02] /m blastoise
[16/09/2014 16:43:02] /m blastoise
[16/09/2014 16:43:02] /m blastoise
[16/09/2014 16:43:02] /m blastoise
[16/09/2014 16:43:02] /m blastoise
[16/09/2014 16:43:02] /m blastoise
[16/09/2014 16:43:02] /m blastoise
[16/09/2014 16:43:02] /m blastoise
[16/09/2014 16:43:02] /m blastoise
[16/09/2014 16:43:02] /m blastoise
[16/09/2014 16:43:02] /m blastoise
[16/09/2014 16:43:02] /m blastoise
[16/09/2014 16:43:02] /m blastoise
[16/09/2014 16:43:02] /m blastoise
[16/09/2014 16:43:02] /m blastoise
[16/09/2014 16:43:02] /m blastoise
[16/09/2014 16:43:02] /m blastoise
[16/09/2014 16:43:02] /m blastoise
[16/09/2014 16:43:02] /m blastoise
[16/09/2014 16:43:02] /m blastoise
[16/09/2014 16:43:02] /m blastoise
[16/09/2014 16:43:03] /m blastoise
[16/09/2014 16:43:03] /m blastoise
[16/09/2014 16:43:03] /m blastoise
[16/09/2014 16:43:03] /m blastoise
[16/09/2014 16:43:03] /m blastoise
[16/09/2014 16:43:03] /m blastoise
[16/09/2014 16:43:03] /m blastoise
[16/09/2014 16:43:03] /m blastoise
[16/09/2014 16:43:03] /m blastoise
[16/09/2014 16:43:03] /m blastoise
[16/09/2014 16:43:03] /m blastoise
[16/09/2014 16:43:03] /m blastoise
[16/09/2014 16:43:03] /m blastoise
[16/09/2014 16:43:03] /m blastoise
[16/09/2014 16:43:03] /m blastoise
[16/09/2014 16:43:03] /m blastoise
[16/09/2014 16:43:03] /m blastoise
[16/09/2014 16:43:03] /m blastoise
[16/09/2014 16:43:03] /m blastoise
[16/09/2014 16:43:03] /m blastoise
[16/09/2014 16:43:03] /m blastoise
[16/09/2014 16:43:03] /m blastoise
[16/09/2014 16:43:03] /m blastoise
[16/09/2014 16:43:03] /m blastoise
[16/09/2014 16:43:03] /m blastoise
[16/09/2014 16:43:03] /m blastoise
[16/09/2014 16:43:03] /m blastoise
[16/09/2014 16:43:03] /m blastoise
[16/09/2014 16:43:03] /m blastoise
[16/09/2014 16:43:04] /m blastoise
[16/09/2014 16:43:04] /m blastoise
[16/09/2014 16:43:04] /m blastoise
[16/09/2014 16:43:04] /m blastoise
[16/09/2014 16:43:04] /m blastoise
[16/09/2014 16:43:04] /m blastoise
[16/09/2014 16:43:04] /m blastoise
[16/09/2014 16:43:04] /m blastoise
[16/09/2014 16:43:04] /m blastoise
[16/09/2014 16:43:04] /m blastoise
[16/09/2014 16:43:04] /m blastoise
[16/09/2014 16:43:04] /m blastoise
[16/09/2014 16:43:05] /m blastoise
[16/09/2014 16:43:05] /m blastoise
[16/09/2014 16:43:05] /m blastoise
[16/09/2014 16:43:05] /m blastoise
[16/09/2014 16:43:21] /m blastoise
[16/09/2014 16:43:22] /m blastoise
[16/09/2014 16:43:22] /m blastoise
[16/09/2014 16:43:22] /m blastoise
[16/09/2014 16:43:23] /m blastoise
[16/09/2014 16:43:23] /m blastoise
[16/09/2014 16:43:23] /m blastoise
[16/09/2014 16:43:23] /m blastoise
[16/09/2014 16:43:23] /m blastoise
[16/09/2014 16:43:24] /m blastoise
[16/09/2014 16:43:24] /m blastoise
[16/09/2014 16:43:24] /m blastoise
[16/09/2014 16:43:24] /m blastoise
[16/09/2014 16:43:25] /m blastoise
[16/09/2014 16:43:25] /m blastoise
[16/09/2014 16:43:25] /m blastoise
[16/09/2014 16:43:25] /m blastoise
[16/09/2014 16:43:25] /m blastoise
[16/09/2014 16:43:26] /m blastoise
[16/09/2014 16:43:26] /m blastoise
[16/09/2014 16:43:26] /m blastoise
[16/09/2014 16:43:27] /m blastoise
[16/09/2014 16:44:55] /i 12727
[16/09/2014 16:45:01] /i 12727
[16/09/2014 16:45:04] /i 12727
[16/09/2014 16:45:06] /i 12727
[16/09/2014 16:45:10] /i 12727
[16/09/2014 16:45:12] /i 12727
[16/09/2014 16:45:14] /i 12727
[16/09/2014 16:45:18] /i 12727
[16/09/2014 16:45:20] /i 12727
[16/09/2014 16:45:35] /i 12727
[16/09/2014 16:45:37] /i 12727
[16/09/2014 16:45:40] /i 12727
[16/09/2014 16:45:42] /i 12727
[16/09/2014 16:45:43] /i 12727
[16/09/2014 16:45:45] /i 12727
[16/09/2014 16:45:47] /i 12727
[16/09/2014 16:45:48] /i 12727
[16/09/2014 16:45:56] /i 12727
[16/09/2014 16:45:57] /i 12727
[16/09/2014 16:45:59] /i 12727
[16/09/2014 16:46:01] /i 12727
[16/09/2014 16:46:04] /i 12727
[16/09/2014 16:46:06] /i 12727
[16/09/2014 16:46:09] /i 12727
[16/09/2014 16:46:17] /i 12727
[16/09/2014 16:46:18] /i 12727
[16/09/2014 16:46:20] /i 12727
[16/09/2014 16:46:25] /i 12727
[16/09/2014 16:46:30] /i 12727
[16/09/2014 16:46:35] /i 12727
[16/09/2014 16:46:36] /i 12727
[16/09/2014 16:46:41] /i 12727
[16/09/2014 16:46:43] /i 12727
[16/09/2014 16:46:45] /i 12727
[16/09/2014 16:46:47] /i 12727
[16/09/2014 16:47:11] /r
[16/09/2014 16:48:48] /r
[16/09/2014 16:48:55] /i 12727
[16/09/2014 16:49:00] /i 12727
[16/09/2014 16:49:01] /i 12727
[16/09/2014 16:49:03] /i 12727
[16/09/2014 16:49:04] /i 12727
[16/09/2014 16:49:04] /i 12727
[16/09/2014 16:49:04] /i 12727
[16/09/2014 16:49:12] /i 12727
[16/09/2014 16:49:15] /i 12727
[16/09/2014 16:49:17] /i 12727
[16/09/2014 16:49:19] /i 12727
[16/09/2014 16:49:19] /i 12727
[16/09/2014 16:49:20] /i 12727
[16/09/2014 16:49:20] /i 12727
[16/09/2014 16:49:21] /i 12727
[16/09/2014 16:49:21] /i 12727
[16/09/2014 16:49:21] /i 12727
[16/09/2014 16:49:22] /i 12727
[16/09/2014 16:49:22] /i 12727
[16/09/2014 16:49:22] /i 12727
[16/09/2014 16:49:22] /i 12727
[16/09/2014 16:49:23] /i 12727
[16/09/2014 16:49:26] /i 12727
[16/09/2014 16:49:26] /i 12727
[16/09/2014 16:49:27] /i 12727
[16/09/2014 16:49:27] /i 12727
[16/09/2014 16:49:30] /i 12727
[16/09/2014 16:49:32] /i 12727
[16/09/2014 16:49:32] /i 12727
[16/09/2014 16:49:33] /i 12727
[16/09/2014 16:49:33] /i 12727
[16/09/2014 16:49:35] /i 12727
[16/09/2014 16:49:35] /i 12727
[16/09/2014 16:49:36] /i 12727
[16/09/2014 16:49:36] /i 12727
[16/09/2014 16:49:37] /i 12727
[16/09/2014 16:49:39] /i 12727
[16/09/2014 16:49:39] /i 12727
[16/09/2014 16:49:40] /i 12727
[16/09/2014 16:49:40] /i 12727
[16/09/2014 16:49:40] /i 12727
[16/09/2014 16:49:41] /i 12727
[16/09/2014 16:49:41] /i 12727
[16/09/2014 16:49:41] /i 12727
[16/09/2014 16:49:42] /i 12727
[16/09/2014 16:49:42] /i 12727
[16/09/2014 16:49:43] /i 12727
[16/09/2014 16:49:44] /i 12727
[16/09/2014 16:49:45] /i 12727
[16/09/2014 16:49:45] /i 12727
[16/09/2014 16:49:46] /i 12727
[16/09/2014 16:49:48] /i 12727
[16/09/2014 16:49:50] /i 12727
[16/09/2014 16:49:54] /i 12727
[16/09/2014 16:51:50] /b vou faser 1 torneio.
[16/09/2014 16:51:59] /i 12727
[16/09/2014 16:52:00] /i 12727
[16/09/2014 16:52:00] /i 12727
[16/09/2014 16:52:00] /i 12727
[16/09/2014 16:52:01] /i 12727
[16/09/2014 16:52:01] /i 12727
[16/09/2014 16:52:08] /i 12727
[16/09/2014 16:52:12] /i 12727
[16/09/2014 16:52:12] /i 12727
[16/09/2014 16:52:12] /i 12727
[16/09/2014 16:52:13] /i 12727
[16/09/2014 16:52:13] /i 12727
[16/09/2014 16:52:16] /r
[16/09/2014 16:52:18] /r
[16/09/2014 16:52:21] /i 12727
[16/09/2014 16:52:23] /i 12727
[16/09/2014 16:52:23] /i 12727
[16/09/2014 16:52:23] /i 12727
[16/09/2014 16:52:27] /r
[16/09/2014 16:52:29] /i 12727
[16/09/2014 16:52:30] /i 12727
[16/09/2014 16:53:13] /m mini articuno
[16/09/2014 16:53:17] /r
[16/09/2014 16:53:48] /i 405
[16/09/2014 16:53:49] /i 405
[16/09/2014 16:53:49] /i 405
[16/09/2014 16:53:50] /i 405
[16/09/2014 16:53:50] /i 405
[16/09/2014 16:53:50] /i 405
[16/09/2014 16:53:50] /i 405
[16/09/2014 16:53:51] /i 405
[16/09/2014 16:53:51] /i 405
[16/09/2014 16:53:51] /i 405
[16/09/2014 16:53:51] /i 405
[16/09/2014 16:53:52] /i 405
[16/09/2014 16:53:52] /i 405
[16/09/2014 16:53:53] /i 405
[16/09/2014 16:53:53] /i 405
[16/09/2014 16:53:55] /i 405
[16/09/2014 16:53:56] /i 405
[16/09/2014 16:53:56] /i 405
[16/09/2014 16:53:57] /i 405
[16/09/2014 16:53:57] /i 405
[16/09/2014 16:53:57] /i 405
[16/09/2014 16:53:57] /i 405
[16/09/2014 16:53:58] /i 405
[16/09/2014 16:53:58] /i 405
[16/09/2014 16:53:58] /i 405
[16/09/2014 16:53:58] /i 405
[16/09/2014 16:53:58] /i 405
[16/09/2014 16:53:59] /i 405
[16/09/2014 16:53:59] /i 405
[16/09/2014 16:53:59] /i 405
[16/09/2014 16:53:59] /i 405
[16/09/2014 16:54:00] /i 405
[16/09/2014 16:54:03] /i 405
[16/09/2014 16:54:03] /i 405
[16/09/2014 16:54:04] /i 405
[16/09/2014 16:54:04] /i 405
[16/09/2014 16:54:04] /i 405
[16/09/2014 16:54:04] /i 405
[16/09/2014 16:54:04] /i 405
[16/09/2014 16:54:05] /i 405
[16/09/2014 16:54:05] /i 405
[16/09/2014 16:54:05] /i 405
[16/09/2014 16:54:05] /i 405
[16/09/2014 16:54:05] /i 405
[16/09/2014 16:54:06] /i 405
[16/09/2014 16:54:06] /i 405
[16/09/2014 16:54:06] /i 405
[16/09/2014 16:54:06] /i 405
[16/09/2014 16:54:07] /i 405
[16/09/2014 16:54:07] /i 405
[16/09/2014 16:54:07] /i 405
[16/09/2014 16:54:07] /i 405
[16/09/2014 16:54:08] /i 405
[16/09/2014 16:54:08] /i 405
[16/09/2014 16:54:08] /i 405
[16/09/2014 16:54:08] /i 405
[16/09/2014 16:54:08] /i 405
[16/09/2014 16:54:08] /i 405
[16/09/2014 16:54:09] /i 405
[16/09/2014 16:54:09] /i 405
[16/09/2014 16:54:09] /i 405
[16/09/2014 16:54:09] /i 405
[16/09/2014 16:54:09] /i 405
[16/09/2014 16:54:10] /i 405
[16/09/2014 16:54:10] /i 405
[16/09/2014 16:54:10] /i 405
[16/09/2014 16:54:11] /i 405
[16/09/2014 16:54:12] /i 405
[16/09/2014 16:54:12] /i 405
[16/09/2014 16:54:12] /i 405
[16/09/2014 16:54:12] /i 405
[16/09/2014 16:54:12] /i 405
[16/09/2014 16:54:12] /i 405
[16/09/2014 16:54:13] /i 405
[16/09/2014 16:54:13] /i 405
[16/09/2014 16:54:13] /i 405
[16/09/2014 16:54:13] /i 405
[16/09/2014 16:54:13] /i 405
[16/09/2014 16:54:14] /i 405
[16/09/2014 16:54:14] /i 405
[16/09/2014 16:54:14] /i 405
[16/09/2014 16:54:15] /i 405
[16/09/2014 16:54:16] /i 405
[16/09/2014 16:54:17] /i 405
[16/09/2014 16:54:18] /i 405
[16/09/2014 16:54:18] /i 405
[16/09/2014 16:54:18] /i 405
[16/09/2014 16:54:18] /i 405
[16/09/2014 16:54:18] /i 405
[16/09/2014 16:54:19] /i 405
[16/09/2014 16:54:19] /i 405
[16/09/2014 16:54:19] /i 405
[16/09/2014 16:54:20] /i 405
[16/09/2014 16:54:20] /i 405
[16/09/2014 16:54:20] /i 405
[16/09/2014 16:54:20] /i 405
[16/09/2014 16:54:21] /i 405
[16/09/2014 16:54:22] /i 405
[16/09/2014 16:54:23] /i 405
[16/09/2014 16:54:23] /i 405
[16/09/2014 16:54:24] /i 405
[16/09/2014 16:54:24] /i 405
[16/09/2014 16:54:24] /i 405
[16/09/2014 16:54:24] /i 405
[16/09/2014 16:54:24] /i 405
[16/09/2014 16:54:25] /i 405
[16/09/2014 16:54:25] /i 405
[16/09/2014 16:54:25] /i 405
[16/09/2014 16:54:25] /i 405
[16/09/2014 16:54:26] /i 405
[16/09/2014 16:54:26] /i 405
[16/09/2014 16:54:27] /i 405
[16/09/2014 16:54:27] /i 405
[16/09/2014 16:54:28] /i 405
[16/09/2014 16:54:28] /i 405
[16/09/2014 16:54:28] /i 405
[16/09/2014 16:54:28] /i 405
[16/09/2014 16:54:29] /i 405
[16/09/2014 16:54:29] /i 405
[16/09/2014 16:54:29] /i 405
[16/09/2014 16:54:29] /i 405
[16/09/2014 16:54:30] /i 405
[16/09/2014 16:54:31] /i 405
[16/09/2014 16:54:31] /i 405
[16/09/2014 16:54:32] /i 405
[16/09/2014 16:54:32] /i 405
[16/09/2014 16:54:32] /i 405
[16/09/2014 16:54:33] /i 405
[16/09/2014 16:54:33] /i 405
[16/09/2014 16:54:33] /i 405
[16/09/2014 16:54:33] /i 405
[16/09/2014 16:54:34] /i 405
[16/09/2014 16:54:34] /i 405
[16/09/2014 16:54:34] /i 405
[16/09/2014 16:54:34] /i 405
[16/09/2014 16:54:34] /i 405
[16/09/2014 16:54:35] /i 405
[16/09/2014 16:54:35] /i 405
[16/09/2014 16:54:36] /i 405
[16/09/2014 16:54:36] /i 405
[16/09/2014 16:54:36] /i 405
[16/09/2014 16:54:36] /i 405
[16/09/2014 16:54:36] /i 405
[16/09/2014 16:54:37] /i 405
[16/09/2014 16:54:37] /i 405
[16/09/2014 16:54:37] /i 405
[16/09/2014 16:54:38] /i 405
[16/09/2014 16:54:39] /i 405
[16/09/2014 16:54:39] /i 405
[16/09/2014 16:54:39] /i 405
[16/09/2014 16:54:39] /i 405
[16/09/2014 16:54:40] /i 405
[16/09/2014 16:54:40] /i 405
[16/09/2014 16:54:41] /i 405
[16/09/2014 16:54:41] /i 405
[16/09/2014 16:54:41] /i 405
[16/09/2014 16:54:41] /i 405
[16/09/2014 16:54:41] /i 405
[16/09/2014 16:54:41] /i 405
[16/09/2014 16:54:43] /i 405
[16/09/2014 16:54:45] /i 405
[16/09/2014 16:54:46] /i 405
[16/09/2014 16:54:46] /i 405
[16/09/2014 16:54:47] /i 405
[16/09/2014 16:54:47] /i 405
[16/09/2014 16:54:47] /i 405
[16/09/2014 16:54:47] /i 405
[16/09/2014 16:54:47] /i 405
[16/09/2014 16:54:47] /i 405
[16/09/2014 16:54:48] /i 405
[16/09/2014 16:54:48] /i 405
[16/09/2014 16:54:49] /i 405
[16/09/2014 16:54:49] /i 405
[16/09/2014 16:54:49] /i 405
[16/09/2014 16:54:49] /i 405
[16/09/2014 16:54:49] /i 405
[16/09/2014 16:54:49] /i 405
[16/09/2014 16:54:50] /i 405
[16/09/2014 16:54:50] /i 405
[16/09/2014 16:54:50] /i 405
[16/09/2014 16:54:50] /i 405
[16/09/2014 16:54:50] /i 405
[16/09/2014 16:54:51] /i 405
[16/09/2014 16:54:51] /i 405
[16/09/2014 16:54:51] /i 405
[16/09/2014 16:54:51] /i 405
[16/09/2014 16:54:51] /i 405
[16/09/2014 16:54:52] /i 405
[16/09/2014 16:54:52] /i 405
[16/09/2014 16:54:53] /i 405
[16/09/2014 16:54:53] /i 405
[16/09/2014 16:54:53] /i 405
[16/09/2014 16:54:53] /i 405
[16/09/2014 16:54:53] /i 405
[16/09/2014 16:54:54] /i 405
[16/09/2014 16:54:54] /i 405
[16/09/2014 16:54:54] /i 405
[16/09/2014 16:54:54] /i 405
[16/09/2014 16:54:54] /i 405
[16/09/2014 16:54:55] /i 405
[16/09/2014 16:54:55] /i 405
[16/09/2014 16:54:55] /i 405
[16/09/2014 16:54:55] /i 405
[16/09/2014 16:54:56] /i 405
[16/09/2014 16:54:56] /i 405
[16/09/2014 16:54:56] /i 405
[16/09/2014 16:54:56] /i 405
[16/09/2014 16:54:58] /i 405
[16/09/2014 16:54:58] /i 405
[16/09/2014 16:54:58] /i 405
[16/09/2014 16:54:58] /i 405
[16/09/2014 16:54:59] /i 405
[16/09/2014 16:54:59] /i 405
[16/09/2014 16:54:59] /i 405
[16/09/2014 16:54:59] /i 405
[16/09/2014 16:55:00] /i 405
[16/09/2014 16:55:00] /i 405
[16/09/2014 16:55:00] /i 405
[16/09/2014 16:55:01] /i 405
[16/09/2014 16:55:01] /i 405
[16/09/2014 16:55:01] /i 405
[16/09/2014 16:55:01] /i 405
[16/09/2014 16:55:02] /i 405
[16/09/2014 16:55:02] /i 405
[16/09/2014 16:55:03] /i 405
[16/09/2014 16:55:04] /i 405
[16/09/2014 16:55:04] /i 405
[16/09/2014 16:55:04] /i 405
[16/09/2014 16:55:04] /i 405
[16/09/2014 16:55:04] /i 405
[16/09/2014 16:55:05] /i 405
[16/09/2014 16:55:05] /i 405
[16/09/2014 16:55:05] /i 405
[16/09/2014 16:55:06] /i 405
[16/09/2014 16:55:08] /i 405
[16/09/2014 16:55:09] /i 405
[16/09/2014 16:55:10] /i 405
[16/09/2014 16:55:10] /i 405
[16/09/2014 16:55:10] /i 405
[16/09/2014 16:55:10] /i 405
[16/09/2014 16:55:11] /i 405
[16/09/2014 16:55:11] /i 405
[16/09/2014 16:55:11] /i 405
[16/09/2014 16:55:12] /i 405
[16/09/2014 16:55:12] /i 405
[16/09/2014 16:55:13] /i 405
[16/09/2014 16:55:14] /i 405
[16/09/2014 16:55:14] /i 405
[16/09/2014 16:55:14] /i 405
[16/09/2014 16:55:15] /i 405
[16/09/2014 16:55:16] /i 405
[16/09/2014 16:55:18] /i 405
[16/09/2014 16:55:18] /i 405
[16/09/2014 16:55:18] /i 405
[16/09/2014 16:55:18] /i 405
[16/09/2014 16:55:19] /i 405
[16/09/2014 16:55:19] /i 405
[16/09/2014 16:55:21] /i 405
[16/09/2014 16:55:21] /i 405
[16/09/2014 16:55:22] /i 405
[16/09/2014 16:55:22] /i 405
[16/09/2014 16:55:22] /i 405
[16/09/2014 16:55:24] /i 405
[16/09/2014 16:55:24] /i 405
[16/09/2014 16:55:24] /i 405
[16/09/2014 16:55:25] /i 405
[16/09/2014 16:55:25] /i 405
[16/09/2014 16:55:25] /i 405
[16/09/2014 16:55:26] /i 405
[16/09/2014 16:55:26] /i 405
[16/09/2014 16:55:27] /i 405
[16/09/2014 16:55:27] /i 405
[16/09/2014 16:55:27] /i 405
[16/09/2014 16:55:28] /i 405
[16/09/2014 16:55:29] /i 405
[16/09/2014 16:55:30] /i 405
[16/09/2014 16:55:31] /i 405
[16/09/2014 16:55:32] /i 405
[16/09/2014 16:55:34] /i 405
[16/09/2014 16:55:35] /i 405
[16/09/2014 16:55:35] /i 405
[16/09/2014 16:55:35] /i 405
[16/09/2014 16:55:36] /i 405
[16/09/2014 16:55:36] /i 405
[16/09/2014 16:55:36] /i 405
[16/09/2014 16:55:38] /i 405
[16/09/2014 16:55:38] /i 405
[16/09/2014 16:55:38] /i 405
[16/09/2014 16:55:39] /i 405
[16/09/2014 16:55:40] /i 405
[16/09/2014 16:55:41] /i 405
[16/09/2014 16:55:41] /i 405
[16/09/2014 16:55:41] /i 405
[16/09/2014 16:55:43] /i 405
[16/09/2014 16:56:21] /i 12727
[16/09/2014 16:56:49] /i 1387
[16/09/2014 16:57:23] /attr pos 1023 1036 7
[16/09/2014 17:00:32] /b portal pro Torneio Aberto no Cp De Saffron Venham Logo q Jaja Vo Fechar.
[16/09/2014 17:00:35] /b portal pro Torneio Aberto no Cp De Saffron Venham Logo q Jaja Vo Fechar.
[16/09/2014 17:00:50] /r
[16/09/2014 17:01:07] /b sem fly sem ride e sem poke na fila
[16/09/2014 17:01:16] /b n vo ler Pms
[16/09/2014 17:01:35] /b portal pro Torneio Aberto no Cp De Saffron Venham Logo q Jaja Vo Fechar.
[16/09/2014 17:03:21] /ghost
[16/09/2014 17:03:29] /b portal pro Torneio Aberto no Cp De Saffron Venham Logo q Jaja Vo Fechar.
[16/09/2014 17:05:11] /b Iamato Vs Khelvyn
[16/09/2014 17:05:45] /i 12727
[16/09/2014 17:07:29] /b Khelvyn Wins
[16/09/2014 17:14:00] /b proxima luta lord pao vs destrutions
[16/09/2014 17:31:06] /r
[16/09/2014 17:36:37] /b Lord pao wins 1    khelvyn 2  destrutions 3 
[16/09/2014 17:37:24] /i 12227
[16/09/2014 17:38:22] /t lord pao
[16/09/2014 17:39:05] /i 2160
[16/09/2014 17:39:07] /i 2160
[16/09/2014 17:39:09] /i 2160
[16/09/2014 17:39:18] /i 2160
[16/09/2014 17:39:20] /i 2160
[16/09/2014 17:40:06] /b flws rapz ate a proxima parabens Lord Pao
[16/09/2014 17:41:08] /ghost
[16/09/2014 17:41:12] /t
[16/09/2014 17:41:47] /r
[16/09/2014 17:44:45] /t
[17/09/2014 15:37:15] /ghost
[17/09/2014 15:37:20] /ghost
[17/09/2014 17:06:09] /r
