[09/09/2014 14:59:29] /ghost
[09/09/2014 14:59:34] /goto [ADM] Gewar
[09/09/2014 15:00:33] /goto [ADM] Gewar
[09/09/2014 15:03:12] /b Reloga
[09/09/2014 15:04:11] /ghost
[09/09/2014 15:04:20] /addskill [adm] andre alkmim,lvl,50000
[09/09/2014 15:04:51] /addskill [adm] andre alkmim,lvl,100000
[09/09/2014 15:05:44] /addskill [gm] lucas ,lvl,100000
[09/09/2014 15:06:43] /i revive
[09/09/2014 15:06:52] /r 100
[09/09/2014 15:06:58] /r 100
[09/09/2014 15:07:07] /r 100
[09/09/2014 15:07:14] /r
[09/09/2014 15:07:18] /r
[09/09/2014 15:07:22] /r
[09/09/2014 15:07:26] /r 100
[09/09/2014 15:07:28] /r 1000
[09/09/2014 15:07:36] /attr set boost 1000
[09/09/2014 15:08:00] /m Moltres
[09/09/2014 15:08:12] /goto [ADM] Gewar
[09/09/2014 15:09:12] /goto [ADM] GEWAR
[09/09/2014 15:09:17] /goto [ADM] GEWAR
[09/09/2014 15:09:25] /goto [adm] gewar
[09/09/2014 15:09:44] /r
[09/09/2014 15:10:12] /goto [adm] gewar
[09/09/2014 15:13:49] /goto [gm] lucas
[09/09/2014 15:15:07] /addskill [adm] andre alkmim ,lvl , 10000
[09/09/2014 15:16:30] /t
[09/09/2014 15:16:56] /bc green lucas viado
[09/09/2014 15:17:09] /bc green zoa <#
[09/09/2014 15:17:21] /bc green zoa <3 
[09/09/2014 15:18:14] /bc green OIA O PICOLE CREMOSO
[09/09/2014 15:21:05] /bc green Voltei
[09/09/2014 15:22:18] /c [gm] lucas
[09/09/2014 15:22:41] /i 2160
[09/09/2014 15:22:42] /i 2160
[09/09/2014 15:22:42] /i 2160
[09/09/2014 15:23:25] /i 2160
[09/09/2014 15:23:26] /i 2160
[09/09/2014 15:24:08] /goto [gm] lucas
[09/09/2014 15:24:27] /goto [adm] gewar
[09/09/2014 15:24:32] /c [gm] lucas
[09/09/2014 15:24:52] /i 2160
[09/09/2014 15:24:52] /i 2160
[09/09/2014 15:24:52] /i 2160
[09/09/2014 15:24:53] /i 2160
[09/09/2014 15:24:53] /i 2160
[09/09/2014 15:24:53] /i 2160
[09/09/2014 15:24:53] /i 2160
[09/09/2014 15:24:54] /i 2160
[09/09/2014 15:24:54] /i 2160
[09/09/2014 15:25:20] /c [gm] lucas
[09/09/2014 15:25:42] /i 2160
[09/09/2014 15:25:42] /i 2160
[09/09/2014 15:25:42] /i 2160
[09/09/2014 15:25:43] /i 2160
[09/09/2014 15:25:43] /i 2160
[09/09/2014 15:25:43] /i 2160
[09/09/2014 15:25:43] /i 2160
[09/09/2014 15:25:44] /i 2160
[09/09/2014 15:25:44] /i 2160
[09/09/2014 15:25:44] /i 2160
[09/09/2014 15:25:44] /i 2160
[09/09/2014 15:25:45] /i 2160
[09/09/2014 15:25:45] /i 2160
[09/09/2014 15:25:45] /i 2160
[09/09/2014 15:25:46] /i 2160
[09/09/2014 15:25:46] /i 2160
[09/09/2014 15:25:46] /i 2160
[09/09/2014 15:25:46] /i 2160
[09/09/2014 15:25:47] /i 2160
[09/09/2014 15:25:47] /i 2160
[09/09/2014 15:26:48] /i 2160
[09/09/2014 15:26:49] /i 2160
[09/09/2014 15:26:49] /i 2160
[09/09/2014 15:26:49] /i 2160
[09/09/2014 15:26:50] /i 2160
[09/09/2014 15:26:50] /i 2160
[09/09/2014 15:26:50] /i 2160
[09/09/2014 15:26:50] /i 2160
[09/09/2014 15:26:51] /i 2160
[09/09/2014 15:26:51] /i 2160
[09/09/2014 15:26:51] /i 2160
[09/09/2014 15:26:52] /i 2160
[09/09/2014 15:26:52] /i 2160
[09/09/2014 15:26:52] /i 2160
[09/09/2014 15:26:53] /i 2160
[09/09/2014 15:26:53] /i 2160
[09/09/2014 15:26:53] /i 2160
[09/09/2014 15:26:53] /i 2160
[09/09/2014 15:26:54] /i 2160
[09/09/2014 15:26:54] /i 2160
[09/09/2014 15:26:54] /i 2160
[09/09/2014 15:26:54] /i 2160
[09/09/2014 15:26:55] /i 2160
[09/09/2014 15:26:55] /i 2160
[09/09/2014 15:26:55] /i 2160
[09/09/2014 15:27:00] /r
[09/09/2014 15:27:01] /r
[09/09/2014 15:27:02] /r
[09/09/2014 15:27:02] /r
[09/09/2014 15:27:03] /r
[09/09/2014 15:27:03] /r
[09/09/2014 15:27:03] /r
[09/09/2014 15:27:04] /r
[09/09/2014 15:27:04] /r
[09/09/2014 15:27:04] /r
[09/09/2014 15:27:05] /r
[09/09/2014 15:27:05] /r
[09/09/2014 15:27:06] /r
[09/09/2014 15:27:06] /r
[09/09/2014 15:27:06] /r
[09/09/2014 15:27:08] /r 100
[09/09/2014 15:27:10] /i 2160
[09/09/2014 15:27:19] /goto [adm] gewar
[09/09/2014 15:28:20] /r 100
[09/09/2014 15:28:21] /r 100
[09/09/2014 15:28:21] /r 100
[09/09/2014 15:28:22] /r 100
[09/09/2014 15:28:22] /r 100
[09/09/2014 15:28:23] /r 100
[09/09/2014 15:28:23] /r 100
[09/09/2014 15:28:25] /r 100
[09/09/2014 15:28:28] /r 100
[09/09/2014 15:28:29] /r 100
[09/09/2014 15:28:29] /r 100
[09/09/2014 15:28:31] /r 100
[09/09/2014 15:28:33] /r 100
[09/09/2014 15:28:34] /r 100
[09/09/2014 15:28:35] /r 100
[09/09/2014 15:28:36] /r 100
[09/09/2014 15:28:37] /r 100
[09/09/2014 15:28:39] /r 100
[09/09/2014 15:28:40] /r 100
[09/09/2014 15:28:41] /r 100
[09/09/2014 15:28:42] /r 100
[09/09/2014 15:28:43] /r 100
[09/09/2014 15:28:46] /r 100
[09/09/2014 15:28:46] /r 100
[09/09/2014 15:28:47] /r 100
[09/09/2014 15:28:47] /r 100
[09/09/2014 15:28:48] /r 100
[09/09/2014 15:28:49] /r 100
[09/09/2014 15:28:51] /r 100
[09/09/2014 15:28:52] /r 100
[09/09/2014 15:28:53] /r 100
[09/09/2014 15:28:55] /r 100
[09/09/2014 15:28:57] /r 100
[09/09/2014 15:28:58] /ghost
[09/09/2014 15:29:54] /bc green ok
[09/09/2014 15:30:12] /r 100
[09/09/2014 15:30:17] /r 100
[09/09/2014 15:36:10] /r 100
[09/09/2014 15:36:10] /r 100
[09/09/2014 15:36:11] /r 100
[09/09/2014 15:36:11] /r 100
[09/09/2014 15:36:11] /r 100
[09/09/2014 15:36:12] /r 100
[09/09/2014 15:36:12] /r 100
[09/09/2014 15:36:12] /r 100
[09/09/2014 15:36:13] /r 100
[09/09/2014 15:36:13] /r 100
[09/09/2014 15:36:13] /r 100
[09/09/2014 15:36:14] /r 100
[09/09/2014 15:36:14] /r 100
[09/09/2014 15:36:14] /r 100
[09/09/2014 15:36:15] /r 100
[09/09/2014 15:36:15] /r 100
[09/09/2014 15:36:15] /r 100
[09/09/2014 15:36:16] /r 100
[09/09/2014 15:36:16] /r 100
[09/09/2014 15:36:16] /r 100
[09/09/2014 15:36:17] /r 100
[09/09/2014 15:36:17] /r 100
[09/09/2014 15:36:17] /r 100
[09/09/2014 15:36:18] /r 100
[09/09/2014 15:36:18] /r 100
[09/09/2014 15:36:18] /r 100
[09/09/2014 15:36:19] /r 100
[09/09/2014 15:36:19] /r 100
[09/09/2014 15:36:19] /r 100
[09/09/2014 15:36:21] /t
[09/09/2014 15:42:46] /bc green 15:42 New record: 16 players are logged in.
[09/09/2014 15:44:09] /ghost
[09/09/2014 15:44:11] /ghost
[09/09/2014 15:44:20] /goto leno maicon
[09/09/2014 15:45:20] /t
[09/09/2014 15:45:44] /bc green Da Staff Sou Eu '--'  Andre Alkmim
[09/09/2014 15:45:59] /goto Revolution
[09/09/2014 15:46:09] /t
[09/09/2014 15:46:51] /addskill [adm] andre alkmim , lvl , 100000
[09/09/2014 15:47:27] /bc green Quade Cyan Lvl 99
[09/09/2014 15:48:18] /b Go Go Galera Divulgem ae
[09/09/2014 15:56:56] /goto shadows white
[09/09/2014 15:57:03] /i 2160
[09/09/2014 15:57:03] /i 2160
[09/09/2014 15:57:04] /i 2160
[09/09/2014 15:57:04] /i 2160
[09/09/2014 15:57:14] /i 2160
[09/09/2014 15:57:17] /i 2160
[09/09/2014 15:57:48] /t
[09/09/2014 16:06:48] /goto shadows white
[09/09/2014 16:07:08] /attr set boost 100
[09/09/2014 16:07:12] /r
[09/09/2014 16:08:04] /attr set boost 50
[09/09/2014 16:08:29] /t
[09/09/2014 16:08:43] /i 13975
[09/09/2014 16:09:02] /i 13947
[09/09/2014 16:09:06] /goto shadows white
[09/09/2014 16:10:04] /addskill [gm] lucas , lvl , 85
[09/09/2014 16:14:58] /t
[09/09/2014 16:15:08] /b Galera Afk aqui
[09/09/2014 16:15:17] /t shadows white
[09/09/2014 16:20:07] /town 4
[09/09/2014 16:20:30] /addskill shadows white , lvl , 30
[09/09/2014 16:21:15] /addskill shadows white , lvl , 50
[09/09/2014 16:26:18] /addskill shadows white , fishing , 40
[09/09/2014 16:38:29] /b Galera quem quer aparecer?? Mande uma pm para mostrar qual poke vc capturou 
[09/09/2014 16:38:38] /b Tem que ser um poke Bom
[09/09/2014 16:38:46] /b 16:38 Shadows White: 16:39 Congratulations, you caught a pokemon (Shiny Machamp)!
[09/09/2014 16:38:51] /b Esse Ai foi Bom
[09/09/2014 16:39:10] /goto shadows white
[09/09/2014 16:39:19] /i boost stone
[09/09/2014 16:41:45] /b Go Go Galera mandem pm pra eu mandar no /b 
[09/09/2014 16:41:45] /t
[09/09/2014 16:44:36] /b 16:44 Tia Girl: 16:43 Congratulations, you caught a pokemon (Tyrogue)!
[09/09/2014 16:44:41] /goto shadows white
[09/09/2014 16:44:51] /t
[09/09/2014 16:45:11] /i 13975 
[09/09/2014 16:45:17] /i 13975
[09/09/2014 16:46:07] /i 13989
[09/09/2014 16:46:11] /i 13989
[09/09/2014 16:46:31] /town 4
[09/09/2014 16:46:36] /goto shadows white
[09/09/2014 16:48:11] /t
[09/09/2014 16:48:13] /t shadows white
[09/09/2014 20:57:37] /town 4
[09/09/2014 20:57:43] /i 2160
[09/09/2014 20:57:44] /i 2160
[09/09/2014 20:57:44] /i 2160
[09/09/2014 20:57:44] /i 2160
[09/09/2014 20:57:45] /i 2160
[09/09/2014 20:57:45] /i 2160
[09/09/2014 20:58:12] /i 2160
[09/09/2014 20:58:13] /i 2160
[09/09/2014 20:58:13] /i 2160
[09/09/2014 20:58:13] /i 2160
[09/09/2014 20:58:13] /i 2160
[09/09/2014 20:58:13] /i 2160
[09/09/2014 20:58:14] /i 2160
[09/09/2014 20:58:14] /i 2160
[09/09/2014 20:58:16] /i 2160
[09/09/2014 20:58:16] /i 2160
[09/09/2014 20:58:57] /c Shadows White
[09/09/2014 20:59:29] /b Voltei '--'
[09/09/2014 21:02:45] /addskill shadows white , lvl , 200
[09/09/2014 21:03:15] /b Galera não da pra responder pm agr
[09/09/2014 21:05:43] /b Quem e o Top lvl?
[09/09/2014 21:06:00] /b Falem no help o Top Lvl
[09/09/2014 21:07:51] /b Shadows White lvl 490 o top lvl
[09/09/2014 21:08:35] /i 13685
[09/09/2014 21:08:46] /r
[09/09/2014 21:08:52] /i 12684
[09/09/2014 21:09:02] /i 12685
[09/09/2014 21:09:02] /i 12685
[09/09/2014 21:09:09] /goto Shadows white
[09/09/2014 21:10:27] /i 2160
[09/09/2014 21:10:27] /i 2160
[09/09/2014 21:10:27] /i 2160
[09/09/2014 21:10:28] /i 2160
[09/09/2014 21:10:28] /i 2160
[09/09/2014 21:10:28] /i 2160
[09/09/2014 21:10:29] /i 2160
[09/09/2014 21:10:29] /i 2160
[09/09/2014 21:10:29] /i 2160
[09/09/2014 21:10:30] /i 2160
[09/09/2014 21:10:30] /i 2160
[09/09/2014 21:10:30] /i 2160
[09/09/2014 21:11:11] /town 4
[09/09/2014 21:11:46] /goto shadows white
[09/09/2014 21:15:03] /t shadows white
[09/09/2014 21:15:45] /b QUem Ficar Trapando Vai Levar notation a cada 3 notation 1 ban
[09/09/2014 21:17:37] /t shadows white
[09/09/2014 21:21:30] /bc green GALERA NÃO VOU PERDOAR SE FICAREM MAIS DE 5 SEGUNDOS PARADO NO MESMO LUGAR VAI SER NOTATION 3 NOTATION 1 BAN
[09/09/2014 21:21:31] /bc green GALERA NÃO VOU PERDOAR SE FICAREM MAIS DE 5 SEGUNDOS PARADO NO MESMO LUGAR VAI SER NOTATION 3 NOTATION 1 BAN
[09/09/2014 21:21:32] /bc green GALERA NÃO VOU PERDOAR SE FICAREM MAIS DE 5 SEGUNDOS PARADO NO MESMO LUGAR VAI SER NOTATION 3 NOTATION 1 BAN
[09/09/2014 21:21:32] /bc green GALERA NÃO VOU PERDOAR SE FICAREM MAIS DE 5 SEGUNDOS PARADO NO MESMO LUGAR VAI SER NOTATION 3 NOTATION 1 BAN
[09/09/2014 21:21:32] /bc green GALERA NÃO VOU PERDOAR SE FICAREM MAIS DE 5 SEGUNDOS PARADO NO MESMO LUGAR VAI SER NOTATION 3 NOTATION 1 BAN
[09/09/2014 21:21:33] /bc green GALERA NÃO VOU PERDOAR SE FICAREM MAIS DE 5 SEGUNDOS PARADO NO MESMO LUGAR VAI SER NOTATION 3 NOTATION 1 BAN
[09/09/2014 21:21:59] /bc green GALERA NÃO VOU PERDOAR SE FICAREM MAIS DE 5 SEGUNDOS PARADO NO MESMO LUGAR VAI SER NOTATION 3 NOTATION 1 BAN
[09/09/2014 21:22:00] /bc green GALERA NÃO VOU PERDOAR SE FICAREM MAIS DE 5 SEGUNDOS PARADO NO MESMO LUGAR VAI SER NOTATION 3 NOTATION 1 BAN
[09/09/2014 21:22:00] /bc green GALERA NÃO VOU PERDOAR SE FICAREM MAIS DE 5 SEGUNDOS PARADO NO MESMO LUGAR VAI SER NOTATION 3 NOTATION 1 BAN
[09/09/2014 21:22:35] /goto [adm] gewar
[09/09/2014 21:23:08] /goto [adm] gewar
[09/09/2014 21:26:16] /b Voltei
[09/09/2014 21:27:08] /b Galera Parem de Se Chingar
[09/09/2014 21:27:17] /b Porfavor Tenhan Respeito
[09/09/2014 21:27:46] /t
[09/09/2014 21:28:26] /c shadows white
[09/09/2014 21:30:14] /i boost stone 
[09/09/2014 21:30:14] /i boost stone 
[09/09/2014 21:30:14] /i boost stone 
[09/09/2014 21:30:15] /i boost stone 
[09/09/2014 21:30:15] /i boost stone 
[09/09/2014 21:31:06] /b 
[09/09/2014 21:32:50] /b 21:32 New record: 29 players are logged in.
[09/09/2014 21:33:00] /b Galera o Rank Atualizou Falem !rank Para Ver quem e o top agr
[09/09/2014 21:33:02] /b Galera o Rank Atualizou Falem !rank Para Ver quem e o top agr
[09/09/2014 21:33:17] /i master ball
[09/09/2014 21:33:27] /i dark ball
[09/09/2014 21:34:01] /i shiny blastoise
[09/09/2014 21:34:18] /attr set boost 50
[09/09/2014 21:34:37] /attr set boost 50
[09/09/2014 21:36:26] /attr set boost 50
[09/09/2014 21:36:40] /attr set boost 50
[09/09/2014 21:37:18] /b Não VOu responder pm estou ocupado
[09/09/2014 21:38:29] /t
[09/09/2014 21:38:46] /goto shadows white
[09/09/2014 21:38:55] /i 13975
[09/09/2014 21:38:56] /i 13975
[09/09/2014 21:38:56] /i 13975
[09/09/2014 21:38:56] /i 13975
[09/09/2014 21:39:21] /i 13975
[09/09/2014 21:39:49] /i 13989
[09/09/2014 21:39:49] /i 13989
[09/09/2014 21:39:50] /i 13989
[09/09/2014 21:39:50] /i 13989
[09/09/2014 21:39:50] /i 13989
[09/09/2014 21:40:30] /t shadows white
[09/09/2014 21:40:31] /t
[09/09/2014 21:44:46] /b AFK AQUI VOU JANTAR
[09/09/2014 21:44:57] /goto Enemy
[09/09/2014 21:45:09] /goto revolution
[09/09/2014 22:03:38] /b Ja Acabou Evento?
[09/09/2014 22:40:12] /addskill shadows white , lvl , 30
[10/09/2014 11:37:44] /bc green Digite !rank Para Saber QUem é o Top Lvl :)
[10/09/2014 11:37:45] /bc green Digite !rank Para Saber QUem é o Top Lvl :)
[10/09/2014 11:37:45] /bc green Digite !rank Para Saber QUem é o Top Lvl :)
[10/09/2014 11:37:47] /bc green Digite !rank Para Saber QUem é o Top Lvl :)
[10/09/2014 11:41:48] /ghost
[10/09/2014 11:44:52] /r
[10/09/2014 11:45:23] /r
[10/09/2014 11:45:59] /town 4
[10/09/2014 11:46:06] /c shadows white
[10/09/2014 11:46:12] /ghost
[10/09/2014 11:46:23] /b Não vou responder pm agr estou ocupado
[10/09/2014 11:46:31] /c shadows white
[10/09/2014 11:46:36] /t
[10/09/2014 11:46:55] /i 13975
[10/09/2014 11:46:56] /i 13975
[10/09/2014 11:46:57] /i 13975
[10/09/2014 11:46:57] /i 13975
[10/09/2014 11:46:59] /i 13975
[10/09/2014 11:47:01] /i 13975
[10/09/2014 11:47:11] /i 13989
[10/09/2014 11:47:11] /i 13989
[10/09/2014 11:47:12] /i 13989
[10/09/2014 11:47:12] /i 13989
[10/09/2014 11:47:13] /i 13989
[10/09/2014 11:47:19] /goto shadows white
[10/09/2014 11:48:37] /t
[10/09/2014 11:48:59] /t
[10/09/2014 11:49:24] /town 4
[10/09/2014 11:55:12] /i 12227
[10/09/2014 11:55:14] /i 12227
[10/09/2014 11:55:14] /i 12227
[10/09/2014 11:55:26] /r
[10/09/2014 11:55:30] /r
[10/09/2014 11:55:36] /attr set boost 50
[10/09/2014 11:56:09] /i 12227
[10/09/2014 11:56:10] /i 12227
[10/09/2014 11:56:10] /i 12227
[10/09/2014 11:56:11] /i 12227
[10/09/2014 11:56:21] /r
[10/09/2014 11:56:25] /r
[10/09/2014 11:56:28] /r
[10/09/2014 11:56:31] /r
[10/09/2014 11:56:31] /r
[10/09/2014 11:56:32] /i 12227
[10/09/2014 11:56:33] /i 12227
[10/09/2014 11:56:33] /i 12227
[10/09/2014 11:56:33] /i 12227
[10/09/2014 11:56:34] /i 12227
[10/09/2014 11:56:34] /i 12227
[10/09/2014 11:56:34] /i 12227
[10/09/2014 11:56:34] /i 12227
[10/09/2014 11:56:35] /i 12227
[10/09/2014 11:56:35] /i 12227
[10/09/2014 11:56:51] /attr set boost 50
[10/09/2014 11:57:02] /attr set boost 50
[10/09/2014 11:57:29] /r
[10/09/2014 11:57:30] /r
[10/09/2014 11:57:30] /r
[10/09/2014 11:57:31] /r
[10/09/2014 11:57:31] /r
[10/09/2014 11:57:34] /r
[10/09/2014 11:57:35] /r
[10/09/2014 11:57:38] /r
[10/09/2014 11:57:38] /i 12227
[10/09/2014 11:57:40] /i 12227
[10/09/2014 11:57:40] /i 12227
[10/09/2014 11:57:40] /i 12227
[10/09/2014 11:57:51] /r
[10/09/2014 11:58:08] /r
[10/09/2014 11:58:15] /r
[10/09/2014 11:58:39] /r
[10/09/2014 11:58:41] /i 12227
[10/09/2014 11:58:41] /i 12227
[10/09/2014 11:58:41] /i 12227
[10/09/2014 11:58:42] /i 12227
[10/09/2014 11:58:42] /i 12227
[10/09/2014 11:58:42] /i 12227
[10/09/2014 11:58:43] /i 12227
[10/09/2014 11:58:43] /i 12227
[10/09/2014 11:58:56] /attr set boost 50
[10/09/2014 11:59:06] /r
[10/09/2014 11:59:11] /r
[10/09/2014 11:59:21] /r
[10/09/2014 11:59:21] /r
[10/09/2014 11:59:22] /r
[10/09/2014 11:59:22] /r
[10/09/2014 11:59:33] /attr set boost 50
[10/09/2014 11:59:51] /i 12227
[10/09/2014 11:59:52] /i 12227
[10/09/2014 11:59:52] /i 12227
[10/09/2014 11:59:53] /i 12227
[10/09/2014 11:59:53] /i 12227
[10/09/2014 11:59:53] /i 12227
[10/09/2014 12:00:05] /r
[10/09/2014 12:00:11] /r
[10/09/2014 12:00:14] /r
[10/09/2014 12:00:19] /r
[10/09/2014 12:00:22] /r
[10/09/2014 12:00:26] /r
[10/09/2014 12:00:29] /i 12227
[10/09/2014 12:00:30] /i 12227
[10/09/2014 12:00:30] /i 12227
[10/09/2014 12:00:30] /i 12227
[10/09/2014 12:00:30] /i 12227
[10/09/2014 12:00:31] /i 12227
[10/09/2014 12:00:31] /i 12227
[10/09/2014 12:00:31] /i 12227
[10/09/2014 12:00:32] /i 12227
[10/09/2014 12:00:32] /i 12227
[10/09/2014 12:00:32] /i 12227
[10/09/2014 12:01:14] /r
[10/09/2014 12:01:14] /r
[10/09/2014 12:01:14] /r
[10/09/2014 12:01:15] /r
[10/09/2014 12:01:15] /r
[10/09/2014 12:01:15] /r
[10/09/2014 12:01:16] /r
[10/09/2014 12:01:16] /r
[10/09/2014 12:01:16] /r
[10/09/2014 12:01:17] /r
[10/09/2014 12:01:17] /r
[10/09/2014 12:01:17] /r
[10/09/2014 12:01:21] /i 12227
[10/09/2014 12:01:21] /i 12227
[10/09/2014 12:01:21] /i 12227
[10/09/2014 12:01:22] /i 12227
[10/09/2014 12:01:35] /r
[10/09/2014 12:01:36] /r
[10/09/2014 12:01:36] /r
[10/09/2014 12:01:44] /attr set boost 50
[10/09/2014 12:02:30] /t shadows white
[10/09/2014 12:02:31] /t
[10/09/2014 12:04:07] /i 2160
[10/09/2014 12:04:10] /i 2160
[10/09/2014 12:04:10] /i 2160
[10/09/2014 12:04:10] /i 2160
[10/09/2014 12:04:10] /i 2160
[10/09/2014 12:04:10] /i 2160
[10/09/2014 12:04:10] /i 2160
[10/09/2014 12:14:40] /attr set boost 50
[10/09/2014 12:14:59] /ghost
[10/09/2014 12:15:27] /ghost
[10/09/2014 20:28:48] /town 4
[10/09/2014 20:32:15] /m mega lucario
[10/09/2014 20:32:18] /r
[10/09/2014 20:32:26] /t
[10/09/2014 20:44:52] /goto [adm] gewar
[10/09/2014 20:46:30] /m yvetal
[10/09/2014 20:48:00] /addskill [adm] gewar , lvl , 1000
[10/09/2014 20:48:00] /addskill [adm] gewar , lvl , 1000
[10/09/2014 20:48:00] /addskill [adm] gewar , lvl , 1000
[10/09/2014 20:48:01] /addskill [adm] gewar , lvl , 1000
[10/09/2014 20:48:01] /addskill [adm] gewar , lvl , 1000
[10/09/2014 20:48:01] /addskill [adm] gewar , lvl , 1000
[10/09/2014 20:48:17] /addskill [adm] gewar , lvl , 1000
[10/09/2014 20:48:17] /addskill [adm] gewar , lvl , 1000
[10/09/2014 20:48:17] /addskill [adm] gewar , lvl , 1000
[10/09/2014 20:48:18] /addskill [adm] gewar , lvl , 1000
[10/09/2014 20:48:19] /addskill [adm] gewar , lvl , 1000
[10/09/2014 20:48:19] /addskill [adm] gewar , lvl , 1000
[10/09/2014 20:48:19] /addskill [adm] gewar , lvl , 1000/addskill [adm] gewar , lvl , 1000
[10/09/2014 20:48:21] /addskill [adm] gewar , lvl , 1000/addskill [adm] gewar , lvl , 1000
[10/09/2014 20:48:21] /addskill [adm] gewar , lvl , 1000
[10/09/2014 20:48:22] /addskill [adm] gewar , lvl , 1000
[10/09/2014 20:48:22] /addskill [adm] gewar , lvl , 1000
[10/09/2014 20:48:23] /addskill [adm] gewar , lvl , 1000
[10/09/2014 20:48:23] /addskill [adm] gewar , lvl , 1000
[10/09/2014 20:48:23] /addskill [adm] gewar , lvl , 1000
[10/09/2014 20:48:23] /addskill [adm] gewar , lvl , 1000
[10/09/2014 20:48:24] /addskill [adm] gewar , lvl , 1000
[10/09/2014 20:48:24] /addskill [adm] gewar , lvl , 1000/addskill [adm] gewar , lvl , 1000
[10/09/2014 20:48:25] /addskill [adm] gewar , lvl , 1000
[10/09/2014 20:48:25] /addskill [adm] gewar , lvl , 1000
[10/09/2014 20:48:26] /addskill [adm] gewar , lvl , 1000
[10/09/2014 20:48:27] /addskill [adm] gewar , lvl , 1000
[10/09/2014 20:48:27] /addskill [adm] gewar , lvl , 1000
[10/09/2014 20:48:27] /addskill [adm] gewar , lvl , 1000
[10/09/2014 20:48:45] /addskill [adm] andre alkmim , lvl , 10000
[10/09/2014 20:48:46] /addskill [adm] andre alkmim , lvl , 10000
[10/09/2014 20:48:46] /addskill [adm] andre alkmim , lvl , 10000
[10/09/2014 20:48:53] /addskill [adm] andre alkmim , lvl , 10000
[10/09/2014 20:49:02] /m yvetal
[10/09/2014 20:50:08] /m xerneas
[10/09/2014 20:50:35] /i revive
[10/09/2014 20:50:38] /i revive
[10/09/2014 20:50:47] /r 100
[10/09/2014 20:50:47] /r 100
[10/09/2014 20:50:48] /r 100
[10/09/2014 20:50:48] /r 100
[10/09/2014 20:50:48] /r 100
[10/09/2014 20:50:49] /r 100
[10/09/2014 21:02:27] /t
[10/09/2014 21:17:59] /t
[10/09/2014 23:15:08] /r
[10/09/2014 23:15:13] /ghost
[10/09/2014 23:15:20] /ghost
[10/09/2014 23:35:18] /town 4
[10/09/2014 23:35:22] /c [adm] gewar
[10/09/2014 23:37:46] /s xerneas
[10/09/2014 23:38:03] /r
[10/09/2014 23:38:26] /m yevetal
[10/09/2014 23:38:28] /m yvetal
[10/09/2014 23:39:36] /goto [adm] gewar
[10/09/2014 23:40:20] /m yvetal
[10/09/2014 23:40:23] /s yvetal
[10/09/2014 23:40:28] /m yevetal
[10/09/2014 23:41:15] /goto [adm] gewar
[10/09/2014 23:42:10] /c shadows white
[10/09/2014 23:43:15] /t shadows white
[10/09/2014 23:46:30] /m mega lucario
[10/09/2014 23:46:42] /m blastoise
[10/09/2014 23:46:45] /r
[10/09/2014 23:46:48] /m mega blastoise
[10/09/2014 23:47:04] /r
[10/09/2014 23:47:08] /r
[10/09/2014 23:48:18] /addskill [adm] andre alkmim , fishing , 10000000
[10/09/2014 23:48:24] /addskill [adm] andre alkmim , fishing , 1000
[10/09/2014 23:48:29] /addskill [adm] andre alkmim , fishing , 10
[10/09/2014 23:48:33] /addskill [adm] andre alkmim , fishing , 50
[10/09/2014 23:48:34] /addskill [adm] andre alkmim , fishing , 50
[10/09/2014 23:48:34] /addskill [adm] andre alkmim , fishing , 50
[10/09/2014 23:48:35] /addskill [adm] andre alkmim , fishing , 50
[10/09/2014 23:48:37] /addskill [adm] andre alkmim , fishing , 50
[10/09/2014 23:48:37] /addskill [adm] andre alkmim , fishing , 50
[10/09/2014 23:48:38] /addskill [adm] andre alkmim , fishing , 50
[10/09/2014 23:48:38] /addskill [adm] andre alkmim , fishing , 50
[10/09/2014 23:48:41] /addskill [adm] andre alkmim , fishing , 30
[10/09/2014 23:48:47] /addskill [adm] andre alkmim , fishing ,10
[10/09/2014 23:48:50] /addskill [adm] andre alkmim , fishing , 50
[10/09/2014 23:48:51] /addskill [adm] andre alkmim , fishing , 50
[10/09/2014 23:48:52] /addskill [adm] andre alkmim , fishing , 50
[10/09/2014 23:48:52] /addskill [adm] andre alkmim , fishing , 50
[10/09/2014 23:48:52] /addskill [adm] andre alkmim , fishing , 50
[10/09/2014 23:48:53] /addskill [adm] andre alkmim , fishing , 50
[10/09/2014 23:48:53] /addskill [adm] andre alkmim , fishing , 50
[10/09/2014 23:48:53] /addskill [adm] andre alkmim , fishing , 50
[10/09/2014 23:48:53] /addskill [adm] andre alkmim , fishing , 50
[10/09/2014 23:48:57] /addskill [adm] andre alkmim , fishing , 60
[10/09/2014 23:48:58] /addskill [adm] andre alkmim , fishing , 60
[10/09/2014 23:48:58] /addskill [adm] andre alkmim , fishing , 60
[10/09/2014 23:48:58] /addskill [adm] andre alkmim , fishing , 60
[10/09/2014 23:48:59] /addskill [adm] andre alkmim , fishing , 60
[10/09/2014 23:49:01] /addskill [adm] andre alkmim , fishing , 30
[10/09/2014 23:49:02] /addskill [adm] andre alkmim , fishing , 30
[10/09/2014 23:49:02] /addskill [adm] andre alkmim , fishing , 30
[10/09/2014 23:49:02] /addskill [adm] andre alkmim , fishing , 30
[10/09/2014 23:49:03] /addskill [adm] andre alkmim , fishing , 30
[10/09/2014 23:49:03] /addskill [adm] andre alkmim , fishing , 30
[10/09/2014 23:49:04] /addskill [adm] andre alkmim , fishing , 30
[10/09/2014 23:49:12] /addskill [adm] andre alkmim , fishing , 90
[10/09/2014 23:49:14] /addskill [adm] andre alkmim , fishing , 90
[10/09/2014 23:49:15] /addskill [adm] andre alkmim , fishing , 90
[10/09/2014 23:49:16] /addskill [adm] andre alkmim , fishing , 90
[10/09/2014 23:54:27] /m mega charizard x
[10/09/2014 23:55:04] /s mega charizard x
[10/09/2014 23:55:14] /r
[10/09/2014 23:58:41] /m shiny tropius
[10/09/2014 23:58:46] /s shiny tropius
[10/09/2014 23:59:54] /r
[10/09/2014 23:59:58] /m xerneas
[10/09/2014 23:59:59] /m xerneas
[10/09/2014 23:59:59] /m xerneas
[10/09/2014 23:59:59] /m xerneas
[11/09/2014 00:00:25] /s moltres
[11/09/2014 00:00:26] /s moltres
[11/09/2014 00:00:26] /s moltres
[11/09/2014 00:01:25] /s yveltal
[11/09/2014 00:07:04] /m mini moltres
[11/09/2014 00:07:19] /s mini moltres
[11/09/2014 00:07:22] /s mini articuno
[11/09/2014 00:07:27] /i mini zaptos
[11/09/2014 00:07:32] /r
[11/09/2014 00:07:33] /r
[11/09/2014 00:19:53] /s mini zaptos
[11/09/2014 00:20:01] /s mini zaptors
[11/09/2014 00:37:09] /ghost
[11/09/2014 00:37:14] /ghost
[11/09/2014 00:37:18] /goto doidao
[11/09/2014 18:19:24] /t
[11/09/2014 18:20:47] /goto [adm] gewar
[11/09/2014 18:21:08] /r
[11/09/2014 18:21:53] /s Reshiram MVP
[11/09/2014 18:38:51] /goto [gm] lucas
[11/09/2014 18:39:14] /goto [gm] lucas
[11/09/2014 18:39:28] /ghost
[11/09/2014 18:39:30] /ghost
[11/09/2014 18:39:42] /m salamence
[11/09/2014 18:39:42] /m salamence
[11/09/2014 18:39:42] /m salamence
[11/09/2014 18:39:42] /m salamence
[11/09/2014 18:39:42] /m salamence
[11/09/2014 18:39:42] /m salamence
[11/09/2014 18:39:43] /m salamence
[11/09/2014 18:39:43] /m salamence
[11/09/2014 18:39:43] /m salamence
[11/09/2014 18:39:44] /m salamence
[11/09/2014 18:39:44] /m salamence
[11/09/2014 18:39:45] /m salamence
[11/09/2014 18:39:45] /m salamence
[11/09/2014 18:39:45] /m salamence
[11/09/2014 18:39:45] /m salamence
[11/09/2014 18:39:46] /m salamence
[11/09/2014 18:39:46] /m salamence
[11/09/2014 18:39:47] /m salamence
[11/09/2014 18:39:47] /m salamence
[11/09/2014 18:39:47] /m salamence
[11/09/2014 18:39:47] /m salamence
[11/09/2014 18:39:48] /m salamence
[11/09/2014 18:39:48] /m salamence
[11/09/2014 18:39:48] /m salamence
[11/09/2014 18:39:49] /m salamence
[11/09/2014 18:39:49] /m salamence
[11/09/2014 18:39:49] /m salamence
[11/09/2014 18:39:50] /m salamence
[11/09/2014 18:39:50] /m salamence
[11/09/2014 18:39:50] /m salamence
[11/09/2014 18:39:51] /m salamence
[11/09/2014 18:39:51] /m salamence
[11/09/2014 18:39:51] /m salamence
[11/09/2014 18:39:52] /m salamence
[11/09/2014 18:39:52] /m salamence
[11/09/2014 18:39:52] /m salamence
[11/09/2014 18:39:52] /m salamence
[11/09/2014 18:39:53] /m salamence
[11/09/2014 18:39:56] /m salamence
[11/09/2014 18:39:56] /m salamence
[11/09/2014 18:39:56] /m salamence
[11/09/2014 18:39:56] /m salamence
[11/09/2014 18:39:56] /m salamence
[11/09/2014 18:39:56] /m salamence
[11/09/2014 18:39:56] /m salamence
[11/09/2014 18:39:56] /m salamence
[11/09/2014 18:39:57] /m salamence
[11/09/2014 18:39:57] /m salamence
[11/09/2014 18:39:57] /m salamence
[11/09/2014 18:39:58] /m salamence
[11/09/2014 18:39:58] /m salamence
[11/09/2014 18:39:59] /m salamence
[11/09/2014 18:39:59] /m salamence
[11/09/2014 18:40:00] /m salamence/m salamence
[11/09/2014 18:40:01] /m salamence/m salamence/m salamence
[11/09/2014 18:40:01] /m salamence
[11/09/2014 18:40:02] /m salamence
[11/09/2014 18:40:02] /m salamence
[11/09/2014 18:40:02] /m salamence
[11/09/2014 18:40:03] /m salamence
[11/09/2014 18:40:03] /m salamence
[11/09/2014 18:40:04] /m salamence
[11/09/2014 18:40:04] /m salamence
[11/09/2014 18:40:04] /m salamence
[11/09/2014 18:40:05] /m salamence
[11/09/2014 18:40:05] /m salamence
[11/09/2014 18:40:06] /m salamence
[11/09/2014 18:40:07] /m salamencev/m salamence
[11/09/2014 18:40:23] /m taranytar
[11/09/2014 18:40:23] /m taranytar
[11/09/2014 18:40:24] /m taranytar
[11/09/2014 18:40:24] /m taranytar
[11/09/2014 18:40:24] /m taranytar
[11/09/2014 18:40:25] /m taranytar
[11/09/2014 18:40:25] /m taranytar
[11/09/2014 18:40:33] /m Dragon Machamp
[11/09/2014 18:40:34] /m Dragon Machamp
[11/09/2014 18:40:34] /m Dragon Machamp
[11/09/2014 18:40:34] /m Dragon Machamp
[11/09/2014 18:40:34] /m Dragon Machamp
[11/09/2014 18:40:35] /m Dragon Machamp
[11/09/2014 18:40:36] /m Dragon Machamp/m Dragon Machamp
[11/09/2014 18:40:36] /m Dragon Machamp
[11/09/2014 18:40:36] /m Dragon Machamp
[11/09/2014 18:40:37] /m Dragon Machamp
[11/09/2014 18:40:37] /m Dragon Machamp
[11/09/2014 18:40:38] /m Dragon Machamp
[11/09/2014 18:40:38] /m Dragon Machamp
[11/09/2014 18:40:38] /m Dragon Machamp
[11/09/2014 18:40:40] /m Dragon Machamp
[11/09/2014 18:40:42] /m Dragon Machamp
[11/09/2014 18:40:42] /m Dragon Machamp
[11/09/2014 18:40:42] /m Dragon Machamp
[11/09/2014 18:40:42] /m Dragon Machamp
[11/09/2014 18:40:42] /m Dragon Machamp
[11/09/2014 18:40:42] /m Dragon Machamp
[11/09/2014 18:40:42] /m Dragon Machamp
[11/09/2014 18:40:43] /m Dragon Machamp
[11/09/2014 18:40:43] /m Dragon Machamp
[11/09/2014 18:40:43] /m Dragon Machamp
[11/09/2014 18:40:44] /m Dragon Machamp
[11/09/2014 18:40:44] /m Dragon Machamp
[11/09/2014 18:40:44] /m Dragon Machamp
[11/09/2014 18:40:45] /m Dragon Machamp
[11/09/2014 18:40:45] /m Dragon Machamp
[11/09/2014 18:40:46] /m Dragon Machamp
[11/09/2014 18:40:46] /m Dragon Machamp
[11/09/2014 18:40:46] /m Dragon Machamp
[11/09/2014 18:40:47] /m Dragon Machamp
[11/09/2014 18:40:47] /m Dragon Machamp
[11/09/2014 18:40:47] /m Dragon Machamp
[11/09/2014 18:40:48] /m Dragon Machamp
[11/09/2014 18:40:48] /m Dragon Machamp
[11/09/2014 18:40:48] /m Dragon Machamp
[11/09/2014 18:40:49] /m Dragon Machamp
[11/09/2014 18:40:49] /m Dragon Machamp
[11/09/2014 18:40:50] /m Dragon Machamp
[11/09/2014 18:40:50] /m Dragon Machamp
[11/09/2014 18:40:50] /m Dragon Machamp
[11/09/2014 18:40:51] /m Dragon Machamp
[11/09/2014 18:40:51] /m Dragon Machamp
[11/09/2014 18:40:53] /m Dragon Machamp
[11/09/2014 18:40:53] /m Dragon Machamp
[11/09/2014 18:40:53] /m Dragon Machamp
[11/09/2014 18:40:53] /m Dragon Machamp
[11/09/2014 18:40:54] /m Dragon Machamp
[11/09/2014 18:40:54] /m Dragon Machamp
[11/09/2014 18:40:54] /m Dragon Machamp
[11/09/2014 18:40:55] /m Dragon Machamp
[11/09/2014 18:40:55] /m Dragon Machamp
[11/09/2014 18:40:55] /m Dragon Machamp
[11/09/2014 18:40:56] /m Dragon Machamp
[11/09/2014 18:40:56] /m Dragon Machamp
[11/09/2014 18:40:57] /m Dragon Machamp
[11/09/2014 18:40:57] /m Dragon Machamp
[11/09/2014 18:40:58] /m Dragon Machamp
[11/09/2014 18:40:58] /m Dragon Machamp
[11/09/2014 18:40:58] /m Dragon Machamp
[11/09/2014 18:40:59] /m Dragon Machamp
[11/09/2014 18:40:59] /m Dragon Machamp
[11/09/2014 18:41:00] /m Dragon Machamp
[11/09/2014 18:41:00] /m Dragon Machamp
[11/09/2014 18:41:00] /m Dragon Machamp
[11/09/2014 18:41:01] /m Dragon Machamp
[11/09/2014 18:41:01] /m Dragon Machamp
[11/09/2014 18:41:02] /m Dragon Machamp
[11/09/2014 18:41:02] /m Dragon Machamp
[11/09/2014 18:41:02] /m Dragon Machamp
[11/09/2014 18:41:02] /m Dragon Machamp
[11/09/2014 18:41:03] /m Dragon Machamp
[11/09/2014 18:41:03] /m Dragon Machamp
[11/09/2014 18:41:04] /m Dragon Machamp
[11/09/2014 18:41:04] /m Dragon Machamp
[11/09/2014 18:41:05] /m Dragon Machamp
[11/09/2014 18:41:05] /m Dragon Machamp
[11/09/2014 18:41:06] /m Dragon Machamp
[11/09/2014 18:41:06] /m Dragon Machamp
[11/09/2014 18:41:06] /m Dragon Machamp
[11/09/2014 18:41:07] /m Dragon Machamp
[11/09/2014 18:41:08] /m Dragon Machamp
[11/09/2014 18:41:08] /m Dragon Machamp
[11/09/2014 18:41:09] /m Dragon Machamp
[11/09/2014 18:41:10] /m Dragon Machamp
[11/09/2014 18:41:10] /m Dragon Machamp
[11/09/2014 18:41:11] /m Dragon Machamp/m Dragon Machamp
[11/09/2014 18:41:11] /m Dragon Machamp
[11/09/2014 18:41:12] /m Dragon Machamp
[11/09/2014 18:41:12] /m Dragon Machamp
[11/09/2014 18:41:13] /m Dragon Machamp
[11/09/2014 18:41:15] /m Dragon Machamp
[11/09/2014 18:41:15] /m Dragon Machamp
[11/09/2014 18:41:15] /m Dragon Machamp
[11/09/2014 18:41:15] /m Dragon Machamp
[11/09/2014 18:41:15] /m Dragon Machamp
[11/09/2014 18:41:15] /m Dragon Machamp
[11/09/2014 18:41:15] /m Dragon Machamp
[11/09/2014 18:41:17] /t
[11/09/2014 19:04:59] /b To Mo ocupado Mals
[11/09/2014 19:46:34] /goto [gm] gabizinha
[11/09/2014 19:46:50] /goto [gm] gabizinha
[11/09/2014 19:51:18] /r
[11/09/2014 20:03:00] /b Galera AFK aqui Vou Ver Damianizando '-'
[11/09/2014 20:03:30] /b CAIU 
[11/09/2014 20:03:38] /b ANTED DE FICA AFK EHUEHEUHEUE
[12/09/2014 11:36:57] /t dr gamer
[12/09/2014 13:32:49] /goto [adm] gewar
[12/09/2014 13:33:17] /attr set boost 100000
[12/09/2014 13:33:37] /s Reshiram Mvp
[12/09/2014 13:34:05] /s Reshiram
[12/09/2014 13:34:25] /m reshiram
[12/09/2014 13:35:00] /r
[12/09/2014 13:35:17] /r
[12/09/2014 13:35:34] /goto joao maledoso
[12/09/2014 13:36:00] /i 2160
[12/09/2014 13:36:01] /i 2160
[12/09/2014 13:36:01] /i 2160
[12/09/2014 13:36:01] /i 2160
[12/09/2014 13:36:03] /i 2160
[12/09/2014 13:36:04] /i 2160
[12/09/2014 13:36:04] /i 2160
[12/09/2014 13:36:04] /i 2160
[12/09/2014 13:36:26] /i 2160
[12/09/2014 13:36:26] /i 2160
[12/09/2014 13:36:26] /i 2160
[12/09/2014 13:36:26] /i 2160
[12/09/2014 13:36:30] /m shiny machamp
[12/09/2014 13:36:30] /m shiny machamp
[12/09/2014 13:36:30] /m shiny machamp
[12/09/2014 13:36:31] /m shiny machamp
[12/09/2014 13:36:31] /m shiny machamp
[12/09/2014 13:36:59] /m shiny machamp
[12/09/2014 13:37:42] /t
[12/09/2014 13:43:57] /goto [adm] gewar
[12/09/2014 14:03:47] /goto [adm] gewar
[12/09/2014 14:05:00] /t
[12/09/2014 14:18:17] /goto [adm] gewar
[12/09/2014 14:19:57] /goto [adm] gewar
[12/09/2014 14:20:33] /s reshiram
[12/09/2014 14:20:37] /s mega charizard x
[12/09/2014 15:24:12] /m mega gengar
[12/09/2014 15:24:36] /m mega gengar
[12/09/2014 15:25:56] /m arceus
[12/09/2014 15:32:34] /n namer
[12/09/2014 15:32:48] /r
[12/09/2014 15:32:51] /r
[12/09/2014 15:33:10] /r
[12/09/2014 15:33:23] /r
[12/09/2014 15:33:53] /r
[12/09/2014 15:34:20] /i computer
[12/09/2014 15:34:22] /t
[12/09/2014 15:34:28] /goto [adm] gewar
[12/09/2014 15:57:11] /i computer
[12/09/2014 15:57:20] /goto joao maledoso
[12/09/2014 15:57:42] /m Cleflabo
[12/09/2014 15:58:46] /i computer
[12/09/2014 15:58:54] /r
[12/09/2014 16:00:24] /m magmar
[12/09/2014 16:00:27] /m magmar
[12/09/2014 16:00:27] /m magmar
[12/09/2014 16:00:27] /m magmar
[12/09/2014 16:00:27] /m magmar
[12/09/2014 16:00:28] /m magmar
[12/09/2014 16:00:28] /m magmar
[12/09/2014 16:00:28] /m magmar
[12/09/2014 16:00:28] /m magmar
[12/09/2014 16:00:29] /m magmar
[12/09/2014 16:00:30] /m magmar
[12/09/2014 16:00:30] /m magmar
[12/09/2014 16:00:31] /m magmar
[12/09/2014 16:00:31] /m magmar
[12/09/2014 16:00:31] /m magmar
[12/09/2014 16:00:31] /m magmar
[12/09/2014 16:00:32] /m magmar
[12/09/2014 16:00:32] /m magmar
[12/09/2014 16:00:32] /m magmar
[12/09/2014 16:00:32] /m magmar
[12/09/2014 16:00:33] /m magmar
[12/09/2014 16:00:33] /m magmar
[12/09/2014 16:00:34] /m magmar
[12/09/2014 16:00:34] /m magmar
[12/09/2014 16:00:35] /m magmar
[12/09/2014 16:00:35] /m magmar
[12/09/2014 16:00:35] /m magmar
[12/09/2014 16:00:35] /m magmar
[12/09/2014 16:00:35] /m magmar
[12/09/2014 16:00:36] /m magmar
[12/09/2014 16:00:36] /m magmar
[12/09/2014 16:00:37] /m magmar
[12/09/2014 16:00:37] /m magmar
[12/09/2014 16:00:37] /m magmar
[12/09/2014 16:00:38] /m magmar
[12/09/2014 16:00:38] /m magmar
[12/09/2014 16:00:38] /m magmar
[12/09/2014 16:00:38] /m magmar
[12/09/2014 16:00:44] /m shiny magmar
[12/09/2014 16:00:44] /m shiny magmar
[12/09/2014 16:00:45] /m shiny magmar
[12/09/2014 16:00:45] /m shiny magmar
[12/09/2014 16:00:45] /m shiny magmar
[12/09/2014 16:00:46] /m shiny magmar
[12/09/2014 16:00:46] /m shiny magmar
[12/09/2014 16:00:46] /m shiny magmar
[12/09/2014 16:00:47] /m shiny magmar
[12/09/2014 16:00:47] /m shiny magmar
[12/09/2014 16:00:47] /m shiny magmar
[12/09/2014 16:01:30] /t
[12/09/2014 16:01:49] /goto [adm] geawr
[12/09/2014 16:01:52] /t
[12/09/2014 16:02:14] /goto [adm] gewar
[12/09/2014 16:02:46] /b AFK AQUI ESTOU VENDO PARTOBA
[12/09/2014 16:48:24] /s Mega Charizard X
[12/09/2014 16:48:59] /r
[12/09/2014 16:49:04] /s mega charizard x
[12/09/2014 16:49:11] /r
[12/09/2014 16:49:13] /r
[12/09/2014 16:49:27] /n namer
[12/09/2014 16:49:52] /r
[12/09/2014 16:50:04] /s mega charizard y
[12/09/2014 16:50:15] /r
[12/09/2014 16:50:19] /r
[12/09/2014 16:50:24] /s Yeveltal
[12/09/2014 16:50:27] /s yvetal
[12/09/2014 16:50:30] /s yveltal
[12/09/2014 16:50:42] /r
[12/09/2014 16:50:48] /s xerneas
[12/09/2014 16:54:04] /t
[12/09/2014 16:54:07] /goto dr gamer
[12/09/2014 16:54:34] /b 20 Players Online Fasso Evento!
[12/09/2014 16:55:39] /i 2160
[12/09/2014 16:55:40] /i 2160
[12/09/2014 16:55:40] /i 2160
[12/09/2014 16:55:40] /i 2160
[12/09/2014 16:55:58] /attr set boost 50
[12/09/2014 16:57:05] /goto [adm] gewar
[12/09/2014 16:58:17] /bc green Digite !rank para saber quem é o top lvl '--'
[12/09/2014 16:58:17] /bc green Digite !rank para saber quem é o top lvl '--'
[12/09/2014 16:58:17] /bc green Digite !rank para saber quem é o top lvl '--'
[12/09/2014 16:58:18] /bc green Digite !rank para saber quem é o top lvl '--'
[12/09/2014 16:58:18] /bc green Digite !rank para saber quem é o top lvl '--'
[12/09/2014 16:58:18] /bc green Digite !rank para saber quem é o top lvl '--'
[12/09/2014 16:58:19] /bc green Digite !rank para saber quem é o top lvl '--'
[12/09/2014 16:58:19] /bc green Digite !rank para saber quem é o top lvl '--'
[12/09/2014 16:58:19] /bc green Digite !rank para saber quem é o top lvl '--'
[12/09/2014 16:58:19] /bc green Digite !rank para saber quem é o top lvl '--'
[12/09/2014 16:58:37] /c shadows white
[12/09/2014 16:58:57] /m mini moltres
[12/09/2014 16:59:38] /goto Dr gamer
[12/09/2014 17:00:01] /attr set boost 50
[12/09/2014 17:01:10] /addskill Dr Gamer , lvl , 200
[12/09/2014 17:02:35] /t
[12/09/2014 17:03:44] /t
[12/09/2014 17:04:29] /addskill joao maledoso , lvl , 100
[12/09/2014 17:04:48] /addskill Shadows white , lvl , 59
[12/09/2014 17:08:06] /goto [adm] gewar
[12/09/2014 17:09:21] /bc green Digite !rank para saber quem é o top lvl '--'
[12/09/2014 17:09:23] /bc green Digite !rank para saber quem é o top lvl '--'
[12/09/2014 17:09:24] /bc green Digite !rank para saber quem é o top lvl '--'
[12/09/2014 17:09:24] /bc green Digite !rank para saber quem é o top lvl '--'
[12/09/2014 17:09:25] /bc green Digite !rank para saber quem é o top lvl '--'
[12/09/2014 17:09:25] /bc green Digite !rank para saber quem é o top lvl '--'
[12/09/2014 17:09:25] /bc green Digite !rank para saber quem é o top lvl '--'
[12/09/2014 17:09:26] /bc green Digite !rank para saber quem é o top lvl '--'
[12/09/2014 17:09:26] /bc green Digite !rank para saber quem é o top lvl '--'
[12/09/2014 17:09:26] /bc green Digite !rank para saber quem é o top lvl '--'
[12/09/2014 17:09:27] /bc green Digite !rank para saber quem é o top lvl '--'
[12/09/2014 17:09:59] /m shiny tropius
[12/09/2014 17:11:18] /i bike
[12/09/2014 17:11:23] /r 100
[12/09/2014 17:11:27] /r 100
[12/09/2014 17:11:32] /r 100
[12/09/2014 17:16:11] /goto dr gamer
[12/09/2014 17:17:28] /m magnezone
[12/09/2014 17:17:29] /m magnezone
[12/09/2014 17:17:30] /m magnezone
[12/09/2014 17:17:31] /m magnezone
[12/09/2014 17:17:31] /m magnezone
[12/09/2014 17:17:31] /m magnezone
[12/09/2014 17:17:31] /m magnezone
[12/09/2014 17:17:31] /m magnezone
[12/09/2014 17:17:32] /m magnezone
[12/09/2014 17:17:32] /m magnezone
[12/09/2014 17:17:33] /m magnezone
[12/09/2014 17:17:33] /m magnezone
[12/09/2014 17:17:33] /m magnezone
[12/09/2014 17:17:34] /m magnezone
[12/09/2014 17:17:34] /m magnezone
[12/09/2014 17:17:34] /m magnezone
[12/09/2014 17:17:35] /m magnezone
[12/09/2014 17:17:35] /m magnezone
[12/09/2014 17:17:36] /m magnezone
[12/09/2014 17:17:36] /m magnezone
[12/09/2014 17:17:37] /m magnezone
[12/09/2014 17:17:37] /m magnezone
[12/09/2014 17:17:39] /t
[12/09/2014 17:18:22] /goto [adm] geawr
[12/09/2014 17:18:28] /goto [adm] gewar
[12/09/2014 17:19:17] /i computer
[12/09/2014 17:19:39] /r
[12/09/2014 17:19:55] /goto joao maledoso
[12/09/2014 17:20:24] /m machamp
[12/09/2014 17:20:24] /m machamp
[12/09/2014 17:20:25] /m machamp
[12/09/2014 17:20:25] /m machamp
[12/09/2014 17:20:26] /m machamp
[12/09/2014 17:20:26] /m machamp
[12/09/2014 17:20:27] /m machamp
[12/09/2014 17:20:27] /m machamp
[12/09/2014 17:20:27] /m machamp
[12/09/2014 17:20:28] /m machamp
[12/09/2014 17:20:28] /m machamp
[12/09/2014 17:20:28] /m machamp
[12/09/2014 17:20:29] /m machamp
[12/09/2014 17:20:29] /m machamp
[12/09/2014 17:20:29] /m machamp
[12/09/2014 17:20:29] /m machamp
[12/09/2014 17:20:30] /m machamp
[12/09/2014 17:20:32] /m machamp
[12/09/2014 17:20:32] /m machamp
[12/09/2014 17:20:32] /m machamp
[12/09/2014 17:20:33] /m machamp
[12/09/2014 17:20:33] /m machamp
[12/09/2014 17:20:33] /m machamp
[12/09/2014 17:20:34] /m machamp
[12/09/2014 17:20:34] /m machamp
[12/09/2014 17:20:34] /m machamp
[12/09/2014 17:20:35] /m machamp
[12/09/2014 17:20:35] /m machamp
[12/09/2014 17:20:35] /m machamp
[12/09/2014 17:20:36] /m machamp
[12/09/2014 17:20:36] /m machamp
[12/09/2014 17:20:36] /m machamp
[12/09/2014 17:20:37] /m machamp
[12/09/2014 17:20:37] /m machamp
[12/09/2014 17:20:37] /m machamp
[12/09/2014 17:20:38] /m machamp
[12/09/2014 17:20:38] /m machamp
[12/09/2014 17:20:38] /m machamp
[12/09/2014 17:20:39] /m machamp
[12/09/2014 17:20:39] /m machamp
[12/09/2014 17:20:39] /m machamp
[12/09/2014 17:20:40] /m machamp
[12/09/2014 17:20:40] /m machamp
[12/09/2014 17:20:40] /m machamp
[12/09/2014 17:20:41] /m machamp
[12/09/2014 17:20:41] /m machamp
[12/09/2014 17:20:41] /m machamp
[12/09/2014 17:20:42] /m machamp
[12/09/2014 17:20:42] /m machamp
[12/09/2014 17:20:42] /m machamp
[12/09/2014 17:20:43] /m machamp
[12/09/2014 17:20:43] /m machamp
[12/09/2014 17:20:43] /m machamp
[12/09/2014 17:20:44] /m machamp
[12/09/2014 17:20:44] /m machamp
[12/09/2014 17:20:45] /m machamp
[12/09/2014 17:20:45] /m machamp
[12/09/2014 17:20:45] /m machamp
[12/09/2014 17:20:46] /m machamp
[12/09/2014 17:20:46] /m machamp
[12/09/2014 17:20:46] /m machamp
[12/09/2014 17:20:47] /m machamp
[12/09/2014 17:20:53] /m shiny machamp
[12/09/2014 17:20:53] /m shiny machamp
[12/09/2014 17:20:53] /m shiny machamp
[12/09/2014 17:20:54] /m shiny machamp
[12/09/2014 17:20:54] /m shiny machamp
[12/09/2014 17:20:54] /m shiny machamp
[12/09/2014 17:20:54] /m shiny machamp
[12/09/2014 17:20:55] /m shiny machamp
[12/09/2014 17:20:55] /m shiny machamp
[12/09/2014 17:20:55] /m shiny machamp
[12/09/2014 17:20:56] /m shiny machamp
[12/09/2014 17:20:56] /m shiny machamp
[12/09/2014 17:20:56] /m shiny machamp
[12/09/2014 17:20:57] /m shiny machamp
[12/09/2014 17:20:57] /m shiny machamp
[12/09/2014 17:20:57] /m shiny machamp
[12/09/2014 17:20:58] /m shiny machamp
[12/09/2014 17:20:58] /m shiny machamp
[12/09/2014 17:20:58] /m shiny machamp
[12/09/2014 17:20:59] /m shiny machamp
[12/09/2014 17:20:59] /m shiny machamp
[12/09/2014 17:20:59] /m shiny machamp
[12/09/2014 17:21:00] /m shiny machamp
[12/09/2014 17:21:00] /m shiny machamp
[12/09/2014 17:21:00] /m shiny machamp
[12/09/2014 17:21:01] /m shiny machamp
[12/09/2014 17:21:01] /m shiny machamp
[12/09/2014 17:21:01] /m shiny machamp
[12/09/2014 17:21:02] /m shiny machamp
[12/09/2014 17:21:02] /m shiny machamp
[12/09/2014 17:21:02] /m shiny machamp
[12/09/2014 17:21:03] /m shiny machamp
[12/09/2014 17:21:03] /m shiny machamp
[12/09/2014 17:21:03] /m shiny machamp
[12/09/2014 17:21:04] /m shiny machamp
[12/09/2014 17:21:04] /m shiny machamp
[12/09/2014 17:21:04] /m shiny machamp
[12/09/2014 17:21:05] /m shiny machamp
[12/09/2014 17:21:05] /m shiny machamp
[12/09/2014 17:21:05] /m shiny machamp
[12/09/2014 17:21:06] /m shiny machamp
[12/09/2014 17:21:06] /m shiny machamp
[12/09/2014 17:21:06] /m shiny machamp
[12/09/2014 17:21:07] /m shiny machamp
[12/09/2014 17:21:07] /m shiny machamp
[12/09/2014 17:21:08] /m shiny machamp
[12/09/2014 17:21:08] /m shiny machamp
[12/09/2014 17:21:08] /m shiny machamp
[12/09/2014 17:21:09] /m shiny machamp
[12/09/2014 17:21:09] /m shiny machamp
[12/09/2014 17:21:09] /m shiny machamp
[12/09/2014 17:21:10] /m shiny machamp
[12/09/2014 17:21:10] /m shiny machamp
[12/09/2014 17:21:10] /m shiny machamp
[12/09/2014 17:21:11] /m shiny machamp
[12/09/2014 17:21:11] /m shiny machamp
[12/09/2014 17:21:11] /m shiny machamp
[12/09/2014 17:21:12] /m shiny machamp
[12/09/2014 17:21:12] /m shiny machamp
[12/09/2014 17:21:12] /m shiny machamp
[12/09/2014 17:21:13] /m shiny machamp
[12/09/2014 17:21:14] /t
[12/09/2014 17:22:31] /goto joao maledoso
[12/09/2014 17:23:10] /goto joao maledoso
[12/09/2014 17:23:47] /c joao maledoso
[12/09/2014 17:25:26] /m shiny hitmochan
[12/09/2014 17:25:28] /m shiny hitmochan
[12/09/2014 17:25:35] /m dragon machamp
[12/09/2014 17:25:35] /m dragon machamp
[12/09/2014 17:25:35] /m dragon machamp
[12/09/2014 17:25:36] /m dragon machamp
[12/09/2014 17:25:36] /m dragon machamp
[12/09/2014 17:25:36] /m dragon machamp
[12/09/2014 17:25:37] /m dragon machamp
[12/09/2014 17:25:37] /m dragon machamp
[12/09/2014 17:25:37] /m dragon machamp
[12/09/2014 17:25:37] /m dragon machamp
[12/09/2014 17:25:38] /m dragon machamp
[12/09/2014 17:25:38] /m dragon machamp
[12/09/2014 17:25:38] /m dragon machamp
[12/09/2014 17:25:38] /m dragon machamp
[12/09/2014 17:25:39] /m dragon machamp
[12/09/2014 17:25:41] /m dragon machamp
[12/09/2014 17:25:42] /m dragon machamp
[12/09/2014 17:25:42] /m dragon machamp
[12/09/2014 17:25:42] /m dragon machamp
[12/09/2014 17:25:43] /m dragon machamp
[12/09/2014 17:25:43] /m dragon machamp
[12/09/2014 17:25:43] /m dragon machamp
[12/09/2014 17:25:43] /m dragon machamp
[12/09/2014 17:25:44] /m dragon machamp
[12/09/2014 17:25:44] /m dragon machamp
[12/09/2014 17:25:44] /m dragon machamp
[12/09/2014 17:25:45] /m dragon machamp
[12/09/2014 17:25:45] /m dragon machamp
[12/09/2014 17:25:45] /m dragon machamp
[12/09/2014 17:25:45] /m dragon machamp
[12/09/2014 17:25:46] /m dragon machamp
[12/09/2014 17:25:46] /m dragon machamp
[12/09/2014 17:25:46] /m dragon machamp
[12/09/2014 17:25:47] /m dragon machamp
[12/09/2014 17:25:47] /m dragon machamp
[12/09/2014 17:25:47] /m dragon machamp
[12/09/2014 17:25:47] /m dragon machamp
[12/09/2014 17:25:48] /m dragon machamp
[12/09/2014 17:25:48] /m dragon machamp
[12/09/2014 17:25:48] /m dragon machamp
[12/09/2014 17:25:49] /m dragon machamp
[12/09/2014 17:25:49] /m dragon machamp
[12/09/2014 17:25:49] /m dragon machamp
[12/09/2014 17:25:50] /m dragon machamp
[12/09/2014 17:25:50] /m dragon machamp
[12/09/2014 17:25:50] /m dragon machamp
[12/09/2014 17:25:51] /m dragon machamp
[12/09/2014 17:25:51] /m dragon machamp
[12/09/2014 17:25:51] /m dragon machamp
[12/09/2014 17:25:51] /m dragon machamp
[12/09/2014 17:25:52] /m dragon machamp
[12/09/2014 17:25:52] /m dragon machamp
[12/09/2014 17:25:52] /m dragon machamp
[12/09/2014 17:25:53] /m dragon machamp
[12/09/2014 17:25:53] /m dragon machamp
[12/09/2014 17:25:53] /m dragon machamp
[12/09/2014 17:25:54] /m dragon machamp
[12/09/2014 17:25:54] /m dragon machamp
[12/09/2014 17:25:54] /m dragon machamp
[12/09/2014 17:25:55] /m dragon machamp
[12/09/2014 17:25:55] /m dragon machamp
[12/09/2014 17:25:55] /m dragon machamp
[12/09/2014 17:25:55] /m dragon machamp
[12/09/2014 17:25:56] /m dragon machamp
[12/09/2014 17:25:56] /m dragon machamp
[12/09/2014 17:25:56] /m dragon machamp
[12/09/2014 17:25:57] /m dragon machamp
[12/09/2014 17:25:57] /m dragon machamp
[12/09/2014 17:25:58] /m dragon machamp
[12/09/2014 17:25:59] /m dragon machamp
[12/09/2014 17:25:59] /m dragon machamp
[12/09/2014 17:25:59] /m dragon machamp
[12/09/2014 17:26:00] /m dragon machamp
[12/09/2014 17:26:00] /t
[12/09/2014 17:54:37] /b 20 Players Onlien Fasso Evetno
[12/09/2014 17:55:55] /town 15
[12/09/2014 17:56:00] /c shadows white
[12/09/2014 17:56:06] /r
[12/09/2014 17:56:17] /i box shiny
[12/09/2014 17:56:37] /r
[12/09/2014 17:57:24] /t
[12/09/2014 18:01:12] /goto dr gamer
[12/09/2014 18:01:36] /i 12227
[12/09/2014 18:01:37] /i 12227
[12/09/2014 18:01:37] /i 12227
[12/09/2014 18:01:37] /i 12227
[12/09/2014 18:01:37] /i 12227
[12/09/2014 18:01:37] /i 12227
[12/09/2014 18:01:38] /i 12227
[12/09/2014 18:01:38] /i 12227
[12/09/2014 18:01:58] /m shiny cubone
[12/09/2014 18:01:58] /m shiny cubone
[12/09/2014 18:01:58] /m shiny cubone
[12/09/2014 18:01:58] /m shiny cubone
[12/09/2014 18:01:59] /m shiny cubone
[12/09/2014 18:01:59] /m shiny cubone
[12/09/2014 18:01:59] /m shiny cubone
[12/09/2014 18:02:08] /i 12227
[12/09/2014 18:02:08] /i 12227
[12/09/2014 18:02:09] /i 12227
[12/09/2014 18:02:09] /i 12227
[12/09/2014 18:02:09] /i 12227
[12/09/2014 18:02:09] /i 12227
[12/09/2014 18:02:29] /i 12227
[12/09/2014 18:02:29] /i 12227
[12/09/2014 18:02:30] /i 12227
[12/09/2014 18:02:30] /i 12227
[12/09/2014 18:02:30] /i 12227
[12/09/2014 18:02:31] /i 12227
[12/09/2014 18:02:41] /i 12227
[12/09/2014 18:02:41] /i 12227
[12/09/2014 18:02:41] /i 12227
[12/09/2014 18:02:41] /i 12227
[12/09/2014 18:02:42] /i 12227
[12/09/2014 18:02:42] /i 12227
[12/09/2014 18:03:55] /r 100
[12/09/2014 18:03:58] /r 100
[12/09/2014 18:04:05] /r
[12/09/2014 18:04:05] /r
[12/09/2014 18:04:06] /r
[12/09/2014 18:04:06] /r
[12/09/2014 18:04:06] /r
[12/09/2014 18:04:06] /r
[12/09/2014 18:04:07] /r
[12/09/2014 18:04:07] /r
[12/09/2014 18:04:07] /r
[12/09/2014 18:04:08] /r
[12/09/2014 18:04:08] /r
[12/09/2014 18:04:08] /r
[12/09/2014 18:04:09] /r
[12/09/2014 18:04:09] /r
[12/09/2014 18:04:09] /r
[12/09/2014 18:04:10] /r
[12/09/2014 18:04:10] /r
[12/09/2014 18:04:10] /r
[12/09/2014 18:04:10] /r
[12/09/2014 18:04:11] /r
[12/09/2014 18:04:11] /r
[12/09/2014 18:04:11] /r
[12/09/2014 18:04:12] /r
[12/09/2014 18:04:13] /r
[12/09/2014 18:04:18] /m shiny salamence
[12/09/2014 18:04:31] /i ultra ball
[12/09/2014 18:05:00] /m shiny salamence
[12/09/2014 18:05:00] /m shiny salamence
[12/09/2014 18:05:00] /m shiny salamence
[12/09/2014 18:05:01] /m shiny salamence
[12/09/2014 18:05:01] /m shiny salamence
[12/09/2014 18:05:01] /m shiny salamence
[12/09/2014 18:05:01] /m shiny salamence
[12/09/2014 18:05:02] /m shiny salamence
[12/09/2014 18:05:22] /m shiny salamence
[12/09/2014 18:05:22] /m shiny salamence
[12/09/2014 18:05:23] /m shiny salamence
[12/09/2014 18:05:23] /m shiny salamence
[12/09/2014 18:05:23] /m shiny salamence
[12/09/2014 18:05:24] /m shiny salamence
[12/09/2014 18:05:24] /m shiny salamence
[12/09/2014 18:05:53] /i love ball
[12/09/2014 18:06:03] /i 12227
[12/09/2014 18:06:03] /i 12227
[12/09/2014 18:06:04] /i 12227
[12/09/2014 18:06:04] /i 12227
[12/09/2014 18:06:04] /i 12227
[12/09/2014 18:06:05] /i 12227
[12/09/2014 18:06:05] /i 12227
[12/09/2014 18:06:05] /i 12227
[12/09/2014 18:06:05] /i 12227
[12/09/2014 18:06:06] /i 12227
[12/09/2014 18:06:06] /i 12227
[12/09/2014 18:06:06] /i 12227
[12/09/2014 18:06:07] /i 12227
[12/09/2014 18:06:24] /i 12227
[12/09/2014 18:06:24] /i 12227
[12/09/2014 18:06:25] /i 12227
[12/09/2014 18:06:31] /i 12227
[12/09/2014 18:06:32] /i 12227
[12/09/2014 18:06:32] /i 12227
[12/09/2014 18:06:32] /i 12227
[12/09/2014 18:06:32] /i 12227
[12/09/2014 18:06:33] /i 12227
[12/09/2014 18:06:33] /i 12227
[12/09/2014 18:06:39] /i 12227
[12/09/2014 18:06:40] /i 12227
[12/09/2014 18:06:40] /i 12227
[12/09/2014 18:06:40] /i 12227
[12/09/2014 18:06:41] /i 12227
[12/09/2014 18:06:41] /i 12227
[12/09/2014 18:06:41] /i 12227
[12/09/2014 18:06:42] /i 12227
[12/09/2014 18:06:42] /i 12227
[12/09/2014 18:08:11] /r 100
[12/09/2014 18:08:13] /r 100
[12/09/2014 18:08:15] /r
[12/09/2014 18:08:15] /r
[12/09/2014 18:08:15] /r
[12/09/2014 18:08:15] /r
[12/09/2014 18:08:16] /r
[12/09/2014 18:08:16] /r
[12/09/2014 18:08:16] /r
[12/09/2014 18:08:17] /r
[12/09/2014 18:08:17] /r
[12/09/2014 18:08:17] /r
[12/09/2014 18:08:18] /r
[12/09/2014 18:08:18] /r
[12/09/2014 18:08:18] /r
[12/09/2014 18:08:18] /r
[12/09/2014 18:08:19] /r
[12/09/2014 18:08:19] /r
[12/09/2014 18:08:19] /r
[12/09/2014 18:08:19] /r
[12/09/2014 18:08:20] /r
[12/09/2014 18:08:20] /r
[12/09/2014 18:08:21] /r
[12/09/2014 18:08:21] /r
[12/09/2014 18:08:21] /r
[12/09/2014 18:08:21] /r
[12/09/2014 18:08:22] /r
[12/09/2014 18:08:22] /r
[12/09/2014 18:08:22] /r
[12/09/2014 18:08:22] /r
[12/09/2014 18:08:23] /r
[12/09/2014 18:08:23] /r
[13/09/2014 13:00:47] /t
[13/09/2014 13:01:34] /b AFK AQUI
[13/09/2014 13:01:41] /b AFK AQUI
[13/09/2014 13:01:41] /b AFK AQUI
[13/09/2014 13:01:41] /b AFK AQUI
[13/09/2014 13:01:42] /b AFK AQUI
[13/09/2014 13:01:42] /b AFK AQUI
[13/09/2014 13:01:42] /b AFK AQUI
[13/09/2014 13:01:42] /b AFK AQUI
[13/09/2014 13:01:43] /b AFK AQUI
[13/09/2014 13:01:43] /b AFK AQUI
[13/09/2014 13:01:43] /b AFK AQUI
[13/09/2014 13:01:44] /b AFK AQUI
[13/09/2014 13:01:44] /b AFK AQUI
[13/09/2014 13:01:44] /b AFK AQUI
[13/09/2014 13:01:44] /b AFK AQUI
[13/09/2014 13:01:45] /b AFK AQUI
[13/09/2014 13:01:45] /b AFK AQUI
[13/09/2014 13:34:47] /town 15
[13/09/2014 13:35:04] /addskill shadows white , lvl , 33
[13/09/2014 13:35:42] /t shadows white
[13/09/2014 13:35:44] /t
[13/09/2014 13:56:32] /goto [adm] gewar
[13/09/2014 14:01:36] /goto [adm] gewar
[13/09/2014 14:02:01] /bc gree
[13/09/2014 22:02:59] /goto [adm] gewar
[13/09/2014 22:03:05] /t
[13/09/2014 22:03:16] /s Shiny metagross
[13/09/2014 22:03:45] /s shiny metagross
[13/09/2014 22:04:24] /r
[13/09/2014 22:05:50] /ghost
[13/09/2014 22:05:54] /ghost
[13/09/2014 22:06:01] /goto joao maledoso
[13/09/2014 22:06:12] /t
[13/09/2014 22:06:26] /goto areavip
[13/09/2014 22:06:33] /t
[14/09/2014 11:06:51] /town 4
[14/09/2014 11:06:54] /town 15
[14/09/2014 11:06:57] /c shadows white
[14/09/2014 11:06:59] /t
[14/09/2014 11:12:30] /b AFK AQUI
[14/09/2014 11:28:17] /goto joao maledoso
[14/09/2014 11:30:55] /t
[14/09/2014 11:31:10] /b caiu
[14/09/2014 11:32:41] /c joao maledoso
[14/09/2014 11:33:44] /s mega shiny lucario
[14/09/2014 11:33:48] /m mega lucario
[14/09/2014 11:33:52] /m lucario
[14/09/2014 11:33:52] /m lucario
[14/09/2014 11:35:37] /m mega blastoise
[14/09/2014 11:35:46] /s shiny mega lucario
[14/09/2014 11:36:12] /m mega gengar
[14/09/2014 11:36:42] /m mega charizard x
[14/09/2014 11:37:23] /m mega charizard y
[14/09/2014 11:37:35] /m shiny mega blastoise
[14/09/2014 11:37:50] /m mega charizard x
[14/09/2014 11:38:05] /m metagross
[14/09/2014 11:38:10] /m shiny metagross
[14/09/2014 11:38:17] /m shiny metagross
[14/09/2014 11:38:27] /t
[14/09/2014 11:49:44] /b Galera Não Fiquem Dando Headbut P´q o Server Vai cair
[14/09/2014 11:50:17] /t joao maledoso
[14/09/2014 19:11:17] /goto minato
[14/09/2014 19:12:19] /goto monopolis
[14/09/2014 19:14:03] /t shadows white
[14/09/2014 19:14:46] /addskill shadows white , lvl , 20
[14/09/2014 19:14:54] /t shadows white
[14/09/2014 19:14:56] /goto joao maledoso
[14/09/2014 19:16:49] /goto fc zironz
[14/09/2014 19:17:06] /c fc zironz
[14/09/2014 19:18:19] /m raikou
[14/09/2014 19:19:15] /t fc zironz
[14/09/2014 19:19:17] /t
[14/09/2014 19:20:39] /goto [adm] gewar
[14/09/2014 19:21:20] /t
[15/09/2014 19:30:35] /goto [gm] lucas
[15/09/2014 19:30:37] /t
[15/09/2014 20:45:04] /s shiny jynx
[15/09/2014 20:45:19] /r
[15/09/2014 20:45:21] /r
[15/09/2014 20:45:22] /r
[15/09/2014 20:45:25] /r
[15/09/2014 20:45:31] /s moltres
[15/09/2014 20:45:46] /r
[15/09/2014 20:45:49] /r
[15/09/2014 20:45:51] /r
[15/09/2014 20:45:53] /r
[15/09/2014 20:45:56] /r
[15/09/2014 20:45:58] /r
[15/09/2014 20:46:22] /b Todos cp Vou Sumonar um Moltres
[15/09/2014 20:46:30] /b Go Go
[15/09/2014 20:47:00] /bc green TODOS CP VOU SUMONAR UM MOLTRES
[15/09/2014 20:47:01] /bc green TODOS CP VOU SUMONAR UM MOLTRES
[15/09/2014 20:47:01] /bc green TODOS CP VOU SUMONAR UM MOLTRES
[15/09/2014 20:47:02] /bc green TODOS CP VOU SUMONAR UM MOLTRES
[15/09/2014 20:47:02] /bc green TODOS CP VOU SUMONAR UM MOLTRES
[15/09/2014 20:47:03] /bc green TODOS CP VOU SUMONAR UM MOLTRES
[15/09/2014 20:47:03] /bc green TODOS CP VOU SUMONAR UM MOLTRES
[15/09/2014 20:47:04] /bc green TODOS CP VOU SUMONAR UM MOLTRES
[15/09/2014 20:47:04] /bc green TODOS CP VOU SUMONAR UM MOLTRES
[15/09/2014 20:47:05] /bc green TODOS CP VOU SUMONAR UM MOLTRES
[15/09/2014 20:47:05] /bc green TODOS CP VOU SUMONAR UM MOLTRES
[15/09/2014 20:47:05] /bc green TODOS CP VOU SUMONAR UM MOLTRES
[15/09/2014 20:47:06] /bc green TODOS CP VOU SUMONAR UM MOLTRES
[15/09/2014 20:47:06] /bc green TODOS CP VOU SUMONAR UM MOLTRES
[15/09/2014 20:47:07] /bc green TODOS CP VOU SUMONAR UM MOLTRES
[15/09/2014 20:47:07] /bc green TODOS CP VOU SUMONAR UM MOLTRES
[15/09/2014 20:47:07] /bc green TODOS CP VOU SUMONAR UM MOLTRES
[15/09/2014 20:47:08] /bc green TODOS CP VOU SUMONAR UM MOLTRES
[15/09/2014 20:47:25] /m moltres
[15/09/2014 20:47:35] /b ja Sumonei o Moltres
[15/09/2014 20:47:42] /b Matem-o
[17/09/2014 22:34:10] /s Mega Lucario
[17/09/2014 22:34:17] /s mega tyronitar
[17/09/2014 22:34:20] /s mega charizard x
[17/09/2014 22:34:29] /s mega blastoise
[17/09/2014 22:34:38] /s mega blaziken
[17/09/2014 22:34:50] /s mega charizard y
[17/09/2014 22:34:59] /s shiny mega lucario
[17/09/2014 22:35:05] /r
[17/09/2014 22:35:08] /s mega gengar
[17/09/2014 22:38:32] /t
[20/09/2014 22:55:13] /goto eevee
[20/09/2014 22:55:42] /b QUem Fica Bugando os npcs vai levar ban
[20/09/2014 22:55:56] /r
[20/09/2014 22:55:57] /r
[20/09/2014 22:56:14] /s mega lucario
[20/09/2014 22:56:18] /s mega alakazam
[20/09/2014 22:56:22] /s mega blastoise
[20/09/2014 22:56:29] /s shiny mega lucario
[20/09/2014 22:56:41] /s mega tironytar
[20/09/2014 22:56:45] /s mega tironitar
[21/09/2014 21:46:18] /addskill [adm] andre alkmim , lvl , 100000
[21/09/2014 21:46:18] /addskill [adm] andre alkmim , lvl , 100000
[21/09/2014 21:46:19] /addskill [adm] andre alkmim , lvl , 100000
[21/09/2014 21:46:19] /addskill [adm] andre alkmim , lvl , 100000
[21/09/2014 21:46:19] /addskill [adm] andre alkmim , lvl , 100000
[21/09/2014 21:46:20] /addskill [adm] andre alkmim , lvl , 100000
[21/09/2014 21:46:20] /addskill [adm] andre alkmim , lvl , 100000
[21/09/2014 21:46:20] /addskill [adm] andre alkmim , lvl , 100000
[21/09/2014 21:46:20] /addskill [adm] andre alkmim , lvl , 100000
[21/09/2014 21:46:29] /addskill [adm] andre alkmim , lvl , 100000
[21/09/2014 21:46:30] /addskill [adm] andre alkmim , lvl , 100000/addskill [adm] andre alkmim , lvl , 100000
[21/09/2014 21:46:30] /addskill [adm] andre alkmim , lvl , 100000
[21/09/2014 21:46:30] /addskill [adm] andre alkmim , lvl , 100000
[21/09/2014 21:46:31] /addskill [adm] andre alkmim , lvl , 100000
[21/09/2014 21:46:31] /addskill [adm] andre alkmim , lvl , 100000
[21/09/2014 21:46:32] /addskill [adm] andre alkmim , lvl , 100000
[21/09/2014 21:46:32] /addskill [adm] andre alkmim , lvl , 100000
[21/09/2014 21:46:53] /addskill [adm] andre alkmim , lvl , 100000
[21/09/2014 21:46:55] /addskill [adm] andre alkmim , lvl , 1000000
[21/09/2014 21:46:56] /addskill [adm] andre alkmim , lvl , 10000
[21/09/2014 21:46:59] /addskill [adm] andre alkmim , lvl , 10000
[21/09/2014 21:46:59] /addskill [adm] andre alkmim , lvl , 10000
[21/09/2014 21:47:00] /addskill [adm] andre alkmim , lvl , 10000
[21/09/2014 21:47:00] /addskill [adm] andre alkmim , lvl , 10000
[21/09/2014 21:47:00] /addskill [adm] andre alkmim , lvl , 10000
[21/09/2014 21:47:00] /addskill [adm] andre alkmim , lvl , 10000
[21/09/2014 21:47:02] /addskill [adm] andre alkmim , lvl , 1000
[21/09/2014 21:47:04] /addskill [adm] andre alkmim , lvl , 100/addskill [adm] andre alkmim , lvl , 10000
[21/09/2014 21:47:07] /addskill [adm] andre alkmim , lvl , 1000/addskill [adm] andre alkmim , lvl , 10000
[21/09/2014 21:47:09] /addskill [adm] andre alkmim , lvl , 10000/addskill [adm] andre alkmim , lvl , 10000
[21/09/2014 21:47:11] /addskill [adm] andre alkmim , lvl , 1000/addskill [adm] andre alkmim , lvl , 10000
[21/09/2014 21:47:13] /addskill [adm] andre alkmim , lvl , 1000
[21/09/2014 21:47:14] /addskill [adm] andre alkmim , lvl , 1000
[21/09/2014 21:47:19] /addskill [adm] andre alkmim , lvl , 1000/addskill [adm] andre alkmim , lvl , 10000
[21/09/2014 21:47:21] /addskill [adm] andre alkmim , lvl , 10000
[21/09/2014 21:47:21] /addskill [adm] andre alkmim , lvl , 10000
[21/09/2014 21:47:23] /addskill [adm] andre alkmim , lvl , 1000/addskill [adm] andre alkmim , lvl , 10000
[21/09/2014 21:47:24] /addskill [adm] andre alkmim , lvl , 10000
[21/09/2014 21:47:25] /addskill [adm] andre alkmim , lvl , 1000
[21/09/2014 21:47:26] /addskill [adm] andre alkmim , lvl , 1000
[21/09/2014 21:47:27] /addskill [adm] andre alkmim , lvl , 1000
[21/09/2014 21:47:28] /addskill [adm] andre alkmim , lvl , 10000/addskill [adm] andre alkmim , lvl , 10000
[21/09/2014 21:47:29] /addskill [adm] andre alkmim , lvl , 1000/addskill [adm] andre alkmim , lvl , 10000
[21/09/2014 21:47:36] /goto [gm] lucas
[21/09/2014 21:47:48] /m reshiram
[21/09/2014 21:48:23] /m reshiram
[21/09/2014 21:48:31] /r
[21/09/2014 21:48:59] /r
[21/09/2014 21:49:05] /i 12227
[21/09/2014 21:49:05] /i 12227
[21/09/2014 21:49:06] /i 12227
[21/09/2014 21:49:06] /i 12227
[21/09/2014 21:49:06] /i 12227
[21/09/2014 21:49:07] /i 12227
[21/09/2014 21:49:07] /i 12227
[21/09/2014 21:49:07] /i 12227
[21/09/2014 21:49:08] /i 12227
[21/09/2014 21:49:08] /i 12227
[21/09/2014 21:49:21] /i 12227
[21/09/2014 21:49:21] /i 12227
[21/09/2014 21:49:22] /i 12227
[21/09/2014 21:49:22] /i 12227
[21/09/2014 21:49:22] /i 12227
[21/09/2014 21:49:22] /i 12227
[21/09/2014 21:49:23] /i 12227
[21/09/2014 21:49:30] /i 12227
[21/09/2014 21:49:30] /i 12227
[21/09/2014 21:49:30] /i 12227
[21/09/2014 21:49:31] /i 12227
[21/09/2014 21:49:31] /i 12227
[21/09/2014 21:49:31] /i 12227
[21/09/2014 21:49:31] /i 12227
[21/09/2014 21:49:37] /i 12227
[21/09/2014 21:49:38] /i 12227/i 12227
[21/09/2014 21:49:38] /i 12227
[21/09/2014 21:49:39] /i 12227
[21/09/2014 21:49:39] /i 12227
[21/09/2014 21:49:39] /i 12227
[21/09/2014 21:49:39] /i 12227
[21/09/2014 21:49:56] /r
[21/09/2014 21:50:44] /r
[21/09/2014 21:50:50] /r
[21/09/2014 21:50:51] /r
[21/09/2014 21:50:52] /r
[21/09/2014 21:50:52] /r
[21/09/2014 21:50:52] /r
[21/09/2014 21:50:55] /r
[21/09/2014 21:51:00] /r
[21/09/2014 21:51:00] /r
[21/09/2014 21:51:01] /r
[21/09/2014 21:51:01] /r
[21/09/2014 21:51:02] /r
[21/09/2014 21:51:02] /r
[21/09/2014 21:51:02] /r
[21/09/2014 21:51:03] /r
[21/09/2014 21:51:03] /r
[21/09/2014 21:51:10] /m shiny salamence
[21/09/2014 21:51:11] /m shiny salamence
[21/09/2014 21:51:11] /m shiny salamence
[21/09/2014 21:51:11] /m shiny salamence
[21/09/2014 21:51:12] /m shiny salamence
[21/09/2014 21:51:16] /m shiny salamence
[21/09/2014 21:51:17] /m shiny salamence
[21/09/2014 21:51:17] /m shiny salamence
[21/09/2014 21:51:17] /m shiny salamence
[21/09/2014 21:51:18] /m shiny salamence
[21/09/2014 21:51:18] /m shiny salamence
[21/09/2014 21:51:18] /m shiny salamence
[21/09/2014 21:51:18] /m shiny salamence
[21/09/2014 21:51:19] /m shiny salamence
[21/09/2014 21:51:19] /m shiny salamence
[21/09/2014 21:51:19] /m shiny salamence
[21/09/2014 21:51:19] /m shiny salamence
[21/09/2014 21:51:20] /m shiny salamence
[21/09/2014 21:51:20] /m shiny salamence
[21/09/2014 21:51:20] /m shiny salamence
[21/09/2014 21:51:21] /m shiny salamence
[21/09/2014 21:51:21] /m shiny salamence
[21/09/2014 21:51:21] /m shiny salamence
[21/09/2014 21:51:22] /m shiny salamence
[21/09/2014 21:51:22] /m shiny salamence
[21/09/2014 21:51:22] /m shiny salamence
[21/09/2014 21:51:22] /m shiny salamence
[21/09/2014 21:51:23] /m shiny salamence
[21/09/2014 21:51:24] /m shiny salamence
[21/09/2014 21:51:24] /m shiny salamence/m shiny salamence
[21/09/2014 21:51:25] /m shiny salamence
[21/09/2014 21:51:25] /m shiny salamence
[21/09/2014 21:51:25] /m shiny salamence
[21/09/2014 21:51:25] /m shiny salamence
[21/09/2014 21:51:26] /m shiny salamence
[21/09/2014 21:51:26] /m shiny salamence
[21/09/2014 21:51:26] /m shiny salamence
[21/09/2014 21:51:27] /m shiny salamence
[21/09/2014 21:51:27] /m shiny salamence
[21/09/2014 21:51:27] /m shiny salamence
[21/09/2014 21:51:28] /m shiny salamence
[21/09/2014 21:51:28] /m shiny salamence
[21/09/2014 21:51:29] /m shiny salamence/m shiny salamence
[21/09/2014 21:51:29] /m shiny salamence
[21/09/2014 21:51:30] /m shiny salamence
[21/09/2014 21:51:30] /m shiny salamence
[21/09/2014 21:51:30] /m shiny salamence
[21/09/2014 21:51:31] /m shiny salamence
[21/09/2014 21:51:31] /m shiny salamence
[21/09/2014 21:51:31] /m shiny salamence
[21/09/2014 21:51:32] /m shiny salamence
[21/09/2014 21:51:32] /m shiny salamence
[21/09/2014 21:51:32] /m shiny salamence
[21/09/2014 21:51:32] /m shiny salamence
[21/09/2014 21:51:33] /m shiny salamence
[21/09/2014 21:52:09] /addskill [adm] andre alkmim , cauths , 10000000
[21/09/2014 21:52:36] /b se pedir item pra staff vai levar notation
[26/09/2014 21:35:10] /t
[26/09/2014 21:35:16] /b Eaew POVO LINDO
[26/09/2014 21:37:05] /t
[26/09/2014 21:37:22] /goto [CM] Serena
[26/09/2014 21:37:27] /t
[26/09/2014 21:39:05] /t
[26/09/2014 21:44:36] /t
[26/09/2014 23:23:03] /addskill [adm] andre alkmim , lvl , 1
[27/09/2014 01:32:27] /goto broond
[27/09/2014 01:32:33] /goto vintercardoso
[27/09/2014 11:29:40] /goto [adm] gewar
[27/09/2014 11:29:52] /t
[28/09/2014 11:52:24] /i bike
[28/09/2014 11:52:43] /i bike
[28/09/2014 11:53:33] /i bioke.
[28/09/2014 11:53:39] /i bike.
[28/09/2014 11:53:52] /i bike.
[28/09/2014 11:56:05] /ghost
[28/09/2014 11:56:10] /i bike.
[28/09/2014 11:57:06] /i bike.
[28/09/2014 11:57:32] /i bike.
[28/09/2014 11:58:16] /i Bike.
[28/09/2014 11:58:57] /i bike.
[28/09/2014 12:02:39] /addskill [adm] andre alkmim , lvl , 300000
[28/09/2014 12:03:18] /addskill [adm] andre alkmim , lvl , 1
[28/09/2014 14:51:53] /r
[28/09/2014 14:51:55] /r
[28/09/2014 14:52:10] /t
[28/09/2014 15:22:01] /ghost
[28/09/2014 15:22:36] /r
[28/09/2014 15:22:38] /r
[28/09/2014 15:22:42] /r
[28/09/2014 15:22:47] /r
[28/09/2014 15:22:49] /r
[28/09/2014 15:28:12] /addskill shadows white , lvl , 100
[28/09/2014 15:28:22] /t
