[23/05/2015 00:11:53] /t
[23/05/2015 00:12:24] /m aerodactyl
[23/05/2015 00:12:42] /r
[23/05/2015 00:12:57] !revert
[23/05/2015 00:14:47] /m shiny mariwaj
[23/05/2015 00:14:52] /m shiny marowak
[23/05/2015 00:14:59] /r
[23/05/2015 12:34:38] /t
[23/05/2015 12:34:52] /m shiny pidgeot
[23/05/2015 12:35:23] /r
[23/05/2015 12:35:30] /r
[23/05/2015 12:36:00] /attr health, 5000000
[23/05/2015 12:36:06] /attr health, 5000000
[23/05/2015 12:36:21] /attr skill health, 5000000
[23/05/2015 15:29:21] /t
[24/05/2015 01:50:07] /t
[24/05/2015 01:52:11] /a
[24/05/2015 01:52:22] /a
[24/05/2015 01:52:26] /a
[24/05/2015 01:52:28] /a
[24/05/2015 01:54:29] /a
[24/05/2015 01:54:34] /a
[24/05/2015 01:54:35] /a
[24/05/2015 01:55:22] /t
[24/05/2015 01:56:57] /t
[24/05/2015 02:06:48] /a
[24/05/2015 02:06:55] /a
[24/05/2015 02:07:56] /t
[24/05/2015 09:58:01] /t
[24/05/2015 09:59:13] /t
[24/05/2015 10:00:26] /t
[24/05/2015 10:00:51] /t
[24/05/2015 10:02:10] /t
[24/05/2015 10:06:19] /t
[24/05/2015 10:06:37] /m aerodactyl
[24/05/2015 10:06:44] /r
[24/05/2015 10:06:58] /n pokemon colletor
[24/05/2015 10:07:04] /n pokemon colletcor
[24/05/2015 10:08:28] /n pokemon seller
[24/05/2015 10:08:41] /m Pokemon Collector
[24/05/2015 10:08:45] /n Pokemon Collector
[24/05/2015 10:08:55] /r
[24/05/2015 12:14:04] /t
[24/05/2015 22:51:56] /t
[24/05/2015 22:52:15] /down
[24/05/2015 22:53:43] /t
[28/05/2015 16:55:13] /r
[28/05/2015 16:55:17] /r
[28/05/2015 16:55:21] /r
[28/05/2015 16:55:25] /r
[28/05/2015 17:08:20] /a
[29/05/2015 02:03:22] /a
[29/05/2015 02:03:23] /a
[29/05/2015 02:03:24] /a
[29/05/2015 02:17:01] /t
[29/05/2015 02:19:09] /m shiny mr. mime
[29/05/2015 02:19:10] /m shiny mr. mime
[29/05/2015 02:19:20] /r
[30/05/2015 10:36:40] /goto Lindo
[30/05/2015 10:36:44] /ghost
[30/05/2015 10:36:47] /ghost
[30/05/2015 10:37:01] /town 2
[30/05/2015 10:37:06] /town 1
[30/05/2015 10:37:08] /town 3
[30/05/2015 10:37:11] /town 4
[30/05/2015 10:37:14] /town 5
[30/05/2015 10:37:17] /town 6
[30/05/2015 10:37:20] /town 7
[30/05/2015 10:37:23] /town 8
[30/05/2015 10:37:45] !revert
[30/05/2015 10:38:21] /t
[30/05/2015 10:38:43] !revert
[30/05/2015 10:39:00] /a 10
[30/05/2015 10:39:01] /a 10
[30/05/2015 10:39:03] /a 10
[30/05/2015 10:39:17] /a 10
[30/05/2015 10:39:19] /a 10
[30/05/2015 10:39:20] /a 10
[30/05/2015 10:39:24] /a 10
[30/05/2015 10:39:26] /a 10
[30/05/2015 10:39:29] /a 10
[30/05/2015 10:39:30] /a 10
[30/05/2015 10:40:00] /c Lindo
[30/05/2015 11:05:46] /c Lindo
[30/05/2015 11:06:00] /t Lindo
[30/05/2015 11:06:31] /c Lindo
[30/05/2015 11:06:38] /r
[30/05/2015 11:07:06] /r
[30/05/2015 11:07:22] /i water stone
[30/05/2015 11:07:35] /r
[30/05/2015 11:15:57] /r
[30/05/2015 11:15:59] /r
[30/05/2015 11:16:01] /t Lindo
[30/05/2015 11:16:06] /r
[30/05/2015 11:16:12] /r
[30/05/2015 11:16:14] /r
[30/05/2015 11:16:16] /r
[30/05/2015 11:16:20] /goto shiny cubone
[30/05/2015 11:16:23] /r
[30/05/2015 11:16:25] /r
[30/05/2015 11:16:26] /r
[30/05/2015 11:16:28] /goto shiny cubone
[30/05/2015 11:16:31] /r
[30/05/2015 11:16:31] /r
[30/05/2015 11:16:32] /goto shiny cubone
[30/05/2015 11:16:36] /r
[30/05/2015 11:16:36] /r
[30/05/2015 11:16:38] /goto shiny cubone
[30/05/2015 11:16:41] /goto shiny cubone
[30/05/2015 11:16:45] /goto shiny marowak
[30/05/2015 11:16:51] /t
[30/05/2015 11:16:54] /goto shiny tangela
[30/05/2015 11:16:57] /r
[30/05/2015 11:17:01] /goto shiny tangela
[30/05/2015 11:17:03] /r
[30/05/2015 11:17:06] /a 10
[30/05/2015 11:17:07] /a 10
[30/05/2015 11:17:08] /a 10
[30/05/2015 11:17:09] /a 10
[30/05/2015 11:17:10] /a 10
[30/05/2015 11:17:11] /a 10
[30/05/2015 11:17:12] /a 10
[30/05/2015 11:17:13] /a 10
[30/05/2015 11:17:13] /a 10
[30/05/2015 11:17:14] /a 10
[30/05/2015 11:17:59] /a 50
[30/05/2015 11:18:00] /a 50
[30/05/2015 11:18:20] /c Lindo
[30/05/2015 11:18:24] /r
[30/05/2015 11:18:26] /r
[30/05/2015 11:18:31] /r
[30/05/2015 11:18:35] /r
[30/05/2015 11:19:49] /i box held t6
[30/05/2015 11:19:53] /i box held t7
[30/05/2015 11:20:10] /i box held t6
[30/05/2015 11:20:40] /c Lindo
[30/05/2015 11:20:46] /c Lindo
[30/05/2015 11:20:50] /c Lindo
[30/05/2015 11:20:52] /c Lindo
[30/05/2015 11:20:54] /c Lindo
[30/05/2015 11:20:56] /c Lindo
[30/05/2015 11:21:01] /c Lindo
[30/05/2015 11:21:24] /i y-cure t6
[30/05/2015 11:21:53] /r
[30/05/2015 11:21:58] /r
[30/05/2015 11:22:05] /r
[30/05/2015 11:22:06] /r
[30/05/2015 11:23:20] /c Lindo
[30/05/2015 11:25:44] /i held box t6
[30/05/2015 11:25:48] /i held box t6
[30/05/2015 11:25:55] /i held box t6
[30/05/2015 11:26:04] /i box held t6
[30/05/2015 11:26:25] /m shiny snorlax
[30/05/2015 11:26:35] /r
[30/05/2015 11:27:26] /n nurse
[30/05/2015 11:27:52] /r
[30/05/2015 11:28:22] /i x-regeneration t6
[30/05/2015 11:28:32] /i box held t6
[30/05/2015 11:28:32] /i box held t6
[30/05/2015 11:28:33] /i box held t6
[30/05/2015 11:28:33] /i box held t6
[30/05/2015 11:28:52] /r
[30/05/2015 11:28:53] /r
[30/05/2015 11:28:56] /r
[30/05/2015 11:29:06] /i y-regeneration t7
[30/05/2015 11:29:20] /c Lindo
[30/05/2015 11:29:26] /m steelix
[30/05/2015 11:29:27] /m steelix
[30/05/2015 11:29:28] /m steelix
[30/05/2015 11:29:28] /m steelix
[30/05/2015 11:29:29] /m steelix
[30/05/2015 11:29:34] /m steelix
[30/05/2015 11:29:35] /m steelix
[30/05/2015 11:29:35] /m steelix
[30/05/2015 11:29:50] /c Lindo
[30/05/2015 11:30:52] /i boost stone
[30/05/2015 11:31:21] /attr set boost 50
[30/05/2015 11:32:00] /i y-cure t7
[30/05/2015 11:32:10] /r
[30/05/2015 11:32:10] /r
[30/05/2015 11:32:48] /m shiny golem
[30/05/2015 11:32:49] /m shiny golem
[30/05/2015 11:33:10] /m shiny rhydon
[30/05/2015 11:33:11] /m shiny rhydon
[30/05/2015 11:33:11] /m shiny rhydon
[30/05/2015 11:33:18] /m shiny onix
[30/05/2015 11:33:19] /m shiny onix
[30/05/2015 11:33:19] /m shiny onix
[30/05/2015 11:33:28] /c Lindo
[30/05/2015 11:33:36] /t Lindo
[30/05/2015 11:33:48] /c Lindo
[30/05/2015 11:34:14] /i ultra ball
[30/05/2015 11:34:36] /t Lindo
[30/05/2015 11:34:37] /t
[30/05/2015 11:34:49] /i y-regeneration t7
[30/05/2015 11:34:57] /goto tyranitar
[30/05/2015 11:35:06] /c Lindo
[30/05/2015 11:35:08] /r
[30/05/2015 11:35:20] /c Lindo
[30/05/2015 11:35:42] /m shiny onix
[30/05/2015 11:35:59] /i x-defense t7
[30/05/2015 11:36:13] /c Lindo
[30/05/2015 11:36:43] /t Lindo
[30/05/2015 11:39:22] /attr set health 500000
[30/05/2015 11:39:39] /attr set health 500000
[30/05/2015 11:39:44] /r
[30/05/2015 11:39:45] /r
[30/05/2015 11:39:46] /r
[30/05/2015 11:39:49] /r
[30/05/2015 11:40:03] /attr set hit points 5000000
[30/05/2015 11:40:09] /attr set hit points 5000000
[30/05/2015 11:40:14] /c Lindo
[30/05/2015 11:40:31] /i y-cure t6
[30/05/2015 11:40:35] /i y-cure t7
[30/05/2015 11:40:41] /r
[30/05/2015 11:40:52] /attr set boost 50
[30/05/2015 11:40:57] /i y-cure t7
[30/05/2015 11:41:18] /i x-defense t7
[30/05/2015 11:41:47] /n namer
[30/05/2015 11:42:48] /m moltres
[30/05/2015 11:42:51] /c Lindo
[30/05/2015 11:43:20] /i x-attack t7
[30/05/2015 11:44:39] /r
[30/05/2015 11:47:58] /i small diamond
[30/05/2015 11:48:40] /t Lindo
[30/05/2015 11:48:43] /t
[30/05/2015 11:48:48] /i bag box
[30/05/2015 11:49:22] /i aerodactyl backpack
[30/05/2015 11:49:33] /i mewtwo backpack
[30/05/2015 11:49:47] /i facebook backpack
[30/05/2015 11:50:12] /i ultraball backpack
[30/05/2015 11:53:37] /m venusaur
[30/05/2015 11:53:37] /m venusaur
[30/05/2015 11:53:38] /m venusaur
[30/05/2015 11:53:38] /m venusaur
[30/05/2015 11:53:39] /m venusaur
[30/05/2015 11:53:52] /i y-cure t7
[30/05/2015 11:53:57] /i y-cure t7
[30/05/2015 11:53:57] /i y-cure t7
[30/05/2015 11:53:58] /i y-cure t7
[30/05/2015 11:54:31] /m shiny venusaur
[30/05/2015 11:54:32] /m shiny venusaur
[30/05/2015 11:54:32] /m shiny venusaur
[30/05/2015 11:54:33] /m shiny venusaur
[30/05/2015 11:54:34] /m shiny venusaur
[30/05/2015 11:55:33] /attr group 2
[30/05/2015 11:55:43] /attr group 2
[30/05/2015 11:55:49] /c Lindo
[30/05/2015 11:55:52] /t Lindo
[30/05/2015 11:55:55] /c Lindo
[30/05/2015 11:55:58] /c Lindo
[30/05/2015 11:55:58] /attr group 2
[30/05/2015 11:56:00] /attr group 2
[30/05/2015 11:56:01] /c Lindo
[30/05/2015 11:56:02] /attr group 2
[30/05/2015 11:56:03] /c Lindo
[30/05/2015 11:56:06] /c Lindo
[30/05/2015 11:56:07] /c Lindo
[30/05/2015 11:56:08] /c Lindo
[30/05/2015 11:56:08] /c Lindo
[30/05/2015 11:56:09] /c Lindo
[30/05/2015 11:56:09] /c Lindo
[30/05/2015 11:56:10] /c Lindo
[30/05/2015 11:56:11] /c Lindo
[30/05/2015 11:56:11] /c Lindo
[30/05/2015 11:56:12] /c Lindo
[30/05/2015 11:56:12] /c Lindo
[30/05/2015 11:56:13] /c Lindo
[30/05/2015 11:56:13] /c Lindo
[30/05/2015 11:56:14] /c Lindo
[30/05/2015 11:56:14] /c Lindo
[30/05/2015 11:56:15] /c Lindo
[30/05/2015 11:56:32] /i 11784
[30/05/2015 11:56:34] /i 11784
[30/05/2015 11:56:36] /i 11784
[30/05/2015 11:56:41] /i 11784
[30/05/2015 11:56:45] /r
[30/05/2015 11:56:49] /i 11784
[30/05/2015 11:56:52] /c Lindo
[30/05/2015 11:56:54] /c Lindo
[30/05/2015 11:56:55] /c Lindo
[30/05/2015 11:56:55] /attr group 2
[30/05/2015 11:56:56] /c Lindo
[30/05/2015 11:56:56] /attr group 2
[30/05/2015 11:56:57] /c Lindo
[30/05/2015 11:56:58] /c Lindo
[30/05/2015 11:56:58] /c Lindo
[30/05/2015 11:56:59] /c Lindo
[30/05/2015 11:57:00] /c Lindo
[30/05/2015 11:57:00] /c Lindo
[30/05/2015 11:57:01] /c Lindo
[30/05/2015 11:57:02] /c Lindo
[30/05/2015 11:57:02] /c Lindo
[30/05/2015 11:57:07] /c Lindo
[30/05/2015 11:57:08] /c Lindo
[30/05/2015 11:57:09] /attr group 2
[30/05/2015 11:57:10] /c Lindo
[30/05/2015 11:57:11] /attr group 2
[30/05/2015 11:57:12] /c Lindo
[30/05/2015 11:57:12] /attr group 2
[30/05/2015 11:57:14] /c Lindo
[30/05/2015 11:57:14] /attr group 2
[30/05/2015 11:57:16] /c Lindo
[30/05/2015 11:57:16] /attr group 2
[30/05/2015 11:57:18] /c Lindo
[30/05/2015 11:57:19] /attr group 2
[30/05/2015 11:57:39] /attr group 5
[30/05/2015 11:57:47] /attr group 5
[30/05/2015 11:57:53] /attr group 2
[30/05/2015 11:57:56] /attr group 3
[30/05/2015 11:58:01] /t Lindo
[30/05/2015 11:58:53] /attr set boost 50
[30/05/2015 11:59:04] /m venusaur
[30/05/2015 11:59:05] /m venusaur
[30/05/2015 11:59:06] /m venusaur
[30/05/2015 11:59:06] /m venusaur
[30/05/2015 11:59:07] /m venusaur
[30/05/2015 11:59:07] /m venusaur
[30/05/2015 11:59:31] /m elder venusaur
[30/05/2015 11:59:54] /c Lindo
[30/05/2015 12:00:38] /r
[30/05/2015 12:00:42] /m shiny venusaur
[30/05/2015 12:00:44] /m shiny venusaur
[30/05/2015 12:00:44] /m shiny venusaur
[30/05/2015 12:00:45] /m shiny venusaur
[30/05/2015 12:00:45] /m shiny venusaur
[30/05/2015 12:00:46] /m shiny venusaur
[30/05/2015 12:00:47] /m shiny venusaur
[30/05/2015 12:00:47] /m shiny venusaur
[30/05/2015 12:01:38] /m venusaur
[30/05/2015 12:01:38] /m venusaur
[30/05/2015 12:01:39] /m venusaur
[30/05/2015 12:01:39] /m venusaur
[30/05/2015 12:01:40] /m venusaur
[30/05/2015 12:01:40] /m venusaur
[30/05/2015 12:01:52] /m shiny venusaur
[30/05/2015 12:01:53] /m shiny venusaur
[30/05/2015 12:01:54] /m shiny venusaur
[30/05/2015 12:01:54] /m shiny venusaur
[30/05/2015 12:01:55] /m shiny venusaur
[30/05/2015 12:01:55] /m shiny venusaur
[30/05/2015 12:01:57] /t Lindo
[30/05/2015 12:02:03] /r
[30/05/2015 12:02:07] /r
[30/05/2015 12:02:14] /r
[30/05/2015 12:02:16] /r
[30/05/2015 12:02:30] /r
[30/05/2015 12:02:31] /r
[30/05/2015 12:02:32] /r
[30/05/2015 12:02:46] /attr set boost 50
[30/05/2015 12:02:52] /r
[30/05/2015 12:02:54] /r
[30/05/2015 12:02:55] /r
[30/05/2015 12:02:57] /r
[30/05/2015 12:02:58] /r
[30/05/2015 12:02:59] /r
[30/05/2015 12:03:00] /r
[30/05/2015 12:03:02] /r
[30/05/2015 12:03:11] /m shiny venusaur
[30/05/2015 12:03:12] /m shiny venusaur
[30/05/2015 12:03:13] /m shiny venusaur
[30/05/2015 12:03:13] /m shiny venusaur
[30/05/2015 12:03:14] /m shiny venusaur
[30/05/2015 12:03:14] /m shiny venusaur
[30/05/2015 12:03:32] /i x-hellfire t7
[30/05/2015 12:03:59] /i x-hellfire t1
[30/05/2015 12:04:44] /m articuno
[30/05/2015 12:05:02] /t lindo
[30/05/2015 12:05:05] /r
[30/05/2015 12:05:06] /r
[30/05/2015 12:05:08] /r
[30/05/2015 12:05:18] /attr set boost 50
[30/05/2015 12:05:26] /r
[30/05/2015 12:05:27] /r
[30/05/2015 12:05:28] /r
[30/05/2015 12:05:35] /m shiny articuno
[30/05/2015 12:05:40] /m articuno
[30/05/2015 12:06:48] /r
[30/05/2015 12:06:50] /r
[30/05/2015 12:06:50] /r
[30/05/2015 12:06:51] /r
[30/05/2015 12:07:16] /attr set boost 50
[30/05/2015 12:07:26] /m articuno
[30/05/2015 12:08:54] /attr set boost 50
[30/05/2015 12:10:19] /c Lindo
[30/05/2015 12:11:23] /attr set boost 50
[30/05/2015 12:11:55] /t Lindo
[30/05/2015 12:11:57] /c Lindo
[30/05/2015 12:11:59] /t Lindo
[30/05/2015 12:12:00] /c Lindo
[30/05/2015 12:12:26] /attr set boost 50
[30/05/2015 12:12:30] /r
[30/05/2015 12:13:18] /r
[30/05/2015 12:13:34] /attr set boost 50
[30/05/2015 12:16:49] /t Lindo
[30/05/2015 12:16:50] /t
[30/05/2015 12:17:49] /b GG IZI
[30/05/2015 12:18:06] /n nurse
[30/05/2015 12:20:26] /attr set boost 50
[30/05/2015 12:20:31] /attr set boost 50
[30/05/2015 12:20:33] /attr set boost 50
[30/05/2015 12:20:36] /attr set boost 50
[30/05/2015 12:21:57] /r
[30/05/2015 12:22:17] /b GG?
[30/05/2015 12:45:16] /attr set boost 50
[30/05/2015 12:45:23] /attr set boost 50
[30/05/2015 12:45:31] /attr set boost 50
[30/05/2015 12:45:38] /attr set boost 50
[30/05/2015 12:46:12] /goto onix
[30/05/2015 12:47:38] /t
[30/05/2015 12:48:42] /down
[30/05/2015 12:50:34] /m blastoise
[30/05/2015 12:50:34] /m blastoise
[30/05/2015 12:50:35] /m blastoise
[30/05/2015 12:50:36] /m blastoise
[30/05/2015 12:50:36] /m blastoise
[30/05/2015 12:50:37] /m blastoise
[30/05/2015 12:50:38] /t
[30/05/2015 12:51:09] /m shiny blastoise
[30/05/2015 12:51:09] /m shiny blastoise
[30/05/2015 12:51:10] /m shiny blastoise
[30/05/2015 12:51:11] /m shiny blastoise
[30/05/2015 12:51:11] /m shiny blastoise
[30/05/2015 12:51:12] /m shiny blastoise
[30/05/2015 12:51:14] /m shiny blastoise
[30/05/2015 12:51:33] /i x-defense t7
[30/05/2015 12:51:45] /m shiny blastoise
[30/05/2015 12:51:46] /m shiny blastoise
[30/05/2015 12:51:46] /m shiny blastoise
[30/05/2015 12:51:47] /m shiny blastoise
[30/05/2015 12:51:48] /m shiny blastoise
[30/05/2015 12:51:48] /m shiny blastoise
[30/05/2015 12:51:52] /m shiny blastoise
[30/05/2015 12:52:13] /i ultra ball
[30/05/2015 12:54:18] /attr set boost 50
[30/05/2015 12:54:29] /m shiny blastoise
[30/05/2015 12:54:30] /m shiny blastoise
[30/05/2015 12:54:30] /m shiny blastoise
[30/05/2015 12:54:31] /m shiny blastoise
[30/05/2015 12:54:31] /m shiny blastoise
[30/05/2015 12:54:32] /m shiny blastoise
[30/05/2015 12:54:32] /m shiny blastoise
[30/05/2015 12:54:33] /m shiny blastoise
[30/05/2015 12:54:44] /m shiny blastoise
[30/05/2015 12:54:45] /m shiny blastoise
[30/05/2015 12:54:45] /m shiny blastoise
[30/05/2015 12:54:46] /m shiny blastoise
[30/05/2015 12:54:46] /m shiny blastoise
[30/05/2015 12:54:47] /m shiny blastoise
[30/05/2015 12:56:00] /m elder tangela
[30/05/2015 12:56:53] /r
[30/05/2015 12:57:00] /m mewtwo
[30/05/2015 16:32:34] /newtype 1140
[30/05/2015 16:32:58] /newtype 1190
[30/05/2015 16:33:05] /c Lindo
[30/05/2015 16:33:21] /c [ADM] Forsaken
[30/05/2015 16:33:22] /c [ADM] Forsaken
[30/05/2015 16:33:22] /c [ADM] Forsaken
[30/05/2015 16:33:22] /c [ADM] Forsaken
[30/05/2015 16:33:23] /c [ADM] Forsaken
[30/05/2015 16:33:23] /c [ADM] Forsaken
[30/05/2015 16:33:24] /c [ADM] Forsaken
[30/05/2015 16:33:24] /c [ADM] Forsaken
[30/05/2015 16:33:25] /c [ADM] Forsaken
[30/05/2015 16:33:25] /c [ADM] Forsaken
[30/05/2015 16:33:33] /c [ADM] Forsaken
[30/05/2015 16:33:37] /c [ADM] Forsaken
[30/05/2015 16:33:53] /newtype
[30/05/2015 16:33:57] /newtype 1189
[30/05/2015 16:34:01] /t
[30/05/2015 16:34:02] /t
[30/05/2015 16:34:19] /r
[30/05/2015 16:34:37] /newtype 1470
[30/05/2015 16:35:01] /newtype 1442
[30/05/2015 16:35:11] /goto account manager
[30/05/2015 16:35:28] /r
[30/05/2015 16:35:43] /newtype 1442
[30/05/2015 16:35:52] /newtype 1442
[30/05/2015 16:36:18] /newtype 1442
[30/05/2015 16:37:33] /m  articuno
[30/05/2015 16:37:35] /m moltres
[30/05/2015 16:37:40] /m zapdos
[30/05/2015 16:37:43] /m mewtwo
[30/05/2015 16:37:44] /t
[30/05/2015 16:39:15] /newtype 1442
[30/05/2015 16:44:15] /t
[30/05/2015 16:45:10] /t Lindo
[30/05/2015 16:49:19] /r
[30/05/2015 16:55:50] /r
[30/05/2015 16:55:52] /t
[30/05/2015 16:56:19] /t Lindo
[30/05/2015 16:56:27] /r
[30/05/2015 16:56:31] /r
[30/05/2015 16:56:33] /r
[30/05/2015 16:56:52] /r
[30/05/2015 16:57:10] /attr set boost 100
[30/05/2015 16:57:20] /attr set boost 150
[30/05/2015 17:00:02] /newtype 1139
[30/05/2015 17:00:07] /newtype 1189
[30/05/2015 17:00:14] /r
[30/05/2015 17:00:51] /n namer
[30/05/2015 17:01:02] /r
[30/05/2015 17:01:06] /r
[30/05/2015 17:01:11] /t Lindo
[30/05/2015 17:01:23] /attr group 4
[30/05/2015 17:01:30] /attr group 5
[30/05/2015 17:02:39] /town 4 [ADM] Forsaken
[30/05/2015 17:02:41] /town 4 [ADM] Forsaken
[30/05/2015 17:02:54] /goto charizard
[30/05/2015 17:02:54] /goto charizard
[30/05/2015 17:02:55] /goto charizard
[30/05/2015 17:02:55] /goto charizard
[30/05/2015 17:02:56] /goto charizard
[30/05/2015 17:03:00] /r
[30/05/2015 17:03:03] /r
[30/05/2015 17:03:04] /r
[30/05/2015 17:03:05] /r
[30/05/2015 17:03:05] /r
[30/05/2015 17:03:06] /r
[30/05/2015 17:03:06] /r
[30/05/2015 17:03:06] /r
[30/05/2015 17:03:12] /r
[30/05/2015 17:03:30] /r
[30/05/2015 17:03:31] /r
[30/05/2015 17:03:31] /r
[30/05/2015 17:03:31] /r
[30/05/2015 17:03:31] /r
[30/05/2015 17:03:31] /r
[30/05/2015 17:03:31] /r
[30/05/2015 17:03:31] /r
[30/05/2015 17:03:31] /r
[30/05/2015 17:03:31] /r
[30/05/2015 17:03:31] /r
[30/05/2015 17:03:31] /r
[30/05/2015 17:03:31] /r
[30/05/2015 17:03:31] /r
[30/05/2015 17:03:31] /r
[30/05/2015 17:03:31] /r
[30/05/2015 17:03:31] /r
[30/05/2015 17:03:31] /r
[30/05/2015 17:03:31] /r
[30/05/2015 17:03:31] /r
[30/05/2015 17:03:32] /r
[30/05/2015 17:03:32] /r
[30/05/2015 17:03:33] /r
[30/05/2015 17:03:33] /r
[30/05/2015 17:03:33] /r
[30/05/2015 17:03:33] /r
[30/05/2015 17:03:33] /r
[30/05/2015 17:03:33] /r
[30/05/2015 17:03:33] /r
[30/05/2015 17:03:33] /r
[30/05/2015 17:03:33] /r
[30/05/2015 17:03:33] /r
[30/05/2015 17:03:33] /r
[30/05/2015 17:03:33] /r
[30/05/2015 17:03:33] /r
[30/05/2015 17:03:33] /r
[30/05/2015 17:03:33] /r
[30/05/2015 17:03:33] /r
[30/05/2015 17:03:33] /r
[30/05/2015 17:03:34] /r
[30/05/2015 17:03:34] /r
[30/05/2015 17:03:34] /r
[30/05/2015 17:03:34] /r
[30/05/2015 17:03:34] /r
[30/05/2015 17:03:34] /r
[30/05/2015 17:03:34] /r
[30/05/2015 17:03:35] /r
[30/05/2015 17:03:35] /r
[30/05/2015 17:03:35] /r
[30/05/2015 17:03:35] /r
[30/05/2015 17:03:35] /r
[30/05/2015 17:03:35] /r
[30/05/2015 17:03:36] /r
[30/05/2015 17:03:36] /r
[30/05/2015 17:03:36] /r
[30/05/2015 17:03:36] /r
[30/05/2015 17:03:36] /r
[30/05/2015 17:03:36] /r
[30/05/2015 17:03:37] /r
[30/05/2015 17:03:37] /r
[30/05/2015 17:03:37] /r
[30/05/2015 17:03:37] /r
[30/05/2015 17:03:37] /r
[30/05/2015 17:03:37] /r
[30/05/2015 17:03:38] /r
[30/05/2015 17:03:39] /r
[30/05/2015 17:03:39] /r
[30/05/2015 17:03:39] /r
[30/05/2015 17:03:39] /r
[30/05/2015 17:03:40] /r
[30/05/2015 17:03:41] /r
[30/05/2015 17:03:41] /r
[30/05/2015 17:03:44] /r
[30/05/2015 17:03:44] /r
[30/05/2015 17:03:45] /r
[30/05/2015 17:03:45] /r
[30/05/2015 17:03:45] /r
[30/05/2015 17:03:45] /r
[30/05/2015 17:03:45] /r
[30/05/2015 17:03:46] /r
[30/05/2015 17:03:47] /r
[30/05/2015 17:03:48] /r
[30/05/2015 17:03:48] /r
[30/05/2015 17:03:48] /r
[30/05/2015 17:03:48] /r
[30/05/2015 17:03:48] /r
[30/05/2015 17:03:48] /r
[30/05/2015 17:03:49] /r
[30/05/2015 17:03:49] /r
[30/05/2015 17:03:49] /r
[30/05/2015 17:03:49] /r
[30/05/2015 17:03:49] /r
[30/05/2015 17:03:50] /r
[30/05/2015 17:03:50] /r
[30/05/2015 17:03:50] /r
[30/05/2015 17:03:51] /r
[30/05/2015 17:03:51] /r
[30/05/2015 17:03:51] /r
[30/05/2015 17:03:51] /r
[30/05/2015 17:03:52] /r
[30/05/2015 17:03:52] /r
[30/05/2015 17:03:52] /r
[30/05/2015 17:03:52] /r
[30/05/2015 17:03:52] /r
[30/05/2015 17:03:52] /r
[30/05/2015 17:03:53] /r
[30/05/2015 17:03:55] /r
[30/05/2015 17:04:07] /c Lindo
[30/05/2015 17:04:08] /c Lindo
[30/05/2015 17:04:08] /c Lindo
[30/05/2015 17:04:09] /c Lindo
[30/05/2015 17:04:09] /c Lindo
[30/05/2015 17:04:10] /c Lindo
[30/05/2015 17:04:10] /c Lindo
[30/05/2015 17:04:11] /c Lindo
[30/05/2015 17:04:12] /c Lindo
[30/05/2015 17:04:12] /c Lindo
[30/05/2015 17:04:13] /r
[30/05/2015 17:04:14] /r
[30/05/2015 17:04:14] /r
[30/05/2015 17:04:15] /r
[30/05/2015 17:04:16] /r
[30/05/2015 17:04:17] /c Lindo
[30/05/2015 17:04:18] /c Lindo
[30/05/2015 17:04:18] /c Lindo
[30/05/2015 17:04:19] /c Lindo
[30/05/2015 17:04:20] /c Lindo
[30/05/2015 17:04:20] /c Lindo
[30/05/2015 17:04:22] /r
[30/05/2015 17:04:23] /r
[30/05/2015 17:04:23] /r
[30/05/2015 17:04:24] /r
[30/05/2015 17:04:25] /r
[30/05/2015 17:04:25] /r
[30/05/2015 17:04:25] /r
[30/05/2015 17:04:25] /r
[30/05/2015 17:04:26] /r
[30/05/2015 17:04:26] /r
[30/05/2015 17:04:26] /r
[30/05/2015 17:04:26] /r
[30/05/2015 17:04:26] /r
[30/05/2015 17:04:26] /r
[30/05/2015 17:04:27] /r
[30/05/2015 17:04:27] /r
[30/05/2015 17:04:27] /r
[30/05/2015 17:04:27] /r
[30/05/2015 17:04:27] /r
[30/05/2015 17:04:28] /r
[30/05/2015 17:04:28] /r
[30/05/2015 17:04:28] /r
[30/05/2015 17:04:31] /r
[30/05/2015 17:04:33] /r
[30/05/2015 17:04:34] /r
[30/05/2015 17:04:39] /r
[30/05/2015 17:04:40] /r
[30/05/2015 17:04:40] /r
[30/05/2015 17:04:41] /r
[30/05/2015 17:04:42] /r
[30/05/2015 17:04:47] /r
[30/05/2015 17:04:53] /goto Lindo
[30/05/2015 17:04:54] /goto Lindo
[30/05/2015 17:04:55] /goto Lindo
[30/05/2015 17:04:55] /goto Lindo
[30/05/2015 17:04:57] /goto Lindo
[30/05/2015 17:04:57] /goto Lindo
[30/05/2015 17:04:58] /goto Lindo
[30/05/2015 17:04:58] /goto Lindo
[30/05/2015 17:04:58] /goto Lindo
[30/05/2015 17:04:59] /goto Lindo
[30/05/2015 17:04:59] /goto Lindo
[30/05/2015 17:05:00] /goto Lindo
[30/05/2015 17:05:00] /goto Lindo
[30/05/2015 17:05:00] /goto Lindo
[30/05/2015 17:05:00] /goto Lindo
[30/05/2015 17:05:00] /goto Lindo
[30/05/2015 17:05:01] /goto Lindo
[30/05/2015 17:05:15] /r
[30/05/2015 17:05:15] /r
[30/05/2015 17:05:16] /r
[30/05/2015 17:05:16] /r
[30/05/2015 17:05:16] /r
[30/05/2015 17:05:16] /r
[30/05/2015 17:05:17] /r
[30/05/2015 17:05:17] /r
[30/05/2015 17:05:17] /r
[30/05/2015 17:05:17] /r
[30/05/2015 17:05:18] /r
[30/05/2015 17:05:18] /r
[30/05/2015 17:05:18] /r
[30/05/2015 17:05:18] /r
[30/05/2015 17:05:18] /r
[30/05/2015 17:05:18] /r
[30/05/2015 17:05:19] /r
[30/05/2015 17:05:19] /r
[30/05/2015 17:05:19] /r
[30/05/2015 17:05:19] /r
[30/05/2015 17:05:19] /r
[30/05/2015 17:05:19] /r
[30/05/2015 17:05:20] /r
[30/05/2015 17:05:20] /r
[30/05/2015 17:05:20] /r
[30/05/2015 17:05:20] /r
[30/05/2015 17:05:20] /r
[30/05/2015 17:05:20] /r
[30/05/2015 17:05:21] /r
[30/05/2015 17:05:21] /r
[30/05/2015 17:05:21] /r
[30/05/2015 17:05:21] /r
[30/05/2015 17:05:21] /r
[30/05/2015 17:05:21] /r
[30/05/2015 17:05:22] /r
[30/05/2015 17:05:22] /r
[30/05/2015 17:05:22] /r
[30/05/2015 17:05:22] /r
[30/05/2015 17:05:22] /r
[30/05/2015 17:05:22] /r
[30/05/2015 17:05:22] /r
[30/05/2015 17:05:23] /r
[30/05/2015 17:05:23] /r
[30/05/2015 17:05:23] /r
[30/05/2015 17:05:23] /r
[30/05/2015 17:05:23] /r
[30/05/2015 17:05:24] /r
[30/05/2015 17:05:24] /r
[30/05/2015 17:05:24] /r
[30/05/2015 17:05:24] /r
[30/05/2015 17:05:24] /r
[30/05/2015 17:05:25] /r
[30/05/2015 17:05:25] /r
[30/05/2015 17:05:25] /r
[30/05/2015 17:05:25] /r
[30/05/2015 17:05:40] /r
[30/05/2015 17:05:41] /r
[30/05/2015 17:05:41] /r
[30/05/2015 17:05:41] /r
[30/05/2015 17:05:41] /r
[30/05/2015 17:05:41] /r
[30/05/2015 17:05:41] /r
[30/05/2015 17:05:41] /r
[30/05/2015 17:05:41] /r
[30/05/2015 17:05:41] /r
[30/05/2015 17:05:41] /r
[30/05/2015 17:05:41] /r
[30/05/2015 17:05:41] /r
[30/05/2015 17:05:41] /r
[30/05/2015 17:05:41] /r
[30/05/2015 17:05:41] /r
[30/05/2015 17:05:41] /r
[30/05/2015 17:05:41] /r
[30/05/2015 17:05:41] /r
[30/05/2015 17:05:41] /r
[30/05/2015 17:05:41] /r
[30/05/2015 17:05:41] /r
[30/05/2015 17:05:41] /r
[30/05/2015 17:05:41] /r
[30/05/2015 17:05:42] /r
[30/05/2015 17:05:42] /r
[30/05/2015 17:05:42] /r
[30/05/2015 17:05:42] /r
[30/05/2015 17:05:42] /r
[30/05/2015 17:05:44] /r
[30/05/2015 17:05:45] /r
[30/05/2015 17:05:45] /r
[30/05/2015 17:05:45] /r
[30/05/2015 17:05:45] /r
[30/05/2015 17:05:45] /r
[30/05/2015 17:05:45] /r
[30/05/2015 17:05:45] /r
[30/05/2015 17:05:45] /r
[30/05/2015 17:05:46] /r
[30/05/2015 17:05:46] /r
[30/05/2015 17:05:46] /r
[30/05/2015 17:05:46] /r
[30/05/2015 17:05:46] /r
[30/05/2015 17:05:46] /r
[30/05/2015 17:05:46] /r
[30/05/2015 17:05:46] /r
[30/05/2015 17:05:46] /r
[30/05/2015 17:05:46] /r
[30/05/2015 17:05:46] /r
[30/05/2015 17:05:46] /r
[30/05/2015 17:05:46] /r
[30/05/2015 17:05:46] /r
[30/05/2015 17:05:46] /r
[30/05/2015 17:05:46] /r
[30/05/2015 17:05:46] /r
[30/05/2015 17:05:46] /r
[30/05/2015 17:05:46] /r
[30/05/2015 17:05:46] /r
[30/05/2015 17:05:46] /r
[30/05/2015 17:05:46] /r
[30/05/2015 17:05:46] /r
[30/05/2015 17:05:49] /r
[30/05/2015 17:05:49] /r
[30/05/2015 17:05:49] /r
[30/05/2015 17:05:49] /r
[30/05/2015 17:05:49] /r
[30/05/2015 17:05:49] /r
[30/05/2015 17:05:49] /r
[30/05/2015 17:05:49] /r
[30/05/2015 17:05:50] /r
[30/05/2015 17:05:50] /r
[30/05/2015 17:05:50] /r
[30/05/2015 17:05:50] /r
[30/05/2015 17:05:50] /r
[30/05/2015 17:05:50] /r
[30/05/2015 17:05:50] /r
[30/05/2015 17:05:50] /r
[30/05/2015 17:05:50] /r
[30/05/2015 17:05:50] /r
[30/05/2015 17:05:53] /r
[30/05/2015 17:05:54] /r
[30/05/2015 17:05:54] /r
[30/05/2015 17:05:54] /r
[30/05/2015 17:05:54] /r
[30/05/2015 17:05:54] /r
[30/05/2015 17:05:54] /r
[30/05/2015 17:05:54] /r
[30/05/2015 17:05:54] /r
[30/05/2015 17:05:54] /r
[30/05/2015 17:05:54] /r
[30/05/2015 17:05:54] /r
[30/05/2015 17:05:54] /r
[30/05/2015 17:05:54] /r
[30/05/2015 17:05:54] /r
[30/05/2015 17:05:54] /r
[30/05/2015 17:05:55] /r
[30/05/2015 17:05:55] /r
[30/05/2015 17:05:55] /r
[30/05/2015 17:05:55] /r
[30/05/2015 17:05:55] /r
[30/05/2015 17:05:55] /r
[30/05/2015 17:05:55] /r
[30/05/2015 17:05:55] /r
[30/05/2015 17:05:55] /r
[30/05/2015 17:05:55] /r
[30/05/2015 17:05:55] /r
[30/05/2015 17:05:55] /r
[30/05/2015 17:05:55] /r
[30/05/2015 17:05:56] /r
[30/05/2015 17:05:56] /r
[30/05/2015 17:05:56] /r
[30/05/2015 17:05:56] /r
[30/05/2015 17:05:56] /r
[30/05/2015 17:05:57] /r
[30/05/2015 17:05:57] /r
[30/05/2015 17:05:58] /r
[30/05/2015 17:05:58] /r
[30/05/2015 17:05:58] /r
[30/05/2015 17:05:58] /r
[30/05/2015 17:05:58] /r
[30/05/2015 17:05:58] /r
[30/05/2015 17:05:58] /r
[30/05/2015 17:05:59] /r
[30/05/2015 17:05:59] /r
[30/05/2015 17:05:59] /r
[30/05/2015 17:05:59] /r
[30/05/2015 17:06:01] /r
[30/05/2015 17:06:01] /r
[30/05/2015 17:06:01] /r
[30/05/2015 17:06:02] /r
[30/05/2015 17:06:02] /r
[30/05/2015 17:06:02] /r
[30/05/2015 17:06:02] /r
[30/05/2015 17:06:03] /r
[30/05/2015 17:06:04] /r
[30/05/2015 17:06:05] /goto Lindo
[30/05/2015 17:06:05] /goto Lindo
[30/05/2015 17:06:05] /goto Lindo
[30/05/2015 17:06:16] /goto [ADM] Forsaken
[30/05/2015 17:06:17] /goto [ADM] Forsaken/goto [ADM] Forsaken
[30/05/2015 17:06:17] /goto [ADM] Forsaken
[30/05/2015 17:06:17] /goto [ADM] Forsaken
[30/05/2015 17:06:18] /r
[30/05/2015 17:06:19] /r
[30/05/2015 17:06:19] /r
[30/05/2015 17:06:19] /r
[30/05/2015 17:06:19] /r
[30/05/2015 17:06:19] /r
[30/05/2015 17:06:20] /r
[30/05/2015 17:06:22] /r
[30/05/2015 17:06:22] /r
[30/05/2015 17:06:23] /r
[30/05/2015 17:06:23] /r
[30/05/2015 17:06:23] /r
[30/05/2015 17:06:23] /r
[30/05/2015 17:06:23] /r
[30/05/2015 17:06:24] /r
[30/05/2015 17:06:24] /r
[30/05/2015 17:06:25] /r
[30/05/2015 17:06:25] /r
[30/05/2015 17:06:25] /r
[30/05/2015 17:06:25] /r
[30/05/2015 17:06:25] /r
[30/05/2015 17:06:25] /r
[30/05/2015 17:06:25] /r
[30/05/2015 17:06:26] /r
[30/05/2015 17:06:26] /r
[30/05/2015 17:06:27] /r
[30/05/2015 17:06:27] /r
[30/05/2015 17:06:27] /r
[30/05/2015 17:06:27] /r
[30/05/2015 17:06:28] /r
[30/05/2015 17:06:28] /r
[30/05/2015 17:06:28] /r
[30/05/2015 17:06:28] /r
[30/05/2015 17:06:28] /r
[30/05/2015 17:06:28] /r
[30/05/2015 17:06:28] /r
[30/05/2015 17:06:28] /r
[30/05/2015 17:06:29] /r
[30/05/2015 17:06:29] /r
[30/05/2015 17:06:29] /r
[30/05/2015 17:06:29] /r
[30/05/2015 17:06:29] /r
[30/05/2015 17:06:30] /r
[30/05/2015 17:06:30] /r
[30/05/2015 17:06:30] /r
[30/05/2015 17:06:30] /r
[30/05/2015 17:06:30] /r
[30/05/2015 17:06:31] /r
[30/05/2015 17:06:31] /r
[30/05/2015 17:06:31] /r
[30/05/2015 17:06:31] /r
[30/05/2015 17:06:31] /r
[30/05/2015 17:06:32] /r
[30/05/2015 17:06:32] /r
[30/05/2015 17:06:32] /r
[30/05/2015 17:06:32] /r
[30/05/2015 17:06:32] /r
[30/05/2015 17:06:33] /r
[30/05/2015 17:06:33] /r
[30/05/2015 17:06:34] /r
[30/05/2015 17:06:34] /r
[30/05/2015 17:06:34] /r
[30/05/2015 17:06:35] /r
[30/05/2015 17:06:35] /r
[30/05/2015 17:06:35] /r
[30/05/2015 17:06:36] /r
[30/05/2015 17:06:36] /r
[30/05/2015 17:06:37] /r
[30/05/2015 17:06:37] /r
[30/05/2015 17:06:37] /r
[30/05/2015 17:06:37] /r
[30/05/2015 17:06:38] /r
[30/05/2015 17:06:38] /r
[30/05/2015 17:06:38] /r
[30/05/2015 17:06:38] /r
[30/05/2015 17:06:38] /r
[30/05/2015 17:06:38] /r
[30/05/2015 17:06:38] /r
[30/05/2015 17:06:38] /r
[30/05/2015 17:06:38] /r
[30/05/2015 17:06:38] /r
[30/05/2015 17:06:38] /r
[30/05/2015 17:06:38] /r
[30/05/2015 17:06:38] /r
[30/05/2015 17:06:38] /r
[30/05/2015 17:06:38] /r
[30/05/2015 17:06:39] /r
[30/05/2015 17:06:39] /r
[30/05/2015 17:06:39] /r
[30/05/2015 17:06:40] /r
[30/05/2015 17:06:40] /r
[30/05/2015 17:06:40] /r
[30/05/2015 17:06:41] /r
[30/05/2015 17:06:41] /r
[30/05/2015 17:06:41] /r
[30/05/2015 17:06:41] /r
[30/05/2015 17:06:41] /r
[30/05/2015 17:06:41] /r
[30/05/2015 17:06:42] /r
[30/05/2015 17:06:42] /r
[30/05/2015 17:06:43] /r
[30/05/2015 17:06:43] /r
[30/05/2015 17:06:43] /r
[30/05/2015 17:06:44] /r
[30/05/2015 17:06:44] /r
[30/05/2015 17:06:44] /r
[30/05/2015 17:06:44] /r
[30/05/2015 17:06:45] /r
[30/05/2015 17:06:45] /r
[30/05/2015 17:06:45] /r
[30/05/2015 17:06:46] /r
[30/05/2015 17:06:46] /r
[30/05/2015 17:06:47] /r
[30/05/2015 17:06:49] /r
[30/05/2015 17:06:49] /r
[30/05/2015 17:06:49] /r
[30/05/2015 17:06:50] /r
[30/05/2015 17:06:50] /r
[30/05/2015 17:06:50] /r
[30/05/2015 17:06:50] /r
[30/05/2015 17:06:50] /r
[30/05/2015 17:06:51] /r
[30/05/2015 17:06:51] /r
[30/05/2015 17:06:51] /r
[30/05/2015 17:06:51] /r
[30/05/2015 17:06:51] /r
[30/05/2015 17:06:52] /r
[30/05/2015 17:06:52] /r
[30/05/2015 17:06:52] /r
[30/05/2015 17:06:52] /r
[30/05/2015 17:06:52] /r
[30/05/2015 17:06:52] /r
[30/05/2015 17:06:53] /r
[30/05/2015 17:06:53] /r
[30/05/2015 17:06:53] /r
[30/05/2015 17:06:54] /r
[30/05/2015 17:06:54] /r
[30/05/2015 17:06:54] /r
[30/05/2015 17:06:54] /r
[30/05/2015 17:06:55] /r
[30/05/2015 17:06:56] /r
[30/05/2015 17:06:56] /r
[30/05/2015 17:06:56] /r
[30/05/2015 17:06:56] /r
[30/05/2015 17:06:56] /r
[30/05/2015 17:06:56] /r
[30/05/2015 17:06:56] /r
[30/05/2015 17:06:56] /r
[30/05/2015 17:06:57] /r
[30/05/2015 17:06:57] /r
[30/05/2015 17:06:58] /r
[30/05/2015 17:06:58] /r
[30/05/2015 17:06:58] /r
[30/05/2015 17:06:58] /r
[30/05/2015 17:06:58] /r
[30/05/2015 17:06:59] /r
[30/05/2015 17:06:59] /r
[30/05/2015 17:06:59] /r
[30/05/2015 17:06:59] /r
[30/05/2015 17:06:59] /r
[30/05/2015 17:07:00] /r
[30/05/2015 17:07:00] /r
[30/05/2015 17:07:10] /c Lindo
[30/05/2015 17:07:11] /r
[30/05/2015 17:07:13] /r
[30/05/2015 17:07:24] /r
[30/05/2015 17:07:25] /r
[30/05/2015 17:07:26] /r
[30/05/2015 17:07:26] /r
[30/05/2015 17:07:27] /r
[30/05/2015 17:07:27] /r
[30/05/2015 17:07:28] /r
[30/05/2015 17:07:29] /r
[30/05/2015 17:07:31] /r
[30/05/2015 17:07:31] /r
[30/05/2015 17:07:32] /r
[30/05/2015 17:07:32] /r
[30/05/2015 17:07:33] /r
[30/05/2015 17:07:33] /r
[30/05/2015 17:07:34] /r
[30/05/2015 17:07:35] /r
[30/05/2015 17:07:37] /r
[30/05/2015 17:07:38] /r
[30/05/2015 17:07:39] /r
[30/05/2015 17:07:39] /r
[30/05/2015 17:07:40] /r
[30/05/2015 17:08:25] /i 11726
[30/05/2015 17:08:26] /i 11726
[30/05/2015 17:08:48] /i 5773
[30/05/2015 17:08:49] /i 5773
[30/05/2015 17:09:03] /b GOGO LIXOS
[30/05/2015 17:09:18] /i shiny box
[30/05/2015 17:09:27] /i box boosted
[30/05/2015 17:09:36] /i box shiny
[30/05/2015 17:09:42] /i box shiny box
[30/05/2015 17:10:05] /i box boosted
[30/05/2015 17:10:09] /i box boosted box
[30/05/2015 17:10:27] /i boosted box
[30/05/2015 17:10:36] /i boosted box
[30/05/2015 17:10:37] /i boosted box
[30/05/2015 17:10:45] /i box boosted box
[30/05/2015 17:10:48] /i box boosted box
[30/05/2015 17:10:54] /i boosted box
[30/05/2015 17:11:05] /i mistery box
[30/05/2015 17:11:31] /attr set boost 1000000
[30/05/2015 17:11:36] /r
[30/05/2015 17:11:48] /i pokemon prize box +4
[30/05/2015 17:12:08] /r
[30/05/2015 17:12:12] /r
[30/05/2015 17:12:46] /attr set boost 50
[30/05/2015 17:12:56] /m moltres
[30/05/2015 17:13:05] /r
[30/05/2015 17:13:15] /b QUE COMECEM OS JOGOS
[30/05/2015 17:13:55] /addskill level 500
[30/05/2015 17:14:00] /addskill level, 500
[30/05/2015 17:14:06] /addskill level Lindo, 500
[30/05/2015 17:14:43] /attr set boost 5000000000
[30/05/2015 17:16:00] /addskill Lindo, Level 200
[30/05/2015 17:16:26] /addskill Lindo, Level, 200
[30/05/2015 17:16:27] /addskill Lindo, Level, 200
[30/05/2015 17:16:47] /addskill Lindo, Level, 200
[30/05/2015 17:17:05] /addskill lindo, level, 200
[30/05/2015 17:18:11] /addskill alucard, level, 200
[30/05/2015 17:18:59] /addskill [ADM] Tryn, level 1000
[30/05/2015 17:19:01] /addskill [ADM] Tryn, level 1000
[30/05/2015 17:19:04] /addskill [ADM] Tryn, level 1000
[30/05/2015 17:19:05] /addskill [ADM] Tryn, level 1000
[30/05/2015 17:19:06] /addskill [ADM] Tryn, level 1000
[30/05/2015 17:19:12] /addskill [ADM] Tryn, level, 1000
[30/05/2015 17:19:16] /addskill [ADM] Tryn, level, 1000
[30/05/2015 17:19:16] /addskill [ADM] Tryn, level, 1000
[30/05/2015 17:19:17] /addskill [ADM] Tryn, level, 1000
[30/05/2015 17:19:33] /attr group 5
[30/05/2015 17:20:01] /addskill [ADM] Tryn, level, 1000
[30/05/2015 17:20:02] /addskill [ADM] Tryn, level, 1000
[30/05/2015 17:20:19] /addskill [ADM] Tryn, level, 1000
[30/05/2015 17:20:19] /addskill [ADM] Tryn, level, 1000
[30/05/2015 17:20:35] /r
[30/05/2015 17:20:35] /r
[30/05/2015 17:20:47] /r
[30/05/2015 17:20:47] /r
[30/05/2015 17:20:52] /addskill [ADM] Tryn, level, 1000
[30/05/2015 17:20:53] /addskill [ADM] Tryn, level, 1000
[30/05/2015 17:20:53] /addskill [ADM] Tryn, level, 1000
[30/05/2015 17:20:53] /addskill [ADM] Tryn, level, 1000
[30/05/2015 17:20:54] /addskill [ADM] Tryn, level, 1000
[30/05/2015 17:20:57] /r
[30/05/2015 17:20:57] /r
[30/05/2015 17:20:57] /r
[30/05/2015 17:20:57] /r
[30/05/2015 17:20:58] /r
[30/05/2015 17:20:58] /r
[30/05/2015 17:21:22] /r
[30/05/2015 17:21:22] /r
[30/05/2015 17:21:22] /r
[30/05/2015 17:21:32] /r
[30/05/2015 17:21:32] /r
[30/05/2015 17:21:41] /r
[30/05/2015 17:21:41] /r
[30/05/2015 17:21:42] /r
[30/05/2015 17:21:42] /r
[30/05/2015 17:21:48] /r
[30/05/2015 17:21:48] /r
[30/05/2015 17:21:48] /r
[30/05/2015 17:21:48] /r
[30/05/2015 17:21:49] /r
[30/05/2015 17:21:49] /r
[30/05/2015 17:21:49] /r
[30/05/2015 17:21:50] /r
[30/05/2015 17:23:39] /addskill lindo, level, 10000
[30/05/2015 17:23:48] /addskill lindo, level, 1000
[30/05/2015 17:24:14] /attr set boost 10000
[30/05/2015 17:25:41] /addskill [ADM] Tryn, health, 50000
[30/05/2015 17:25:45] /addskill [ADM] Tryn, health, 50000
[30/05/2015 17:25:46] /addskill [ADM] Tryn, health, 50000
[30/05/2015 17:25:47] /addskill [ADM] Tryn, health, 50000
[30/05/2015 17:25:57] /addskill lindo, health, 50000
[30/05/2015 17:28:18] /r
[30/05/2015 17:28:19] /r
[30/05/2015 17:28:19] /r
[30/05/2015 17:28:20] /r
[30/05/2015 17:28:20] /r
[30/05/2015 17:28:32] /r
[30/05/2015 17:28:32] /r
[30/05/2015 17:28:32] /r
[30/05/2015 17:28:44] /r
[30/05/2015 17:28:51] /r
[30/05/2015 17:29:49] /r
[30/05/2015 17:30:35] /attr set boost 600000000
[30/05/2015 17:31:00] /r
[30/05/2015 17:31:01] /r
[30/05/2015 17:31:02] /r
[31/05/2015 01:07:06] /town 21
[31/05/2015 01:07:17] /town 21
[31/05/2015 01:07:52] /a
[31/05/2015 01:07:55] /up
[31/05/2015 01:07:59] /a
[31/05/2015 01:08:00] /a
[31/05/2015 01:08:01] /up
[31/05/2015 01:08:18] /down
[31/05/2015 01:08:21] /a
[31/05/2015 01:08:22] /a
[31/05/2015 01:09:02] /t
