[17/09/2014 23:58:58] /b cega de evento
[17/09/2014 23:59:16] /newtype 610
[18/09/2014 00:00:26] /b to voando kk
[18/09/2014 00:02:10] /ghost
[18/09/2014 00:03:59] /b Partiu Print.
[18/09/2014 00:04:52] /b vao todos na frente do cp de saffon e fika parado entre akeles bagui vermelhor q vo puxar pro telhado
[18/09/2014 00:04:57] /b vao todos na frente do cp de saffon e fika parado entre akeles bagui vermelhor q vo puxar pro telhado
[18/09/2014 00:04:58] /b vao todos na frente do cp de saffon e fika parado entre akeles bagui vermelhor q vo puxar pro telhado
[18/09/2014 00:05:13] /b vao todos na frente do cp de saffon e fika parado entre akeles bagui vermelhor q vo puxar pro telhado
[18/09/2014 00:07:09] /b vou tirar espera ae
[18/09/2014 00:08:50] /i 12289
[18/09/2014 00:08:54] /i 12289
[18/09/2014 00:08:54] /i 12289
[18/09/2014 00:08:55] /i 12289
[18/09/2014 00:11:13] /bc green PkCyan <3
[18/09/2014 00:11:20] /bc green PkCyan <3
[18/09/2014 00:11:29] /b pqp nao tira crl
[18/09/2014 00:11:33] /bc green PkCyan <3
[18/09/2014 00:12:15] /bc green PkCyan <3
[18/09/2014 00:12:17] /bc green PkCyan <3
[18/09/2014 00:12:17] /bc green PkCyan <3
[18/09/2014 00:12:18] /bc green PkCyan <3
[18/09/2014 00:12:23] /b prono
[18/09/2014 00:12:31] /b Pronto*
[18/09/2014 00:16:45] /b quem apareceu no print fala seu nome do face.
[18/09/2014 00:22:22] /bc green ae print https://www.facebook.com/photo.php?fbid=286843754838633&set=gm.718525511530668&type=1&theater
[18/09/2014 00:22:25] /bc green ae print https://www.facebook.com/photo.php?fbid=286843754838633&set=gm.718525511530668&type=1&theater
[18/09/2014 00:22:26] /bc green ae print https://www.facebook.com/photo.php?fbid=286843754838633&set=gm.718525511530668&type=1&theater
[18/09/2014 00:22:31] /ghost
[18/09/2014 00:22:36] /t
[18/09/2014 00:22:38] /bc green ae print https://www.facebook.com/photo.php?fbid=286843754838633&set=gm.718525511530668&type=1&theater
[18/09/2014 00:23:59] /b vo sai aki um poko
[18/09/2014 01:07:01] /b desligando.
[18/09/2014 01:07:02] /b desligando.
[18/09/2014 01:07:04] /b desligando.
[18/09/2014 01:07:05] /b desligando.
[18/09/2014 01:07:17] /closeserver
[19/09/2014 12:07:26] /newtype 610
