[01/09/2014 19:43:11] /b cm
[01/09/2014 19:44:02] /goto minato
[01/09/2014 19:44:35] /up
[01/09/2014 19:44:53] /up
[01/09/2014 19:44:57] /up
[01/09/2014 19:45:01] /up
[01/09/2014 19:45:55] /goto minato
[01/09/2014 19:47:21] /t
[01/09/2014 19:51:06] /b Man pqp vc sempre quer ser melhor que eu e sim eu tinha DADO UNS TEMPOS NOS POKETIBIA '-' 
[01/09/2014 19:51:14] /b So tava no Minecraft '-'
[01/09/2014 19:52:25] /b '-'  man eu so tava no minecraft  eu entrei em alguns pra ver novas bases como a do zot novo '-' o gewar e prova '-' 
[01/09/2014 19:53:24] /b treta '-'
[01/09/2014 19:54:16] /attr setboost 1000
[01/09/2014 19:54:31] /attr set boost 100
[01/09/2014 19:55:03] /attr setatack 1000545
[01/09/2014 19:55:27] /attr setatack 99999
[01/09/2014 19:55:35] /r
[01/09/2014 19:55:38] /r
[01/09/2014 19:56:25] /t
[01/09/2014 19:56:30] /ghost
[01/09/2014 20:01:58] /b evento invasao ?
[01/09/2014 20:02:07] /b evento cath xD
[01/09/2014 20:02:23] /a
[01/09/2014 20:02:23] /a
[01/09/2014 20:02:24] /a
[01/09/2014 20:02:28] /a
[01/09/2014 20:02:35] /a 3
[01/09/2014 20:03:26] /goto [Tutor] Minato
[01/09/2014 20:03:52] /a 2
[01/09/2014 20:03:57] /r
[01/09/2014 20:04:10] /i 1092
[01/09/2014 20:04:14] /r
[01/09/2014 20:04:17] /r
[01/09/2014 20:04:25] /r
[01/09/2014 20:04:37] /t
[01/09/2014 20:04:59] /a 10
[01/09/2014 20:05:20] /b gewar da tp aki
[01/09/2014 20:06:53] /r
[01/09/2014 20:06:56] /r
[01/09/2014 20:07:35] /b ko
[01/09/2014 20:08:14] /ghost
[01/09/2014 20:08:25] /ghost
[01/09/2014 20:09:14] /b num funfa
[01/09/2014 20:12:29] /i ultra ball
[01/09/2014 20:13:18] /i shiny box
[01/09/2014 20:13:31] /i box 3
[01/09/2014 20:13:41] /i pokemon shiny box
[01/09/2014 20:14:04] /i 12227
[01/09/2014 20:14:11] /i 12227
[01/09/2014 20:14:37] /i shiny stone
[01/09/2014 20:14:58] /i pokemon box 5
[01/09/2014 20:15:14] /i arcanine
[01/09/2014 20:15:30] /i shiny arcanine
[01/09/2014 20:17:53] /ghost
[01/09/2014 20:18:10] /i dic
[01/09/2014 20:18:15] /i dice
[01/09/2014 20:18:32] /b gogo começar
[01/09/2014 20:19:34] /b numero
[01/09/2014 20:21:55] /b os cara ja pego box shiny
[01/09/2014 20:27:25] /b ultima bag
[01/09/2014 20:28:09] /b se o gewar dexa um outro evewnto invasao?
[01/09/2014 20:28:33] /b ele tem q dexa  '0' Ele Morreu !! '-'
[01/09/2014 20:31:54] /b quem topa evento mata magikarp
[01/09/2014 20:32:49] /b quem topa evento invasao de shinys raros?
[01/09/2014 20:33:06] /m shiny dragonite
[01/09/2014 20:33:15] /m shiny dragonite
[01/09/2014 20:33:24] /m shiny magikarp
[01/09/2014 20:33:38] /m metagross
[01/09/2014 20:33:39] /m metagross
[01/09/2014 20:33:39] /m metagross
[01/09/2014 20:33:39] /m metagross
[01/09/2014 20:33:53] /m tropius 
[01/09/2014 20:33:54] /m tropius 
[01/09/2014 20:33:54] /m tropius 
[01/09/2014 20:33:55] /m tropius 
[01/09/2014 20:33:55] /m tropius 
[01/09/2014 20:33:55] /m tropius 
[01/09/2014 20:34:13] /m mew
[01/09/2014 20:35:10] /r
[01/09/2014 20:35:10] /r
[01/09/2014 20:35:11] /r
[01/09/2014 20:36:30] /t
[01/09/2014 20:38:54] /b n '-'
[01/09/2014 20:38:59] /b uehueh[
[01/09/2014 20:39:11] /b shiny gengar
[01/09/2014 20:39:20] /m shiny gengar
[01/09/2014 20:40:17] /b edited '-'
[01/09/2014 20:40:39] /m shiny rattata
[01/09/2014 20:40:39] /m shiny rattata
[01/09/2014 20:40:40] /m shiny rattata
[01/09/2014 20:40:40] /m shiny rattata
[01/09/2014 20:41:16] /m shiny bedrill
[01/09/2014 20:41:20] /m shiny golem
[01/09/2014 20:41:38] /m dark abra
[01/09/2014 20:41:39] /m dark abra
[01/09/2014 20:41:39] /m dark abra
[01/09/2014 20:41:40] /m dark abra
[01/09/2014 20:41:43] /m shiny abra
[01/09/2014 20:41:49] /m shiny abra
[01/09/2014 20:41:50] /m shiny abra
[01/09/2014 20:41:50] /m shiny abra
[01/09/2014 20:41:50] /m shiny abra
[01/09/2014 20:41:51] /m shiny abra
[01/09/2014 20:41:51] /m shiny abra
[01/09/2014 20:41:51] /m shiny abra
[01/09/2014 20:42:17] /m shiny shiny jynx 
[01/09/2014 20:42:18] /m shiny shiny jynx 
[01/09/2014 20:42:18] /m shiny shiny jynx 
[01/09/2014 20:42:18] /m shiny shiny jynx 
[01/09/2014 20:42:19] /m shiny shiny jynx 
[01/09/2014 20:42:25] /m shiny elekid
[01/09/2014 20:42:31] /m zorua
[01/09/2014 20:42:41] /m moltres
[01/09/2014 20:44:06] /m shiny vileplume
[01/09/2014 20:44:25] /m shiny ninetales
[01/09/2014 20:44:25] /m shiny ninetales
[01/09/2014 20:44:26] /m shiny ninetales
[01/09/2014 20:44:26] /m shiny ninetales
[01/09/2014 20:44:26] /m shiny ninetales
[01/09/2014 20:44:26] /m shiny ninetales
[01/09/2014 20:44:27] /m shiny ninetales/m shiny ninetales
[01/09/2014 20:44:46] /m shiny ampharos
[01/09/2014 20:44:46] /m shiny ampharos
[01/09/2014 20:44:47] /m shiny ampharos
[01/09/2014 20:44:47] /m shiny ampharos
[01/09/2014 20:44:47] /m shiny ampharos
[01/09/2014 20:45:05] /m flareon 
[01/09/2014 20:45:05] /m flareon 
[01/09/2014 20:45:05] /m flareon 
[01/09/2014 20:45:05] /m flareon 
[01/09/2014 20:45:05] /m flareon 
[01/09/2014 20:45:13] /b ok
[01/09/2014 20:45:39] /b ok
[01/09/2014 20:46:40] /b Bnark pode faze evento evoluçao?,
[01/09/2014 20:47:08] /m eevee
[01/09/2014 20:47:18] /b ok
[01/09/2014 20:48:01] /b n fui eu
[01/09/2014 20:48:40] /b man n fui eu
[01/09/2014 20:48:42] /b '-'
[01/09/2014 20:52:40] /b vdd
[01/09/2014 20:55:23] /goto [Tutor] Minato
[01/09/2014 20:55:43] /t
[01/09/2014 21:06:38] /c Lady stronda
[01/09/2014 21:06:49] /i boost stone
[01/09/2014 21:12:47] /attr setboost 100
[01/09/2014 21:13:12] /attr boostset 100
[01/09/2014 21:13:22] /attr setboost 100
[01/09/2014 21:13:42] /m moltres
[01/09/2014 21:13:59] /r
[01/09/2014 21:14:01] /t
[01/09/2014 21:14:43] /i 13996
[01/09/2014 21:14:44] /i 13996
[01/09/2014 21:14:45] /i 13996
[01/09/2014 21:14:45] /i 13996
[01/09/2014 21:15:11] /m celebi
[01/09/2014 21:15:52] /i 13996
[01/09/2014 21:16:09] /attr set boost 100
[01/09/2014 21:18:04] /attr set boost 100
[01/09/2014 21:18:26] /i X-Boost (tier 7)
[01/09/2014 21:19:12] /i 13996
[01/09/2014 21:19:28] /m absol
[01/09/2014 21:20:09] /m shiny speon
[01/09/2014 21:21:11] /i 13975
[01/09/2014 21:21:26] /i 13996
[01/09/2014 21:23:08] /attr set boost 100
[01/09/2014 21:23:16] /b falou
[01/09/2014 21:23:35] /m entei
[01/09/2014 21:23:43] /m moltres
[01/09/2014 21:24:06] /r
[01/09/2014 21:24:08] /r
[01/09/2014 21:24:10] /r
[01/09/2014 21:25:13] /m raikou
[01/09/2014 21:25:50] /i 13996
[01/09/2014 21:25:58] /i 13996
[01/09/2014 21:25:58] /i 13996
[01/09/2014 21:25:58] /i 13996
[01/09/2014 21:25:59] /i 13996
[01/09/2014 21:26:17] /attr set boost 100
[01/09/2014 21:30:18] /b gewar como faz mega zam
[01/09/2014 21:31:04] /b ?
[01/09/2014 21:31:14] /b ?
[01/09/2014 21:31:47] /r
[01/09/2014 21:31:54] /i 13996
[01/09/2014 21:31:54] /i 13996
[01/09/2014 21:31:55] /i 13996
[01/09/2014 21:32:49] /attr set boost 100
[01/09/2014 21:33:06] /m shiny hitmonlee
[01/09/2014 21:33:14] /m shiny hitmontop
[01/09/2014 21:34:05] /m shiny hitmonlee
[01/09/2014 21:34:36] /m wabufft
[01/09/2014 21:35:01] /m shiny hitmontop
[01/09/2014 21:35:15] /t
[01/09/2014 21:36:29] /addskill [CM] Kirito , lvl , 1000
[01/09/2014 21:37:26] /addskill [GM] Lucas lvl , 500
[01/09/2014 21:37:54] /addskill [GM] Lucas lvl, 500
[01/09/2014 21:40:16] /i  2145
[01/09/2014 21:44:52] /m magikarp
[01/09/2014 21:46:25] /ghost
[01/09/2014 21:48:02] /b quem jogamine ? afk aki
[01/09/2014 21:58:56] /m shiny oddish[
[01/09/2014 21:59:05] /m shiny oddsh
[01/09/2014 21:59:41] /m oddsh
[01/09/2014 21:59:49] /m oddish
[01/09/2014 21:59:55] /m oddish
[01/09/2014 21:59:55] /m oddish
[01/09/2014 21:59:56] /m oddish/m oddish
[01/09/2014 21:59:56] /m oddish
[01/09/2014 21:59:57] /m oddish
[01/09/2014 22:00:12] /m shiny oddish
[01/09/2014 22:02:58] /m shiny magikarp
[01/09/2014 22:03:08] /ghost
[01/09/2014 22:06:58] /ghost
[01/09/2014 22:09:48] /addskill [GM] Lucas lvl, 10000
[01/09/2014 22:10:19] /m magikarp
[01/09/2014 22:10:19] /m magikarp
[01/09/2014 22:10:19] /m magikarp
[01/09/2014 22:10:20] /m magikarp
[01/09/2014 22:11:08] /m magikarp
[01/09/2014 22:11:08] /m magikarp
[01/09/2014 22:11:09] /m magikarp
[01/09/2014 22:11:09] /m magikarp
[01/09/2014 22:11:09] /m magikarp
[01/09/2014 22:11:10] /m magikarp
[01/09/2014 22:11:10] /m magikarp
[01/09/2014 22:11:10] /m magikarp
[01/09/2014 22:11:10] /m magikarp
[01/09/2014 22:11:39] /up
[01/09/2014 22:16:05] /ghost
[01/09/2014 22:19:03] /b n tera evento agora !!
[01/09/2014 22:19:55] /b a staff n se responsabiliza por itens perdidos !!!! Por isso useem sempre o comando (!save)!!
[01/09/2014 22:21:22] /b NAO TEM EVENTO POHA!
[01/09/2014 22:21:44] /m metagross
[01/09/2014 22:21:57] /m tropius
[01/09/2014 22:22:15] /m absol
[01/09/2014 22:22:31] /m shiny hitmonchan
[01/09/2014 22:22:38] /m shiny hitmontop
[01/09/2014 22:22:49] /m shiny hitmonlee
[01/09/2014 22:22:55] /m metang
[01/09/2014 22:23:28] /m shiny electivere
[01/09/2014 22:23:42] /m shiny pikachu
[01/09/2014 22:23:48] /m shiny voltorb
[01/09/2014 22:23:57] /m shiny vaporeon
[01/09/2014 22:24:03] /m shiny jolteon
[01/09/2014 22:24:09] /m shiny umbreon
[01/09/2014 22:24:22] /m shiny ampharos
[01/09/2014 22:25:12] /m victrebell
[01/09/2014 22:26:16] /goto lubeibath eveder
[01/09/2014 22:26:25] /r
[01/09/2014 22:26:27] /t
[01/09/2014 22:26:57] /m entei
[01/09/2014 22:27:00] /m suicune
[01/09/2014 22:27:17] /m shiny mr. mime
[01/09/2014 22:27:30] /m tyranitar
[01/09/2014 22:27:53] /m ho-oh
[01/09/2014 22:28:03] /m lugia
[01/09/2014 22:28:09] /m moltres
[01/09/2014 22:28:13] /m articuno
[01/09/2014 22:28:18] /m zapdos
[01/09/2014 22:28:23] /m regirock
[01/09/2014 22:31:45] /r
[01/09/2014 22:31:49] /r
[01/09/2014 22:31:51] /r
[01/09/2014 22:31:56] /r
[01/09/2014 22:31:58] /r
[01/09/2014 22:32:30] /m shiny grimer
[01/09/2014 22:33:04] /r
[01/09/2014 22:33:05] /r
[01/09/2014 22:33:20] /m shiny mr. mime
[01/09/2014 22:33:28] /m shiny abra
[01/09/2014 22:33:39] /r
[01/09/2014 22:34:03] /m shiny ninetales
[01/09/2014 22:34:11] /m shiny alakazam
[01/09/2014 22:34:38] /m shiny vileplume
[01/09/2014 22:35:09] /m shiny arcanine
[01/09/2014 22:35:28] /m shiny electabuzz
[01/09/2014 22:35:56] /r
[01/09/2014 22:36:05] /m shiny machamp
[01/09/2014 22:37:20] /b gm add face thales alkmim
[01/09/2014 22:39:46] /b vo pra londrinaaaaaaaaaaaa em janeiro
[01/09/2014 22:40:01] /b city do Rezendeeveel
[01/09/2014 22:40:35] /m shiny mantine
[01/09/2014 22:40:58] /m shiny typlosion
[01/09/2014 22:41:10] /m shiny charizard
[01/09/2014 22:41:26] /m shiny flareon
[01/09/2014 22:41:50] /m shiny vaporeon
[01/09/2014 22:42:20] /m shiny jolteiom
[01/09/2014 22:42:27] /m shiny jolteom
[01/09/2014 22:44:51] /m leafon
[01/09/2014 22:45:10] /m shiny jolteon
[01/09/2014 22:45:19] /m shiny umbreon
[01/09/2014 22:45:32] /m siny venusaur
[01/09/2014 22:45:42] /m shiny venosaur
[01/09/2014 22:47:07] /m shiny speon
[01/09/2014 22:47:26] /m metagross
[01/09/2014 22:47:32] /m milotic
[01/09/2014 22:47:54] /m vaporeon
[01/09/2014 22:48:02] /m flareon
[01/09/2014 22:48:12] /m jolteon
[01/09/2014 22:48:18] /m umbreon
[01/09/2014 22:48:26] /m espeon
[01/09/2014 22:48:32] /m eevee
[01/09/2014 22:48:38] /m absol
[01/09/2014 22:48:55] /m tropius
[01/09/2014 22:49:02] /m dragonite
[01/09/2014 22:49:37] /m shiny hitmonchan
[01/09/2014 22:50:16] /m shiny hitmontop
[01/09/2014 22:50:28] /m shiny hitmonlee
[01/09/2014 22:50:36] /m hitmonchan
[01/09/2014 22:50:51] /m hitmontop
[01/09/2014 22:51:02] /m hitmonlee
[01/09/2014 22:51:15] /m shiny caterpie
[01/09/2014 22:51:24] /m tyrogu
[01/09/2014 22:51:27] /m tyrogue
[01/09/2014 22:51:47] /m magikap
[01/09/2014 22:51:52] /m magikarp
[01/09/2014 22:52:00] /m feebas
[01/09/2014 22:52:07] /m febas
[01/09/2014 22:52:14] /m shiny gyrados
[01/09/2014 22:52:21] /m shiny gyarados
[01/09/2014 22:52:33] /m gyarados
[01/09/2014 22:55:58] /b flw galera amanha entro 4 hrs flw
[05/09/2014 13:50:00] /b eAW
[05/09/2014 13:50:23] /ghost
[05/09/2014 14:06:18] /i pokemon prize box +1
[05/09/2014 14:06:23] /i pokemon prize box +2
[05/09/2014 14:06:30] /i pokemon prize box +3
[05/09/2014 14:06:35] /i pokemon prize box +4
[05/09/2014 14:06:42] /i pokemon prize box +5
[05/09/2014 14:06:54] /i pokemon prize box +9
[05/09/2014 14:08:40] /i ultimate pokemon prize box
[05/09/2014 14:08:52] /i ultimate pokemon prize box
[05/09/2014 14:08:53] /i ultimate pokemon prize box
[05/09/2014 14:08:53] /i ultimate pokemon prize box
[05/09/2014 14:08:54] /i ultimate pokemon prize box
[05/09/2014 14:08:54] /i ultimate pokemon prize box
[05/09/2014 14:09:28] /b lucas man vem k
[05/09/2014 14:10:10] /i ultimate pokemon prize box. pega 6 dessas
[05/09/2014 14:10:28] /i ultimate pokemon prize box
[05/09/2014 14:10:29] /i ultimate pokemon prize box
[05/09/2014 14:10:29] /i ultimate pokemon prize box
[05/09/2014 14:10:30] /i ultimate pokemon prize box
[05/09/2014 14:10:31] /i ultimate pokemon prize box
[05/09/2014 14:10:31] /i ultimate pokemon prize box
[05/09/2014 14:12:25] /addskill kirito, 100000000
[05/09/2014 14:13:00] /addskill [CM] Kirito , 10000000
[05/09/2014 14:13:44] /i ultimate pokemon prize box
[05/09/2014 14:14:20] /addskill [CM] Kirito, 717216
[05/09/2014 14:15:40] /i ultimate pokemon prize box
[05/09/2014 14:15:40] /i ultimate pokemon prize box
[05/09/2014 14:15:41] /i ultimate pokemon prize box
[05/09/2014 14:15:41] /i ultimate pokemon prize box
[05/09/2014 14:15:41] /i ultimate pokemon prize box
[05/09/2014 14:15:42] /i ultimate pokemon prize box
[05/09/2014 14:15:42] /i ultimate pokemon prize box
[05/09/2014 14:15:43] /i ultimate pokemon prize box
[05/09/2014 14:15:43] /i ultimate pokemon prize box
[05/09/2014 14:16:13] /i ultimate pokemon prize box
[05/09/2014 14:16:13] /i ultimate pokemon prize box
[05/09/2014 14:16:14] /i ultimate pokemon prize box/i ultimate pokemon prize box
[05/09/2014 14:16:15] /i ultimate pokemon prize box
[05/09/2014 14:16:15] /i ultimate pokemon prize box
[05/09/2014 14:16:15] /i ultimate pokemon prize box
[05/09/2014 14:16:16] /i ultimate pokemon prize box
[05/09/2014 14:16:16] /i ultimate pokemon prize box
[05/09/2014 14:16:44] /i ultimate pokemon prize box
[05/09/2014 14:16:45] /i ultimate pokemon prize box
[05/09/2014 14:16:45] /i ultimate pokemon prize box
[05/09/2014 14:16:46] /i ultimate pokemon prize box
[05/09/2014 14:16:46] /i ultimate pokemon prize box/i ultimate pokemon prize box
[05/09/2014 14:16:47] /i ultimate pokemon prize box
[05/09/2014 14:16:47] /i ultimate pokemon prize box
[05/09/2014 14:16:48] /i ultimate pokemon prize box
[05/09/2014 14:16:48] /i ultimate pokemon prize box
[05/09/2014 14:16:48] /i ultimate pokemon prize box
[05/09/2014 14:16:49] /i ultimate pokemon prize box
[05/09/2014 14:16:49] /i ultimate pokemon prize box
[05/09/2014 14:16:49] /i ultimate pokemon prize box
[05/09/2014 14:16:50] /i ultimate pokemon prize box
[05/09/2014 14:17:08] /i ultimate pokemon prize box
[05/09/2014 14:17:09] /i ultimate pokemon prize box
[05/09/2014 14:18:04] /i ultimate pokemon prize box
[05/09/2014 14:18:04] /i ultimate pokemon prize box
[05/09/2014 14:18:05] /i ultimate pokemon prize box
[05/09/2014 14:18:05] /i ultimate pokemon prize box
[05/09/2014 14:19:10] /i ultimate pokemon prize box/i ultimate pokemon prize box
[05/09/2014 14:19:10] /i ultimate pokemon prize box
[05/09/2014 14:19:10] /i ultimate pokemon prize box
[05/09/2014 14:19:11] /i ultimate pokemon prize box
[05/09/2014 14:19:11] /i ultimate pokemon prize box
[05/09/2014 14:19:11] /i ultimate pokemon prize box
[05/09/2014 14:19:12] /i ultimate pokemon prize box
[05/09/2014 14:20:42] /i ultimate pokemon prize box
[05/09/2014 14:20:43] /i ultimate pokemon prize box
[05/09/2014 14:20:43] /i ultimate pokemon prize box
[05/09/2014 14:21:26] /i ultimate pokemon prize box
[05/09/2014 14:21:26] /i ultimate pokemon prize box
[05/09/2014 14:21:26] /i ultimate pokemon prize box
[05/09/2014 14:21:27] /i ultimate pokemon prize box
[05/09/2014 14:22:16] /i ultimate pokemon prize box
[05/09/2014 14:22:17] /i ultimate pokemon prize box
[05/09/2014 14:22:17] /i ultimate pokemon prize box
[05/09/2014 14:22:17] /i ultimate pokemon prize box
[05/09/2014 14:22:18] /i ultimate pokemon prize box
[05/09/2014 14:22:18] /i ultimate pokemon prize box
[05/09/2014 14:22:18] /i ultimate pokemon prize box
[05/09/2014 14:23:34] /i ultimate pokemon prize box
[05/09/2014 14:23:34] /i ultimate pokemon prize box
[05/09/2014 14:23:35] /i ultimate pokemon prize box
[05/09/2014 14:23:36] /i ultimate pokemon prize box
[05/09/2014 14:24:18] /i shiny tyranitar
[05/09/2014 14:24:49] /i ultimate pokemon prize box
[05/09/2014 14:24:49] /i ultimate pokemon prize box
[05/09/2014 14:24:50] /i ultimate pokemon prize box
[05/09/2014 14:24:50] /i ultimate pokemon prize box
[05/09/2014 14:25:22] /i ultimate pokemon prize box
[05/09/2014 14:26:10] /i ultimate pokemon prize box
[05/09/2014 14:26:29] /i 2589
[05/09/2014 14:26:39] /r
[05/09/2014 14:26:42] /r
[05/09/2014 14:26:42] /r
[05/09/2014 14:26:43] /r
[05/09/2014 14:26:43] /r
[05/09/2014 14:26:44] /r
[05/09/2014 14:26:47] /r /i ultimate pokemon prize box
[05/09/2014 14:26:51] /t
[05/09/2014 14:27:08] /i shiny aerodactyl
[05/09/2014 14:27:41] /i ultimate pokemon prize box
[05/09/2014 14:27:41] /i ultimate pokemon prize box
[05/09/2014 14:27:42] /i ultimate pokemon prize box
[05/09/2014 14:28:20] /i ultimate pokemon prize box
[05/09/2014 14:28:21] /i ultimate pokemon prize box
[05/09/2014 14:28:22] /i ultimate pokemon prize box/i ultimate pokemon prize box
[05/09/2014 14:28:22] /i ultimate pokemon prize box
[05/09/2014 14:28:56] /s shiny magmortar
[05/09/2014 14:29:03] /r
[05/09/2014 14:29:05] /r
[05/09/2014 14:29:07] /r
[05/09/2014 14:29:24] /b pux :3
[05/09/2014 14:29:56] /i ultimate pokemon prize box
[05/09/2014 14:30:12] /i ultimate pokemon prize box
[05/09/2014 14:30:33] /i ultimate pokemon prize box
[05/09/2014 14:30:42] /i ultimate pokemon prize box
[05/09/2014 14:31:01] /i ultimate pokemon prize box
[05/09/2014 14:31:08] /i ultimate pokemon prize box
[05/09/2014 14:31:27] /i ultimate pokemon prize box
[05/09/2014 14:31:31] /i ultimate pokemon prize box
[05/09/2014 14:31:42] /i ultimate pokemon prize box
[05/09/2014 14:32:05] /i ultimate pokemon prize box
[05/09/2014 14:32:35] /i ultimate pokemon prize box
[05/09/2014 14:32:40] /i ultimate pokemon prize box
[05/09/2014 14:33:14] /i ultimate pokemon prize box
[05/09/2014 14:33:18] /i ultimate pokemon prize box,
[05/09/2014 14:33:19] /i ultimate pokemon prize box
[05/09/2014 14:34:07] /t
[05/09/2014 14:34:33] /i ultimate pokemon prize box
[05/09/2014 14:34:34] /i ultimate pokemon prize box
[05/09/2014 14:34:35] /i ultimate pokemon prize box
[05/09/2014 14:34:35] /i ultimate pokemon prize box
[05/09/2014 14:34:37] /i ultimate pokemon prize box
[05/09/2014 14:35:18] /i ultimate pokemon prize box
[05/09/2014 14:35:19] /i ultimate pokemon prize box
[05/09/2014 14:35:19] /i ultimate pokemon prize box
[05/09/2014 14:36:02] /i ultimate pokemon prize box
[05/09/2014 14:36:02] /i ultimate pokemon prize box
[05/09/2014 14:36:03] /i ultimate pokemon prize box
[05/09/2014 14:36:03] /i ultimate pokemon prize box
[05/09/2014 14:36:33] /b quem e o xin zhao? parece que ele ta de hack '-'
[05/09/2014 14:37:30] /i ultimate pokemon prize box
[05/09/2014 14:37:31] /i ultimate pokemon prize box
[05/09/2014 14:37:31] /i ultimate pokemon prize box
[05/09/2014 14:37:42] /i ultimate pokemon prize box
[05/09/2014 14:37:43] /i ultimate pokemon prize box/i ultimate pokemon prize box
[05/09/2014 14:37:44] /i ultimate pokemon prize box
[05/09/2014 14:37:45] /i ultimate pokemon prize box
[05/09/2014 14:38:57] /m magikarp
[05/09/2014 14:39:41] /b invasao de poke llendariu em saffru
[05/09/2014 14:39:48] /m magikarp
[05/09/2014 14:39:53] /m magikarp
[05/09/2014 14:40:15] /m magikarp
[05/09/2014 14:40:32] /m magikarp 100
[05/09/2014 14:40:37] /m febas
[05/09/2014 14:40:41] /m feebas
[05/09/2014 14:40:48] /m magikarp
[05/09/2014 14:41:01] /b podsoo invoca um mewtewo lucas?
[05/09/2014 14:41:39] /b lucas posso invocar um mewtwo
[05/09/2014 14:42:32] /m suicune
[05/09/2014 14:42:32] /m entei
[05/09/2014 14:42:52] /b nn
[05/09/2014 14:43:38] /b mais?
[05/09/2014 14:43:46] /m suicune
[05/09/2014 14:43:46] /m entei
[05/09/2014 14:43:55] /m shiny machamp
[05/09/2014 14:44:27] /i ultimate pokemon prize box
[05/09/2014 14:44:28] /i ultimate pokemon prize box
[05/09/2014 14:44:28] /i ultimate pokemon prize box
[05/09/2014 14:45:00] /b ok
[05/09/2014 14:45:41] /i ultimate pokemon prize box
[05/09/2014 14:45:41] /i ultimate pokemon prize box
[05/09/2014 14:45:42] /i ultimate pokemon prize box
[05/09/2014 14:46:49] /m raikou
[05/09/2014 14:47:59] /m suicune
[05/09/2014 14:48:43] /m entei
[05/09/2014 14:48:52] /i ultimate pokemon prize box
[05/09/2014 14:49:43] /m shiny magmortar
[05/09/2014 14:49:52] /m shiny electivere
[05/09/2014 14:50:01] /m shiny electivere
[05/09/2014 14:50:11] /m milotic
[05/09/2014 14:50:20] /m absol
[05/09/2014 14:50:29] /m metagross
[05/09/2014 14:51:35] /i love ball
[05/09/2014 14:51:42] /i pokeball
[05/09/2014 14:52:04] /i great ball
[05/09/2014 14:52:13] /t
[05/09/2014 14:54:46] /t
[05/09/2014 14:58:40] /i mystery box
[05/09/2014 14:58:58] /i mystery box
[05/09/2014 15:00:02] /i ten thousand dollar notes
[05/09/2014 15:00:18] /i thousand dollar 
[05/09/2014 15:00:22] /i ultimate pokemon prize box
[05/09/2014 15:00:35] /i 2160
[05/09/2014 15:00:36] /i 2160
[05/09/2014 15:00:36] /i 2160
[05/09/2014 15:00:36] /i 2160
[05/09/2014 15:09:28] /t
[05/09/2014 15:18:31] /i 2160
[05/09/2014 15:18:31] /i 2160
[05/09/2014 15:18:32] /i 2160
[05/09/2014 15:18:32] /i 2160
[05/09/2014 15:18:42] /i 2160
[05/09/2014 15:18:43] /i 2160
[05/09/2014 15:18:43] /i 2160
[05/09/2014 15:18:43] /i 2160
[05/09/2014 15:18:44] /i 2160
[05/09/2014 15:18:44] /i 2160
[05/09/2014 15:18:44] /i 2160
[05/09/2014 15:18:44] /i 2160
[05/09/2014 15:18:45] /i 2160
[05/09/2014 15:18:45] /i 2160
[05/09/2014 15:19:10] /i 2160
[05/09/2014 15:19:11] /i 2160
[05/09/2014 15:19:11] /i 2160
[05/09/2014 15:19:11] /i 2160
[05/09/2014 15:19:12] /i 2160
[05/09/2014 15:19:12] /i 2160
[05/09/2014 15:19:12] /i 2160
[05/09/2014 15:19:50] /i ultimate pokemon prize box
[05/09/2014 15:19:50] /i ultimate pokemon prize box
[05/09/2014 15:19:51] /i ultimate pokemon prize box
[05/09/2014 15:19:51] /i ultimate pokemon prize box
[05/09/2014 15:19:51] /i ultimate pokemon prize box
[05/09/2014 15:20:11] /i ultimate pokemon prize box/i ultimate pokemon prize box
[05/09/2014 15:20:11] /i ultimate pokemon prize box
[05/09/2014 15:20:11] /i ultimate pokemon prize box
[05/09/2014 15:20:12] /i ultimate pokemon prize box
[05/09/2014 15:20:12] /i ultimate pokemon prize box
[05/09/2014 15:20:13] /i ultimate pokemon prize box/i ultimate pokemon prize box/i ultimate pokemon prize box
[05/09/2014 15:20:14] /i ultimate pokemon prize box/i ultimate pokemon prize box/i ultimate pokemon prize box
[05/09/2014 15:20:14] /i ultimate pokemon prize box
[05/09/2014 15:20:15] /i ultimate pokemon prize box
[05/09/2014 15:20:15] /i ultimate pokemon prize box
[05/09/2014 15:20:15] /i ultimate pokemon prize box
[05/09/2014 15:20:15] /i ultimate pokemon prize box
[05/09/2014 15:20:16] /i ultimate pokemon prize box
[05/09/2014 15:20:16] /i ultimate pokemon prize box
[05/09/2014 15:20:37] /i ultimate pokemon prize box/i ultimate pokemon prize box/i ultimate pokemon prize box
[05/09/2014 15:20:37] /i ultimate pokemon prize box
[05/09/2014 15:20:37] /i ultimate pokemon prize box
[05/09/2014 15:20:37] /i ultimate pokemon prize box
[05/09/2014 15:20:38] /i ultimate pokemon prize box/i ultimate pokemon prize box
[05/09/2014 15:20:38] /i ultimate pokemon prize box
[05/09/2014 15:20:38] /i ultimate pokemon prize box
[05/09/2014 15:20:39] /i ultimate pokemon prize box
[05/09/2014 15:20:39] /i ultimate pokemon prize box
[05/09/2014 15:20:40] /i ultimate pokemon prize box/i ultimate pokemon prize box
[05/09/2014 15:20:40] /i ultimate pokemon prize box
[05/09/2014 15:20:40] /i ultimate pokemon prize box
[05/09/2014 15:20:41] /i ultimate pokemon prize box
[05/09/2014 15:20:41] /i ultimate pokemon prize box
[05/09/2014 15:20:41] /i ultimate pokemon prize box
[05/09/2014 15:20:42] /i ultimate pokemon prize box
[05/09/2014 15:20:42] /i ultimate pokemon prize box
[05/09/2014 15:20:43] /i ultimate pokemon prize box
[05/09/2014 15:20:43] /i ultimate pokemon prize box
[05/09/2014 15:22:20] /i ultimate pokemon prize box
[05/09/2014 15:22:20] /i ultimate pokemon prize box
[05/09/2014 15:22:20] /i ultimate pokemon prize box
[05/09/2014 15:22:21] /i ultimate pokemon prize box
[05/09/2014 15:22:36] /i ultimate pokemon prize box
[05/09/2014 15:22:37] /i ultimate pokemon prize box
[05/09/2014 15:22:37] /i ultimate pokemon prize box
[05/09/2014 15:22:49] /i ultimate pokemon prize box
[05/09/2014 15:22:50] /i ultimate pokemon prize box
[05/09/2014 15:22:50] /i ultimate pokemon prize box
[05/09/2014 15:22:51] /i ultimate pokemon prize box
[05/09/2014 15:23:05] /i ultimate pokemon prize box
[05/09/2014 15:23:05] /i ultimate pokemon prize box
[05/09/2014 15:23:06] /i ultimate pokemon prize box
[05/09/2014 15:23:06] /i ultimate pokemon prize box
[05/09/2014 15:23:06] /i ultimate pokemon prize box
[05/09/2014 15:23:07] /i ultimate pokemon prize box
[05/09/2014 15:23:23] /i ultimate pokemon prize box
[05/09/2014 15:23:23] /i ultimate pokemon prize box
[05/09/2014 15:23:24] /i ultimate pokemon prize box
[05/09/2014 15:23:24] /i ultimate pokemon prize box
[05/09/2014 15:23:24] /i ultimate pokemon prize box
[05/09/2014 15:23:25] /i ultimate pokemon prize box
[05/09/2014 15:23:25] /i ultimate pokemon prize box
[05/09/2014 15:23:25] /i ultimate pokemon prize box
[05/09/2014 15:23:25] /i ultimate pokemon prize box
[05/09/2014 15:23:26] /i ultimate pokemon prize box
[05/09/2014 15:23:55] /i ultimate pokemon prize box
[05/09/2014 15:23:59] /i ultimate pokemon prize box
[05/09/2014 15:24:11] /i shiny jolteon
[05/09/2014 15:27:13] /t
[05/09/2014 15:28:56] /t
[05/09/2014 15:31:16] /i boost stone
[05/09/2014 15:31:26] /i boost stone 
[05/09/2014 15:31:27] /i boost stone 
[05/09/2014 15:31:27] /i boost stone 
[05/09/2014 15:31:28] /i boost stone 
[05/09/2014 15:31:28] /i boost stone 
[05/09/2014 15:31:28] /i boost stone 
[05/09/2014 15:31:29] /i boost stone 
[05/09/2014 15:31:29] /i boost stone 
[05/09/2014 15:31:29] /i boost stone 
[05/09/2014 15:31:30] /i boost stone 
[05/09/2014 15:31:30] /i boost stone 
[05/09/2014 15:31:31] /i boost stone 
[05/09/2014 15:31:31] /i boost stone 
[05/09/2014 15:31:32] /i boost stone 
[05/09/2014 15:31:32] /i boost stone 
[05/09/2014 15:31:33] /i boost stone 
[05/09/2014 15:31:33] /i boost stone 
[05/09/2014 15:32:01] /i boost stone 
[05/09/2014 15:32:02] /i boost stone 
[05/09/2014 15:32:20] /b flw galera
[06/09/2014 09:47:26] /b Onichiua Mina-San!!
[06/09/2014 09:47:30] /t
[06/09/2014 09:50:12] /m raikou
[06/09/2014 09:50:32] /m raikou
[06/09/2014 09:50:32] /m entei
[06/09/2014 09:50:32] /m suicune
[06/09/2014 09:50:32] /m entei
[06/09/2014 09:50:32] /m suicune
[06/09/2014 09:50:32] /m raikou
[06/09/2014 09:50:33] /m entei
[06/09/2014 09:50:33] /m suicune
[06/09/2014 09:50:33] /m raikou
[06/09/2014 09:50:33] /m entei
[06/09/2014 09:50:33] /m entei
[06/09/2014 09:50:33] /m suicune
[06/09/2014 09:50:33] /m raikou
[06/09/2014 09:50:41] /i reviv
[06/09/2014 09:50:45] /i revive
[06/09/2014 09:53:40] /i ultimate pokemon prize box
[06/09/2014 09:53:58] /i 12227
[06/09/2014 09:55:31] /i ultra ball
[06/09/2014 09:55:45] /t
[06/09/2014 09:55:58] /goto moltres
[06/09/2014 09:56:32] /i 12227
[06/09/2014 09:56:32] /i 12227
[06/09/2014 09:56:33] /i 12227
[06/09/2014 09:56:41] /i 12227
[06/09/2014 09:58:15] /i 12227
[06/09/2014 09:58:16] /i 12227
[06/09/2014 09:58:17] /i 12227
[06/09/2014 09:58:17] /i 12227
[06/09/2014 09:58:18] /i 12227
[06/09/2014 09:58:18] /i 12227
[06/09/2014 09:58:19] /i 12227
[06/09/2014 10:02:09] /t
[06/09/2014 10:02:48] /i boost stone
[06/09/2014 10:03:36] /i boost stone
[06/09/2014 10:04:06] /i boost stone
[06/09/2014 10:05:41] /b flw galera vo almoçar :) Bjs !!! heuehu
[06/09/2014 10:05:46] /b afk aki
[06/09/2014 10:09:28] /b voltei
[06/09/2014 10:09:42] /ghost
[06/09/2014 10:20:17] /s mew
[06/09/2014 10:20:47] /r
