[23/09/2014 14:14:34] /b Pra quem n sabe Meu nome agr pra  sempre sera Zerox *
[23/09/2014 14:14:53] /newtype 328
[23/09/2014 14:15:24] /b Nem sei oque xerox
[23/09/2014 14:15:29] /b Zerox*
[23/09/2014 14:16:03] /r
[23/09/2014 14:18:03] /b Serena  , Case cmg <3
[23/09/2014 14:19:11] /b D: Ok então 
[23/09/2014 14:19:42] /b Fica  com o duuh então , :C
[23/09/2014 14:20:30] /b Serena  se eu fosse o unico homen do serve  Casaria cmg?
[23/09/2014 14:29:30] /t duuh
[23/09/2014 14:29:52] /goto duuh
[23/09/2014 14:29:58] /r
[23/09/2014 14:31:08] /b  Não seis pk reclamam otp Tbm não tem evento
[23/09/2014 14:31:47] /b eu Não faço mais evento 2 Motivos - Por que  quando faço reclamam - é  Ficam atrapalhano
[23/09/2014 14:32:18] /newtype 328
[23/09/2014 14:33:13] /b Serena  Você casaria cmg  se Eu fose  o Unico Player do serve  casaria cmg?
[23/09/2014 14:34:08] /b  Ufa  , ainda bem quem eu Não so o unico u--ú
[23/09/2014 14:34:47] /b Não , :C Se  entendeu errado u--ú
[23/09/2014 14:35:07] /b So fiel a Nurse Joy
[23/09/2014 14:37:22] /newtype 18
[23/09/2014 14:37:28] /newtype 17
[23/09/2014 14:39:14] /newtype 328
[23/09/2014 14:39:25] /b Minha Noiva  [CM] Serena <3
[23/09/2014 14:40:50] /town 5
[23/09/2014 14:42:42] /town 2
[23/09/2014 16:23:45] /t
[23/09/2014 16:23:57] /b Eba <3
[23/09/2014 16:24:19] /rename
[23/09/2014 16:25:19] /rename [GM] Zerox , [GM] Lucas
