[16/08/2015 01:09:05] /cleanMe
[16/08/2015 01:09:15] /cleanMe
[16/08/2015 01:10:12] /cleanMe
[16/08/2015 16:24:05] teste
[19/08/2015 01:55:25] teste
[19/08/2015 03:39:53] /goto hitmontop
[19/08/2015 15:58:44] /goto hitmonchan
[19/08/2015 16:01:43] /t
[19/08/2015 16:02:21] /i 11641
[19/08/2015 16:02:24] /i 11641
[19/08/2015 16:02:25] /i 11641
[19/08/2015 16:02:26] /i 11641
[19/08/2015 16:02:26] /i 11641
[19/08/2015 16:02:27] /i 11641
[19/08/2015 16:02:39] /c lord
[19/08/2015 16:02:48] /t
[19/08/2015 16:02:50] /c lord
[19/08/2015 16:03:04] /c teste
[19/08/2015 16:04:52] /goto pigetot
[19/08/2015 16:04:54] /goto pigeot
[19/08/2015 16:05:00] /goto pidgeot
[19/08/2015 16:05:09] /c teste
[19/08/2015 16:05:17] /m shiny pigeot
[19/08/2015 16:09:20] /i 11641
[19/08/2015 16:09:22] /i 11641
[19/08/2015 16:09:22] /i 11641
[19/08/2015 16:09:23] /i 11641
[19/08/2015 16:09:23] /i 11641
[19/08/2015 16:09:23] /i 11641
[19/08/2015 16:09:57] /m golem
[19/08/2015 16:09:59] /m golem
[19/08/2015 16:10:28] /m shiny charizard
[19/08/2015 16:10:54] /i 12734
[19/08/2015 16:10:55] /i 12734
[19/08/2015 16:10:56] /i 12734
[19/08/2015 16:12:05] /i 12734
[19/08/2015 16:12:05] /i 12734
[19/08/2015 16:12:06] /i 12734
[19/08/2015 16:12:06] /i 12734
[19/08/2015 16:12:06] /i 12734
[19/08/2015 16:12:06] /i 12734
[19/08/2015 16:12:06] /i 12734
[19/08/2015 16:12:07] /i 12734
[19/08/2015 16:12:07] /i 12734
[19/08/2015 16:12:07] /i 12734
[19/08/2015 16:12:07] /i 12734
[19/08/2015 16:12:07] /i 12734
[19/08/2015 16:12:08] /i 12734
[19/08/2015 16:12:08] /i 12734
[19/08/2015 16:12:08] /i 12734
[19/08/2015 16:12:08] /i 12734
[19/08/2015 16:12:08] /i 12734
[19/08/2015 16:12:08] /i 12734
[19/08/2015 16:12:08] /i 12734
[19/08/2015 16:12:08] /i 12734
[19/08/2015 16:12:09] /i 12734
[19/08/2015 16:12:09] /i 12734
[19/08/2015 16:12:09] /i 12734
[19/08/2015 16:12:09] /i 12734
[19/08/2015 16:12:09] /i 12734
[19/08/2015 16:12:11] /i 12734
[19/08/2015 16:12:13] /i 12734
[19/08/2015 16:12:17] /i 12734
[19/08/2015 16:12:19] /c testge
[19/08/2015 16:12:27] /i 12734
[19/08/2015 16:12:28] /i 12734
[19/08/2015 16:12:28] /i 12734
[19/08/2015 16:12:28] /i 12734
[19/08/2015 16:12:28] /i 12734
[19/08/2015 16:12:29] /i 12734
[19/08/2015 16:12:29] /i 12734
[19/08/2015 16:12:29] /i 12734
[19/08/2015 16:12:29] /i 12734
[19/08/2015 16:12:30] /i 12734
[19/08/2015 16:12:31] /i 12734
[19/08/2015 16:12:33] /i 12734
[19/08/2015 16:12:34] /i 12734
[19/08/2015 16:12:34] /i 12734
[19/08/2015 16:12:35] /i 12734
[19/08/2015 16:12:35] /i 12734
[19/08/2015 16:12:35] /i 12734
[19/08/2015 16:12:35] /i 12734
[19/08/2015 16:12:36] /i 12734
[19/08/2015 16:12:39] /i 12734
[19/08/2015 16:12:50] /r
[19/08/2015 16:13:21] /i ultra ball
[19/08/2015 16:13:34] /i revive
[19/08/2015 16:13:52] /i 11641
[19/08/2015 16:13:53] /i 11641
[19/08/2015 16:14:34] /addskill teste, level 15
[19/08/2015 16:14:41] /addskill teste, level, 14
[19/08/2015 16:14:55] /m shiiny onix,
[19/08/2015 16:18:17] /r
[19/08/2015 16:18:34] /m 12727
[19/08/2015 16:23:45] /r
[19/08/2015 16:23:59] /i 12727
[19/08/2015 16:23:59] /i 12727
[19/08/2015 16:24:00] /i 12727
[19/08/2015 16:24:02] /i 12727
[19/08/2015 16:24:02] /i 12727
[19/08/2015 16:24:04] /i 12727
[19/08/2015 16:24:04] /i 12727
[19/08/2015 16:24:04] /i 12727
[19/08/2015 16:24:04] /i 12727
[19/08/2015 16:24:05] /i 12727
[19/08/2015 16:24:06] /i 12727
[19/08/2015 16:24:06] /i 12727
[19/08/2015 16:24:07] /i 12727
[19/08/2015 16:24:08] /i 12727
[19/08/2015 16:24:08] /i 12727
[19/08/2015 16:24:09] /i 12727
[19/08/2015 16:24:09] /i 12727
[19/08/2015 16:24:09] /i 12727
[19/08/2015 16:24:10] /i 12727
[19/08/2015 16:24:10] /i 12727
[19/08/2015 16:24:10] /i 12727
[19/08/2015 16:24:10] /i 12727
[19/08/2015 16:24:12] /i 12727
[19/08/2015 16:24:12] /i 12727
[19/08/2015 16:24:13] /i 12727
[19/08/2015 16:24:15] /i 12727
[19/08/2015 16:26:55] /i 12461
[19/08/2015 16:26:59] /r
[19/08/2015 16:27:09] /i 12461
[19/08/2015 16:27:14] /i 11641
[19/08/2015 16:27:18] /c teste
[19/08/2015 16:27:30] /i poke ball
[19/08/2015 16:27:55] /addskill teste, level, 15
[19/08/2015 16:27:57] /addskill teste, level, 15
[19/08/2015 16:28:14] /i 11641
[19/08/2015 16:28:15] /i 11641
[19/08/2015 16:28:15] /i 11641
[19/08/2015 16:28:28] /i 11641
[19/08/2015 16:28:41] /r
[19/08/2015 16:28:42] /r
[19/08/2015 16:28:43] /r
[19/08/2015 16:28:44] /r
[19/08/2015 16:29:08] /m shiny onix
[19/08/2015 16:31:43] /i ultra ball
[19/08/2015 16:32:20] /t
[19/08/2015 16:32:23] /c teste
[19/08/2015 16:32:29] /a 2
[19/08/2015 16:32:32] /c teste
[19/08/2015 16:32:43] /m shiny electabuzz
[19/08/2015 16:34:48] /m venusaur
[19/08/2015 16:34:48] /m venusaur
[19/08/2015 16:35:38] /m blissey
[19/08/2015 16:36:11] /r
[19/08/2015 16:36:28] /t
[19/08/2015 16:36:31] /c teste
[19/08/2015 16:36:36] /a 2
[19/08/2015 16:36:41] /c teste
[19/08/2015 16:36:48] /m magmar
[19/08/2015 16:36:49] /m magmar
[19/08/2015 16:36:49] /m magmar
[19/08/2015 16:36:54] /m shiny magmar
[19/08/2015 16:37:31] /m magmar
[19/08/2015 16:37:32] /m magmar
[19/08/2015 16:38:07] /m magmar
[19/08/2015 16:38:07] /m magmar
[19/08/2015 16:38:24] /m magmar
[19/08/2015 16:38:48] /m bliseey
[19/08/2015 16:41:58] /r
[19/08/2015 16:42:05] /i 12727
[19/08/2015 16:42:06] /i 12727
[19/08/2015 16:42:09] /i 12727
[19/08/2015 16:42:09] /i 12727
[19/08/2015 16:42:25] /i 11461
[19/08/2015 16:42:37] /i 11641
[19/08/2015 16:42:38] /i 11641
[19/08/2015 16:42:39] /i 11641
[19/08/2015 16:42:39] /i 11641
[19/08/2015 16:42:39] /i 11641
[19/08/2015 16:42:40] /i 11641
[19/08/2015 16:43:00] /r
[19/08/2015 16:43:04] /i 11641
[19/08/2015 16:43:29] /i 11641
[19/08/2015 16:43:29] /i 11641
[19/08/2015 16:43:29] /i 11641
[19/08/2015 16:43:30] /i 11641
[19/08/2015 16:43:30] /i 11641
[19/08/2015 16:43:30] /i 11641
[19/08/2015 16:43:40] /r
[19/08/2015 16:43:42] /r
[19/08/2015 16:43:43] /r
[19/08/2015 16:43:46] /r
[19/08/2015 16:43:52] /i 11640
[19/08/2015 16:43:53] /i 11640
[19/08/2015 16:43:54] /i 11640
[19/08/2015 16:43:54] /i 11640
[19/08/2015 16:43:54] /i 11640
[19/08/2015 16:44:04] /i 11640
[19/08/2015 16:44:05] /i 11640
[19/08/2015 16:44:10] /c teste
[19/08/2015 16:44:45] /c teste
[19/08/2015 16:44:47] /i 11640
[19/08/2015 16:44:59] /t
[19/08/2015 16:45:03] /c teste
[19/08/2015 16:45:23] /i 11640
[19/08/2015 16:45:29] /i 11640
[19/08/2015 16:45:47] /a
[19/08/2015 16:45:50] /c teste
[19/08/2015 16:46:03] /i 11640
[19/08/2015 16:46:24] /m electrode
[19/08/2015 16:46:24] /m electrode
[19/08/2015 16:46:25] /m electrode
[19/08/2015 16:46:25] /m electrode
[19/08/2015 16:46:32] /m shiny electrode
[19/08/2015 16:47:12] /m electrode
[19/08/2015 16:47:13] /m electrode
[19/08/2015 16:47:38] /m electrode
[19/08/2015 16:47:39] /m electrode
[19/08/2015 16:48:27] /m electrode
[19/08/2015 16:48:27] /m electrode
[19/08/2015 16:49:02] /c teste
[19/08/2015 16:49:09] /i ultra ball
[19/08/2015 16:50:05] /m shiny tangela
[19/08/2015 16:50:13] /t
[19/08/2015 16:50:15] /c teste
[19/08/2015 16:50:24] /a 2
[19/08/2015 16:50:36] /c teste
[19/08/2015 16:51:18] /r
[19/08/2015 16:51:25] /r
[19/08/2015 16:51:27] /r
[19/08/2015 16:51:28] /r
[19/08/2015 16:51:32] /r
[19/08/2015 16:52:10] /r
[19/08/2015 16:52:13] /t
[19/08/2015 16:52:16] /c teste
[19/08/2015 16:52:27] /i 12727
[19/08/2015 16:52:27] /i 12727
[19/08/2015 16:52:27] /i 12727
[19/08/2015 16:52:27] /i 12727
[19/08/2015 16:52:27] /i 12727
[19/08/2015 16:52:28] /i 12727
[19/08/2015 16:52:28] /i 12727
[19/08/2015 16:52:28] /i 12727
[19/08/2015 16:52:28] /i 12727
[19/08/2015 16:52:28] /i 12727
[19/08/2015 16:52:29] /i 12727
[19/08/2015 16:52:29] /i 12727
[19/08/2015 16:52:29] /i 12727
[19/08/2015 16:52:29] /i 12727
[19/08/2015 16:52:29] /i 12727
[19/08/2015 16:52:30] /i 12727
[19/08/2015 16:52:30] /i 12727
[19/08/2015 16:52:30] /i 12727
[19/08/2015 16:52:30] /i 12727
[19/08/2015 16:52:30] /i 12727
[19/08/2015 16:52:30] /i 12727
[19/08/2015 16:52:31] /i 12727
[19/08/2015 16:52:31] /i 12727
[19/08/2015 16:52:31] /i 12727
[19/08/2015 16:52:31] /i 12727
[19/08/2015 16:52:31] /i 12727
[19/08/2015 16:52:32] /i 12727
[19/08/2015 16:52:34] /c teste
[19/08/2015 16:52:36] /i 12727
[19/08/2015 16:52:37] /i 12727
[19/08/2015 16:52:38] /i 12727
[19/08/2015 16:52:39] /i 12727
[19/08/2015 16:52:41] /i 12727
[19/08/2015 16:52:42] /c teste
[19/08/2015 16:52:44] /i 12727
[19/08/2015 16:52:44] /i 12727
[19/08/2015 16:52:45] /i 12727
[19/08/2015 16:52:46] /i 12727
[19/08/2015 16:52:47] /i 12727
[19/08/2015 16:52:50] /a
[19/08/2015 16:52:54] /i 12727
[19/08/2015 16:55:36] /m shiny charizard
[19/08/2015 16:55:40] /r
[19/08/2015 16:56:14] /c teste
[19/08/2015 16:56:23] /i revive
[19/08/2015 16:56:44] /m shiny tangela
[19/08/2015 16:56:47] /c teste
[19/08/2015 16:57:00] /r
[19/08/2015 16:59:54] /i ultra ball
[19/08/2015 17:01:53] /m shiny marowak
[19/08/2015 17:02:57] /r
[19/08/2015 17:03:06] /m shiny cubone
[19/08/2015 17:03:55] /r
[19/08/2015 17:03:58] /m Shiny Butterfree
[19/08/2015 17:05:25] /r
[19/08/2015 17:05:27] /r
[19/08/2015 17:05:38] /m Shiny Crobat
[19/08/2015 17:06:25] /r
[19/08/2015 17:06:37] /addskill teste, level, 35
[19/08/2015 17:06:49] /i 11641
[19/08/2015 17:06:50] /i 11641
[19/08/2015 17:06:50] /i 11641
[19/08/2015 17:06:51] /i 11641
[19/08/2015 17:07:09] /i 11641
[19/08/2015 17:07:21] /m Shiny Dodrio
[19/08/2015 17:08:28] /r
[19/08/2015 17:09:18] /addskill teste, level, 5
[19/08/2015 17:13:43] /m Shiny Dodrio
[19/08/2015 17:14:41] /m Shiny Dragonite
[19/08/2015 17:17:36] /i 12727
[19/08/2015 17:17:37] /i 12727
[19/08/2015 17:17:37] /i 12727
[19/08/2015 17:17:37] /i 12727
[19/08/2015 17:17:37] /i 12727
[19/08/2015 17:17:38] /i 12727
[19/08/2015 17:17:38] /i 12727
[19/08/2015 17:17:39] /i 12727
[19/08/2015 17:17:39] /i 12727
[19/08/2015 17:17:39] /i 12727
[19/08/2015 17:17:40] /i 12727
[19/08/2015 17:17:40] /i 12727
[19/08/2015 17:17:40] /i 12727
[19/08/2015 17:17:42] /i 12727
[19/08/2015 17:17:43] /i 12727
[19/08/2015 17:17:45] /i 12727
[19/08/2015 17:17:46] /i 12727
[19/08/2015 17:17:46] /i 12727
[19/08/2015 17:17:46] /i 12727
[19/08/2015 17:17:46] /i 12727
[19/08/2015 17:17:48] /i 12727
[19/08/2015 17:17:50] /i 12727
[19/08/2015 17:17:52] /c teste
[19/08/2015 17:18:10] /m Shiny Ampharos
[19/08/2015 17:19:21] /i ultra ball
[19/08/2015 17:19:26] /i 12835
[19/08/2015 17:19:33] /i poke ball
[19/08/2015 17:20:31] /m Shiny Arcanine
[19/08/2015 17:22:22] /m Shiny Electivire
[19/08/2015 17:24:47] /m Shiny Farfetch'd
[19/08/2015 17:25:39] /m Shiny Magmortar
[19/08/2015 17:25:43] /m Shiny Magmar
[19/08/2015 17:27:27] /m mewtwo
[19/08/2015 17:28:20] /m Shiny Rhydon
[19/08/2015 17:28:26] /m Shiny Pidgeot
[19/08/2015 17:28:34] /m shiny venusaur
[19/08/2015 17:28:40] /m shiny charizard
[19/08/2015 17:28:47] /m shiny gyarados
[19/08/2015 17:28:51] /m gyarados
[19/08/2015 17:29:06] /m blissey
[19/08/2015 17:29:31] /m Shiny Magmortar
[19/08/2015 17:29:32] /m Shiny Magmortar
[19/08/2015 17:29:32] /m Shiny Magmortar
[19/08/2015 17:29:33] /m Shiny Magmortar
[19/08/2015 17:29:44] /m Shiny Magmortar
[19/08/2015 17:30:21] /m shiny electabuzz
[19/08/2015 17:30:21] /m shiny electabuzz
[19/08/2015 17:30:41] /r
[19/08/2015 17:33:10] /i 12727
[19/08/2015 17:33:11] /i 12727
[19/08/2015 17:33:11] /i 12727
[19/08/2015 17:33:29] /r
[19/08/2015 17:33:31] /r
[19/08/2015 17:33:32] /r
[19/08/2015 17:33:40] /m shiny venusaur
[19/08/2015 17:34:21] /m Shiny Gyarados
[19/08/2015 17:34:21] /m Shiny Gyarados
[19/08/2015 17:34:22] /m Shiny Gyarados
[19/08/2015 17:34:22] /m Shiny Gyarados
[19/08/2015 17:34:36] /m Shiny Jynx
[19/08/2015 17:34:57] /m Shiny magmortar
[19/08/2015 17:34:58] /m Shiny magmortar
[19/08/2015 17:35:15] /m Shiny Electivire
[19/08/2015 17:35:15] /m Shiny Electivire
[19/08/2015 17:35:38] /r
[19/08/2015 17:37:34] /i 12727
[19/08/2015 17:37:34] /i 12727
[19/08/2015 17:37:34] /i 12727
[19/08/2015 17:37:34] /i 12727
[19/08/2015 17:44:15] /addskill teste, level, 1
[19/08/2015 17:44:26] /addskill teste, level, 1
[19/08/2015 17:44:34] /addskill teste, level, 1
[19/08/2015 22:42:13] teste
[19/08/2015 22:42:31] teste
[19/08/2015 22:42:31] teste
[19/08/2015 22:42:32] teste
[19/08/2015 22:42:32] teste
[19/08/2015 22:43:27] teste
[19/08/2015 22:43:29] teste
[19/08/2015 22:44:21] teste
[19/08/2015 22:50:17] teste
[19/08/2015 22:50:30] /r
[19/08/2015 22:50:35] /r
[19/08/2015 22:50:42] /m golem
[19/08/2015 22:50:45] teste
[19/08/2015 22:51:18] teste
[19/08/2015 22:51:21] teste
[19/08/2015 22:53:02] teste
[19/08/2015 22:53:04] teste
[19/08/2015 22:53:05] teste
[19/08/2015 22:53:43] teste
[19/08/2015 22:53:45] teste
[19/08/2015 22:53:48] /r
[19/08/2015 22:53:52] /m golem
[19/08/2015 22:54:00] teste
[19/08/2015 22:54:01] teste
[19/08/2015 22:54:07] teste
[19/08/2015 22:54:09] teste
[19/08/2015 23:00:00] teste
[19/08/2015 23:00:27] teste
[19/08/2015 23:00:42] teste
[19/08/2015 23:01:36] teste
[19/08/2015 23:01:41] teste
[19/08/2015 23:01:52] teste
[19/08/2015 23:02:22] teste
[19/08/2015 23:02:24] teste
[19/08/2015 23:02:30] /r
[19/08/2015 23:02:32] /m golem
[19/08/2015 23:02:36] teste
[19/08/2015 23:02:40] teste
[19/08/2015 23:02:41] teste
[19/08/2015 23:02:41] teste
[19/08/2015 23:02:47] teste
[19/08/2015 23:02:55] teste
[19/08/2015 23:02:56] teste
[19/08/2015 23:02:57] teste
[19/08/2015 23:02:58] teste
[19/08/2015 23:03:36] teste
[19/08/2015 23:12:46] teste
[19/08/2015 23:34:03] /m rattata
[19/08/2015 23:37:26] /m rattata
[19/08/2015 23:38:52] /m golem
[19/08/2015 23:39:19] /m charizard
[19/08/2015 23:45:15] /m charizard
[19/08/2015 23:47:26] /m charizard
[06/09/2015 15:10:52] /t
[06/09/2015 15:11:18] /addskill [GM] Sete level, 30
[06/09/2015 15:11:25] /addskill [GM] Sete, level, 30
[06/09/2015 15:12:31] /goto hitmonlee
[06/09/2015 15:14:28] /m magikarp
[06/09/2015 15:15:57] /addskill [GM] Sete level, 30
[06/09/2015 15:16:04] /addskill [GM] Sete ,level, 30
[06/09/2015 15:17:19] /m blastoise
[06/09/2015 15:18:24] /r all
