[27/09/2014 11:01:52] /t
[27/09/2014 11:01:58] /t
[27/09/2014 11:02:02] /b
[27/09/2014 11:02:22] /b
[27/09/2014 11:02:27] /b 
[27/09/2014 11:02:32] /b oi
[27/09/2014 11:42:21] /t
[27/09/2014 11:49:21] /t
[27/09/2014 11:49:26] /t
[27/09/2014 11:49:35] /t
[27/09/2014 11:49:39] /t
[27/09/2014 11:50:45] /t
[27/09/2014 11:50:50] /t
[27/09/2014 11:51:03] /t lord pao
[27/09/2014 11:51:16] /t farinha
[27/09/2014 11:54:03] /t cinnabar
[27/09/2014 11:58:13] /t eterior
[27/09/2014 12:01:35] /t
[27/09/2014 12:06:45] /b invito players para guild infinity
[27/09/2014 12:13:31] /t
[27/09/2014 12:17:12] /t
[27/09/2014 12:20:19] /t
[27/09/2014 12:21:33] /t farinha
[27/09/2014 12:25:38] /b gente vo ficar afk ja volto .
[27/09/2014 12:29:06] /t
[27/09/2014 12:51:41] /t
[27/09/2014 12:59:53] /t
[27/09/2014 13:00:31] /t luiz
[27/09/2014 14:07:43] /t
[27/09/2014 14:07:56] /t
[27/09/2014 14:51:03] /t
[27/09/2014 14:55:27] /t  Jinx
[27/09/2014 15:15:11] /t Samily
[27/09/2014 15:16:25] /t
[27/09/2014 15:31:39] /t areavip
[27/09/2014 15:31:45] /t areavip
[27/09/2014 15:31:53] /t areavip
[27/09/2014 15:40:42] /b invito players para guild infinity
[27/09/2014 15:42:27] /b Kirajr so entrar
[27/09/2014 15:44:10] /b sell shiny mr mime
[27/09/2014 15:50:51] /b Deem .!save. luiz tem fé q vai cair.
[27/09/2014 15:53:11] /b siim.
[27/09/2014 15:54:29] /b serena cade vc?
[27/09/2014 15:55:55] /t
[27/09/2014 16:15:45] /t
[27/09/2014 16:18:18] /t
[27/09/2014 16:21:12] /t tatyane
[27/09/2014 16:23:44] /t tatyane
[27/09/2014 16:41:12] /t lord pao
[27/09/2014 16:41:30] /t aereavip
[27/09/2014 16:41:34] /t areavip
[27/09/2014 16:41:51] /t vintercardoso
[27/09/2014 16:42:07] /t leticia
[27/09/2014 16:43:27] /t cowboy
[27/09/2014 16:43:38] /t
[27/09/2014 16:43:41] /t
[27/09/2014 16:43:44] /t
[27/09/2014 16:43:49] /t
[27/09/2014 16:43:52] /t
[27/09/2014 16:43:56] /t
[27/09/2014 16:43:59] /t
[27/09/2014 16:44:18] /t
[27/09/2014 16:44:56] /t
[27/09/2014 16:45:07] /t
[27/09/2014 16:45:10] /t
[27/09/2014 16:45:12] /t
[27/09/2014 16:45:14] /t
[27/09/2014 16:45:15] /t
[27/09/2014 16:45:18] /t
[27/09/2014 16:45:20] /t
[27/09/2014 16:45:24] /b la vem ela
[27/09/2014 16:46:08] /b alguem da poke pro Ylikecrazzy?
[27/09/2014 16:46:28] /t
[27/09/2014 16:46:31] /t
[27/09/2014 16:46:34] /t
[27/09/2014 16:46:35] /t
[27/09/2014 16:46:36] /t
[27/09/2014 16:46:37] /t
[27/09/2014 16:46:38] /t
[27/09/2014 16:46:39] /t
[27/09/2014 16:46:39] /t
[27/09/2014 16:46:40] /t
[27/09/2014 16:46:41] /t
[27/09/2014 16:46:42] /t
[27/09/2014 16:46:43] /t
[27/09/2014 16:46:46] /t
[27/09/2014 16:46:47] /t
[27/09/2014 16:46:47] /t
[27/09/2014 16:46:48] /t
[27/09/2014 16:46:48] /t
[27/09/2014 16:46:49] /t
[27/09/2014 16:46:49] /t
[27/09/2014 16:46:50] /t
[27/09/2014 16:46:50] /t
[27/09/2014 16:46:51] /t
[27/09/2014 16:46:51] /t
[27/09/2014 16:46:52] /t
[27/09/2014 16:46:52] /t
[27/09/2014 16:46:53] /t
[27/09/2014 16:46:53] /t
[27/09/2014 16:46:54] /t
[27/09/2014 16:46:54] /t
[27/09/2014 16:46:55] /t
[27/09/2014 16:46:55] /t
[27/09/2014 16:46:57] /t
[27/09/2014 16:46:58] /t
[27/09/2014 16:47:00] /t
[27/09/2014 16:47:01] /t
[27/09/2014 16:47:01] /t
[27/09/2014 16:47:02] /t
[27/09/2014 16:47:02] /t
[27/09/2014 16:47:03] /t
[27/09/2014 16:52:06] /t lord byeca
[27/09/2014 16:52:20] /t lord byeca
[27/09/2014 16:52:24] /t lord byeca
[27/09/2014 16:54:40] /b saindo aqui mais tarde volto.
[27/09/2014 16:55:16] /t
[27/09/2014 19:38:52] /t
[27/09/2014 19:42:00] /t
[27/09/2014 20:02:45] /t wolvemk
[27/09/2014 20:02:59] /t wolvemk
[27/09/2014 20:18:20] /t
[27/09/2014 20:36:48] /b estou afk jaja volto.
[27/09/2014 20:53:58] /t
[27/09/2014 20:59:29] /t
[27/09/2014 21:04:37] /t farinha
[27/09/2014 21:05:42] /t mystogann
[27/09/2014 21:12:49] /t farinha
[27/09/2014 21:20:44] /t mystogann
[27/09/2014 21:31:53] /t
[27/09/2014 21:31:57] /b tedio.
[27/09/2014 21:36:17] /t
[27/09/2014 21:44:04] /b gewar on?
[27/09/2014 21:45:48] /b ageita minha outifit q eu tirei sme querer?
[27/09/2014 21:46:11] /b ok
[27/09/2014 21:50:08] /t
[27/09/2014 21:52:49] /t
[27/09/2014 22:10:05] /t
[27/09/2014 22:10:15] /t guru
[27/09/2014 22:18:38] /b demoro.
[27/09/2014 22:29:37] /t
[27/09/2014 22:44:16] /t
[27/09/2014 22:50:00] /t lord pao
[27/09/2014 22:56:38] /t
[27/09/2014 23:32:14] /t digo
[27/09/2014 23:32:19] /t digo
[27/09/2014 23:32:25] /t digo
[27/09/2014 23:39:29] /t jeean
[27/09/2014 23:39:34] /t jeean
[27/09/2014 23:44:46] /t sr bispo
[27/09/2014 23:47:55] /t jeean
[27/09/2014 23:49:01] /t Wolvemk
[27/09/2014 23:49:22] /t Wolvemk
[27/09/2014 23:51:06] /t
[27/09/2014 23:56:05] /b boa noite gente vo dormir ate amanha.
[27/09/2014 23:56:18] /b fica xiu gordo,
[27/09/2014 23:56:39] /b falo jeean bixinha
[28/09/2014 11:20:57] /t
[28/09/2014 11:21:35] /t
[28/09/2014 11:31:38] /b gawer ta ae?
[28/09/2014 11:34:02] /b pode vir aki
[28/09/2014 11:56:27] /t junior
[28/09/2014 11:57:33] /t farinha
[28/09/2014 12:10:20] /t
[28/09/2014 12:19:14] /t
[28/09/2014 12:32:10] /t
[28/09/2014 12:36:14] /t
[28/09/2014 15:03:22] /t
[28/09/2014 15:08:30] /t
[28/09/2014 15:10:56] /t
[28/09/2014 15:16:32] /t leticia
[28/09/2014 15:16:40] /t
[28/09/2014 15:17:27] /t [T] luiz
[28/09/2014 15:20:59] /b last soul ta formando team para ir main quest
[28/09/2014 15:21:15] /b golden perdao.
[28/09/2014 15:21:34] /t
[28/09/2014 15:22:59] /b 15:23 Last Soul: GOGOGOO GOLDEN QUEST NEED 8 PLAYERS
[28/09/2014 15:23:39] /t leticia
[28/09/2014 15:26:52] /t
[28/09/2014 15:27:12] /b 15:25 Last Soul: 3 / 9 VGolden Quest QM MAIS ? LVL +150 FALA PEREN NA QUEST
[28/09/2014 15:31:52] /t
[28/09/2014 15:34:18] /t telitica
[28/09/2014 15:34:21] /t telicia
[28/09/2014 15:42:57] /t
[28/09/2014 15:47:06] /t
[28/09/2014 15:49:21] /t
[28/09/2014 15:56:24] /t
[28/09/2014 16:04:28] /b Gewar on?
[28/09/2014 16:06:15] /t
[28/09/2014 16:07:19] /t junior
[28/09/2014 16:12:22] /b vo fazer um evento com meus itens , premiaçao shiny stantler shiny venomoth e shiny hitmochan
[28/09/2014 16:14:30] /b camlem.
[28/09/2014 16:14:35] /b to escondendo.
[28/09/2014 16:15:27] /b to escondido em uma ponte enorme , q liga saffron para outra cidade
[28/09/2014 16:15:35] /b <<
[28/09/2014 16:16:26] /b holiester me acho
[28/09/2014 16:16:28] /t
[28/09/2014 16:18:45] /b esto em uma cidade q perto tem muitos leydba e snorlax e kabutos
[28/09/2014 16:18:58] /b ledyba
[28/09/2014 16:20:41] /b last soul me acho.
[28/09/2014 16:21:04] /t
[28/09/2014 16:22:01] /b escondi shiny stantler cujo na cidade tem varios pokes tipo pedra lutador e Fastasma.
[28/09/2014 16:22:52] /b quem achar manda pm aki
[28/09/2014 16:23:39] /b  escondi shiny stantler cujo na cidade tem varios pokes tipo pedra lutador e Fastasma.
[28/09/2014 16:24:44] /b ninguem acho?
[28/09/2014 16:25:15] /t
[28/09/2014 16:25:37] /t
[28/09/2014 16:25:45] /b escondi agora em outro lugar é em lavender
[28/09/2014 16:25:49] /b ops saffron
[28/09/2014 16:26:09] /b saffron,
[28/09/2014 16:26:21] /b quem achar manda pm.
[28/09/2014 16:27:36] /b o.O
[28/09/2014 16:27:42] /b demora kk'.
[28/09/2014 16:27:57] /b ta so em saffron.
[28/09/2014 16:28:55] /b seis sao moles em
[28/09/2014 16:29:17] /b sem dica dai fica facil so ta em saffron.
[28/09/2014 16:30:34] /b se ninguem achar vo joga no lago.
[28/09/2014 16:31:59] /b pro lado de >
[28/09/2014 16:34:15] /t chaves xx t
[28/09/2014 16:35:38] /t
[28/09/2014 16:39:15] /t Chaves Xx T acho.
[28/09/2014 16:39:26] /b Chaves Xx T acho.
[28/09/2014 16:41:31] /b afs q tedio.
[28/09/2014 16:46:16] /b gente vo faze uma nova conta pra i na nova quest com vcs 
[28/09/2014 16:46:23] /b ajuda vcs.
[28/09/2014 16:46:35] /b manda pm pra Fc corey taylor.
[28/09/2014 16:46:42] /b vo logar la
[28/09/2014 16:56:24] /b quem quiser i na quest nova dos lendarios la vem cerulean vo loga na maker.
[28/09/2014 16:57:33] /b quem quiser i nova quest vem cerulean
[28/09/2014 16:58:41] /b quem quiser i nova quest vem cerulean
[28/09/2014 16:59:31] /b quem quiser i nova quest vem cerulean
[28/09/2014 16:59:32] /b quem quiser i nova quest vem cerulean
[28/09/2014 16:59:33] /b quem quiser i nova quest vem cerulean
[28/09/2014 17:10:26] /t
[28/09/2014 17:15:27] /t fc zironz
[28/09/2014 17:15:43] /t
[28/09/2014 17:41:09] /t Fc corey taylor
[28/09/2014 17:49:50] /t
[28/09/2014 17:52:46] /t
[28/09/2014 17:53:22] /t mister d
[28/09/2014 17:56:44] /t
[28/09/2014 18:07:21] /b nao fiquen afk na fila. 
[28/09/2014 18:09:09] /t last soul
[28/09/2014 18:13:13] /b serena Ylikecrazzy ta afk
[28/09/2014 18:13:20] /b vo manda cp
[28/09/2014 18:13:29] /b quem fica afk vo manda cp
[28/09/2014 18:15:16] /t Voapiriquita
[28/09/2014 18:15:20] /t Harry
[28/09/2014 18:15:24] /t Hail
[28/09/2014 18:15:28] /t Madara
[28/09/2014 18:15:31] /t Alpha
[28/09/2014 18:15:35] /t Frozen Crazy
[28/09/2014 18:15:39] /t Shiny Paulo
[28/09/2014 18:15:41] /t
[28/09/2014 18:16:29] /b serena vem viridian
[28/09/2014 18:18:23] /b serena vem vermilion
[28/09/2014 18:22:24] /t
[28/09/2014 18:22:38] /b sell shiny ampharos baratin.
[28/09/2014 18:24:45] /t
[28/09/2014 18:27:47] /b gogo golden fauta 1
[28/09/2014 18:35:49] /t
[28/09/2014 18:37:38] /b gogo main quest go ceru
[28/09/2014 18:40:37] /b gogo main quest
[28/09/2014 18:41:35] /b doidao é muito doidao
[28/09/2014 18:43:15] /b gogo main quest
[28/09/2014 18:46:58] /b fauta 3 gogo main quest
[28/09/2014 18:51:19] /t
[28/09/2014 18:51:32] /b vo main nao n tem gente.
[28/09/2014 18:53:47] /b gogo main quest
[28/09/2014 18:56:05] /b deem !save. o servidor pode cair.
[28/09/2014 18:58:12] /t doidao
[28/09/2014 18:58:50] /t leticia
[28/09/2014 19:01:15] /t anjinha
[28/09/2014 19:01:35] /t last soul
[28/09/2014 19:04:35] /b vo sair gente ate mais.
[28/09/2014 19:36:49] /t
[28/09/2014 19:42:44] /b Sem redbult Ok.
[28/09/2014 19:46:33] /b elite metch fica de olho pra ver se ta dando redbult
[28/09/2014 19:57:14] /t
[28/09/2014 20:17:47] /t
[28/09/2014 20:47:00] /b Sell Smaal diamond
[28/09/2014 20:58:21] /t
[28/09/2014 21:59:00] /t Sukkyt
[28/09/2014 21:59:07] /t
[28/09/2014 21:59:10] /t
[28/09/2014 21:59:12] /t
[28/09/2014 21:59:14] /t
[28/09/2014 21:59:17] /t
[28/09/2014 21:59:18] /t
[28/09/2014 21:59:19] /t
[28/09/2014 21:59:20] /t
[28/09/2014 21:59:21] /t
[28/09/2014 21:59:22] /t
[28/09/2014 21:59:23] /t
[28/09/2014 21:59:28] /t
[28/09/2014 21:59:40] /t
[28/09/2014 21:59:56] /t
[28/09/2014 22:00:02] /t
[28/09/2014 22:05:16] /b digo ta forte em
[28/09/2014 22:05:33] /t
[28/09/2014 22:05:49] /t farinha
[28/09/2014 22:06:00] /t digo
[28/09/2014 22:06:58] /b martelo e a bahianinha?
[28/09/2014 22:14:54] /t
[28/09/2014 22:21:42] /b Nao deem Headbult pq causa laag no servidor
[28/09/2014 22:24:00] /t
[28/09/2014 22:34:48] /b Elite match esta chamando player para fazer shiny box.
[29/09/2014 18:21:24] /t
[29/09/2014 18:22:33] /b gogo.
[29/09/2014 18:23:56] /t
[29/09/2014 18:26:09] /b kk'
[29/09/2014 18:26:35] /t
[29/09/2014 18:26:38] /t
[29/09/2014 18:34:18] /b ta bugado nao , nao sai da verde.
[29/09/2014 18:34:55] /b impossivel mata
[29/09/2014 18:34:56] /t
[29/09/2014 18:35:28] /b perca de tempo gente ninguem mata issu alem de cm gm adm.
[29/09/2014 18:35:44] /b vao morrer atoa.
[29/09/2014 18:36:19] /t
[29/09/2014 18:36:38] /t
[29/09/2014 18:38:28] /t
[29/09/2014 22:41:41] /b Boa noite.
[29/09/2014 22:45:18] /t
[29/09/2014 22:51:17] /t
[29/09/2014 22:51:25] /t
[29/09/2014 22:52:49] /b gabi o.p
[29/09/2014 23:00:05] /b novo top lvl vai brincando 23:00 You advanced from Level 933 to Level 934. \o/.
[29/09/2014 23:00:38] /t
[29/09/2014 23:02:22] /b boa noite gabi
[29/09/2014 23:04:42] /t
[29/09/2014 23:04:57] /b xau gente vo sair.
[29/09/2014 23:05:08] /b boa noite a todos (a).
