[20/09/2014 14:41:27] /t Elite Match
[20/09/2014 14:48:37] /b Quem Estiver Preso em ALgum Lugar Avisa.
[20/09/2014 14:52:14] /b O Player Last Soul Esta Chamando Gente Para Golden Quest + 6 Players.
[20/09/2014 14:52:20] /b O Player Last Soul Esta Chamando Gente Para Golden Quest + 6 Players.
[20/09/2014 14:54:21] /b O Player Last Soul Esta Chamando Gente Para Golden Quest + 6 Players. Para ir Teleporte Para GOlden.
[20/09/2014 14:59:15] /b O Player Last Soul Esta Chamando Gente Para Golden Quest + 6 Players. Para ir Teleporte Para GOlden.
[20/09/2014 14:59:21] /b O Player Last Soul Esta Chamando Gente Para Golden Quest + 6 Players. Para ir Teleporte Para GOlden.
[20/09/2014 15:12:53] /b o Player Gaah Lima Esta Convidando Players Para Guild Nvl 150+ Pm Para Ele.
[20/09/2014 15:12:54] /b o Player Gaah Lima Esta Convidando Players Para Guild Nvl 150+ Pm Para Ele.
[20/09/2014 15:12:56] /b o Player Gaah Lima Esta Convidando Players Para Guild Nvl 150+ Pm Para Ele.
[20/09/2014 15:12:58] /b o Player Gaah Lima Esta Convidando Players Para Guild Nvl 150+ Pm Para Ele.
[20/09/2014 15:13:45] /b o Player Gaah Lima Esta Convidando Players Para Guild Nvl 150+ Pm Para Ele.
[20/09/2014 15:15:36] /t [T]Luiz
[20/09/2014 15:15:48] /t [T] Luiz
[20/09/2014 15:16:49] /t gaah lima
[20/09/2014 15:21:49] /b Duvidas Help!!.
[20/09/2014 15:23:49] /b Parem de Da Head Butt Esta Lagando o Servidor.
[20/09/2014 15:28:39] /t [T] Luiz
[20/09/2014 15:33:30] /b Quem Estive Bugado Manda Pm.
[20/09/2014 15:38:48] /b Parem de Da HeadButt Pf pessoal isso q ta dando lag No Serv
[20/09/2014 15:41:21] /t [t] Luiz
[20/09/2014 15:44:38] /t ELite Match
[20/09/2014 15:45:54] /t
[20/09/2014 15:50:38] /b Antes de Desliga Todos Dem !save Para n Ave Perda.
[20/09/2014 15:52:56] /b Deem !save para Não Aver Perda!!.
[21/09/2014 13:01:40] /b Não e Permitido Agora Upa com Shiny Vileplume Na Outland Cuidado...
[21/09/2014 14:17:12] /b Quem Quizer Ir Main quest De Cerulean So teleportar.
[21/09/2014 14:17:13] /b Quem Quizer Ir Main quest De Cerulean So teleportar.
[21/09/2014 14:17:13] /b Quem Quizer Ir Main quest De Cerulean So teleportar.
[21/09/2014 14:17:14] /b Quem Quizer Ir Main quest De Cerulean So teleportar./b Quem Quizer Ir Main quest De Cerulean So teleportar./b Quem Quizer Ir Main quest De Cerulean So teleportar.
[21/09/2014 14:17:17] /b Quem Quizer Ir Main quest De Cerulean So teleportar.
[21/09/2014 14:17:30] /b Quem Quizer Ir Main quest De Cerulean So teleportar.
[21/09/2014 14:17:31] /b Quem Quizer Ir Main quest De Cerulean So teleportar.
[21/09/2014 14:17:32] /b Quem Quizer Ir Main quest De Cerulean So teleportar.
[21/09/2014 14:17:52] /b Quem Quizer Ir Main quest De Cerulean So teleportar Pra Cerulean
[21/09/2014 14:18:01] /b Quem Quizer Ir Main quest De Cerulean So teleportar Pra Cerulean
[21/09/2014 14:18:05] /b Quem Quizer Ir Main quest De Cerulean So teleportar Pra Cerulean
[21/09/2014 14:18:06] /b Quem Quizer Ir Main quest De Cerulean So teleportar Pra Cerulean
[21/09/2014 14:18:21] /b Quem Quizer Ir Main quest De Cerulean So teleportar Pra Cerulean
[21/09/2014 14:18:31] /b Quem Quizer Ir Main quest De Cerulean So teleportar Pra Cerulean
[21/09/2014 14:18:42] /b Quem Quizer Ir Main quest De Cerulean So teleportar Pra Cerulean Tirem as Ball!.
[21/09/2014 14:18:43] /b Quem Quizer Ir Main quest De Cerulean So teleportar Pra Cerulean Tirem as Ball!.
[21/09/2014 14:18:44] /b Quem Quizer Ir Main quest De Cerulean So teleportar Pra Cerulean Tirem as Ball!.
[21/09/2014 14:18:45] /b Quem Quizer Ir Main quest De Cerulean So teleportar Pra Cerulean Tirem as Ball!.
[21/09/2014 14:19:14] /b Quem Quizer Ir Main quest De Cerulean So teleportar Pra Cerulean Tirem as Ball!.
[21/09/2014 14:19:14] /b Quem Quizer Ir Main quest De Cerulean So teleportar Pra Cerulean Tirem as Ball!.
[21/09/2014 14:19:15] /b Quem Quizer Ir Main quest De Cerulean So teleportar Pra Cerulean Tirem as Ball!.
[21/09/2014 14:19:15] /b Quem Quizer Ir Main quest De Cerulean So teleportar Pra Cerulean Tirem as Ball!.
[21/09/2014 14:19:16] /b Quem Quizer Ir Main quest De Cerulean So teleportar Pra Cerulean Tirem as Ball!.
[21/09/2014 14:19:32] /b Quem Quizer Ir Main quest De Cerulean So teleportar Pra Cerulean Tirem as Ball! 4/9
[21/09/2014 14:19:33] /b Quem Quizer Ir Main quest De Cerulean So teleportar Pra Cerulean Tirem as Ball! 4/9
[21/09/2014 14:19:33] /b Quem Quizer Ir Main quest De Cerulean So teleportar Pra Cerulean Tirem as Ball! 4/9
[21/09/2014 14:19:42] /b Quem Quizer Ir Main quest De Cerulean So teleportar Pra Cerulean Tirem as Ball! 4/9
[21/09/2014 14:19:42] /b Quem Quizer Ir Main quest De Cerulean So teleportar Pra Cerulean Tirem as Ball! 4/9
[21/09/2014 14:19:43] /b Quem Quizer Ir Main quest De Cerulean So teleportar Pra Cerulean Tirem as Ball! 4/9
[21/09/2014 14:19:53] /b Quem Quizer Ir Main quest De Cerulean So teleportar Pra Cerulean Tirem as Ball! 5/9
[21/09/2014 14:19:54] /b Quem Quizer Ir Main quest De Cerulean So teleportar Pra Cerulean Tirem as Ball! 5/9
[21/09/2014 14:20:05] /b Quem Quizer Ir Main quest De Cerulean So teleportar Pra Cerulean Tirem as Ball! 6/9
[21/09/2014 14:20:12] /b Quem Quizer Ir Main quest De Cerulean So teleportar Pra Cerulean Tirem as Ball! 6/9
[21/09/2014 14:20:12] /b Quem Quizer Ir Main quest De Cerulean So teleportar Pra Cerulean Tirem as Ball! 6/9
[21/09/2014 14:20:13] /b Quem Quizer Ir Main quest De Cerulean So teleportar Pra Cerulean Tirem as Ball! 6/9
[21/09/2014 14:20:16] /b Quem Quizer Ir Main quest De Cerulean So teleportar Pra Cerulean Tirem as Ball! 6/9
[21/09/2014 14:20:18] /b Quem Quizer Ir Main quest De Cerulean So teleportar Pra Cerulean Tirem as Ball! 6/9
[21/09/2014 14:20:20] /b Quem Quizer Ir Main quest De Cerulean So teleportar Pra Cerulean Tirem as Ball! 6/9
[21/09/2014 14:20:21] /b Quem Quizer Ir Main quest De Cerulean So teleportar Pra Cerulean Tirem as Ball! 6/9
[21/09/2014 14:20:47] /b Quem Quizer Ir Main quest De Cerulean So teleportar Pra Cerulean Tirem as Ball! 6/9
[21/09/2014 14:20:48] /b Quem Quizer Ir Main quest De Cerulean So teleportar Pra Cerulean Tirem as Ball! 6/9
[21/09/2014 14:20:49] /b Quem Quizer Ir Main quest De Cerulean So teleportar Pra Cerulean Tirem as Ball! 6/9
[21/09/2014 14:20:49] /b Quem Quizer Ir Main quest De Cerulean So teleportar Pra Cerulean Tirem as Ball! 6/9
[21/09/2014 14:20:50] /b Quem Quizer Ir Main quest De Cerulean So teleportar Pra Cerulean Tirem as Ball! 6/9
[21/09/2014 14:20:57] /b Quem Quizer Ir Main quest De Cerulean So teleportar Pra Cerulean Tirem as Ball! 6/9
[21/09/2014 14:20:58] /b Quem Quizer Ir Main quest De Cerulean So teleportar Pra Cerulean Tirem as Ball! 6/9
[21/09/2014 14:20:58] /b Quem Quizer Ir Main quest De Cerulean So teleportar Pra Cerulean Tirem as Ball! 6/9
[21/09/2014 14:20:59] /b Quem Quizer Ir Main quest De Cerulean So teleportar Pra Cerulean Tirem as Ball! 6/9
[21/09/2014 14:21:00] /b Quem Quizer Ir Main quest De Cerulean So teleportar Pra Cerulean Tirem as Ball! 6/9
[21/09/2014 14:21:01] /b Quem Quizer Ir Main quest De Cerulean So teleportar Pra Cerulean Tirem as Ball! 6/9
[21/09/2014 14:21:01] /b Quem Quizer Ir Main quest De Cerulean So teleportar Pra Cerulean Tirem as Ball! 6/9
[21/09/2014 14:21:02] /b Quem Quizer Ir Main quest De Cerulean So teleportar Pra Cerulean Tirem as Ball! 6/9
[21/09/2014 14:21:02] /b Quem Quizer Ir Main quest De Cerulean So teleportar Pra Cerulean Tirem as Ball! 6/9
[21/09/2014 14:21:31] /b Quem Quizer Ir Main quest De Cerulean So teleportar Pra Cerulean Tirem as Ball! 6/9
[21/09/2014 14:21:31] /b Quem Quizer Ir Main quest De Cerulean So teleportar Pra Cerulean Tirem as Ball! 6/9
[21/09/2014 14:21:32] /b Quem Quizer Ir Main quest De Cerulean So teleportar Pra Cerulean Tirem as Ball! 6/9
[21/09/2014 14:21:33] /b Quem Quizer Ir Main quest De Cerulean So teleportar Pra Cerulean Tirem as Ball! 6/9
[21/09/2014 14:21:33] /b Quem Quizer Ir Main quest De Cerulean So teleportar Pra Cerulean Tirem as Ball! 6/9
[21/09/2014 14:21:52] /b Quem Quizer Ir Main quest De Cerulean So teleportar Pra Cerulean Tirem as Ball! 6/9
[21/09/2014 14:22:12] /b Quem Quizer Ir Main quest De Cerulean So teleportar Pra Cerulean Tirem as Ball! 6/9
[21/09/2014 14:22:35] /b Quem Quizer Ir Main quest De Cerulean So teleportar Pra Cerulean Tirem as Ball! 6/9
[21/09/2014 14:22:36] /b Quem Quizer Ir Main quest De Cerulean So teleportar Pra Cerulean Tirem as Ball! 6/9
[21/09/2014 14:22:36] /b Quem Quizer Ir Main quest De Cerulean So teleportar Pra Cerulean Tirem as Ball! 6/9
[21/09/2014 14:23:50] /b Quem Quizer Ir Main quest De Cerulean So teleportar Pra Cerulean Tirem as Ball! 6/9
[21/09/2014 14:23:51] /b Quem Quizer Ir Main quest De Cerulean So teleportar Pra Cerulean Tirem as Ball! 6/9
[21/09/2014 14:23:52] /b Quem Quizer Ir Main quest De Cerulean So teleportar Pra Cerulean Tirem as Ball! 6/9
[21/09/2014 14:24:36] /b Quem Quizer Ir Main quest De Cerulean So teleportar Pra Cerulean Tirem as Ball! 6/9
[21/09/2014 14:24:36] /b Quem Quizer Ir Main quest De Cerulean So teleportar Pra Cerulean Tirem as Ball! 6/9
[21/09/2014 14:25:07] /b Quem Quizer Ir Main quest De Cerulean So teleportar Pra Cerulean Tirem as Ball! 6/9
[21/09/2014 14:25:08] /b Quem Quizer Ir Main quest De Cerulean So teleportar Pra Cerulean Tirem as Ball! 6/9
[21/09/2014 14:25:09] /b Quem Quizer Ir Main quest De Cerulean So teleportar Pra Cerulean Tirem as Ball! 6/9
[21/09/2014 14:25:09] /b Quem Quizer Ir Main quest De Cerulean So teleportar Pra Cerulean Tirem as Ball! 6/9
[21/09/2014 14:31:57] /b Quem Quizer Ir Main quest De Cerulean So teleportar Pra Cerulean Tirem as Ball! 6/9
[21/09/2014 14:31:58] /b Quem Quizer Ir Main quest De Cerulean So teleportar Pra Cerulean Tirem as Ball! 6/9
[21/09/2014 14:31:58] /b Quem Quizer Ir Main quest De Cerulean So teleportar Pra Cerulean Tirem as Ball! 6/9
[21/09/2014 14:31:59] /b Quem Quizer Ir Main quest De Cerulean So teleportar Pra Cerulean Tirem as Ball! 6/9
[21/09/2014 14:32:00] /b Quem Quizer Ir Main quest De Cerulean So teleportar Pra Cerulean Tirem as Ball! 6/9
[21/09/2014 14:33:09] /b Quem Quizer Ir Main quest De Cerulean So teleportar Pra Cerulean Tirem as Ball! 6/9 Se Quize q eu Te leve so Chama PM.
[21/09/2014 14:33:10] /b Quem Quizer Ir Main quest De Cerulean So teleportar Pra Cerulean Tirem as Ball! 6/9 Se Quize q eu Te leve so Chama PM.
[21/09/2014 14:33:10] /b Quem Quizer Ir Main quest De Cerulean So teleportar Pra Cerulean Tirem as Ball! 6/9 Se Quize q eu Te leve so Chama PM.
[21/09/2014 14:33:11] /b Quem Quizer Ir Main quest De Cerulean So teleportar Pra Cerulean Tirem as Ball! 6/9 Se Quize q eu Te leve so Chama PM.
[21/09/2014 14:33:27] /b Quem Quizer Ir Main quest De Cerulean So teleportar Pra Cerulean Tirem as Ball! 6/9 Se Quize q eu Te leve so Chama PM.
[21/09/2014 14:33:27] /b Quem Quizer Ir Main quest De Cerulean So teleportar Pra Cerulean Tirem as Ball! 6/9 Se Quize q eu Te leve so Chama PM.
[21/09/2014 14:33:28] /b Quem Quizer Ir Main quest De Cerulean So teleportar Pra Cerulean Tirem as Ball! 6/9 Se Quize q eu Te leve so Chama PM.
[21/09/2014 14:33:46] /b Quem Quizer Ir Main quest De Cerulean So teleportar Pra Cerulean Tirem as Ball! 7/9 Se Quize q eu Te leve so Chama PM.
[21/09/2014 14:33:48] /b Quem Quizer Ir Main quest De Cerulean So teleportar Pra Cerulean Tirem as Ball! 7/9 Se Quize q eu Te leve so Chama PM.
[21/09/2014 14:34:19] /b Quem Quizer Ir Main quest De Cerulean So teleportar Pra Cerulean Tirem as Ball! 7/9 Se Quize q eu Te leve so Chama PM.
[21/09/2014 14:34:20] /b Quem Quizer Ir Main quest De Cerulean So teleportar Pra Cerulean Tirem as Ball! 7/9 Se Quize q eu Te leve so Chama PM.
[21/09/2014 14:34:20] /b Quem Quizer Ir Main quest De Cerulean So teleportar Pra Cerulean Tirem as Ball! 7/9 Se Quize q eu Te leve so Chama PM.
[21/09/2014 14:34:54] /b Quem Quizer Ir Main quest De Cerulean So teleportar Pra Cerulean Tirem as Ball! 8/9 Se Quize q eu Te leve so Chama PM.
[21/09/2014 14:34:55] /b Quem Quizer Ir Main quest De Cerulean So teleportar Pra Cerulean Tirem as Ball! 8/9 Se Quize q eu Te leve so Chama PM.
[21/09/2014 14:34:56] /b Quem Quizer Ir Main quest De Cerulean So teleportar Pra Cerulean Tirem as Ball! 8/9 Se Quize q eu Te leve so Chama PM.
[21/09/2014 14:34:57] /b Quem Quizer Ir Main quest De Cerulean So teleportar Pra Cerulean Tirem as Ball! 8/9 Se Quize q eu Te leve so Chama PM.
[21/09/2014 14:34:57] /b Quem Quizer Ir Main quest De Cerulean So teleportar Pra Cerulean Tirem as Ball! 8/9 Se Quize q eu Te leve so Chama PM.
[21/09/2014 14:42:11] /b Gm Da goto Pra vc ve aki.
[21/09/2014 14:44:05] /t jeean
[21/09/2014 14:44:15] /t Xxmastersxx
[21/09/2014 14:44:21] /t cawboys
[21/09/2014 14:44:29] /t terrys
[21/09/2014 14:44:34] /t elite maych
[21/09/2014 14:44:41] /t lord pao
[21/09/2014 14:44:47] /t elite match
[21/09/2014 14:44:52] /t
[21/09/2014 14:49:01] /t
[21/09/2014 14:49:21] /t
[21/09/2014 14:51:25] /b qm quizer tirar print Cmg Vem emcima do cp de saffron.
[21/09/2014 14:51:25] /b qm quizer tirar print Cmg Vem emcima do cp de saffron.
[21/09/2014 14:51:26] /b qm quizer tirar print Cmg Vem emcima do cp de saffron.
[21/09/2014 14:51:27] /b qm quizer tirar print Cmg Vem emcima do cp de saffron.
[21/09/2014 14:51:40] /b qm quizer tirar print Cmg Vem emcima do cp de saffron.
[21/09/2014 14:51:41] /b qm quizer tirar print Cmg Vem emcima do cp de saffron.
[21/09/2014 14:51:42] /b qm quizer tirar print Cmg Vem emcima do cp de saffron.
[21/09/2014 14:51:58] /b qm quizer tirar print Cmg Vem emcima do cp de saffron.
[21/09/2014 14:51:58] /b qm quizer tirar print Cmg Vem emcima do cp de saffron.
[21/09/2014 14:52:19] /b qm quizer tirar print Cmg Vem emcima do cp de saffron.
[21/09/2014 14:52:21] /b qm quizer tirar print Cmg Vem emcima do cp de saffron.
[21/09/2014 14:52:24] /b qm quizer tirar print Cmg Vem emcima do cp de saffron.
[21/09/2014 14:52:32] /b qm quizer tirar print Cmg Vem emcima do cp de saffron.
[21/09/2014 14:52:33] /b qm quizer tirar print Cmg Vem emcima do cp de saffron.
[21/09/2014 14:52:36] /b qm quizer tirar print Cmg Vem emcima do cp de saffron.
[21/09/2014 14:52:36] /b qm quizer tirar print Cmg Vem emcima do cp de saffron.
[21/09/2014 14:52:37] /b qm quizer tirar print Cmg Vem emcima do cp de saffron.
[21/09/2014 14:54:38] /b PkCyan <3
[21/09/2014 14:55:21] /t xxmastersxx
[21/09/2014 14:55:27] /t elite match
[21/09/2014 14:55:34] /t lord jeff sz
[21/09/2014 14:55:36] /t
[21/09/2014 14:57:16] /b https://www.facebook.com/photo.php?fbid=722039027888867&set=gm.719934514723101&type=1&theater
[21/09/2014 14:59:08] /b https://www.facebook.com/photo.php?fbid=722039027888867&set=gm.719934514723101&type=1&theater
[21/09/2014 14:59:13] /b https://www.facebook.com/photo.php?fbid=722039027888867&set=gm.719934514723101&type=1&theater
[21/09/2014 15:03:03] /t
[21/09/2014 15:03:54] /b 15:04 You see a wild mega alakazam. Hit Points: 195000 / 195000. It is genderless.
[21/09/2014 15:04:37] /t
[21/09/2014 15:05:10] /b alguem ja sabe respaw de mega alakazam ?
[21/09/2014 15:05:57] /t
[21/09/2014 15:06:18] /t cinnabar
[21/09/2014 15:10:03] /b Vo esconder Um : 15:10 Congratulations, you caught a pokemon (Shiny Typhlosion)!
[21/09/2014 15:10:59] /t
[21/09/2014 15:11:40] /b Typhlosion Ou Shiny tangela +50 ?
[21/09/2014 15:11:52] /b Typhlosion Ou Shiny tangela +50 ?
[21/09/2014 15:11:53] /b Typhlosion Ou Shiny tangela +50 ?
[21/09/2014 15:11:54] /b Typhlosion Ou Shiny tangela +50 ?
[21/09/2014 15:12:19] /b Typhlosion Ganhou
[21/09/2014 15:13:22] /b n Escondi Ainda Gente
[21/09/2014 15:13:58] /b City Pallet Valendoo.
[21/09/2014 15:14:14] /b meio dificil
[21/09/2014 15:14:30] /b Qm acha fala Game-Chat
[21/09/2014 15:14:55] /b Primeira Dica : Arvore.
[21/09/2014 15:15:24] /t
[21/09/2014 15:15:46] /b Não Falem Help Pf.
[21/09/2014 15:16:13] /b Segunda Dica : Perto Do Cp.
[21/09/2014 15:16:59] /b 15:17 Elite Match: achei    Parabéns.
[21/09/2014 15:17:13] /t
[21/09/2014 15:17:38] /b Proximo SHiny q eu Pega Vo Esconde.
[21/09/2014 15:18:31] /b 15:18 Jeean: #vaipegarummagmar   EHUEHEUHEUE
[21/09/2014 15:19:22] /b 15:19 You see a fainted shiny magmar. (Vol: 10) It is genderless.   Vo pega ?
[21/09/2014 15:21:48] /b Guild Ifinity Esta Convidando Para Entrar Player nvls 150 + PM Me Ou Pm Gaah Lima.
[21/09/2014 15:21:49] /b Guild Ifinity Esta Convidando Para Entrar Player nvls 150 + PM Me Ou Pm Gaah Lima.
[21/09/2014 15:21:49] /b Guild Ifinity Esta Convidando Para Entrar Player nvls 150 + PM Me Ou Pm Gaah Lima.
[21/09/2014 15:21:50] /b Guild Ifinity Esta Convidando Para Entrar Player nvls 150 + PM Me Ou Pm Gaah Lima.
[21/09/2014 15:24:26] /b Guild Ifinity Esta Convidando Para Entrar Player nvls 150 + PM Me Ou Pm Gaah Lima.
[21/09/2014 15:24:27] /b Guild Ifinity Esta Convidando Para Entrar Player nvls 150 + PM Me Ou Pm Gaah Lima.
[21/09/2014 15:24:27] /b Guild Ifinity Esta Convidando Para Entrar Player nvls 150 + PM Me Ou Pm Gaah Lima.
[21/09/2014 15:24:28] /b Guild Ifinity Esta Convidando Para Entrar Player nvls 150 + PM Me Ou Pm Gaah Lima.
[21/09/2014 15:25:10] /b Guild Ifinity Esta Convidando Para Entrar Player nvls 150 + PM Me Ou Pm Gaah Lima.
[21/09/2014 15:25:11] /b Guild Ifinity Esta Convidando Para Entrar Player nvls 150 + PM Me Ou Pm Gaah Lima.
[21/09/2014 15:25:11] /b Guild Ifinity Esta Convidando Para Entrar Player nvls 150 + PM Me Ou Pm Gaah Lima.
[21/09/2014 15:25:12] /b Guild Ifinity Esta Convidando Para Entrar Player nvls 150 + PM Me Ou Pm Gaah Lima.
[21/09/2014 15:26:31] /t
[21/09/2014 15:26:46] /b 15:26 Você ja gastou: 21 Ultra balls tentando catar um Shiny Magmar.
[21/09/2014 15:28:31] /t
[21/09/2014 15:29:20] /t
[21/09/2014 15:30:06] /t
[21/09/2014 15:32:34] /t
[21/09/2014 15:32:50] /b Vo esconde Um Shiny Tangela.
[21/09/2014 15:36:00] /b City :  Shamouti   
[21/09/2014 15:36:16] /b quem acha fala Game Chat
[21/09/2014 15:39:11] /b 15:39 Tatyane: achei
[21/09/2014 15:40:52] /t
[21/09/2014 15:41:07] /b 15:41 You see a Icone.. It contains a Shiny Vileplume. Boost level: +50. Holding: X-Boost(Tier: 4) and Y-Regeneration(Tier: 2). It is genderless.
[21/09/2014 15:41:15] /b Agora Esse Com tier 4
[21/09/2014 15:43:32] /t
[21/09/2014 15:45:14] /t
[21/09/2014 15:48:09] /b 15:48 Congratulations, you caught a pokemon (Shiny Electrode)!
[21/09/2014 15:50:06] /t
[21/09/2014 15:50:18] /b 15:50 Gaah Lima: 15:50 You advanced from Level 599 to Level 600.  Boa
[21/09/2014 15:50:50] /t
[21/09/2014 15:51:48] /b Lord Pão Vendendo Uma Master Ball. PM-O.
[21/09/2014 15:52:19] /b Duvidas HELP.
[21/09/2014 15:52:20] /b Duvidas HELP.
[21/09/2014 15:52:20] /b Duvidas HELP.
[21/09/2014 15:52:21] /b Duvidas HELP.
[21/09/2014 15:52:21] /b Duvidas HELP.
[21/09/2014 15:52:22] /b Duvidas HELP.
[21/09/2014 15:52:39] /b 15:52 Elite Match: me amnda alguem akii na moltres pra me ajudar n consigo matar nem fazer essa quest
[21/09/2014 15:53:00] /t
[21/09/2014 15:53:13] /b n posso teleporta pra outras city.
[21/09/2014 15:53:22] /b so pra saffron
[21/09/2014 15:53:37] /b Quem Quizer ir Vai Cinnabar
[21/09/2014 15:53:37] /b Quem Quizer ir Vai Cinnabar
[21/09/2014 15:53:38] /b Quem Quizer ir Vai Cinnabar
[21/09/2014 15:53:39] /b Quem Quizer ir Vai Cinnabar
[21/09/2014 15:53:39] /b Quem Quizer ir Vai Cinnabar
[21/09/2014 15:53:40] /b Quem Quizer ir Vai Cinnabar
[21/09/2014 15:54:08] /b Quem Quizer ir Vai Cinnabar Quest Moltres.
[21/09/2014 15:54:09] /b Quem Quizer ir Vai Cinnabar Quest Moltres.
[21/09/2014 15:54:10] /b Quem Quizer ir Vai Cinnabar Quest Moltres.
[21/09/2014 15:54:11] /b Quem Quizer ir Vai Cinnabar Quest Moltres.
[21/09/2014 15:54:11] /b Quem Quizer ir Vai Cinnabar Quest Moltres.
[21/09/2014 15:54:12] /b Quem Quizer ir Vai Cinnabar Quest Moltres.
[21/09/2014 15:54:13] /b Quem Quizer ir Vai Cinnabar Quest Moltres.
[21/09/2014 15:54:14] /b Quem Quizer ir Vai Cinnabar Quest Moltres.
[21/09/2014 15:54:15] /b Quem Quizer ir Vai Cinnabar Quest Moltres.
[21/09/2014 15:54:23] /b Quem Quizer ir Vai Cinnabar Quest Moltres.
[21/09/2014 15:54:24] /b Quem Quizer ir Vai Cinnabar Quest Moltres.
[21/09/2014 15:54:25] /b Quem Quizer ir Vai Cinnabar Quest Moltres.
[21/09/2014 15:54:26] /b Quem Quizer ir Vai Cinnabar Quest Moltres.
[21/09/2014 15:54:27] /b Quem Quizer ir Vai Cinnabar Quest Moltres.
[21/09/2014 15:54:28] /b Quem Quizer ir Vai Cinnabar Quest Moltres.
[21/09/2014 15:54:29] /b Quem Quizer ir Vai Cinnabar Quest Moltres.
[21/09/2014 15:54:36] /b Quem Quizer ir Vai Cinnabar Quest Moltres.
[21/09/2014 15:54:38] /b Quem Quizer ir Vai Cinnabar Quest Moltres.
[21/09/2014 15:55:07] /b subam
[21/09/2014 16:01:11] /t
[22/09/2014 15:50:10] /b oi
[22/09/2014 15:52:13] /t
[22/09/2014 15:52:46] /b saindo aki :/ Flw.
[22/09/2014 16:04:50] /t
[22/09/2014 16:05:23] /t
[22/09/2014 16:06:06] /t
[22/09/2014 16:07:09] /b Duvidas Help.
[22/09/2014 16:07:10] /b Duvidas Help.
[22/09/2014 16:07:10] /b Duvidas Help.
[22/09/2014 16:07:11] /b Duvidas Help.
[22/09/2014 16:07:11] /b Duvidas Help.
[22/09/2014 16:09:10] /b Saindo.
[22/09/2014 17:16:11] /b Duvidas HELP.
[22/09/2014 17:16:12] /b Duvidas HELP.
[22/09/2014 17:16:12] /b Duvidas HELP.
[22/09/2014 17:16:12] /b Duvidas HELP.
[22/09/2014 17:16:13] /b Duvidas HELP.
[22/09/2014 17:18:12] /b Duvidas HELP.
[22/09/2014 17:18:12] /b Duvidas HELP.
[22/09/2014 17:18:16] /b Duvidas HELP.
[22/09/2014 17:18:57] /t
[22/09/2014 17:20:19] /t
[22/09/2014 17:22:37] /t
[22/09/2014 17:23:41] /t
[22/09/2014 17:25:45] /t
[22/09/2014 17:26:24] /t
[22/09/2014 17:36:07] /t
[22/09/2014 17:37:58] /t
[22/09/2014 17:38:00] /t
[22/09/2014 17:39:17] /t
[22/09/2014 17:39:26] /t
[22/09/2014 17:40:09] /b Duvidas HELP.
[22/09/2014 17:40:10] /b Duvidas HELP./b Duvidas HELP.
[22/09/2014 17:40:11] /b Duvidas HELP.
[22/09/2014 17:40:12] /b Duvidas HELP.
[22/09/2014 17:40:26] /t
[22/09/2014 17:43:24] /b Quem Quizer fazer Quest Nova Vai Cerulean.
[22/09/2014 17:43:25] /b Quem Quizer fazer Quest Nova Vai Cerulean.
[22/09/2014 17:43:26] /b Quem Quizer fazer Quest Nova Vai Cerulean.
[22/09/2014 17:43:27] /b Quem Quizer fazer Quest Nova Vai Cerulean.
[22/09/2014 17:43:27] /b Quem Quizer fazer Quest Nova Vai Cerulean.
[22/09/2014 17:43:34] /b Quem Quizer fazer Quest Nova Vai Cerulean.
[22/09/2014 17:43:34] /b Quem Quizer fazer Quest Nova Vai Cerulean.
[22/09/2014 17:43:35] /b Quem Quizer fazer Quest Nova Vai Cerulean.
[22/09/2014 17:43:36] /b Quem Quizer fazer Quest Nova Vai Cerulean.
[22/09/2014 17:43:36] /b Quem Quizer fazer Quest Nova Vai Cerulean.
[22/09/2014 17:43:47] /b Quem Quizer fazer Quest Nova Vai Cerulean.
[22/09/2014 17:43:48] /b Quem Quizer fazer Quest Nova Vai Cerulean.
[22/09/2014 17:43:48] /b Quem Quizer fazer Quest Nova Vai Cerulean.
[22/09/2014 17:43:49] /b Quem Quizer fazer Quest Nova Vai Cerulean.
[22/09/2014 17:43:49] /b Quem Quizer fazer Quest Nova Vai Cerulean.
[22/09/2014 17:43:50] /b Quem Quizer fazer Quest Nova Vai Cerulean.
[22/09/2014 17:43:59] /b Quem Quizer fazer Quest Nova Vai Cerulean.
[22/09/2014 17:44:00] /b Quem Quizer fazer Quest Nova Vai Cerulean.
[22/09/2014 17:44:01] /b Quem Quizer fazer Quest Nova Vai Cerulean.
[22/09/2014 17:44:01] /b Quem Quizer fazer Quest Nova Vai Cerulean.
[22/09/2014 17:44:29] /b Quem Quizer fazer Quest Nova Vai Cerulean.
[22/09/2014 17:44:30] /b Quem Quizer fazer Quest Nova Vai Cerulean.
[22/09/2014 17:44:31] /b Quem Quizer fazer Quest Nova Vai Cerulean.
[22/09/2014 17:44:31] /b Quem Quizer fazer Quest Nova Vai Cerulean.
[22/09/2014 17:44:38] /b Quem Quizer fazer Quest Nova Vai Cerulean E Um Pouco Dficil
[22/09/2014 17:44:44] /b Quem Quizer fazer Quest Nova Vai Cerulean E Um Pouco Dficil
[22/09/2014 17:44:45] /b Quem Quizer fazer Quest Nova Vai Cerulean E Um Pouco Dficil
[22/09/2014 17:44:45] /b Quem Quizer fazer Quest Nova Vai Cerulean E Um Pouco Dficil
[22/09/2014 17:45:01] /b Quem Quizer fazer Quest Nova Vai Cerulean E Um Pouco Dficil
[22/09/2014 17:45:02] /b Quem Quizer fazer Quest Nova Vai Cerulean E Um Pouco Dficil
[22/09/2014 17:45:02] /b Quem Quizer fazer Quest Nova Vai Cerulean E Um Pouco Dficil
[22/09/2014 17:45:03] /b Quem Quizer fazer Quest Nova Vai Cerulean E Um Pouco Dficil
[22/09/2014 17:45:04] /b Quem Quizer fazer Quest Nova Vai Cerulean E Um Pouco Dficil
[22/09/2014 17:45:10] /b Quem Quizer fazer Quest Nova Vai Cerulean E Um Pouco Dficil
[22/09/2014 17:45:11] /b Quem Quizer fazer Quest Nova Vai Cerulean E Um Pouco Dficil
[22/09/2014 17:45:11] /b Quem Quizer fazer Quest Nova Vai Cerulean E Um Pouco Dficil
[22/09/2014 17:45:28] /b Quem Quizer fazer Quest Nova Vai Cerulean E Um Pouco Dficil
[22/09/2014 17:45:28] /b Quem Quizer fazer Quest Nova Vai Cerulean E Um Pouco Dficil
[22/09/2014 17:45:29] /b Quem Quizer fazer Quest Nova Vai Cerulean E Um Pouco Dficil
[22/09/2014 17:45:29] /b Quem Quizer fazer Quest Nova Vai Cerulean E Um Pouco Dficil
[22/09/2014 17:45:30] /b Quem Quizer fazer Quest Nova Vai Cerulean E Um Pouco Dficil
[22/09/2014 17:45:31] /b Quem Quizer fazer Quest Nova Vai Cerulean E Um Pouco Dficil
[22/09/2014 17:50:50] /b TODOS ataca o Celebi
[22/09/2014 17:51:52] /b quem quizer volta fala
[22/09/2014 17:52:22] /b Deaad
[22/09/2014 17:52:52] /t
[22/09/2014 17:53:26] /t
[22/09/2014 17:54:24] /b Quem Quizer fazer Quest Nova Vai Cerulean E Um Pouco Dficil
[22/09/2014 17:54:25] /b Quem Quizer fazer Quest Nova Vai Cerulean E Um Pouco Dficil
[22/09/2014 17:54:26] /b Quem Quizer fazer Quest Nova Vai Cerulean E Um Pouco Dficil
[22/09/2014 17:54:26] /b Quem Quizer fazer Quest Nova Vai Cerulean E Um Pouco Dficil
[22/09/2014 17:54:27] /b Quem Quizer fazer Quest Nova Vai Cerulean E Um Pouco Dficil
[22/09/2014 17:55:01] /b Quem Quizer fazer Quest Nova Vai Cerulean E Um Pouco Dficil
[22/09/2014 17:55:02] /b Quem Quizer fazer Quest Nova Vai Cerulean E Um Pouco Dficil
[22/09/2014 17:55:03] /b Quem Quizer fazer Quest Nova Vai Cerulean E Um Pouco Dficil
[22/09/2014 17:55:04] /b Quem Quizer fazer Quest Nova Vai Cerulean E Um Pouco Dficil
[22/09/2014 17:55:21] /b Quem Quizer fazer Quest Nova Vai Cerulean E Um Pouco Dficil/b Quem Quizer fazer Quest Nova Vai Cerulean E Um Pouco Dficil
[22/09/2014 17:55:21] /b Quem Quizer fazer Quest Nova Vai Cerulean E Um Pouco Dficil
[22/09/2014 17:55:21] /b Quem Quizer fazer Quest Nova Vai Cerulean E Um Pouco Dficil
[22/09/2014 18:03:59] /t
[22/09/2014 18:06:58] /t
[22/09/2014 18:09:00] /t
[22/09/2014 18:10:05] /t
[22/09/2014 18:10:36] /t
[22/09/2014 18:11:37] /t
[22/09/2014 18:11:53] /t
[22/09/2014 18:18:37] /b Achei Respaw de Shiny Onix 2 Min.
[22/09/2014 18:18:46] /b 1 Min *
[22/09/2014 18:24:20] /t
[23/09/2014 12:21:32] /b Iae Pessoal.
[23/09/2014 13:09:40] /t
[23/09/2014 14:09:10] /b oi
[23/09/2014 14:09:13] /t
[23/09/2014 14:18:56] /t
[23/09/2014 14:19:48] /b KKKKKKKKKKk
[23/09/2014 14:28:18] /t duuh
[23/09/2014 14:29:25] /t
[23/09/2014 14:30:38] /t
[23/09/2014 14:31:46] /t
[23/09/2014 14:35:15] /t
[23/09/2014 14:37:27] /t
[24/09/2014 12:40:59] /t
[24/09/2014 12:44:58] /t
[24/09/2014 12:45:34] /b Selll 12:45 You see a Icone.. It contains a Shiny Vileplume. Boost level: +50. Holding: X-Boost(Tier: 4) and Y-Regeneration(Tier: 2). It is genderless.
[24/09/2014 12:45:42] /t
[24/09/2014 12:53:32] /t
[24/09/2014 12:55:07] /b Saindo Aki jaja volto Ajuda minha mae ta gravida.
[24/09/2014 14:11:16] /t
[24/09/2014 14:13:26] /t
[24/09/2014 14:14:07] /t
[24/09/2014 14:20:32] /b Alguma Duvida Help...
[24/09/2014 14:20:33] /b Alguma Duvida Help...
[24/09/2014 14:20:34] /b Alguma Duvida Help...
[24/09/2014 14:20:35] /b Alguma Duvida Help...
[24/09/2014 14:20:35] /b Alguma Duvida Help...
[24/09/2014 14:20:36] /b Alguma Duvida Help...
[24/09/2014 14:23:12] /b Alguma Duvida Help...
[24/09/2014 14:23:12] /b Alguma Duvida Help...
[24/09/2014 14:23:13] /b Alguma Duvida Help...
[24/09/2014 14:26:39] /t
[24/09/2014 14:27:25] /b afk
[24/09/2014 14:30:37] /b Peessoal Pra quem Não sabe Os comandos Novos São : afk , Off <. !invite , Convida Pessoas Para House <. !door , Deixa Somente Pessoas Abri as Portas.
[24/09/2014 14:30:38] /b Peessoal Pra quem Não sabe Os comandos Novos São : afk , Off <. !invite , Convida Pessoas Para House <. !door , Deixa Somente Pessoas Abri as Portas.
[24/09/2014 14:30:39] /b Peessoal Pra quem Não sabe Os comandos Novos São : afk , Off <. !invite , Convida Pessoas Para House <. !door , Deixa Somente Pessoas Abri as Portas.
[24/09/2014 14:30:40] /b Peessoal Pra quem Não sabe Os comandos Novos São : afk , Off <. !invite , Convida Pessoas Para House <. !door , Deixa Somente Pessoas Abri as Portas.
[24/09/2014 14:32:31] /b Sell Shiny Plume +50 Com X-Boost(Tier: 4) And Y-Regeneration(tier: 2).
[24/09/2014 14:32:47] /t
[24/09/2014 14:37:05] /b Peessoal Pra quem Não sabe Os comandos Novos São : afk , Off <. !invite , Convida Pessoas Para House <. !door , Deixa Somente Pessoas Abri as Portas.
[24/09/2014 14:37:07] /b Peessoal Pra quem Não sabe Os comandos Novos São : afk , Off <. !invite , Convida Pessoas Para House <. !door , Deixa Somente Pessoas Abri as Portas.
[24/09/2014 14:41:17] /t
[24/09/2014 14:42:23] /b Eu e o Duuh Pdc Duuh ?
[24/09/2014 14:43:02] /b Eu e o Duuh.
[24/09/2014 14:43:54] /b Pode Ir ?
[24/09/2014 14:44:38] /b Eu e o Duuh Azul.
[24/09/2014 14:46:16] /b Não Entra Azul Gente
[24/09/2014 14:47:58] /b Azul.
[24/09/2014 14:48:33] /b Eu Duuh Elite , Good e Pok
[24/09/2014 14:50:21] /b Faiz o Evento Ai quem Reclama Tira.
[24/09/2014 14:52:35] /b Tira o Xatu daiiiiii
[24/09/2014 14:55:09] /b Entra azul ?
[24/09/2014 14:57:20] /t duuh
[24/09/2014 14:57:25] /t pokldf
[24/09/2014 14:57:31] /t lord jeff sz
[24/09/2014 14:58:07] /t elite match
[24/09/2014 14:58:23] /b Golden Esta Fechada.
[24/09/2014 15:00:01] /b Bag
[24/09/2014 15:00:19] /b Esconde Esconde
[24/09/2014 15:04:37] /t
[24/09/2014 15:05:57] /t
[24/09/2014 15:06:41] /b Ok
[24/09/2014 15:07:04] /b Cade o Pessoal Saffron ?
[24/09/2014 15:08:35] /t pokldf
[24/09/2014 15:09:08] /b Começo Sai e Entra aki Affs.
[24/09/2014 15:09:21] /t elite match
[24/09/2014 15:09:28] /t okaya
[24/09/2014 15:09:49] /b eu to mandando CP quem tiver fora
[24/09/2014 15:13:43] /b tem dicas?
[24/09/2014 15:15:00] /b Arvore?
[24/09/2014 15:15:40] /b da pra ve No FLy ?
[25/09/2014 15:22:44] /t
[25/09/2014 15:23:13] /b Oi
[25/09/2014 15:26:12] /t
[25/09/2014 15:30:59] /b Quem tiver Duvidas Fala Help.
[25/09/2014 15:31:00] /b Quem tiver Duvidas Fala Help.
[25/09/2014 15:31:00] /b Quem tiver Duvidas Fala Help.
[25/09/2014 15:31:01] /b Quem tiver Duvidas Fala Help.
[25/09/2014 15:31:02] /b Quem tiver Duvidas Fala Help.
[25/09/2014 15:31:02] /b Quem tiver Duvidas Fala Help.
[25/09/2014 15:31:03] /b Quem tiver Duvidas Fala Help.
[25/09/2014 15:31:53] /b Quem tiver Duvidas Fala Help , Ou Preso.
[25/09/2014 15:31:54] /b Quem tiver Duvidas Fala Help , Ou Preso.
[25/09/2014 15:31:54] /b Quem tiver Duvidas Fala Help , Ou Preso.
[25/09/2014 15:31:55] /b Quem tiver Duvidas Fala Help , Ou Preso.
[25/09/2014 15:31:58] /t fuzigames
[25/09/2014 15:35:43] /b Quem tiver Duvidas Fala Help , Ou Preso.
[25/09/2014 15:35:43] /b Quem tiver Duvidas Fala Help , Ou Preso.
[25/09/2014 15:35:45] /b Quem tiver Duvidas Fala Help , Ou Preso.
[25/09/2014 15:35:46] /b Quem tiver Duvidas Fala Help , Ou Preso.
[25/09/2014 15:35:47] /b Quem tiver Duvidas Fala Help , Ou Preso.
[25/09/2014 15:35:47] /b Quem tiver Duvidas Fala Help , Ou Preso.
[25/09/2014 15:35:48] /b Quem tiver Duvidas Fala Help , Ou Preso.
[25/09/2014 15:35:49] /b Quem tiver Duvidas Fala Help , Ou Preso.
[25/09/2014 15:35:51] /b Quem tiver Duvidas Fala Help , Ou Preso.
[25/09/2014 15:37:04] /t
[25/09/2014 15:39:33] /t
[25/09/2014 15:42:56] /t
[25/09/2014 15:47:32] /t
[25/09/2014 15:53:57] /t
[25/09/2014 15:54:56] /b Quem Quizer Entra Guild Ae So Manda Pm Pra min ou Duuh
[25/09/2014 15:54:57] /b Quem Quizer Entra Guild Ae So Manda Pm Pra min ou Duuh
[25/09/2014 15:54:57] /b Quem Quizer Entra Guild Ae So Manda Pm Pra min ou Duuh
[25/09/2014 15:54:58] /b Quem Quizer Entra Guild Ae So Manda Pm Pra min ou Duuh
[25/09/2014 15:54:58] /b Quem Quizer Entra Guild Ae So Manda Pm Pra min ou Duuh
[26/09/2014 12:56:39] /b Iae.
[26/09/2014 12:58:10] /t
[26/09/2014 13:00:15] /t
[26/09/2014 13:02:19] /b 12:32 Congratulations, you caught a pokemon (Shiny Blastoise)! Os 3 Shinys Do Começo Ja Peguei.
[26/09/2014 13:10:20] /t
[26/09/2014 13:14:00] /t
[26/09/2014 13:15:29] /t
[26/09/2014 13:18:35] /t
[26/09/2014 13:22:22] /t
[26/09/2014 13:27:01] /t
[26/09/2014 13:28:27] /t
[27/09/2014 13:02:30] /b Duvidas Helpp.
[27/09/2014 13:02:31] /b Duvidas Helpp.
[27/09/2014 13:02:31] /b Duvidas Helpp.
[27/09/2014 13:02:32] /b Duvidas Helpp.
[27/09/2014 13:02:33] /b Duvidas Helpp.
[27/09/2014 13:02:33] /b Duvidas Helpp.
[27/09/2014 13:04:56] /b Pra Quem Não Sabe Os Comandos São : !invite , Para Deixa Alguem Entra na house. !door , correr . afk.
[27/09/2014 13:05:13] /b Pra Quem Não Sabe Os Comandos São : !invite , Para Deixa Alguem Entra na house. !door , correr . afk.
[27/09/2014 13:05:14] /b Pra Quem Não Sabe Os Comandos São : !invite , Para Deixa Alguem Entra na house. !door , correr . afk.
[27/09/2014 13:05:14] /b Pra Quem Não Sabe Os Comandos São : !invite , Para Deixa Alguem Entra na house. !door , correr . afk.
[27/09/2014 13:08:01] /b 13:01 Congratulations, you caught a pokemon (Shiny Onix)! Aeeh
[27/09/2014 13:08:03] /t
[27/09/2014 13:10:48] /t
[27/09/2014 15:35:16] /b Duvidas HELP...
[27/09/2014 15:35:17] /b Duvidas HELP...
[27/09/2014 15:35:18] /b Duvidas HELP...
[27/09/2014 15:35:19] /b Duvidas HELP...
[27/09/2014 15:35:20] /b Duvidas HELP...
[27/09/2014 15:38:56] /b Duvidas HELP...
[27/09/2014 15:38:57] /b Duvidas HELP...
[27/09/2014 15:38:58] /b Duvidas HELP...
[27/09/2014 15:38:58] /b Duvidas HELP...
[27/09/2014 15:38:59] /b Duvidas HELP...
[27/09/2014 15:38:59] /b Duvidas HELP...
[27/09/2014 15:40:29] /b Duvidas HELP...
[27/09/2014 15:40:31] /b Duvidas HELP...
[27/09/2014 15:40:32] /b Duvidas HELP...
[27/09/2014 15:40:32] /b Duvidas HELP...
[27/09/2014 15:40:33] /b Duvidas HELP...
[27/09/2014 15:40:34] /b Duvidas HELP...
[27/09/2014 15:41:54] /b Sell Shiny Blastoise +0 , Shiny Charizard +0 , Shiny Venusaur +35 , Shiny Plume Com Tier 4 (X-Boost).
[27/09/2014 15:42:21] /b Sell Shiny Blastoise +0 , Shiny Charizard +0 , Shiny Venusaur +35 , Shiny Plume Com Tier 4 (X-Boost)
[27/09/2014 15:42:22] /b Sell Shiny Blastoise +0 , Shiny Charizard +0 , Shiny Venusaur +35 , Shiny Plume Com Tier 4 (X-Boost)
[27/09/2014 15:43:52] /b Sell Shiny Blastoise +0 , Shiny Charizard +0 , Shiny Venusaur +35 , Shiny Plume Com Tier 4 (X-Boost)
[27/09/2014 15:43:53] /b Sell Shiny Blastoise +0 , Shiny Charizard +0 , Shiny Venusaur +35 , Shiny Plume Com Tier 4 (X-Boost)
[27/09/2014 15:43:53] /b Sell Shiny Blastoise +0 , Shiny Charizard +0 , Shiny Venusaur +35 , Shiny Plume Com Tier 4 (X-Boost)
[27/09/2014 15:43:54] /b Sell Shiny Blastoise +0 , Shiny Charizard +0 , Shiny Venusaur +35 , Shiny Plume Com Tier 4 (X-Boost)
[27/09/2014 15:48:57] /b Deem !save. Boto fé q vai caii.
[27/09/2014 15:50:47] /t
[27/09/2014 15:53:02] /b Deem Save se cai n vei fala merda q perdeu coisa.
[27/09/2014 15:53:16] /t
[27/09/2014 15:53:17] /t
[27/09/2014 15:53:19] /t
[27/09/2014 15:54:56] /t
[27/09/2014 15:55:24] /t
[27/09/2014 16:03:04] /t
[27/09/2014 16:03:08] /b saindo aki
[28/09/2014 14:37:38] /b Quem ganho a Bike ?
[28/09/2014 15:04:30] /t
[28/09/2014 15:05:43] /t
[28/09/2014 15:11:22] /t
[28/09/2014 15:14:48] /b Quando vc Baixa o Novo Client 2,5 Aparece Uma Ameaça Né Mais n e Nenhuma Ameaça Pode baixar Tranquilo.
[28/09/2014 15:15:59] /t
[28/09/2014 15:18:59] /t
[28/09/2014 15:20:25] /t
[28/09/2014 15:20:53] /t
[28/09/2014 15:21:38] /t
[28/09/2014 15:22:53] /t
[28/09/2014 15:23:44] /t
[28/09/2014 15:27:47] /t
