[06/08/2014 21:03:23] /t
[06/08/2014 21:23:50] /t guga
[06/08/2014 21:24:02] /t joao maledoso
[06/08/2014 21:29:20] /t
[06/08/2014 21:30:43] /t
[06/08/2014 21:31:37] /t kirito
[06/08/2014 21:32:04] /t
[06/08/2014 21:34:18] /t kitiyo
[06/08/2014 21:34:24] /t kirito
[06/08/2014 21:38:16] /t kirito
[06/08/2014 21:41:36] /t kirito
[06/08/2014 21:48:03] /t kirito
[06/08/2014 21:48:58] /t 3
[06/08/2014 21:53:22] /t
[06/08/2014 21:56:51] /t kirito
[07/08/2014 12:36:29] /t
[07/08/2014 12:52:49] /t
[07/08/2014 13:18:21] /t leno maicon
[07/08/2014 13:28:56] /t khelvyn
[07/08/2014 13:35:48] /t lucas
[07/08/2014 13:35:53] /t lucas
[07/08/2014 13:36:59] /t lucas
[07/08/2014 13:37:20] /t
[07/08/2014 13:37:48] /b Sell Shiny Vileplume +17 Pm Offer
[07/08/2014 13:42:46] /b 13:42 Congratulations, you caught a pokemon (Shiny Tangela)!  *---*
[07/08/2014 13:50:11] /t
[07/08/2014 13:58:40] /t
[07/08/2014 14:04:43] /t kirito
[07/08/2014 14:05:02] /t kirito
[07/08/2014 14:07:55] /t
[07/08/2014 14:21:32] /t
[07/08/2014 16:08:33] /t
[07/08/2014 16:17:01] /b 16:16 10 player(s) online:
[07/08/2014 16:17:45] /t oscaradoido
[07/08/2014 16:18:43] /t pokemon master
[07/08/2014 16:48:10] /t
[07/08/2014 16:53:25] /t Joao Maledoso
[07/08/2014 17:57:04] /t
[07/08/2014 18:09:36] /b Mals Ae Glr Caiu Aki
[07/08/2014 18:30:59] /t abreu
[07/08/2014 18:58:48] /t crazzy
[07/08/2014 19:07:22] /b :D
[07/08/2014 19:11:33] /t lucas
[07/08/2014 19:26:11] /t lucas
[07/08/2014 19:27:47] /b Não foi eu
[07/08/2014 19:28:40] /t
[07/08/2014 19:29:35] /b Mais Estamos Prontos Para Quando Coloca o Tp Huehue
[07/08/2014 19:37:23] /t
[07/08/2014 19:52:29] /b 19:52 9 player(s) online:
[07/08/2014 20:09:22] /t
[07/08/2014 20:21:30] /b 20:21 8 player(s) online:
[07/08/2014 20:51:08] /b Ok
[07/08/2014 20:51:31] /b Gewar Desenhou oq ?
[07/08/2014 21:27:33] /t kirito
[07/08/2014 21:28:36] /t kirito
[07/08/2014 21:45:45] /b Go Go Evento :d
[07/08/2014 22:09:09] /t
[07/08/2014 22:21:59] /t
[08/08/2014 19:53:53] /t luiginerd
[08/08/2014 20:05:11] /b Galera Duvidas Pergunte ao Help e Dificil Ficar Respondendo Pm Toda Hora
[08/08/2014 20:07:18] /t Madara Doido
[08/08/2014 20:07:36] /t Netto Oxtenta
[08/08/2014 20:12:16] /t jeferson
[08/08/2014 20:14:01] /t goldfre
[08/08/2014 20:29:03] /t thiagoop
[08/08/2014 20:29:04] /t
[08/08/2014 20:37:17] /t puttnha
[08/08/2014 20:37:38] /t [Tutor] Andre Alkmim
[08/08/2014 23:03:10] /t
[08/08/2014 23:21:29] /t
[09/08/2014 15:43:50] /t
[09/08/2014 15:45:06] /t raied
[09/08/2014 15:46:16] /t
[09/08/2014 15:49:14] /t lord trevas
[09/08/2014 15:56:31] /t dodo
[09/08/2014 15:56:31] /t dodo
[09/08/2014 15:56:31] /t dodo
[09/08/2014 15:56:32] /t dodo
[09/08/2014 15:56:32] /t dodo
[09/08/2014 15:56:32] /t dodo
[09/08/2014 15:56:33] /t dodo
[09/08/2014 15:56:33] /t dodo
[09/08/2014 15:56:33] /t dodo
[09/08/2014 15:56:34] /t dodo
[09/08/2014 15:56:34] /t dodo
[09/08/2014 15:56:34] /t dodo
[09/08/2014 15:57:48] /t dodo
[09/08/2014 16:03:21] /b 16:03 16 player(s) online: Tio San, Lucas, Lord Show, Thiagozx, Gbmyth, [Tutor] Andre Alkmim, Madara Doido,Lukaspkc, Lord trevas, Quade Cyan, Eric Diaboliyc, Dodo, Oscaradoido, Joao Maledoso,Raied, Khelvyn.
[09/08/2014 16:13:58] /t madara doido
[09/08/2014 16:13:58] /t
[09/08/2014 16:25:04] /t
[09/08/2014 16:36:13] /t
[10/08/2014 00:49:07] /t
[10/08/2014 00:52:16] /b Da Dicas :3
[10/08/2014 00:54:45] /b Acharam?
[10/08/2014 00:54:52] /t
[10/08/2014 01:01:45] /b Glr Não Sei oq Ta Acontecendo Ta Caindo aki toda Hora :/
[10/08/2014 01:02:53] /b Dem !save Gewar Vai Reiniciar Server
[10/08/2014 01:02:53] /b Dem !save Gewar Vai Reiniciar Server
[10/08/2014 01:02:54] /b Dem !save Gewar Vai Reiniciar Server
[10/08/2014 01:03:09] /b Dem !save Gewar Vai Reiniciar Server
[10/08/2014 01:03:14] /b Dem !save Gewar Vai Reiniciar Server
[10/08/2014 01:03:16] /b Dem !save Gewar Vai Reiniciar Server/b Dem !save Gewar Vai Reiniciar Server
[10/08/2014 01:03:19] /b Dem !save Gewar Vai Reiniciar Server
[10/08/2014 01:03:20] /b Dem !save Gewar Vai Reiniciar Server
[10/08/2014 01:03:21] /b Dem !save Gewar Vai Reiniciar Server
[10/08/2014 01:03:21] /b Dem !save Gewar Vai Reiniciar Server
[10/08/2014 01:03:22] /b Dem !save Gewar Vai Reiniciar Server
[10/08/2014 19:21:01] /t
[10/08/2014 21:25:44] /t Gbmyth
[12/08/2014 18:45:15] /b Da Dicas :D
[12/08/2014 18:46:10] /b Ta perto de onde?
[12/08/2014 18:47:24] /b Quem Achar fala Eu No Help 
[12/08/2014 18:51:16] /b Vc foi no local Procurar?
[12/08/2014 18:52:44] /t
[12/08/2014 19:01:09] /b Nosso amigo Bnark Escondeu um Waliord+47 em Fuchsia Go Go!
[12/08/2014 19:03:49] /b QUem achar o Waliord Fala Eu No Help :D
[12/08/2014 19:05:26] /t
[12/08/2014 19:09:46] /t lucifer
[12/08/2014 19:12:06] /b Galera Pra Quem Não Sabe (Eu Acho que todo mundo sabe) Existe o Comando !rank Quer vc não prescisa ir naquele computador e aperta nele pra ver o rank so usar o comando !rank
[12/08/2014 19:15:47] /t
[12/08/2014 19:31:03] /t guga
[12/08/2014 19:39:44] /t
[12/08/2014 19:39:51] /b Saffron?
[12/08/2014 19:42:18] /b Gewar Dps presciso falar com vc sozinho
[12/08/2014 19:45:37] /t
[12/08/2014 19:46:35] /t guga
[12/08/2014 19:47:02] /b Go Go Glr
[12/08/2014 19:47:08] /b Na Frente Do Cp de Saffron
[12/08/2014 19:48:08] /t flash machira
[12/08/2014 19:48:36] /t flash machire
[12/08/2014 20:03:51] /b Nimguem pode entrar De Fly se não vou puxar pro cp
[12/08/2014 20:16:00] /t like boss
[12/08/2014 20:20:40] /t
[12/08/2014 20:21:32] /t lucas
[12/08/2014 20:22:11] /t lord show
[12/08/2014 20:31:51] /t guilherme
[12/08/2014 20:36:51] /t
[12/08/2014 20:38:31] /t mickael
[12/08/2014 20:38:35] /t lord trevas
[12/08/2014 20:38:38] /t cocacola
[12/08/2014 21:29:38] /b Glr so quero informar que estou saindo do server n para dar uma parada o [ADM] Gewar me deixou mt triste pois eu criei uma conta chamada Oisoueu fingindo ser uma menina chamada mariana e o fiz umas perguntas ao adm e ele me deixou mt triste 
[12/08/2014 21:29:44] /b Sendo assim n da pra continuar jogando
[12/08/2014 21:30:43] /b So queria que quando eu saisse alguem avisasse o lucas que sair de mt outros amigos que fiz no server um dos mais especial foi ele lucas <3 vlw ae parça :D noix mano
[12/08/2014 21:31:10] /b Flw a Todos Bjs e se deus quiser que ajente se encontre em outro server
