[24/08/2014 10:05:26] /b Bom dia <.<
[24/08/2014 10:13:29] /b  Está  bugado   Fale no help oume mande pm . duvidas no help ta bem.
[24/08/2014 11:23:12] /t rosinha
[24/08/2014 11:25:39] /b me escondi em saffron  o que achar  vai  ganhar uma  recompença <3
[24/08/2014 11:26:04] /t ashmaluco
[24/08/2014 11:26:38] /b me escondi em saffron  o que achar  vai  ganhar uma  recompença <3
[24/08/2014 11:26:39] /b me escondi em saffron  o que achar  vai  ganhar uma  recompença <3
[24/08/2014 11:28:03] /t
[24/08/2014 11:28:03] /t
[24/08/2014 11:28:08] /t lord trevas
[24/08/2014 11:28:28] /b Não o 1 foi você  Gewar <3
[24/08/2014 11:29:36] /t alguem bugado?.
[24/08/2014 11:29:51] /b Alguem está bugado mande pm a min < \o/
[24/08/2014 11:31:50] /b Ok <3
[24/08/2014 11:32:25] /b faiz que nem ontem  invasão com mistura de Esconde  esconde <3
[24/08/2014 11:33:00] /b Ontem não * Dia 22  de agosto de 2014
[24/08/2014 12:09:15] /t
[24/08/2014 12:13:13] /b  Mais um evento E esse e um evento tipo '' reizinho mando vo pedir pra  pegar Poke sorteado o que pega esse poke 1 '' e me  trazer  e mostrar que deu cath Gtz ''
[24/08/2014 12:13:51] /b e por fim ganharar uma recompençar
[24/08/2014 12:14:50] /b oque me  trazer 1 o pokemon zupat   e mostrar   o cath gtz
[24/08/2014 12:15:54] /b 12:16 Xin Zhao: 12:16 Congratulations, you caught a pokemon (Zubat)!
[24/08/2014 12:15:56] /b venha  cp  e  darei
[24/08/2014 12:22:30] /b fiz uns  eventinhos  se gostaram <3
[24/08/2014 12:27:59] /b 12:27 Lord Trevas: como assim evento golden areana // tbm quero saber  adm?
[24/08/2014 12:28:34] /b a sim mais no Pk cyan nunca
[24/08/2014 12:29:53] /b eu perco goldeb arena :D
[24/08/2014 12:41:26] /b  mause meu quebro afss
[24/08/2014 12:54:25] /b gewar poem eu pra team do  Lord
[24/08/2014 12:54:39] /b pf <3 e o werbson pra  ca
[24/08/2014 12:57:34] /b affss morri
[24/08/2014 12:57:39] /b aff  addm e aki morri
[24/08/2014 12:57:47] /b e  era  de otra team
[24/08/2014 12:58:23] /b adm preder esses poke em um lugar
[24/08/2014 13:01:48] /b a  adm dnv   e perdi meu lv 500 D:
[24/08/2014 13:02:45] /b ELES FICA TRAZENDO OS POKE PRA NOSSO LADO
[24/08/2014 13:02:45] /b agr poem eu
[24/08/2014 13:02:45] /b agr eu
[24/08/2014 13:08:54] /b adm covardia po mt pra team que tem  so 2
[24/08/2014 13:09:16] /b Eles tinham 3 nós  2 1 novata e eu n aguentaria tudo sozin
[24/08/2014 13:11:47] /b 13:12 Lord Trevas: manda ele fazer evento bag
[24/08/2014 13:13:08] /b agr  desafio alguem da  equip red alguem vem?
[24/08/2014 13:15:44] /b  gewar vamus tira um print  na golden arean com vencedores e os membros de staff
[24/08/2014 13:20:32] /b alguem ekip red  duel
[24/08/2014 13:20:50] /b go <3
[24/08/2014 13:22:24] /b triste  andre  está melhor que eu D:
[24/08/2014 13:25:21] /b andré  se tá na quest se n tiver  chega <3
[24/08/2014 13:29:46] /t
[24/08/2014 13:30:05] /b De onde  tantas lendas <3?
[24/08/2014 13:30:29] /b entedi <3
[24/08/2014 13:30:38] /b  afr andre
[24/08/2014 13:31:08] /b Adm vem ver se essa ideia pode s er criada pro serve
[24/08/2014 13:32:49] /b ter uma casa  (andre sabe onde er) e essa casa ser a casa da staff*
[24/08/2014 13:36:31] /t
[24/08/2014 13:36:57] /t
[24/08/2014 13:38:18] /b adm n e melho manda todos pra quest já?
[24/08/2014 13:42:21] /b to sendo excluido ..
[24/08/2014 13:46:12] /b puts  andei mt passei limite
[24/08/2014 13:46:24] /b ai entrei tele errado sem querer
[24/08/2014 13:55:59] /b tav afk almoçando alguem ta bugado?,
[24/08/2014 14:01:30] /b alguem ai equipe red  duel?
[24/08/2014 14:13:57] /b magmar  normal   na invasão
[24/08/2014 14:16:03] /b cm ou gm ta aew?
[24/08/2014 14:31:48] /b  As vezes da maior vontade de sai da staff  e ser qui nem antes Um player comun qui nem todos ...
[24/08/2014 14:38:13] /b aki ta Leg e ai?
[24/08/2014 16:18:43] /b voltei
[24/08/2014 16:50:36] /b U--ú \o/
[24/08/2014 16:51:55] /b  foi vc adm
[24/08/2014 16:52:41] /b a  esse tempo todo
[24/08/2014 17:14:52] /b adm n foi ninguem
[24/08/2014 17:19:03] /b adm  Dx meu poke invecivel ?. :D
[24/08/2014 17:27:44] /b vo sair
[24/08/2014 17:27:48] /b já volto
[24/08/2014 18:28:50] /b voltei Perdi algo
[24/08/2014 18:31:21] /b  Ai voltei (Perdi alguma coisa , evento confusão etc ..)
[24/08/2014 18:35:23] /b alguem tem duvidas já sabe  pergunta no help..
[24/08/2014 18:42:07] /b  pra menssagem e , /t pra puxar
[24/08/2014 18:42:24] /b Ops erro  desculpe
[24/08/2014 23:19:27] /b Oi
[26/08/2014 13:48:18] /b essa ponte e mt linda <3
[26/08/2014 13:48:42] /b a parte da ponte *
[26/08/2014 13:52:47] /b a  adm  tem que po comando !inivite / pra  house*
[26/08/2014 13:58:09] /b da !save
[26/08/2014 13:58:19] /t
[26/08/2014 14:03:16] /b pósso saber oque  arrumo adm?,
[26/08/2014 14:06:18] /b adm a casa do Minato está bugada e ele ta pedino pra você arrumar.
[26/08/2014 14:11:18] /t
[26/08/2014 15:01:50] /t
[26/08/2014 15:16:35] /t
[26/08/2014 15:17:16] /b afk  , quando voltar  aviso  vocês)
[26/08/2014 16:12:11] /b volteiy <3
[26/08/2014 17:44:25] /t
[26/08/2014 18:17:05] /t oscaradoido
[26/08/2014 18:19:00] /t minato
[26/08/2014 18:21:36] /t kyo zeuss
[26/08/2014 18:24:20] /t
[26/08/2014 18:24:25] /t lord show
[26/08/2014 18:24:33] /t kyo zeuss
[26/08/2014 18:29:23] /t
[26/08/2014 18:41:09] /b alguem quer me desafiar  frente de cp so vim e chamar.
[26/08/2014 18:42:59] /b  se alguem quiser  ir  duel go cp  No telhado.
[26/08/2014 18:43:50] /b sobem no telhado do cp  galera....
[26/08/2014 18:44:04] /b Go sobem....
[26/08/2014 18:45:51] /b  futboool emcima  do cp
[26/08/2014 18:51:29] /b adm mt  zika   o   Futboool aki
[26/08/2014 18:55:43] /b adm go um dia evento futbool?
[26/08/2014 18:57:13] /b  essa  brazuka e  zika adm
[26/08/2014 19:04:35] /b me diverti mt   no futbooll  <3 obg  amigos  :D
[26/08/2014 19:04:39] /t
[26/08/2014 19:06:13] /b adm Pd contar pra ele oque se feiz  na  area de  evento cath ou e surpresa?
[26/08/2014 19:08:01] /b  Gente  , sabem  que amo vocês ? então  amo mt vocês <3
[26/08/2014 19:09:27] /b  usem o comando !rank pra  ver o rank de  nivel // Ou comando !online pra  ver quantos players  está online.
[26/08/2014 19:10:58] /t
[26/08/2014 19:15:12] /b Aew  geral pvp time azul e   quem quiser ir pro meu que vai ser azul vem
[26/08/2014 19:15:59] /b  se o time azul da kill
[26/08/2014 19:17:18] /b  aff me kill
[26/08/2014 19:18:32] /b quero ver alguem me  da kill
[26/08/2014 19:19:58] /t
[26/08/2014 19:22:06] /t
[26/08/2014 19:23:33] /t
[26/08/2014 19:26:27] /t
[26/08/2014 19:27:09] /t rullez hero
[26/08/2014 19:30:44] /t kyo zeuss
[26/08/2014 19:30:47] /t
[26/08/2014 19:30:53] /b so  Inmortavel
[26/08/2014 19:34:37] /b  quem você  colokaria como tutor responde pm .. Obs : você não pode,
[26/08/2014 19:39:39] /b  estarei afk Por 15 min o tempo de eu fazer meu miojo
[26/08/2014 20:03:53] /t
[26/08/2014 20:04:46] /b  voltei  sentiram falta.
[26/08/2014 20:08:42] /b  ira rolar  evento sim.
[26/08/2014 20:08:48] /b aguarde se poderem
[26/08/2014 20:09:09] /t
[26/08/2014 20:09:22] /t
[26/08/2014 20:09:47] /t aguarde como eu disser  so posso trazer essa  noticia
[26/08/2014 20:10:12] /b  aguardem pf Essa e a unica  noticia que posso trazer a  vocês.
[26/08/2014 20:11:21] /b quem quiser saber do evento pergunte no help
[26/08/2014 20:17:09] /b  adm    puxa dnv
[26/08/2014 20:17:18] /b   ta xuvendo
[26/08/2014 20:17:33] /b D:  Acabo com o coração
[26/08/2014 20:18:41] /b o cara mais lindo <3 :D
[26/08/2014 20:19:18] /t oscaradoido
[26/08/2014 20:20:17] /b 20:20 Congratulations, you caught a pokemon (Shiny Magmar)!
[26/08/2014 20:24:09] /b  Seria  mais  rapido se os Cm entrase .  seria mt rapido  .
[26/08/2014 20:28:08] /b pra quem não saber como funcionar o evento cath As  dicas  estão aki ( Você  entra no tele e pede  1 poke , shiny normal ai vocÊ mata e tenta pega se  der sorte pega se n der tente  denovo).
[26/08/2014 20:28:28] /b  sim ta  tendo evento  tp 3  andar  de saffron
[26/08/2014 20:32:25] /b  pra quem não saber como funcionar o evento cath As  dicas  estão aki ( Você  entra no tele e pede  1 poke , shiny normal ai vocÊ mata e tenta pega se  der sorte pega se n der tente  denovo).
[26/08/2014 20:35:49] /b  E pd  ir varias  vezes  se catarem pode ir  .
[26/08/2014 20:40:12] /b gente não  da pra  responder  pm pq e mt pergunte no help que eu respondo.
[26/08/2014 20:41:48] /b  bem  que você gewar podia  fazer um eventinho esconde - esconde .
[26/08/2014 20:42:50] /b  pra quem não saber como funcionar o evento cath As  dicas  estão aki ( Você  entra no tele e pede  1 poke , shiny normal ai vocÊ mata e tenta pega se  der sorte pega se n der tente  denovo).
[26/08/2014 20:42:54] /b  pra quem não saber como funcionar o evento cath As  dicas  estão aki ( Você  entra no tele e pede  1 poke , shiny normal ai vocÊ mata e tenta pega se  der sorte pega se n der tente  denovo).
[26/08/2014 20:50:51] /b adm eu não \o/
[26/08/2014 20:51:20] /b sem mb era bom.
[26/08/2014 20:52:36] /b Adm n permite  ataka mb.
[26/08/2014 20:55:22] /b 20:55 Congratulations, you caught a pokemon (Shiny Mr. Mime)!
[26/08/2014 20:55:44] /b usa ub da  sorte <3
[26/08/2014 20:56:52] /b adm esconde uma return 7 em saffron.
[26/08/2014 20:57:14] /b nuss eu perguntei   os  cara tudo correram
[26/08/2014 20:58:39] /t
[26/08/2014 21:02:47] /b help aberto  duvidas  perrgunta la , fazem pergunta completas pf
[26/08/2014 21:07:03] /b  diminui um poko
[26/08/2014 21:07:10] /b ou dx  amarela
[26/08/2014 21:10:59] /b aff   e  foda
[26/08/2014 21:11:46] /b  a desisto  tem 9 numero  de vida
[26/08/2014 21:52:13] /b quem quer brincar de   futbool usem fly e  sobe   áte o telhado de saffron.
[28/08/2014 14:02:36] /b Oi adm.
[28/08/2014 14:03:15] /b Hoje to feliz  ,  se permite  acho que com 20 players online faço Sortei valendo meu Shiny magmar .
[28/08/2014 14:04:10] /b pq  eu Não posso ir?
[28/08/2014 14:05:24] /b precissava morrer.
[28/08/2014 14:05:51] /b e que  meu duel não saia . 
[28/08/2014 14:05:57] /b prefirir me matar
[28/08/2014 14:07:26] /b Ok. nós  entedemos.
[28/08/2014 14:26:42] /b pd  puxa
[28/08/2014 14:28:00] /t
[28/08/2014 14:29:10] /t
[28/08/2014 14:35:38] /b to  escondido em em vermili.... Descubra a city e  vem me achar.
[28/08/2014 14:35:50] /b to  escondido em em vermili.... Descubra a city e  vem me achar.
[28/08/2014 14:35:53] /b to  escondido em em vermili.... Descubra a city e  vem me achar.
[28/08/2014 14:35:54] /b to  escondido em em vermili.... Descubra a city e  vem me achar.
[28/08/2014 14:38:46] /t
[28/08/2014 14:38:48] /t minato
[28/08/2014 14:42:02] /b minato go pvp?
[28/08/2014 14:42:15] /b vo ser  do time azul
[28/08/2014 14:48:16] /t
[28/08/2014 14:55:52] /t
[28/08/2014 15:00:31] /t
[28/08/2014 15:05:41] /t
[28/08/2014 15:05:50] /b pera minato  desbugarei meu char
[28/08/2014 15:23:29] /b existe muita  quest.
[28/08/2014 15:33:30] /t
[28/08/2014 15:33:33] /t doidao
[28/08/2014 15:40:38] /t
[28/08/2014 15:41:23] /t
[28/08/2014 15:45:18] /b Tchau <3
[28/08/2014 15:45:24] /b vai sair mais voltara
[28/08/2014 15:57:11] /b Ok
[28/08/2014 15:57:21] /b dem !sa.ve
[28/08/2014 15:58:13] /b 15:58 Minato: fala pro adm pelo menos qnd voltar fazer um evento?
[28/08/2014 16:41:01] /b arrumo adm?.
[28/08/2014 16:54:20] /t
[28/08/2014 17:05:30] /t
[28/08/2014 17:09:11] /t
[28/08/2014 17:12:23] /t
[28/08/2014 17:18:05] /t
[28/08/2014 17:28:41] /t oscaradoido
[28/08/2014 17:37:23] /b Bnark viro gm?.
[28/08/2014 17:38:56] /t
[28/08/2014 17:39:36] /t doidao
[28/08/2014 18:05:39] /b Avisoo evento não e meu então n tenho nenhuma informaçoes.
[28/08/2014 18:06:46] /b é  Mais um aviso não do Poke  e  se tive  duvida sobre a jogabilidade do jogo pergunte no help.
[28/08/2014 18:07:27] /b  é não iria  responde nenhuma pergunta sobre o evento. e se ficar  spam irei dar notation.
[28/08/2014 18:20:21] /t ojuara sz
[28/08/2014 18:22:27] /b  Bnark dx eu te ajuda.
[28/08/2014 18:22:42] /b fico no dado  e  você pegando beg.
[28/08/2014 18:23:43] /b quem tiver    em bug de duel da ordem em você se não resolver  ,  desloga.
[28/08/2014 18:27:27] /t
[28/08/2014 18:28:33] /b Duvidas pergunta  no help , não do póke  e sem graçinha no help.
[28/08/2014 18:29:21] /b Não responderei Pm.
[28/08/2014 18:38:54] /b 18:39 Loot of a ho-oh: 38 essences of fire, a nail, a pot of lava. // <3 ho-oh  <3
[28/08/2014 18:49:21] /b go  cp   no telhado ver meu  campo e  bater uma bolinha
[28/08/2014 18:58:11] /t
[28/08/2014 18:58:23] /t lord show
[28/08/2014 19:16:40] /b  criando  pag. afk aki
[28/08/2014 19:24:36] /b curta logo nossa pag nova do face e fique informado das informaçoes do jogo <3 (Pk cyan o nome tá)
[28/08/2014 19:26:50] /b tera alguns videos se vcs quiserem participar irei chamar.
[28/08/2014 19:59:23] /b  Lord  trevas e oscar go video fazendo quest?.
[28/08/2014 20:00:51] /t Ancracok
[28/08/2014 20:07:11] /t
[28/08/2014 20:15:09] /t
[28/08/2014 20:19:21] /t
[28/08/2014 20:26:45] /t oscaradoido
[28/08/2014 20:26:48] /t
[28/08/2014 20:33:29] /t leno maicon
[28/08/2014 20:33:39] /b quem usar poke mandarei cp
[28/08/2014 20:35:33] /t
[28/08/2014 20:35:40] /b  desisto  do evento
[28/08/2014 20:42:52] /b Oscar posso postar  <3  se ta forte mano <3 dx eu postar pf?
[28/08/2014 20:55:25] /b vo sai to desanimado hj se pá oscar  sabe pq
[28/08/2014 20:56:15] /b  vlw meu idolo oscar.
[28/08/2014 21:19:53] /b cd  tu lordpanico?
[28/08/2014 21:20:51] /t
[28/08/2014 21:21:28] /b  Lordpanico vem frente  cp
[28/08/2014 21:39:54] /t richard
[28/08/2014 21:57:13] /t
[28/08/2014 22:10:38] /b D:
[28/08/2014 22:10:51] /b dx ligado
[28/08/2014 22:10:59] /b amanha n   amanha n e meu dia no pc
[28/08/2014 22:11:51] /b so pq amanha n e meu dia no pc
[30/08/2014 19:30:53] /b Bom noite...
[30/08/2014 19:34:09] /b [EVENTO CATH POKEMON] O pokemon sorteado do dia foi Tropius Evento acabara em 19:50 O que  trazer O pokemon sorteado ira  ganhar uma recompença em grana e 10 boost stone e o pokemon sorteado.
[30/08/2014 19:34:31] /b [EVENTO CATH POKEMON] O pokemon sorteado do dia foi Tropius Evento acabara em 19:50 O que  trazer O pokemon sorteado ira  ganhar uma recompença em grana e 10 boost stone e o pokemon sorteado.
[30/08/2014 19:34:51] /b [EVENTO CATH POKEMON] O pokemon sorteado do dia foi Tropius Evento acabara em 19:50 O que  trazer O pokemon sorteado ira  ganhar uma recompença em grana e 10 boost stone e o pokemon sorteado.
[30/08/2014 19:34:52] /b [EVENTO CATH POKEMON] O pokemon sorteado do dia foi Tropius Evento acabara em 19:50 O que  trazer O pokemon sorteado ira  ganhar uma recompença em grana e 10 boost stone e o pokemon sorteado.
[30/08/2014 19:34:54] /b [EVENTO CATH POKEMON] O pokemon sorteado do dia foi Tropius Evento acabara em 19:50 O que  trazer O pokemon sorteado ira  ganhar uma recompença em grana e 10 boost stone e o pokemon sorteado.
[30/08/2014 19:36:51] /b [EVENTO CATH POKEMON] O pokemon sorteado do dia foi Tropius Evento acabara em 19:50 O que  trazer O pokemon sorteado ira  ganhar uma recompença em grana e 10 boost stone e o pokemon sorteado.
[30/08/2014 19:40:30] /t
[30/08/2014 19:48:03] /t
[30/08/2014 19:49:17] /t
[30/08/2014 19:50:47] /b [EVENTO CATH POKEMON] Teve  1  vencedor Parabéns .
[30/08/2014 19:53:48] /b [EVENTO CATH POKEMON] O pokemon  sorteado foi electrabuz   O 1  que  pegar  ganhar ( 1 shiny , 10 boost.)
[30/08/2014 19:54:10] /b [EVENTO CATH POKEMON] O pokemon  sorteado foi electrabuz   O 1  que  pegar  ganhar ( 1 shiny , 10 boost.)
[30/08/2014 19:54:40] /b [EVENTO CATH POKEMON] O pokemon  sorteado foi electrabuz   O 1  que  pegar  ganhar ( 1 shiny , 10 boost.)
[30/08/2014 19:54:40] /b [EVENTO CATH POKEMON] O pokemon  sorteado foi electrabuz   O 1  que  pegar  ganhar ( 1 shiny , 10 boost.)
[30/08/2014 19:54:44] /b [EVENTO CATH POKEMON] O pokemon  sorteado foi electrabuz   O 1  que  pegar  ganhar ( 1 shiny , 10 boost.)
[30/08/2014 19:54:46] /b [EVENTO CATH POKEMON] O pokemon  sorteado foi electrabuz   O 1  que  pegar  ganhar ( 1 shiny , 10 boost.)
[30/08/2014 19:54:46] /b [EVENTO CATH POKEMON] O pokemon  sorteado foi electrabuz   O 1  que  pegar  ganhar ( 1 shiny , 10 boost.)
[30/08/2014 19:54:47] /b [EVENTO CATH POKEMON] O pokemon  sorteado foi electrabuz   O 1  que  pegar  ganhar ( 1 shiny , 10 boost.)
[30/08/2014 19:56:55] /b [EVENTO CATH POKEMON] O pokemon  sorteado foi electrabuz   O 1  que  pegar  ganhar ( 1 shiny , 10 boost.) 
[30/08/2014 19:56:57] /b [EVENTO CATH POKEMON] O pokemon  sorteado foi electrabuz   O 1  que  pegar  ganhar ( 1 shiny , 10 boost.)
[30/08/2014 19:56:57] /b [EVENTO CATH POKEMON] O pokemon  sorteado foi electrabuz   O 1  que  pegar  ganhar ( 1 shiny , 10 boost.)
[30/08/2014 19:57:00] /b [EVENTO CATH POKEMON] O pokemon  sorteado foi electrabuz   O 1  que  pegar  ganhar ( 1 shiny , 10 boost.)
[30/08/2014 19:57:04] /b [EVENTO CATH POKEMON] O pokemon  sorteado foi electrabuz   O 1  que  pegar  ganhar ( 1 shiny , 10 boost.)
[30/08/2014 19:58:29] /b [EVENTO CATH POKEMON] O pokemon  sorteado foi electrabuz   O 1  que  pegar  ganhar ( 1 shiny , 10 boost.)
[30/08/2014 19:58:31] /b [EVENTO CATH POKEMON] O pokemon  sorteado foi electrabuz   O 1  que  pegar  ganhar ( 1 shiny , 10 boost.)
[30/08/2014 20:00:51] /b [EVENTO CATH POKEMON] O pokemon  sorteado foi electrabuz   O 1  que  pegar  ganhar ( 1 shiny , 10 boost.)
[30/08/2014 20:00:53] /b [EVENTO CATH POKEMON] O pokemon  sorteado foi electrabuz   O 1  que  pegar  ganhar ( 1 shiny , 10 boost.)
[30/08/2014 20:00:54] /b [EVENTO CATH POKEMON] O pokemon  sorteado foi electrabuz   O 1  que  pegar  ganhar ( 1 shiny , 10 boost.)
[30/08/2014 20:00:54] /b [EVENTO CATH POKEMON] O pokemon  sorteado foi electrabuz   O 1  que  pegar  ganhar ( 1 shiny , 10 boost.)
[30/08/2014 20:01:52] /b [EVENTO CATH POKEMON] O pokemon  sorteado foi electrabuz   O 1  que  pegar  ganhar ( 1 shiny , 10 boost.)
[30/08/2014 20:01:53] /b [EVENTO CATH POKEMON] O pokemon  sorteado foi electrabuz   O 1  que  pegar  ganhar ( 1 shiny , 10 boost.)
[30/08/2014 20:01:54] /b [EVENTO CATH POKEMON] O pokemon  sorteado foi electrabuz   O 1  que  pegar  ganhar ( 1 shiny , 10 boost.)
[30/08/2014 20:03:03] /b [EVENTO CATH POKEMON] O pokemon  sorteado foi electrabuz   O 1  que  pegar  ganhar ( 1 shiny , 10 boost.)
[30/08/2014 20:03:23] /b [EVENTO CATH POKEMON] O pokemon  sorteado foi electrabuz   O 1  que  pegar  ganhar ( 1 shiny , 10 boost.)
[30/08/2014 20:05:23] /b [EVENTO CATH POKEMON] O pokemon  sorteado foi electrabuz   O 1  que  pegar  ganhar ( 1 shiny , 10 boost.)
[30/08/2014 20:07:58] /b 20:09 Werbson: 20:08 Congratulations, you caught a pokemon (Electabuzz)! 
[30/08/2014 20:08:20] /b  Vencedor werbson  
[30/08/2014 20:09:08] /b pera  ai werson
[30/08/2014 20:09:46] /t
[30/08/2014 20:12:24] /t
[30/08/2014 20:14:02] /t
[30/08/2014 21:07:43] /t
[30/08/2014 21:09:00] /t of scarlet
[30/08/2014 21:11:55] /t
[30/08/2014 21:13:07] /t
[30/08/2014 21:15:52] /t
[30/08/2014 21:28:42] /b Minha net aki ta uma , bagaça - Mais vocês já são mts grandinhos pra ficar na floresta.
[30/08/2014 21:38:17] /b  Unico evento que posso planejar  evento ,  esconde - esconde e evento cath pokemon .  Mais  to sem recompença pra dar se eu fosse cm  teria mt evento .
[30/08/2014 21:43:50] /b 21:44 Congratulations, you caught a pokemon (Shiny Electabuzz)! // rapido d+
[30/08/2014 21:44:40] /b que eu saiba n tem fixa mais tem mts electrabuzz
[30/08/2014 22:02:46] /t werbnod
[30/08/2014 22:02:51] /t werbson
[30/08/2014 22:15:05] /t
[30/08/2014 22:40:29] /b 22:41 Congratulations, you caught a pokemon (Shiny Electabuzz)! // +1
[30/08/2014 22:42:07] /t
[30/08/2014 22:45:07] /t
[30/08/2014 22:49:27] /t
[30/08/2014 22:55:53] /t
[30/08/2014 23:02:33] /t
[30/08/2014 23:05:30] /t lady stronda
[30/08/2014 23:05:51] /t
[30/08/2014 23:07:25] /b desculpe , mais ignoro  Quando pedem poke... N leve a serio mais todos tem que começar sua jornada ralano.
[30/08/2014 23:08:56] /b Ok .
[30/08/2014 23:09:36] /t
[30/08/2014 23:11:08] /t werbson
[30/08/2014 23:17:39] /b Ioa  andre <3
[30/08/2014 23:17:59] /b eu lembro melhor  evento da minha vida
[30/08/2014 23:18:29] /b odeio as lendas eo leg que da
[30/08/2014 23:23:40] /b adm os iten pra fazer evento acabaram . 
[30/08/2014 23:27:25] /t
[30/08/2014 23:27:48] /b O andre  ta  ajudando?.
[30/08/2014 23:28:15] /b querp falar com vc amor <3 (andré)
[30/08/2014 23:29:00] /b 23:30 Lord Show: fala pra ele espera um poko sóoooooooooooo
[30/08/2014 23:31:48] /b é agr . -zoa?
[30/08/2014 23:35:20] /t
[30/08/2014 23:59:15] /b tem mesmo gewar?
[31/08/2014 00:03:38] /b ata
[31/08/2014 00:04:40] /b peguei 300 td
[31/08/2014 00:05:35] /b eu Não podi fazer nada :D
[31/08/2014 00:05:43] /b mais podi partiçipar
[31/08/2014 00:08:27] /b olha pra house do  Gewar e querendo comprar.
[31/08/2014 00:12:17] /b existe  help ,  2 cm online , e  as pergunta vem logo pra min....
[31/08/2014 00:21:08] /b Dx te ajudar Gewar so dessa vez
[31/08/2014 00:21:28] /b Dx te ajudar Gewar so dessa vez?
[31/08/2014 00:24:09] /t
[31/08/2014 00:30:32] /t
[31/08/2014 00:34:52] /t
[31/08/2014 00:41:36] /b odish e uma ideia boa
[31/08/2014 00:44:04] /b faiz a 11º  rodada com mb?
[31/08/2014 00:44:13] /b e dx eu escolher
[31/08/2014 00:44:24] /b oque eles tem que trazer
[31/08/2014 01:05:00] /t
[31/08/2014 01:17:16] /t
[31/08/2014 01:27:32] /t
[31/08/2014 01:29:51] /b Ok . 
[31/08/2014 01:30:02] /b 1  vem recebe meu presente  gewar?
[31/08/2014 01:40:45] /b corri
[31/08/2014 01:42:42] /b se gosto do urso gewar?
[31/08/2014 01:49:47] /t
[31/08/2014 01:54:47] /b Boa noite <3 . tbm 
[31/08/2014 09:07:59] /t
[31/08/2014 09:13:19] /t Goldfre
[31/08/2014 09:42:22] /t Poke Game
[31/08/2014 10:07:45] /b bom dia
[31/08/2014 10:08:06] /t
[01/09/2014 13:07:26] /b Boa tarde Povo Lindo (a). 
[01/09/2014 13:10:25] /t werbson
[01/09/2014 13:19:27] /t
[01/09/2014 13:23:31] /t
[01/09/2014 13:25:30] /t
[01/09/2014 14:17:08] /b e eu ..
[01/09/2014 14:24:56] /b Manda eu ai adm
[01/09/2014 14:28:35] /t
[01/09/2014 14:35:04] /b [EVENTO CAPTURE O POKEMON] O POKEMON SORTEADO DO DIA FOI   ONIX O 1 QUE ME TRAZER 1  ONIX GANHARA 1 RECOMPENÇA EM GRANA E 5 BOOST STONE . (BOA SORTE).
[01/09/2014 14:35:11] /b [EVENTO CAPTURE O POKEMON] O POKEMON SORTEADO DO DIA FOI   ONIX O 1 QUE ME TRAZER 1  ONIX GANHARA 1 RECOMPENÇA EM GRANA E 5 BOOST STONE . (BOA SORTE).
[01/09/2014 14:35:12] /b [EVENTO CAPTURE O POKEMON] O POKEMON SORTEADO DO DIA FOI   ONIX O 1 QUE ME TRAZER 1  ONIX GANHARA 1 RECOMPENÇA EM GRANA E 5 BOOST STONE . (BOA SORTE).
[01/09/2014 14:35:13] /b [EVENTO CAPTURE O POKEMON] O POKEMON SORTEADO DO DIA FOI   ONIX O 1 QUE ME TRAZER 1  ONIX GANHARA 1 RECOMPENÇA EM GRANA E 5 BOOST STONE . (BOA SORTE).
[01/09/2014 14:35:13] /b [EVENTO CAPTURE O POKEMON] O POKEMON SORTEADO DO DIA FOI   ONIX O 1 QUE ME TRAZER 1  ONIX GANHARA 1 RECOMPENÇA EM GRANA E 5 BOOST STONE . (BOA SORTE).
[01/09/2014 14:35:14] /b [EVENTO CAPTURE O POKEMON] O POKEMON SORTEADO DO DIA FOI   ONIX O 1 QUE ME TRAZER 1  ONIX GANHARA 1 RECOMPENÇA EM GRANA E 5 BOOST STONE . (BOA SORTE).
[01/09/2014 14:35:43] /b [EVENTO CAPTURE O POKEMON] O POKEMON SORTEADO DO DIA FOI   ONIX O 1 QUE ME TRAZER 1  ONIX GANHARA 1 RECOMPENÇA EM GRANA E 5 BOOST STONE . (BOA SORTE).
[01/09/2014 14:36:57] /b [EVENTO CAPTURE O POKEMON] O POKEMON SORTEADO DO DIA FOI   ONIX O 1 QUE ME TRAZER 1  ONIX GANHARA 1 RECOMPENÇA EM GRANA E 5 BOOST STONE . (BOA SORTE).
[01/09/2014 14:37:00] /b [EVENTO CAPTURE O POKEMON] O POKEMON SORTEADO DO DIA FOI   ONIX O 1 QUE ME TRAZER 1  ONIX GANHARA 1 RECOMPENÇA EM GRANA E 5 BOOST STONE . (BOA SORTE).
[01/09/2014 14:37:01] /b [EVENTO CAPTURE O POKEMON] O POKEMON SORTEADO DO DIA FOI   ONIX O 1 QUE ME TRAZER 1  ONIX GANHARA 1 RECOMPENÇA EM GRANA E 5 BOOST STONE . (BOA SORTE).
[01/09/2014 14:38:12] /b [EVENTO CAPTURE O POKEMON] O POKEMON SORTEADO DO DIA FOI   ONIX O 1 QUE ME TRAZER 1  ONIX GANHARA 1 RECOMPENÇA EM GRANA E 5 BOOST STONE . (BOA SORTE).
[01/09/2014 14:38:15] /b [EVENTO CAPTURE O POKEMON] O POKEMON SORTEADO DO DIA FOI   ONIX O 1 QUE ME TRAZER 1  ONIX GANHARA 1 RECOMPENÇA EM GRANA E 5 BOOST STONE . (BOA SORTE).
[01/09/2014 14:38:29] /b [EVENTO CAPTURE O POKEMON] O POKEMON SORTEADO DO DIA FOI   ONIX O 1 QUE ME TRAZER 1  ONIX GANHARA 1 RECOMPENÇA EM GRANA E 5 BOOST STONE . (BOA SORTE)
[01/09/2014 14:38:30] /b [EVENTO CAPTURE O POKEMON] O POKEMON SORTEADO DO DIA FOI   ONIX O 1 QUE ME TRAZER 1  ONIX GANHARA 1 RECOMPENÇA EM GRANA E 5 BOOST STONE . (BOA SORTE).
[01/09/2014 14:38:51] /b 14:40 Doidao: Congratulations, you caught a pokemon (Onix)! // Vem cp.
[01/09/2014 14:38:57] /t doidao
[01/09/2014 14:40:55] /b [EVENTO CAPTURE O POKEMON] O POKEMON SORTEADO FOI BLASTOISE O 1 QUE ME TRAZER  GANHAR 15 BOOST STONE
[01/09/2014 14:40:56] /b [EVENTO CAPTURE O POKEMON] O POKEMON SORTEADO FOI BLASTOISE O 1 QUE ME TRAZER  GANHAR 15 BOOST STONE 
[01/09/2014 14:40:57] /b [EVENTO CAPTURE O POKEMON] O POKEMON SORTEADO FOI BLASTOISE O 1 QUE ME TRAZER  GANHAR 15 BOOST STONE 
[01/09/2014 14:44:49] /b [CM] Bnark go agita o jogo
[01/09/2014 14:46:27] /b CM , Não pd  fazer invasão com shiny O se for se adm permiti
[01/09/2014 14:47:05] /b ME ESCONDIR EM SAFFRON PREMIO 10 BOOST STONE , GO TA FACIL.
[01/09/2014 14:47:29] /b ME ESCONDIR EM SAFFRON PREMIO 10 BOOST STONE , GO TA FACIL.
[01/09/2014 14:47:30] /b ME ESCONDIR EM SAFFRON PREMIO 10 BOOST STONE , GO TA FACIL.
[01/09/2014 14:47:30] /b ME ESCONDIR EM SAFFRON PREMIO 10 BOOST STONE , GO TA FACIL.
[01/09/2014 14:47:34] /b ME ESCONDIR EM SAFFRON PREMIO 10 BOOST STONE , GO TA FACIL.
[01/09/2014 14:47:35] /b ME ESCONDIR EM SAFFRON PREMIO 10 BOOST STONE , GO TA FACIL.
[01/09/2014 14:47:35] /b ME ESCONDIR EM SAFFRON PREMIO 10 BOOST STONE , GO TA FACIL.
[01/09/2014 14:48:20] /b minato pego
[01/09/2014 14:48:36] /b o blastoise  Então  já te do o premio minato
[01/09/2014 14:48:38] /b /b ME ESCONDIR EM SAFFRON PREMIO 10 BOOST STONE , GO TA FACIL.
[01/09/2014 14:48:41] /b /b ME ESCONDIR EM SAFFRON PREMIO 10 BOOST STONE , GO TA FACIL.
[01/09/2014 14:48:44] /b /b ME ESCONDIR EM SAFFRON PREMIO 10 BOOST STONE , GO TA FACIL.
[01/09/2014 14:48:50] /b ME ESCONDIR EM SAFFRON PREMIO 10 BOOST STONE , GO TA FACIL.
[01/09/2014 14:48:51] /b ME ESCONDIR EM SAFFRON PREMIO 10 BOOST STONE , GO TA FACIL.
[01/09/2014 14:48:52] /b ME ESCONDIR EM SAFFRON PREMIO 10 BOOST STONE , GO TA FACIL.
[01/09/2014 14:48:52] /b ME ESCONDIR EM SAFFRON PREMIO 10 BOOST STONE , GO TA FACIL.
[01/09/2014 14:49:28] /b ME ESCONDIR EM SAFFRON PREMIO 10 BOOST STONE , GO TA FACIL.
[01/09/2014 14:49:29] /b ME ESCONDIR EM SAFFRON PREMIO 10 BOOST STONE , GO TA FACIL.
[01/09/2014 14:49:30] /b ME ESCONDIR EM SAFFRON PREMIO 10 BOOST STONE , GO TA FACIL.
[01/09/2014 14:49:30] /b ME ESCONDIR EM SAFFRON PREMIO 10 BOOST STONE , GO TA FACIL.
[01/09/2014 14:50:21] /b ME ESCONDIR EM SAFFRON PREMIO 10 BOOST STONE , GO TA FACIL.
[01/09/2014 14:50:21] /b ME ESCONDIR EM SAFFRON PREMIO 10 BOOST STONE , GO TA FACIL.
[01/09/2014 14:50:22] /b ME ESCONDIR EM SAFFRON PREMIO 10 BOOST STONE , GO TA FACIL.
[01/09/2014 14:50:23] /b ME ESCONDIR EM SAFFRON PREMIO 10 BOOST STONE , GO TA FACIL.
[01/09/2014 14:50:47] /b Duuhn acho parabéns
[01/09/2014 14:51:04] /b minato ja do seu premio
[01/09/2014 14:51:15] /t
[01/09/2014 14:51:54] /b logo mais  alguns eventos simples.
[01/09/2014 15:29:10] /t
[01/09/2014 15:44:45] /t Lubeibath Eveder
[01/09/2014 15:46:44] /t 15:47 Você ja gastou: 40 Ultra balls tentando catar um Feraligatr.
[01/09/2014 15:46:52] /t Lubeibath Eveder
[01/09/2014 15:47:54] /t
[01/09/2014 16:17:25] /b 16:18 Congratulations, you caught a pokemon (Shiny Magneton)! // aleluia
[01/09/2014 16:17:44] /t
[01/09/2014 16:54:12] /t
[01/09/2014 17:01:42] /t Legendary
[01/09/2014 17:01:45] /t Legendary
[01/09/2014 17:01:47] /t Legendary
[01/09/2014 17:43:01] /b Vocês so sabem fazer pergunta de respaw '-' gente  explore o mapa cinnabar = fogo / Celadon = Um poco água / Cerulean = Misturar  e vai indo ..
[01/09/2014 18:08:09] /b andre  arruma isso  aki.
[01/09/2014 18:10:47] /t
[01/09/2014 18:44:44] /b saindo quando voltar  evento feito por min então n fique perguntando pra otro membro de staff ...  
[01/09/2014 18:45:03] /t
[01/09/2014 18:58:42] /b VOLTEI VO FAZER 1 EVENTO VALENDO UMA SHINY BOX...
[01/09/2014 19:00:47] /b SHINY BOX GANHAR = 1 POKE SHINY .
[01/09/2014 19:01:19] /t lormog
[01/09/2014 19:04:07] /b escondi uma shiny box em cerulean akele quer achar  vai ganhar ela é tbm tera sua divulgaçoes de vend aou compro no ./b
[01/09/2014 19:04:08] /t
[01/09/2014 19:04:35] /b escondi uma shiny box em cerulean akele quer achar  vai ganhar ela é tbm tera sua divulgaçoes de vend aou compro no ./b
[01/09/2014 19:04:36] /b escondi uma shiny box em cerulean akele quer achar  vai ganhar ela é tbm tera sua divulgaçoes de vend aou compro no ./b
[01/09/2014 19:04:37] /b escondi uma shiny box em cerulean akele quer achar  vai ganhar ela é tbm tera sua divulgaçoes de vend aou compro no ./b
[01/09/2014 19:04:39] /b escondi uma shiny box em cerulean akele quer achar  vai ganhar ela é tbm tera sua divulgaçoes de vend aou compro no ./b
[01/09/2014 19:04:40] /b escondi uma shiny box em cerulean akele quer achar  vai ganhar ela é tbm tera sua divulgaçoes de vend aou compro no ./b
[01/09/2014 19:04:41] /b escondi uma shiny box em cerulean akele quer achar  vai ganhar ela é tbm tera sua divulgaçoes de vend aou compro no ./b
[01/09/2014 19:05:15] /b escondi uma shiny box em cerulean akele quer achar  vai ganhar ela é tbm tera sua divulgaçoes de vend aou compro no ./b
[01/09/2014 19:05:24] /b escondi uma shiny box em cerulean akele quer achar  vai ganhar ela é tbm tera sua divulgaçoes de vend aou compro no ./b
[01/09/2014 19:05:27] /b escondi uma shiny box em cerulean akele quer achar  vai ganhar ela é tbm tera sua divulgaçoes de vend aou compro no ./b
[01/09/2014 19:05:40] /b escondi uma shiny box em cerulean akele quer achar  vai ganhar ela é tbm tera sua divulgaçoes de vend aou compro no ./b[
[01/09/2014 19:06:14] /b escondi uma shiny box em cerulean akele quer achar  vai ganhar ela é tbm tera sua divulgaçoes de vend aou compro no ./b
[01/09/2014 19:06:14] /b escondi uma shiny box em cerulean akele quer achar  vai ganhar ela é tbm tera sua divulgaçoes de vend aou compro no ./b
[01/09/2014 19:07:52] /b alguem já acho
[01/09/2014 19:09:17] /b já acharão vo fazer +1
[01/09/2014 19:10:24] /b Evento De capturar o poke vai ser  Chamander akele que pega mais ate 19:25 vai ganhar.
[01/09/2014 19:10:26] /t
[01/09/2014 19:10:36] /b Evento De capturar o poke vai ser  Chamander akele que pega mais ate 19:25 vai ganhar.
[01/09/2014 19:10:36] /b Evento De capturar o poke vai ser  Chamander akele que pega mais ate 19:25 vai ganhar.
[01/09/2014 19:10:46] /b Evento De capturar o poke vai ser  Chamander akele que pega mais ate 19:25 vai ganhar. PREMIO = SHINY BOX
[01/09/2014 19:10:53] /b Evento De capturar o poke vai ser  Chamander akele que pega mais ate 19:25 vai ganhar. PREMIO = SHINY BOX
[01/09/2014 19:10:54] /b Evento De capturar o poke vai ser  Chamander akele que pega mais ate 19:25 vai ganhar. PREMIO = SHINY BOX
[01/09/2014 19:11:14] /b Evento De capturar o poke vai ser  Chamander akele que pega mais ate 19:25 vai ganhar. PREMIO = SHINY BOX
[01/09/2014 19:11:15] /b Evento De capturar o poke vai ser  Chamander akele que pega mais ate 19:25 vai ganhar. PREMIO = SHINY BOX
[01/09/2014 19:11:16] /b Evento De capturar o poke vai ser  Chamander akele que pega mais ate 19:25 vai ganhar. PREMIO = SHINY BOX
[01/09/2014 19:11:17] /b Evento De capturar o poke vai ser  Chamander akele que pega mais ate 19:25 vai ganhar. PREMIO = SHINY BOX
[01/09/2014 19:11:18] /b Evento De capturar o poke vai ser  Chamander akele que pega mais ate 19:25 vai ganhar. PREMIO = SHINY BOX
[01/09/2014 19:11:20] /b Evento De capturar o poke vai ser  Chamander akele que pega mais ate 19:25 vai ganhar. PREMIO = SHINY BOX
[01/09/2014 19:11:21] /b Evento De capturar o poke vai ser  Chamander akele que pega mais ate 19:25 vai ganhar. PREMIO = SHINY BOX
[01/09/2014 19:11:22] /b Evento De capturar o poke vai ser  Chamander akele que pega mais ate 19:25 vai ganhar. PREMIO = SHINY BOX
[01/09/2014 19:12:08] /b Evento De capturar o poke vai ser  Chamander akele que pega mais ate 19:25 vai ganhar. PREMIO = SHINY BOX
[01/09/2014 19:12:10] /b Evento De capturar o poke vai ser  Chamander akele que pega mais ate 19:25 vai ganhar. PREMIO = SHINY BOX
[01/09/2014 19:12:10] /b Evento De capturar o poke vai ser  Chamander akele que pega mais ate 19:25 vai ganhar. PREMIO = SHINY BOX
[01/09/2014 19:12:11] /b Evento De capturar o poke vai ser  Chamander akele que pega mais ate 19:25 vai ganhar. PREMIO = SHINY BOX
[01/09/2014 19:12:12] /b Evento De capturar o poke vai ser  Chamander akele que pega mais ate 19:25 vai ganhar. PREMIO = SHINY BOX
[01/09/2014 19:12:31] /b Evento De capturar o poke vai ser  Chamander akele que pega mais ate 19:25 vai ganhar. PREMIO = SHINY BOX
[01/09/2014 19:12:32] /b Evento De capturar o poke vai ser  Chamander akele que pega mais ate 19:25 vai ganhar. PREMIO = SHINY BOX
[01/09/2014 19:12:33] /b Evento De capturar o poke vai ser  Chamander akele que pega mais ate 19:25 vai ganhar. PREMIO = SHINY BOX
[01/09/2014 19:12:33] /b Evento De capturar o poke vai ser  Chamander akele que pega mais ate 19:25 vai ganhar. PREMIO = SHINY BOX
[01/09/2014 19:13:01] /b Evento De capturar o poke vai ser  Chamander akele que pega mais ate 19:25 vai ganhar. PREMIO = SHINY BOX
[01/09/2014 19:13:02] /b Evento De capturar o poke vai ser  Chamander akele que pega mais ate 19:25 vai ganhar. PREMIO = SHINY BOX
[01/09/2014 19:14:20] /b Evento De capturar o poke vai ser  Chamander akele que pega mais ate 19:25 vai ganhar. PREMIO = SHINY BOX
[01/09/2014 19:14:21] /b Evento De capturar o poke vai ser  Chamander akele que pega mais ate 19:25 vai ganhar. PREMIO = SHINY BOX
[01/09/2014 19:14:22] /b Evento De capturar o poke vai ser  Chamander akele que pega mais ate 19:25 vai ganhar. PREMIO = SHINY BOX
[01/09/2014 19:14:22] /b Evento De capturar o poke vai ser  Chamander akele que pega mais ate 19:25 vai ganhar. PREMIO = SHINY BOX
[01/09/2014 19:14:23] /b Evento De capturar o poke vai ser  Chamander akele que pega mais ate 19:25 vai ganhar. PREMIO = SHINY BOX
[01/09/2014 19:14:25] /b Evento De capturar o poke vai ser  Chamander akele que pega mais ate 19:25 vai ganhar. PREMIO = SHINY BOX
[01/09/2014 19:14:57] /b Evento De capturar o poke vai ser  Chamander akele que pega mais ate 19:25 vai ganhar. PREMIO = SHINY BOX
[01/09/2014 19:14:58] /b Evento De capturar o poke vai ser  Chamander akele que pega mais ate 19:25 vai ganhar. PREMIO = SHINY BOX
[01/09/2014 19:15:00] /b Evento De capturar o poke vai ser  Chamander akele que pega mais ate 19:25 vai ganhar. PREMIO = SHINY BOX
[01/09/2014 19:15:27] /b Evento De capturar o poke vai ser  Chamander akele que pega mais ate 19:25 vai ganhar. PREMIO = SHINY BOX // N E DE PEGAR E SIM DE   PEGAR A MAIOR QUANTIDADE ATE 19:25
[01/09/2014 19:15:42] /b Evento De capturar o poke vai ser  Chamander akele que pega mais ate 19:25 vai ganhar. PREMIO = SHINY BOX
[01/09/2014 19:15:43] /b Evento De capturar o poke vai ser  Chamander akele que pega mais ate 19:25 vai ganhar. PREMIO = SHINY BOX
[01/09/2014 19:15:44] /b Evento De capturar o poke vai ser  Chamander akele que pega mais ate 19:25 vai ganhar. PREMIO = SHINY BOX
[01/09/2014 19:17:13] /b Evento De capturar o poke vai ser  Chamander akele que pega mais ate 19:25 vai ganhar. PREMIO = SHINY BOX
[01/09/2014 19:17:14] /b Evento De capturar o poke vai ser  Chamander akele que pega mais ate 19:25 vai ganhar. PREMIO = SHINY BOX
[01/09/2014 19:17:15] /b Evento De capturar o poke vai ser  Chamander akele que pega mais ate 19:25 vai ganhar. PREMIO = SHINY BOX
[01/09/2014 19:18:05] /b GALERAR QUANDO DER 19:25 TDS QUE TIVER UMA QUANTIDADE MELHOR GANHARAR.
[01/09/2014 19:18:28] /b akele que tver  a maior ganhar  entederam?.
[01/09/2014 19:21:42] /b Evento De capturar o poke vai ser  Chamander akele que pega mais ate 19:25 vai ganhar. PREMIO = SHINY BOX
[01/09/2014 19:21:44] /b Evento De capturar o poke vai ser  Chamander akele que pega mais ate 19:25 vai ganhar. PREMIO = SHINY BOX
[01/09/2014 19:21:51] /b faltam 2 minutos
[01/09/2014 19:24:58] /b quem tem  mais chamander pm
[01/09/2014 19:25:08] /b Mickael  tem 2 quem tem +?
[01/09/2014 19:25:30] /b ninguem tem mais chamander que o mickael
[01/09/2014 19:25:52] /b wolfmk tem 5
[01/09/2014 19:26:00] /b alguem tem mais?
[01/09/2014 19:26:19] /b a pessoa provarar dando trande com todos chamander 
[01/09/2014 19:26:43] /b ninguem tem + de 5 então o vencedor e  wolf.
[01/09/2014 19:27:06] /b mickael da prox tu vence <3
[01/09/2014 19:30:07] /b vocÊs falarao antes
[01/09/2014 19:33:40] /b pronto todos de premio <3
[01/09/2014 19:34:46] /b So hoje  10 td tera sua divulgaçoes de vende  ...
[01/09/2014 19:35:33] /b pode ser 1 td.
[01/09/2014 19:35:48] /b 1 td  sua divulgaçao de venda ou compra
[01/09/2014 19:36:37] /b Lormog: sell shiny golem +26 shiny ampharos e shiny feraligrth
[01/09/2014 19:36:54] /b Lady Stronda: sell electabuzz buy poke de planta (shiny)
[01/09/2014 19:37:34] /b quem quiser te a sua aki . manda  td pra min to no cp e pd  so ate 3 vez
[01/09/2014 19:38:58] /b  Of Scarlet: Sell crystal onix +50 shiny tangela +50 shiny ampharos +50 shiny electivire +50 return tier 7 shiny flareon +50 shiny marowak +50 shiny abra+50 shinycharizard +50
[01/09/2014 19:39:47] /b e pra   dx o povo   mais agitado hoje sozim chamei 15  :D
[01/09/2014 19:40:00] /b e ta com 16 uia
[01/09/2014 19:40:16] /b  isso dx  serve movimentado.
[01/09/2014 19:40:44] /b agora geral trade aberto.
[01/09/2014 19:41:52] /b afk rapidin vo la  come um lanchinho
[01/09/2014 19:42:41] /b Oi novo cm adm  tutor?.
