[01/09/2014 19:51:18] /b Oi Gente sou o Novo Tutor :3 espero ajudar 
[01/09/2014 19:55:44] /b oi gente sou novo tutor espero ajudar :3
[01/09/2014 19:56:04] /b
[01/09/2014 19:57:02] /b Oi gente sou o novo tutor :3 vou ajuda :D
[01/09/2014 19:59:13] /b Boa Noite Gente:3 sou o novo tutor
[01/09/2014 20:01:17] /t
[01/09/2014 20:06:57] /t
[01/09/2014 20:07:00] /b sim
[01/09/2014 20:07:35] /b quer que eu ajude?
[01/09/2014 20:12:29] /b quem atrapalhar a fila vou dar notation
[01/09/2014 20:21:35] /b hehe shiny ninetales '-'
[01/09/2014 20:22:05] /b cagados '-'
[01/09/2014 20:29:37] /b querem evento?? responda game-chat
[01/09/2014 20:30:55] /b querem evento de cath ou esconde - esconde
[01/09/2014 20:31:17] /b respondam game-chat
[01/09/2014 20:51:22] /t
[01/09/2014 20:51:49] /b Escondi 15 Boost Stone Em saffron ! Go Go
[01/09/2014 20:52:50] /b GO GO Gente 
[01/09/2014 20:53:20] /b Escondi 15 Boost Stone Em saffron ! Go Go
[01/09/2014 20:55:50] /t
[01/09/2014 20:56:21] /b Não acharam ainda ?? Ta facil
[01/09/2014 20:57:34] /b Of Scarlet > Acho \õ/
[01/09/2014 20:58:31] /b vo fazer +1
[01/09/2014 21:09:22] /b escondi 20 boost stones em celadon !! bora gente 
[01/09/2014 21:09:28] /t
[01/09/2014 21:11:02] /b desculpem essa nao valeu
[01/09/2014 21:11:48] /b Escondi 5 Boost Stones Em Fuchsia !! Bora.
[01/09/2014 21:11:52] /t
[01/09/2014 21:13:15] /b Of Scarlet >> acho \o/
[01/09/2014 21:13:48] /t
[01/09/2014 21:16:05] /t
[01/09/2014 21:20:45] !revert
[01/09/2014 21:23:08] /b xau
[01/09/2014 21:23:22] /b :3
[01/09/2014 21:39:21] /t
[01/09/2014 21:40:20] /b ultimo evento antes de sair
[01/09/2014 21:40:50] /b Escondi 50 tds em saffron ! só PROCURA
[01/09/2014 21:40:53] /t
[01/09/2014 21:43:39] /t
[01/09/2014 21:43:53] /b Saindo Aki flw
[02/09/2014 12:17:30] /b Oi Gente
[02/09/2014 12:27:10] /b Bom Tarde :D
[02/09/2014 12:27:19] /b Boa*
[02/09/2014 12:35:54] /t
[02/09/2014 12:39:42] /b Jeean
[02/09/2014 12:39:50] /t Jeean
[02/09/2014 12:44:28] /t
[02/09/2014 12:46:36] /t
[02/09/2014 12:48:36] /t
[02/09/2014 12:51:46] /t
[02/09/2014 12:52:54] /b Qulquer Duvida pergunte no HELP
[02/09/2014 12:58:49] /t
[02/09/2014 13:17:40] /t
[02/09/2014 13:24:42] /t
[02/09/2014 13:27:24] /t
[02/09/2014 13:28:26] /b Escondi um Livro em Saffon quem achar ganha 30 TDS!!
[02/09/2014 13:28:27] /t
[02/09/2014 13:28:44] /b estou esperando no c
[02/09/2014 13:28:52] /b cp*
[02/09/2014 13:29:21] /b Escondi um Livro em Saffon quem achar ganha 30 TDS!!
[02/09/2014 13:29:59] /b Escondi um Livro em Saffon quem achar ganha 30 TDS!!
[02/09/2014 13:31:11] /b Jeean Acho
[02/09/2014 13:33:58] /t
[02/09/2014 13:37:45] /t
[02/09/2014 13:41:20] /t
[02/09/2014 13:41:26] /b O
[02/09/2014 13:41:32] /b OJK
[02/09/2014 16:34:05] /t
[02/09/2014 16:40:20] /t
[02/09/2014 16:41:02] /b Qualquer Duvida pergunte no HELP
[02/09/2014 16:41:54] /t
[02/09/2014 16:42:26] /t
[02/09/2014 16:47:44] /t
[02/09/2014 16:49:02] /t
[02/09/2014 16:57:08] /t London
[02/09/2014 16:57:55] /t Attlang
[02/09/2014 17:00:48] /b
[02/09/2014 17:01:30] /b Qualquer Duvida pergunte no HELP
[02/09/2014 17:02:58] /t attlang
[02/09/2014 17:03:28] /t articuno
[02/09/2014 17:09:08] /t
[02/09/2014 17:09:37] /t webson
[02/09/2014 17:09:50] /t Werbson
[02/09/2014 17:10:15] /t attlang
[02/09/2014 17:19:00] /t
[02/09/2014 17:30:48] /t
[02/09/2014 17:34:55] /t
[02/09/2014 17:35:27] /b Qualquer Duvida Pegunta no HELP
[02/09/2014 17:41:53] /t
[02/09/2014 17:44:39] /b Escondi 30 TDS em Cerulean só procurar ta facil 
[02/09/2014 17:44:41] /t
[02/09/2014 17:49:18] /t mickael
[02/09/2014 17:49:19] /t
[02/09/2014 17:50:10] /t
[02/09/2014 17:52:13] /t
[02/09/2014 17:53:02] /t
[02/09/2014 17:53:59] /t
[02/09/2014 17:54:45] /b 30 tds escondidos em saffron ! 
[02/09/2014 17:54:47] /t
[02/09/2014 17:55:32] /b 30 tds escondidos em saffron ! 
[02/09/2014 17:57:38] /t
[02/09/2014 17:57:43] /b 30 tds escondidos em saffron ! 
[02/09/2014 17:59:10] /t
[02/09/2014 18:02:12] /b qualquer duvida pergunte no help
[02/09/2014 18:07:09] /b qualquer duvida pergunte no help
[02/09/2014 18:21:17] /t
[02/09/2014 18:22:08] /b Alguma Duvida ? pergunte no HELP
[02/09/2014 18:27:17] /t Legendary
[02/09/2014 18:32:10] /t
[02/09/2014 18:36:06] /t
[02/09/2014 18:41:09] /t
[02/09/2014 18:41:12] /t Mystogann
[02/09/2014 18:42:17] /b Esta com duvidas?? Pergunte no HELP
[02/09/2014 18:47:49] /t Bulba
[02/09/2014 18:52:39] /t
[02/09/2014 18:54:59] /t
[02/09/2014 19:00:19] /t
[02/09/2014 19:02:13] /b Esta com duvidas? pergunte no HELP
[02/09/2014 19:06:27] /t
[02/09/2014 19:17:52] /t
[02/09/2014 19:19:44] !revert
[02/09/2014 19:25:11] /t
[02/09/2014 19:25:46] !revert
[02/09/2014 19:25:59] /t
[02/09/2014 19:30:34] /t
[02/09/2014 19:31:58] /b Esta com duvidas ?? Pergunte no HELP
[02/09/2014 19:33:52] /t
[02/09/2014 19:34:41] /t
[02/09/2014 19:37:39] !revert
[02/09/2014 19:38:20] /t
[02/09/2014 19:38:35] !revert
[02/09/2014 19:47:06] /t
[02/09/2014 19:52:43] /t
[02/09/2014 19:54:31] /b vo fikar OFF jah jah to de volta
[02/09/2014 20:06:12] /t
[02/09/2014 20:06:38] /t
[02/09/2014 20:13:37] /t Lady Stronda
[02/09/2014 20:37:08] /t
[02/09/2014 20:43:02] /t
[02/09/2014 20:55:29] /t
[02/09/2014 21:05:32] /t
[02/09/2014 21:06:14] /b por favor se mantenham na fila :D
[02/09/2014 21:10:50] /b vai poder master ball?
[02/09/2014 21:11:02] /b ok
[02/09/2014 21:14:06] /b esse evento vc escolhe 1 pokemon shiny ou normal, vc vai ter 2 tentativas,dai é sorte pra capturar
[02/09/2014 21:15:20] /t Super Xux
[02/09/2014 21:16:48] /t
[02/09/2014 21:22:51] /b quem atrapalhas na fila vai sair 
[02/09/2014 21:24:25] /t Noobfodao
[02/09/2014 21:25:38] /t
[02/09/2014 21:46:07] /t super xuxa
[02/09/2014 21:46:09] /t
[02/09/2014 21:46:30] /t super xuxa
[02/09/2014 21:50:42] /b querem um evento ache seu premio?
[02/09/2014 21:50:51] /b respondam game-chat
[02/09/2014 21:52:06] /t
[02/09/2014 21:52:25] /t
[02/09/2014 21:53:44] /t
[02/09/2014 21:54:58] /b Tem um Livro escondido em saffron quem achar e me trazer no cp ganha o premio
[02/09/2014 21:54:59] /t
[02/09/2014 21:56:37] /b Richard ACHO
[02/09/2014 21:56:45] /b PARABENS
[02/09/2014 21:57:59] /b saindo aki flw's pra vcs :D
[02/09/2014 21:59:23] /t Jota
[03/09/2014 12:50:38] /b eae gente
[03/09/2014 12:52:34] /b Esta com Duvidas? Pergunte no HELP
[03/09/2014 12:53:46] /t '-'
[03/09/2014 12:53:49] /b '-'
[03/09/2014 12:55:27] /t
[03/09/2014 13:07:40] /t
[03/09/2014 13:08:31] /t Kakaka
[03/09/2014 13:09:46] /t
[03/09/2014 13:10:44] /t
[03/09/2014 13:10:57] /t
[03/09/2014 13:11:07] /t
[03/09/2014 13:13:40] /t
[03/09/2014 13:14:35] /b Tem 30 TDS escondidos em saffron !! GOGO
[03/09/2014 13:14:37] /t
[03/09/2014 13:14:49] /b Tem 30 TDS escondidos em saffron !! GOGO
[03/09/2014 13:15:07] /b Tem 30 TDS escondidos em saffron !! GOGO
[03/09/2014 13:15:37] /t
[03/09/2014 13:15:45] /b Tem 30 TDS escondidos em saffron !! GOGO
[03/09/2014 13:19:28] /b Parebens Yakiteru
[03/09/2014 13:22:32] /t
[03/09/2014 13:24:41] /t
[03/09/2014 13:34:07] /t
[03/09/2014 13:34:24] /b sair aki assistir um poke de anime
[03/09/2014 16:52:51] /t
[03/09/2014 17:07:44] /t
[03/09/2014 17:22:34] /t Samuel
[03/09/2014 17:28:21] /t wolf
[03/09/2014 17:30:50] /t
[03/09/2014 17:34:55] /b achei '-'
[03/09/2014 17:38:22] /t
[03/09/2014 17:39:14] /t
[03/09/2014 17:42:56] /t
[03/09/2014 17:45:11] /t
[03/09/2014 17:45:22] /b quem quiser que eu puxe fale
[03/09/2014 17:45:29] /b game chat
[03/09/2014 17:45:41] /t Samuel
[03/09/2014 17:45:49] /t Legendaty
[03/09/2014 17:45:55] /t Legendary
[03/09/2014 17:46:17] /t Legendary
[03/09/2014 17:47:01] /b Puxem seus pokemon divolta PF
[03/09/2014 17:47:35] /t Lordpaanico
[03/09/2014 17:47:39] /t Lordpaanico
[03/09/2014 17:47:44] /t Kakaka
[03/09/2014 17:48:56] /t Ash Katchum
[03/09/2014 17:49:27] /t Legendary
[03/09/2014 17:49:50] /b quem nao for participar pf saia
[03/09/2014 17:53:29] /b faiz dnv
[03/09/2014 17:57:32] /t [GM] Lucas
[03/09/2014 17:58:35] /t Wolfmk
[03/09/2014 17:58:43] /t Wolfmk
[03/09/2014 18:02:57] /t
[03/09/2014 18:05:35] /b 10 boost escondidas em viridian !! gogo
[03/09/2014 18:05:37] /t
[03/09/2014 18:05:53] /b 10 boost escondidas em viridian !! gogo
[03/09/2014 18:06:47] /t
[03/09/2014 18:08:07] /b 10 boost escondidas em viridian !! gogo
[03/09/2014 18:08:50] /t ta de gosth?
[03/09/2014 18:09:14] /b ta de gosth?
[03/09/2014 18:10:44] /b ta de gosth?
[03/09/2014 18:11:56] /t
[03/09/2014 18:12:35] /b jah que ninguem foi procurar as boosts em viridian
[03/09/2014 18:12:40] /b agr só de noite
[03/09/2014 18:12:41] /t
[03/09/2014 18:12:47] /b xau pra vcs
[03/09/2014 19:07:50] /b Lucas precisa de ajuda?
[03/09/2014 19:09:48] /b 10 boosts escondidas em viridian ! olhem nas arvores 
[03/09/2014 19:09:50] /t
[03/09/2014 19:10:06] /t
[03/09/2014 19:10:11] /b 10 boosts escondidas em viridian ! olhem nas arvores 
[03/09/2014 19:11:06] /t
[03/09/2014 19:11:18] /b deixa queto vcs pedem mais nao vao procurar
[03/09/2014 19:12:37] /t
[03/09/2014 19:15:24] /t
[03/09/2014 19:15:52] /b 10 Boosts stones em saffron ! gogo 
[03/09/2014 19:16:03] /b quem quiser que eu puxa fale no game chat
[03/09/2014 19:16:04] /t
[03/09/2014 19:16:21] /b 10 Boosts stones em saffron ! gogo ta facil
[03/09/2014 19:16:34] /t Doidao
[03/09/2014 19:16:40] /b 10 Boosts stones em saffron ! gogo ta facil
[03/09/2014 19:18:38] /t Wolfmk
[03/09/2014 19:20:13] /b se alguem tiver em um lugar e quiser que eu puxe fale no game- chat
[03/09/2014 19:21:24] /b se atrapalhar a  fila vai voltar para saffron
[03/09/2014 19:23:03] /b se atrapalhar a  fila vai voltar para saffron
[03/09/2014 19:24:40] /b me trolaram neh lucar ¬¬'
[03/09/2014 19:24:53] /b lucas*
[03/09/2014 19:26:14] /b se fikar atrapalhando a fila vai voltar para saffron
[03/09/2014 19:30:01] /t
[03/09/2014 19:33:24] /t
[03/09/2014 19:33:30] /b Tó off jah volto
[03/09/2014 19:41:38] /b voltei
[03/09/2014 19:42:19] /t Doidao
[03/09/2014 19:44:04] /b Lucas converse Com o Noob Goordao o ditto dele ta bugado
[03/09/2014 19:45:18] /b SIM :D
[03/09/2014 19:45:24] /t
[03/09/2014 19:45:44] /b vcs nao tem a noçao de como é bom pegar o poke com ub
[03/09/2014 19:47:13] /t
[03/09/2014 19:50:05] /b esta com duvidas ? pergunte no HELP
[03/09/2014 19:54:11] /b esta com duvidas ? pergunte no HELP
[03/09/2014 19:55:54] /b OLÉEE
[03/09/2014 20:04:57] /t [GM] Lucas
[03/09/2014 20:05:01] /t
[03/09/2014 20:22:15] /t [GM] Lucas
[03/09/2014 20:22:21] /t
[03/09/2014 20:23:53] /t
[03/09/2014 20:31:08] /t [GM] Lucas
[03/09/2014 20:34:56] /b Quest Main todos em golden
[03/09/2014 20:36:00] /b quest mais todos em cerulean '-'
[03/09/2014 20:36:25] /b vrd
[03/09/2014 20:36:36] /b eu me confundi
[03/09/2014 20:36:50] /b gente quest mais aki em cerulean, follow no jota
[03/09/2014 20:37:29] /b vlw
[03/09/2014 20:38:03] /b quem quer quiser que puxa para quest mande game - chat
[03/09/2014 20:42:17] /b gente muito pm desculpa se nao responder
[03/09/2014 20:47:01] /b comigo tmb :3
[03/09/2014 20:48:22] /b sem pm agr
[03/09/2014 20:49:26] /b qnd acabar a quest vc podem mandar pm
[03/09/2014 20:52:47] /b lucas nao vai puxar mais gente
[03/09/2014 20:55:13] /b jah falei o lucas nao vai puxar mais
[03/09/2014 20:55:20] /b mandem pm a ele
[03/09/2014 20:57:05] /t
[03/09/2014 20:57:39] /b lucas pode vir aki?
[03/09/2014 20:58:21] /b pronto
[03/09/2014 21:00:48] /b oque ganha na addon box ?? 
[03/09/2014 21:01:41] /t
[03/09/2014 21:02:06] /b que poke +50 vcs ganharam?? respondam game-chat
[03/09/2014 21:03:52] /b ganhei mr mime '-'
[03/09/2014 21:03:53] /t
[03/09/2014 21:05:31] /b Vcs querem que eu faça um evento de escondi-escondi ?? respondam game-chat
[03/09/2014 21:06:12] /b se pouca gente responder eu nao vo fazer
[03/09/2014 21:06:35] /b Vcs querem que eu faça um evento de escondi-escondi ?? respondam game-chat
[03/09/2014 21:07:32] /b xau flw <3
[03/09/2014 21:08:41] /b nuss cm que isso?
[03/09/2014 21:09:32] /b flw <3 
[03/09/2014 21:10:11] /b 30 TDs escondidos em ceruelan !! GO GO
[03/09/2014 21:10:47] /b para de fazer eventos em cima do meu ¬¬'
[03/09/2014 21:11:17] /b '-' faiz dps do meu '-
[03/09/2014 21:12:40] /b 10 boosts escondidas em saffron! Dica usem fly
[03/09/2014 21:12:42] /t
[03/09/2014 21:13:01] /b 10 boosts escondidas em saffron! Dica usem fly
[03/09/2014 21:13:24] /b 10 boosts escondidas em saffron! Dica usem fly ! ta fain
[03/09/2014 21:13:40] /b jah acharam kkk
[03/09/2014 21:17:31] /t Of Scarlet
[03/09/2014 21:19:34] /b CM tao perguntando se vc vai fazer evento hj 
[03/09/2014 21:22:01] /b gente saindo aki flw pra vcs
[03/09/2014 21:23:08] /b BOA NOITE PRA VCS :D
[03/09/2014 22:53:42] /t
[03/09/2014 22:56:08] /t
[03/09/2014 23:16:09] /t
[03/09/2014 23:17:30] /t
[03/09/2014 23:17:37] /t Of Scarlet
[03/09/2014 23:19:33] /t
