[30/05/2015 17:02:31] /addskill , level, 200
[30/05/2015 17:02:46] /addskill alucard,level, 200
[30/05/2015 17:02:48] /addskill alucard,level, 200
[30/05/2015 17:02:50] /addskill alucard,level, 200
[30/05/2015 17:02:56] /addskill alucard,level, 200
[30/05/2015 17:04:59] /r
[30/05/2015 17:05:07] /r
[30/05/2015 17:05:14] /r
[30/05/2015 17:05:37] /t
[30/05/2015 17:05:39] /t
[30/05/2015 17:05:39] /t
[30/05/2015 17:05:40] /t
[30/05/2015 17:05:40] /t
[30/05/2015 17:05:41] /t
[30/05/2015 17:05:45] /t
[30/05/2015 17:05:46] /t
[30/05/2015 17:05:49] /t
[30/05/2015 17:06:34] /r
[30/05/2015 17:07:01] /r
[30/05/2015 17:09:26] /r
[30/05/2015 17:09:31] /r
[30/05/2015 17:09:35] /r
[30/05/2015 17:10:52] /i boosted box
[30/05/2015 17:10:56] /i boosted box
[30/05/2015 17:11:00] /i boosted box
[30/05/2015 17:11:12] /i box+4
[30/05/2015 17:11:29] /i boosted box
[30/05/2015 17:11:47] /i pokemon prize box +4
[30/05/2015 17:11:49] /i pokemon prize box +4
[30/05/2015 17:16:21] /addskill lindo, level,200
[30/05/2015 17:16:23] /addskill lindo, level,200
[30/05/2015 17:16:25] /addskill lindo, level,200
[30/05/2015 17:19:33] /addskill alucard, level, 100
[30/05/2015 17:19:36] /addskill alucard, level, 1000
[30/05/2015 17:19:55] /addskill alucard, level, 1000
[30/05/2015 17:19:56] /addskill alucard, level, 1000
[30/05/2015 17:19:57] /addskill alucard, level, 1000
[30/05/2015 17:19:57] /addskill alucard, level, 1000
[30/05/2015 17:19:58] /addskill alucard, level, 1000
[30/05/2015 17:19:59] /addskill alucard, level, 1000
[30/05/2015 17:20:03] /addskill alucard, level, 1000
[30/05/2015 17:20:04] /addskill alucard, level, 1000
[30/05/2015 17:20:05] /addskill alucard, level, 1000
[30/05/2015 17:23:38] /addskill lindo, level, 100
[30/05/2015 17:23:39] /addskill lindo, level, 1000
[30/05/2015 17:24:00] /addskill alucard, level, 100
[30/05/2015 17:24:05] /addskill alucard, level, 1000
[30/05/2015 17:24:07] /addskill alucard, level, 1000
[30/05/2015 17:27:34] /i boost stone
[30/05/2015 17:27:57] /i moltres
[30/05/2015 17:32:25] /i x-attack t1
[30/05/2015 20:09:36] /i x-attack t7
[30/05/2015 20:10:07] /i y-rage t7
[30/05/2015 20:10:24] /i x-rage t7
[30/05/2015 20:10:41] /i x-rage
[30/05/2015 20:10:44] /i x-rage t1
[30/05/2015 20:10:59] /i y-ghost t4
[30/05/2015 20:11:16] /i shiny salamence
[30/05/2015 20:11:41] /i x-attack t7
[30/05/2015 20:12:16] /i y-range t1
[30/05/2015 20:13:29] /i y-rage t1
[30/05/2015 20:13:46] /i y-smash t2
[30/05/2015 20:14:08] /m mew
[30/05/2015 20:14:20] /m mewtwo
[30/05/2015 20:14:37] /m entei
[30/05/2015 20:15:05] /m mew
[30/05/2015 20:15:19] /m suicune
[30/05/2015 20:15:31] /m shiny dragonite
[30/05/2015 20:16:06] /attr set boost 50
[30/05/2015 20:16:13] /attr set boost 10000
[30/05/2015 20:16:21] /attr set boost 50
[30/05/2015 20:16:31] /n namer
[30/05/2015 20:16:51] /i 2160
[30/05/2015 20:17:10] /i small diamonds
[30/05/2015 20:17:13] /i small diamond
[30/05/2015 20:17:47] /m shiny mantine
