[02/09/2014 10:37:20] /b '-'
[02/09/2014 10:37:42] /town 4
[02/09/2014 10:37:54] /town 4
[02/09/2014 10:38:15] /r
[02/09/2014 10:38:17] /r
[02/09/2014 10:38:32] /r
[02/09/2014 10:38:35] /r
[02/09/2014 10:38:36] /t
[02/09/2014 10:38:44] /ghost
[02/09/2014 10:38:46] /ghost
[02/09/2014 10:38:57] /goto Of Scarlet
[02/09/2014 10:39:05] /m blastoise
[02/09/2014 10:39:05] /m blastoise
[02/09/2014 10:39:06] /m blastoise
[02/09/2014 10:39:06] /m blastoise
[02/09/2014 10:39:06] /m blastoise
[02/09/2014 10:39:07] /m blastoise
[02/09/2014 10:39:07] /m blastoise
[02/09/2014 10:39:07] /m blastoise
[02/09/2014 10:39:08] /m blastoise
[02/09/2014 10:39:08] /m blastoise
[02/09/2014 10:39:08] /m blastoise
[02/09/2014 10:39:08] /m blastoise
[02/09/2014 10:39:09] /m blastoise
[02/09/2014 10:39:10] /m blastoise/m blastoise
[02/09/2014 10:39:10] /m blastoise
[02/09/2014 10:39:10] /m blastoise
[02/09/2014 10:39:11] /m blastoise
[02/09/2014 10:39:11] /m blastoise
[02/09/2014 10:39:11] /m blastoise
[02/09/2014 10:39:11] /m blastoise
[02/09/2014 10:39:12] /m blastoise/m blastoise/m blastoise
[02/09/2014 10:39:15] /t
[04/09/2014 22:07:10] /b Tchau :/ So Entrei Pq Tava Com Saudades 
[05/09/2014 23:24:47] /i water stone
[05/09/2014 23:25:18] /t Mystogann
[08/09/2014 17:19:00] /town 4
[08/09/2014 17:21:34] /t
[08/09/2014 17:23:11] /b Galera Se alguem Conheçe o Lord Pao e Tem ele no Face Avisem Ele Pra ele Entrar Rapido Presciso ter uma Conversa Com Ele
[08/09/2014 17:24:28] /c Lord Show
[08/09/2014 18:51:56] /b o Evento ira Acontecer as 19:00 Com 30 ou 29 Players Online Go Go Divulgem
[08/09/2014 18:56:47] /bc Green Go Go 19:00 Evento Go Go Divulgem ae
[08/09/2014 18:56:48] /bc Green Go Go 19:00 Evento Go Go Divulgem ae
[08/09/2014 18:56:48] /bc Green Go Go 19:00 Evento Go Go Divulgem ae
[08/09/2014 18:56:49] /bc Green Go Go 19:00 Evento Go Go Divulgem ae
[08/09/2014 18:56:49] /bc Green Go Go 19:00 Evento Go Go Divulgem ae
[08/09/2014 18:56:49] /bc Green Go Go 19:00 Evento Go Go Divulgem ae
[08/09/2014 18:56:49] /bc Green Go Go 19:00 Evento Go Go Divulgem ae
[08/09/2014 18:56:50] /bc Green Go Go 19:00 Evento Go Go Divulgem ae
[08/09/2014 18:56:50] /bc Green Go Go 19:00 Evento Go Go Divulgem ae
[08/09/2014 18:56:55] /bc Greenn Go Go 19:00 Evento Go Go Divulgem ae
[08/09/2014 18:58:43] /bc Green Go Go 19:00 Evento Go Go Divulgem ae
[08/09/2014 19:00:29] /b 19:00 Vou Preparar Evento So Estou Resolvendo Um Negocio Aqui
[08/09/2014 19:01:59] /b Todos Cp de Saffron
[08/09/2014 19:04:49] /b Galera
[08/09/2014 19:04:59] /b o Primeiro Evento Vai Ser de Me Esconder
[08/09/2014 19:05:20] /b Tenhan Calma vai aver 3 eventos
[08/09/2014 19:05:38] /ghost
[08/09/2014 19:05:39] /ghost
[08/09/2014 19:06:03] /b Se Eu Achar Algum procurando Vai Sair do evento So quando eu falar Ja
[08/09/2014 19:06:07] /b Se Eu Achar Algum procurando Vai Sair do evento So quando eu falar Ja
[08/09/2014 19:06:53] /b Podem procurar
[08/09/2014 19:06:55] /ghost
[08/09/2014 19:07:22] /b Jeean Achou
[08/09/2014 19:07:40] /goto Jeean
[08/09/2014 19:08:06] /t theus-dark
[08/09/2014 19:08:15] /t yakiteru
[08/09/2014 19:09:13] /t jeean
[08/09/2014 19:10:01] /goto Lord Pao
[08/09/2014 19:10:27] /b Galera Pera 1 mim to arrumando um negocio
[08/09/2014 19:13:35] /b Galera Calma ae To resolvendo um negocio aqui
[08/09/2014 19:18:26] /b GALERA EVENTO JA VAI COMEÇAR
[08/09/2014 19:18:35] /b PACIENCIA
[08/09/2014 19:19:04] /b Qual evento vcs querem??
[08/09/2014 19:19:16] /b Falem no help
[08/09/2014 19:20:59] /b Galera Parem de Mander Pm estou resolvendo um negocio serio aqui
[08/09/2014 19:21:57] /b Falem qual evento vcs querem no help
[08/09/2014 19:21:59] /ghost
[08/09/2014 19:22:05] /goto noob gordao
[08/09/2014 19:22:17] /goto Noob Goordao
[08/09/2014 19:22:27] /ghost
[08/09/2014 19:22:52] /b Não Vou responder PM
[08/09/2014 19:23:19] /b Invasao Up 
[08/09/2014 19:23:28] /b Dps vou fazer o evento de esconder itens com invasao junto
[08/09/2014 19:23:56] /m elder gengar
[08/09/2014 19:23:56] /m jynx
[08/09/2014 19:23:56] /m dragon machamp
[08/09/2014 19:23:56] /m jynx
[08/09/2014 19:23:56] /m elder gengar
[08/09/2014 19:23:57] /m elder gengar
[08/09/2014 19:23:57] /m jynx
[08/09/2014 19:23:57] /m dragon machamp
[08/09/2014 19:23:57] /m elder gengar
[08/09/2014 19:23:57] /m jynx
[08/09/2014 19:23:57] /m dragon machamp
[08/09/2014 19:23:57] /m elder gengar
[08/09/2014 19:23:57] /m jynx
[08/09/2014 19:23:57] /m dragon machamp
[08/09/2014 19:23:58] /m elder gengar
[08/09/2014 19:23:58] /m jynx
[08/09/2014 19:23:58] /m dragon machamp
[08/09/2014 19:23:58] /m elder gengar
[08/09/2014 19:23:58] /m jynx
[08/09/2014 19:23:58] /m dragon machamp
[08/09/2014 19:23:59] /m elder gengar
[08/09/2014 19:23:59] /m dragon machamp
[08/09/2014 19:23:59] /m elder gengar
[08/09/2014 19:23:59] /m dragon machamp
[08/09/2014 19:23:59] /m jynx
[08/09/2014 19:24:00] /m elder gengar
[08/09/2014 19:24:00] /m dragon machamp
[08/09/2014 19:24:01] /m jynx
[08/09/2014 19:24:01] /m dragon machamp
[08/09/2014 19:24:01] /m elder gengar
[08/09/2014 19:24:01] /m jynx
[08/09/2014 19:24:01] /m dragon machamp
[08/09/2014 19:24:01] /m elder gengar
[08/09/2014 19:24:01] /m jynx
[08/09/2014 19:24:01] /m dragon machamp
[08/09/2014 19:24:01] /m elder gengar
[08/09/2014 19:24:01] /m jynx
[08/09/2014 19:24:01] /m dragon machamp
[08/09/2014 19:24:03] /m dragon machamp
[08/09/2014 19:24:03] /m jynx
[08/09/2014 19:24:03] /m elder gengar
[08/09/2014 19:24:03] /m dragon machamp
[08/09/2014 19:24:09] /m jynx
[08/09/2014 19:24:09] /m elder gengar
[08/09/2014 19:24:09] /m dragon machamp
[08/09/2014 19:24:09] /m elder gengar
[08/09/2014 19:24:09] /m jynx
[08/09/2014 19:24:09] /m dragon machamp
[08/09/2014 19:24:09] /m elder gengar
[08/09/2014 19:24:09] /m jynx
[08/09/2014 19:24:09] /m dragon machamp
[08/09/2014 19:24:09] /m elder gengar
[08/09/2014 19:24:09] /m jynx
[08/09/2014 19:24:09] /m dragon machamp
[08/09/2014 19:24:09] /m jynx
[08/09/2014 19:24:09] /m elder gengar
[08/09/2014 19:24:09] /m dragon machamp
[08/09/2014 19:24:09] /m elder gengar
[08/09/2014 19:24:09] /m jynx
[08/09/2014 19:24:09] /m dragon machamp
[08/09/2014 19:24:09] /m elder gengar
[08/09/2014 19:24:09] /m jynx
[08/09/2014 19:24:09] /m dragon machamp
[08/09/2014 19:24:09] /m elder gengar
[08/09/2014 19:24:09] /m dragon machamp
[08/09/2014 19:24:09] /m jynx
[08/09/2014 19:24:09] /m elder gengar
[08/09/2014 19:24:09] /m dragon machamp
[08/09/2014 19:24:09] /m jynx
[08/09/2014 19:24:09] /m elder gengar
[08/09/2014 19:24:09] /m dragon machamp
[08/09/2014 19:24:09] /m jynx
[08/09/2014 19:24:09] /m jynx
[08/09/2014 19:24:09] /m elder gengar
[08/09/2014 19:24:09] /m dragon machamp
[08/09/2014 19:24:09] /m elder gengar
[08/09/2014 19:24:09] /m elder gengar
[08/09/2014 19:24:09] /m jynx
[08/09/2014 19:24:09] /m dragon machamp
[08/09/2014 19:24:09] /m jynx
[08/09/2014 19:24:09] /m dragon machamp
[08/09/2014 19:24:09] /m elder gengar
[08/09/2014 19:24:09] /m jynx
[08/09/2014 19:24:09] /m dragon machamp
[08/09/2014 19:24:09] /m elder gengar
[08/09/2014 19:24:09] /m dragon machamp
[08/09/2014 19:24:09] /m jynx
[08/09/2014 19:24:09] /m elder gengar
[08/09/2014 19:24:09] /m dragon machamp
[08/09/2014 19:24:09] /m jynx
[08/09/2014 19:24:09] /m elder gengar
[08/09/2014 19:24:09] /m jynx
[08/09/2014 19:24:09] /m dragon machamp
[08/09/2014 19:24:10] /m elder gengar
[08/09/2014 19:24:10] /m jynx
[08/09/2014 19:24:10] /m dragon machamp
[08/09/2014 19:24:10] /m elder gengar
[08/09/2014 19:24:10] /m jynx
[08/09/2014 19:24:10] /m dragon machamp
[08/09/2014 19:24:11] /m elder gengar
[08/09/2014 19:24:14] /m jynx
[08/09/2014 19:24:14] /m dragon machamp
[08/09/2014 19:24:14] /m elder gengar
[08/09/2014 19:24:14] /m jynx
[08/09/2014 19:24:14] /m dragon machamp
[08/09/2014 19:24:14] /m elder gengar
[08/09/2014 19:24:14] /m dragon machamp
[08/09/2014 19:24:14] /m jynx
[08/09/2014 19:24:14] /m elder gengar
[08/09/2014 19:24:14] /m jynx
[08/09/2014 19:24:14] /m dragon machamp
[08/09/2014 19:24:14] /m elder gengar
[08/09/2014 19:24:14] /m jynx
[08/09/2014 19:24:14] /m dragon machamp
[08/09/2014 19:24:14] /m elder gengar
[08/09/2014 19:24:14] /m jynx
[08/09/2014 19:24:14] /m dragon machamp
[08/09/2014 19:24:14] /m elder gengar
[08/09/2014 19:24:14] /m jynx
[08/09/2014 19:24:14] /m dragon machamp
[08/09/2014 19:24:14] /m elder gengar
[08/09/2014 19:24:15] /m jynx
[08/09/2014 19:24:15] /m dragon machamp
[08/09/2014 19:24:21] /m elder gengar
[08/09/2014 19:24:21] /m jynx
[08/09/2014 19:24:21] /m dragon machamp
[08/09/2014 19:24:21] /m elder gengar
[08/09/2014 19:24:21] /m jynx
[08/09/2014 19:24:21] /m dragon machamp
[08/09/2014 19:24:21] /m elder gengar
[08/09/2014 19:24:21] /m jynx
[08/09/2014 19:24:21] /m dragon machamp
[08/09/2014 19:24:21] /m elder gengar
[08/09/2014 19:24:21] /m dragon machamp
[08/09/2014 19:24:21] /m jynx
[08/09/2014 19:24:25] /m elder gengar
[08/09/2014 19:24:25] /m jynx
[08/09/2014 19:24:25] /m dragon machamp
[08/09/2014 19:24:25] /m elder gengar
[08/09/2014 19:24:25] /m dragon machamp
[08/09/2014 19:24:25] /m jynx
[08/09/2014 19:24:25] /m elder gengar
[08/09/2014 19:24:25] /m jynx
[08/09/2014 19:24:25] /m dragon machamp
[08/09/2014 19:24:25] /m elder gengar
[08/09/2014 19:24:25] /m jynx
[08/09/2014 19:24:25] /m dragon machamp
[08/09/2014 19:24:25] /m elder gengar
[08/09/2014 19:24:26] /m dragon machamp
[08/09/2014 19:24:26] /m jynx
[08/09/2014 19:24:26] /m elder gengar
[08/09/2014 19:24:26] /m jynx
[08/09/2014 19:24:26] /m dragon machamp
[08/09/2014 19:24:26] /m elder gengar
[08/09/2014 19:24:26] /m jynx
[08/09/2014 19:24:27] /m dragon machamp
[08/09/2014 19:24:27] /m elder gengar
[08/09/2014 19:24:29] /m dragon machamp
[08/09/2014 19:24:29] /m elder gengar
[08/09/2014 19:24:29] /m jynx
[08/09/2014 19:24:29] /m dragon machamp
[08/09/2014 19:24:29] /m elder gengar
[08/09/2014 19:24:29] /m jynx
[08/09/2014 19:24:29] /m dragon machamp
[08/09/2014 19:24:29] /m elder gengar
[08/09/2014 19:24:29] /m jynx
[08/09/2014 19:24:29] /m dragon machamp
[08/09/2014 19:24:30] /m elder gengar
[08/09/2014 19:24:30] /m jynx
[08/09/2014 19:24:30] /m dragon machamp
[08/09/2014 19:24:34] /m elder gengar
[08/09/2014 19:24:34] /m jynx
[08/09/2014 19:24:34] /m dragon machamp
[08/09/2014 19:24:34] /m elder gengar
[08/09/2014 19:24:34] /m dragon machamp
[08/09/2014 19:24:34] /m jynx
[08/09/2014 19:24:34] /m elder gengar
[08/09/2014 19:24:34] /m dragon machamp
[08/09/2014 19:24:34] /m jynx
[08/09/2014 19:24:34] /m elder gengar
[08/09/2014 19:24:34] /m dragon machamp
[08/09/2014 19:24:34] /m jynx
[08/09/2014 19:24:34] /m elder gengar
[08/09/2014 19:24:34] /m jynx
[08/09/2014 19:24:34] /m dragon machamp
[08/09/2014 19:24:34] /m elder gengar
[08/09/2014 19:24:34] /m jynx
[08/09/2014 19:24:34] /m dragon machamp
[08/09/2014 19:24:34] /m elder gengar
[08/09/2014 19:24:34] /m jynx
[08/09/2014 19:24:34] /m dragon machamp
[08/09/2014 19:24:34] /m elder gengar
[08/09/2014 19:24:34] /m jynx
[08/09/2014 19:24:34] /m dragon machamp
[08/09/2014 19:24:34] /m elder gengar
[08/09/2014 19:24:34] /m jynx
[08/09/2014 19:24:34] /m dragon machamp
[08/09/2014 19:24:34] /m elder gengar
[08/09/2014 19:24:34] /m jynx
[08/09/2014 19:24:34] /m dragon machamp
[08/09/2014 19:24:34] /m elder gengar
[08/09/2014 19:24:34] /m jynx
[08/09/2014 19:24:34] /m dragon machamp
[08/09/2014 19:24:34] /m elder gengar
[08/09/2014 19:24:34] /m jynx
[08/09/2014 19:24:34] /m dragon machamp
[08/09/2014 19:24:34] /m elder gengar
[08/09/2014 19:24:34] /m jynx
[08/09/2014 19:24:34] /m dragon machamp
[08/09/2014 19:24:36] /m elder gengar
[08/09/2014 19:24:36] /m jynx
[08/09/2014 19:24:36] /m dragon machamp
[08/09/2014 19:24:36] /m elder gengar
[08/09/2014 19:24:36] /m jynx
[08/09/2014 19:24:36] /m dragon machamp
[08/09/2014 19:24:36] /m elder gengar
[08/09/2014 19:24:36] /m jynx
[08/09/2014 19:24:36] /m dragon machamp
[08/09/2014 19:24:36] /m elder gengar
[08/09/2014 19:24:38] /m jynx
[08/09/2014 19:24:38] /m dragon machamp
[08/09/2014 19:24:38] /m elder gengar
[08/09/2014 19:24:38] /m jynx
[08/09/2014 19:24:38] /m dragon machamp
[08/09/2014 19:24:38] /m elder gengar
[08/09/2014 19:24:38] /m jynx
[08/09/2014 19:24:38] /m dragon machamp
[08/09/2014 19:24:38] /m elder gengar
[08/09/2014 19:24:41] /m jynx
[08/09/2014 19:24:41] /m dragon machamp
[08/09/2014 19:24:41] /m elder gengar
[08/09/2014 19:24:41] /m jynx
[08/09/2014 19:24:41] /m dragon machamp
[08/09/2014 19:24:41] /m elder gengar
[08/09/2014 19:24:41] /m jynx
[08/09/2014 19:24:41] /m dragon machamp
[08/09/2014 19:24:41] /m elder gengar
[08/09/2014 19:24:41] /m jynx
[08/09/2014 19:24:41] /m dragon machamp
[08/09/2014 19:24:41] /m elder gengar
[08/09/2014 19:24:41] /m jynx
[08/09/2014 19:24:41] /m dragon machamp
[08/09/2014 19:24:41] /m jynx
[08/09/2014 19:24:41] /m jynx
[08/09/2014 19:24:41] /m jynx
[08/09/2014 19:24:41] /m jynx
[08/09/2014 19:24:41] /m dragon machamp
[08/09/2014 19:24:42] /m dragon machamp
[08/09/2014 19:24:42] /m dragon machamp
[08/09/2014 19:24:42] /m dragon machamp
[08/09/2014 19:24:42] /m dragon machamp
[08/09/2014 19:24:42] /m elder gengar
[08/09/2014 19:24:42] /m dragon machamp
[08/09/2014 19:24:42] /m jynx
[08/09/2014 19:24:42] /m dragon machamp
[08/09/2014 19:24:42] /m dragon machamp
[08/09/2014 19:24:42] /m dragon machamp
[08/09/2014 19:24:42] /m elder gengar
[08/09/2014 19:24:43] /m jynx
[08/09/2014 19:24:43] /m dragon machamp
[08/09/2014 19:24:43] /m elder gengar
[08/09/2014 19:24:43] /m jynx
[08/09/2014 19:24:43] /m dragon machamp
[08/09/2014 19:24:44] /m dragon machamp
[08/09/2014 19:24:44] /m jynx
[08/09/2014 19:24:44] /m elder gengar
[08/09/2014 19:24:45] /m elder gengar
[08/09/2014 19:24:47] /m jynx
[08/09/2014 19:24:47] /m dragon machamp
[08/09/2014 19:24:47] /m elder gengar
[08/09/2014 19:24:47] /m jynx
[08/09/2014 19:24:47] /m dragon machamp
[08/09/2014 19:24:47] /m elder gengar
[08/09/2014 19:24:47] /m jynx
[08/09/2014 19:24:47] /m dragon machamp
[08/09/2014 19:24:47] /m jynx
[08/09/2014 19:24:47] /m elder gengar
[08/09/2014 19:24:47] /m dragon machamp
[08/09/2014 19:24:47] /m jynx
[08/09/2014 19:24:47] /m elder gengar
[08/09/2014 19:24:47] /m dragon machamp
[08/09/2014 19:24:47] /m jynx
[08/09/2014 19:24:47] /m elder gengar
[08/09/2014 19:24:47] /m jynx
[08/09/2014 19:24:47] /m dragon machamp
[08/09/2014 19:24:48] /m elder gengar
[08/09/2014 19:24:48] /m dragon machamp
[08/09/2014 19:24:48] /m jynx
[08/09/2014 19:24:48] /m elder gengar
[08/09/2014 19:24:48] /m jynx
[08/09/2014 19:24:48] /m dragon machamp
[08/09/2014 19:24:48] /m elder gengar
[08/09/2014 19:24:49] /m jynx
[08/09/2014 19:24:49] /m dragon machamp
[08/09/2014 19:24:49] /m elder gengar
[08/09/2014 19:24:49] /m dragon machamp
[08/09/2014 19:24:49] /m jynx
[08/09/2014 19:24:49] /m elder gengar
[08/09/2014 19:24:49] /m jynx
[08/09/2014 19:24:49] /m dragon machamp
[08/09/2014 19:24:50] /m elder gengar
[08/09/2014 19:24:51] /m jynx
[08/09/2014 19:24:51] /m dragon machamp
[08/09/2014 19:24:51] /m elder gengar
[08/09/2014 19:24:51] /m jynx
[08/09/2014 19:24:51] /m dragon machamp
[08/09/2014 19:24:51] /m elder gengar
[08/09/2014 19:24:51] /m jynx
[08/09/2014 19:24:51] /m dragon machamp
[08/09/2014 19:24:51] /m elder gengar
[08/09/2014 19:24:51] /m dragon machamp
[08/09/2014 19:24:51] /m elder gengar
[08/09/2014 19:24:52] /m jynx
[08/09/2014 19:24:52] /m dragon machamp
[08/09/2014 19:24:52] /m elder gengar
[08/09/2014 19:24:52] /m jynx
[08/09/2014 19:24:52] /m dragon machamp
[08/09/2014 19:24:52] /m elder gengar
[08/09/2014 19:24:54] /m jynx
[08/09/2014 19:24:54] /m dragon machamp
[08/09/2014 19:24:54] /m elder gengar
[08/09/2014 19:24:54] /m jynx
[08/09/2014 19:24:54] /m dragon machamp
[08/09/2014 19:24:54] /m elder gengar
[08/09/2014 19:24:54] /m jynx
[08/09/2014 19:24:54] /m dragon machamp
[08/09/2014 19:25:01] /m jynx
[08/09/2014 19:25:01] /m dragon machamp
[08/09/2014 19:25:02] /m elder gengar
[08/09/2014 19:25:02] /m jynx
[08/09/2014 19:25:02] /m dragon machamp
[08/09/2014 19:25:02] /m elder gengar
[08/09/2014 19:25:02] /m jynx
[08/09/2014 19:25:02] /m elder gengar
[08/09/2014 19:25:02] /m jynx
[08/09/2014 19:25:02] /m dragon machamp
[08/09/2014 19:25:02] /m elder gengar
[08/09/2014 19:25:03] /m dragon machamp
[08/09/2014 19:25:03] /m jynx
[08/09/2014 19:25:03] /m elder gengar
[08/09/2014 19:25:03] /m jynx
[08/09/2014 19:25:03] /m dragon machamp
[08/09/2014 19:25:03] /m elder gengar
[08/09/2014 19:25:03] /m jynx
[08/09/2014 19:25:03] /m dragon machamp
[08/09/2014 19:25:04] /m elder gengar
[08/09/2014 19:25:07] /m jynx
[08/09/2014 19:25:07] /m dragon machamp
[08/09/2014 19:25:07] /m elder gengar
[08/09/2014 19:25:07] /m jynx
[08/09/2014 19:25:07] /m dragon machamp
[08/09/2014 19:25:07] /m elder gengar
[08/09/2014 19:25:07] /m dragon machamp
[08/09/2014 19:25:07] /m elder gengar
[08/09/2014 19:25:07] /m dragon machamp
[08/09/2014 19:25:07] /m jynx
[08/09/2014 19:25:07] /m elder gengar
[08/09/2014 19:25:07] /m dragon machamp
[08/09/2014 19:25:07] /m elder gengar
[08/09/2014 19:25:07] /m jynx
[08/09/2014 19:25:07] /m dragon machamp
[08/09/2014 19:25:07] /m elder gengar
[08/09/2014 19:25:07] /m dragon machamp
[08/09/2014 19:25:07] /m elder gengar
[08/09/2014 19:25:07] /m dragon machamp
[08/09/2014 19:25:07] /m elder gengar
[08/09/2014 19:25:09] /m elder gengar
[08/09/2014 19:25:09] /m dragon machamp
[08/09/2014 19:25:09] /m jynx
[08/09/2014 19:25:15] /b Não vou responder Pm
[08/09/2014 19:25:35] /b Lord Pao o GEWAR vai resolver com vc
[08/09/2014 19:25:37] /m elder gengar
[08/09/2014 19:25:37] /m jynx
[08/09/2014 19:25:37] /m dragon machamp
[08/09/2014 19:25:37] /m elder gengar
[08/09/2014 19:25:38] /m dragon machamp
[08/09/2014 19:25:38] /m jynx
[08/09/2014 19:25:38] /m elder gengar
[08/09/2014 19:25:40] /m jynx
[08/09/2014 19:25:40] /m dragon machamp
[08/09/2014 19:25:40] /m elder gengar
[08/09/2014 19:25:40] /m jynx
[08/09/2014 19:25:40] /m dragon machamp
[08/09/2014 19:25:52] /m elder gengar
[08/09/2014 19:25:52] /m dragon machamp
[08/09/2014 19:25:52] /m jynx
[08/09/2014 19:25:53] /m elder gengar
[08/09/2014 19:25:53] /m dragon machamp
[08/09/2014 19:25:53] /m jynx
[08/09/2014 19:25:53] /m elder gengar
[08/09/2014 19:25:53] /m dragon machamp
[08/09/2014 19:25:53] /m jynx
[08/09/2014 19:25:54] /m elder gengar
[08/09/2014 19:25:54] /m jynx
[08/09/2014 19:25:54] /m dragon machamp
[08/09/2014 19:25:54] /m elder gengar
[08/09/2014 19:25:54] /m dragon machamp
[08/09/2014 19:25:54] /m jynx
[08/09/2014 19:25:54] /m elder gengar
[08/09/2014 19:25:54] /m jynx
[08/09/2014 19:25:54] /m dragon machamp
[08/09/2014 19:25:55] /m elder gengar
[08/09/2014 19:25:55] /m jynx
[08/09/2014 19:25:58] /m dragon machamp
[08/09/2014 19:25:58] /m jynx
[08/09/2014 19:25:58] /m elder gengar
[08/09/2014 19:25:58] /m dragon machamp
[08/09/2014 19:25:58] /m jynx
[08/09/2014 19:25:58] /m elder gengar
[08/09/2014 19:25:58] /m dragon machamp
[08/09/2014 19:25:58] /m jynx
[08/09/2014 19:25:58] /m elder gengar
[08/09/2014 19:25:59] /m dragon machamp
[08/09/2014 19:25:59] /m jynx
[08/09/2014 19:25:59] /m elder gengar
[08/09/2014 19:26:00] /m dragon machamp
[08/09/2014 19:26:00] /m jynx
[08/09/2014 19:26:01] /m elder gengar
[08/09/2014 19:26:01] /m jynx
[08/09/2014 19:26:01] /m dragon machamp
[08/09/2014 19:26:01] /m jynx
[08/09/2014 19:26:01] /m jynx
[08/09/2014 19:26:01] /m jynx
[08/09/2014 19:26:01] /m jynx
[08/09/2014 19:26:01] /m elder gengar
[08/09/2014 19:26:01] /m jynx
[08/09/2014 19:26:01] /m elder gengar
[08/09/2014 19:26:02] /m elder gengar
[08/09/2014 19:26:02] /m elder gengar
[08/09/2014 19:26:02] /m dragon machamp
[08/09/2014 19:26:02] /m elder gengar
[08/09/2014 19:26:02] /m jynx
[08/09/2014 19:26:46] /b Ja que todos estao fortes Go Go Evento Pvp
[08/09/2014 19:27:46] /r
[08/09/2014 19:27:48] /r
[08/09/2014 19:27:57] /i 12727
[08/09/2014 19:27:59] /i 12727
[08/09/2014 19:28:00] /i 12727
[08/09/2014 19:28:01] /i 12727
[08/09/2014 19:28:03] /r
[08/09/2014 19:28:04] /i 12727
[08/09/2014 19:28:05] /i 12727
[08/09/2014 19:28:06] /i 12727
[08/09/2014 19:28:08] /r
[08/09/2014 19:28:09] /r
[08/09/2014 19:28:11] /r
[08/09/2014 19:28:12] /r
[08/09/2014 19:28:14] /r
[08/09/2014 19:28:15] /r
[08/09/2014 19:28:16] /r
[08/09/2014 19:28:17] /r
[08/09/2014 19:28:19] /r
[08/09/2014 19:28:20] /r
[08/09/2014 19:28:22] /r
[08/09/2014 19:28:26] /r
[08/09/2014 19:28:31] /i 12727
[08/09/2014 19:28:33] /i 12727
[08/09/2014 19:28:35] /r
[08/09/2014 19:28:36] /r
[08/09/2014 19:28:38] /r
[08/09/2014 19:28:40] /r
[08/09/2014 19:28:41] /r
[08/09/2014 19:28:44] /r
[08/09/2014 19:28:46] /i 12727
[08/09/2014 19:28:52] /i 12727
[08/09/2014 19:28:56] /i 12727
[08/09/2014 19:28:58] /i 12727
[08/09/2014 19:28:59] /i 12727
[08/09/2014 19:29:00] /i 12727
[08/09/2014 19:29:01] /i 12727
[08/09/2014 19:29:01] /i 12727
[08/09/2014 19:29:02] /i 12727
[08/09/2014 19:29:04] /r
[08/09/2014 19:29:04] /i 12727
[08/09/2014 19:29:06] /i 12727
[08/09/2014 19:29:06] /i 12727
[08/09/2014 19:29:09] /i 12727
[08/09/2014 19:29:12] /i 12727
[08/09/2014 19:29:13] /i 12727
[08/09/2014 19:29:13] /i 12727
[08/09/2014 19:29:15] /i 12727
[08/09/2014 19:29:17] /r
[08/09/2014 19:29:18] /i 12727
[08/09/2014 19:29:19] /i 12727
[08/09/2014 19:29:20] /i 12727
[08/09/2014 19:29:22] /r
[08/09/2014 19:29:24] /r
[08/09/2014 19:29:25] /i 12727
[08/09/2014 19:29:28] /i 12727
[08/09/2014 19:29:30] /i 12727
[08/09/2014 19:29:32] /i 12727
[08/09/2014 19:29:37] /i 12727
[08/09/2014 19:29:40] /i 12727
[08/09/2014 19:29:41] /i 12727
[08/09/2014 19:29:42] /r
[08/09/2014 19:29:43] /i 12727
[08/09/2014 19:29:44] /i 12727
[08/09/2014 19:29:45] /i 12727
[08/09/2014 19:29:54] /i 12727
[08/09/2014 19:30:30] /r
[08/09/2014 19:30:32] /r
[08/09/2014 19:30:33] /r
[08/09/2014 19:30:35] /r
[08/09/2014 19:30:45] /r
[08/09/2014 19:30:48] /r
[08/09/2014 19:31:15] /r
[08/09/2014 19:31:17] /i 12727
[08/09/2014 19:31:18] /i 12727
[08/09/2014 19:31:21] /r
[08/09/2014 19:31:22] /r
[08/09/2014 19:31:25] /i 12727
[08/09/2014 19:31:26] /r
[08/09/2014 19:31:27] /r
[08/09/2014 19:31:28] /r
[08/09/2014 19:31:29] /r
[08/09/2014 19:31:30] /r
[08/09/2014 19:31:32] /r
[08/09/2014 19:31:37] /r
[08/09/2014 19:31:40] /i 12727
[08/09/2014 19:31:47] /i 1387
[08/09/2014 19:31:51] /r
[08/09/2014 19:31:52] /t
[08/09/2014 19:31:58] /b Todos Cp saffron
[08/09/2014 19:32:05] /i 12727
[08/09/2014 19:32:09] /i 12727
[08/09/2014 19:32:17] /i 1387
[08/09/2014 19:32:25] /b Evento PVP
[08/09/2014 19:32:30] /r
[08/09/2014 19:32:32] /i 12727
[08/09/2014 19:32:35] /i 12727
[08/09/2014 19:33:11] /attr position 967
[08/09/2014 19:33:29] /attr 967 1052 13
[08/09/2014 19:34:10] /ghost
[08/09/2014 19:34:46] /t
[08/09/2014 19:34:52] /r
[08/09/2014 19:35:00] /b Todos Entrem no portal do cp de saffron
[08/09/2014 19:35:21] /t
[08/09/2014 19:35:56] /b Galera House um erro kkkkkk
[08/09/2014 19:35:57] /t
[08/09/2014 19:36:07] /goto [ADM] Gewar
[08/09/2014 19:36:11] /r
[08/09/2014 19:36:17] /r
[08/09/2014 19:36:18] /r
[08/09/2014 19:37:45] /b Galera Vou reiniciar o Moldem do meu pc pq minha net ta caindo mt Pera ae Gewar Ja volto
[08/09/2014 20:15:17] /b Mals Galera Caiu minha net e n voltou mais
[08/09/2014 20:15:26] /goto [ADM] Gewar
