[23/09/2014 13:53:59] /b voltei a  ser homen*
[23/09/2014 13:54:21] /b Oi serena*
[23/09/2014 13:57:14] /newtype 1342
[23/09/2014 13:57:23] /newtype 1234
[23/09/2014 13:57:30] /newtype 1442
[23/09/2014 13:57:59] /newtype  328
[23/09/2014 13:58:03] /newtype 328
[23/09/2014 13:58:35] /newtype 1231
[23/09/2014 13:59:40] /newtype 821
[23/09/2014 14:00:27] /newtype 822
[23/09/2014 14:00:38] /newtype 823
[23/09/2014 14:00:46] /newtype 824
[23/09/2014 14:00:59] /newtype 332
[23/09/2014 14:01:16] /newtype 334
[23/09/2014 14:01:27] /newtype 337
[23/09/2014 14:01:36] /newtype 835
[23/09/2014 14:01:44] /newtype 891
[23/09/2014 14:01:51] /newtype 851
[23/09/2014 14:02:00] /newtype 391
[23/09/2014 14:02:06] /newtype 332
[23/09/2014 14:02:16] /newtype 821
[23/09/2014 14:02:21] /newtype 332
[23/09/2014 14:03:08] /newtype 328
[23/09/2014 14:03:31] /newtype 328
[23/09/2014 14:03:58] /newtype 328
[23/09/2014 14:04:15] /newtype 328
[23/09/2014 14:04:36] /newtype 328
[23/09/2014 14:05:12] /b Nuss ele e lv 812 O.o
[23/09/2014 14:05:28] /b Nem antes do reset  tinha gente  nesse lv
[23/09/2014 14:05:38] /newtype 327
[23/09/2014 14:05:44] /newtype 326
[23/09/2014 14:05:53] /newtype 330
[23/09/2014 14:06:07] /newtype 325
[23/09/2014 14:07:20] /newtype 314
[23/09/2014 14:07:40] /newtype 315
[23/09/2014 14:07:46] /newtype 315
[23/09/2014 14:07:51] /newtype 312
[23/09/2014 14:08:13] /b KKKKKK , Serena uso newtype 312
[23/09/2014 14:08:41] /newtype 311
[23/09/2014 14:09:21] /newtype 309
[23/09/2014 14:09:26] /newtype 305
[23/09/2014 14:09:38] /newtype 211
[23/09/2014 14:09:45] /newtype 221
[23/09/2014 14:09:53] /newtype 1421
[23/09/2014 14:10:34] /rename Black ,Dlç
