[12/08/2014 21:36:16] /b Quem está com duvida pergunte no help responderei 
[12/08/2014 21:38:02] /b Gewar obg QUAL QUER  COISA chama <3
[12/08/2014 21:38:37] /t 
[12/08/2014 21:42:06] /b Estó  na frente do cp Se vocês tem duvidas .
[12/08/2014 21:57:54] /b 21:57 Dodo: q eu escondi um magnezone em saffron pra galera procura . Quem achar  ganhar  
[12/08/2014 22:06:38] /t mickael
[12/08/2014 22:13:12] /b Se [ADM] Gewar permite  irei ir golden quest . mais 1º tenho que ter permição
[12/08/2014 22:14:03] /t guilherme
[12/08/2014 22:15:26] /t Guilherme
[12/08/2014 23:17:30] /b  Vo ir dormi  Obg  a todos  playes   que  respeitarma minha chegada  na staff
[13/08/2014 10:38:03] /b Bom dia <3
[13/08/2014 10:45:55] /b  desculpem playes net caiu .
[13/08/2014 11:02:46] /b Oi [ADM] Gewar Bom dia.
[13/08/2014 11:54:51] /b vo sair
[13/08/2014 11:56:14] /t muka
[13/08/2014 11:59:24] /t
[14/08/2014 13:19:17] /b Gewar  ta ai?
[14/08/2014 13:19:26] /b tenho ideias
[14/08/2014 13:25:07] /b alguem está preso ?. (bugado)
[14/08/2014 13:30:09] /b 13:29 Ferpsrs: gogo main quest ( team main quest  like boss , ferpsrs,leozxl) da pm nele .
[14/08/2014 13:34:11] /b  quem for main quest vai tp  cerulean.
[14/08/2014 13:41:50] /b Já to Na  frente  da Tia  cida aki estó com leozxl  Vem .
[14/08/2014 13:45:55] /t luiz
[14/08/2014 14:00:29] /b  adm vem resolver issu aki
[14/08/2014 14:09:17] /t
[14/08/2014 14:14:36] /t
[14/08/2014 14:18:16] /t
[14/08/2014 14:39:49] /t mickael
[14/08/2014 14:48:27] /t
[14/08/2014 15:07:07] /t
[14/08/2014 15:15:01] /t
[14/08/2014 15:27:25] /b Alguem precissa de ajudar?.
[14/08/2014 15:33:33] /t
[14/08/2014 17:27:18] /t
[14/08/2014 17:33:38] /b  Gewar  Cd  você .
[14/08/2014 17:38:27] /t
[14/08/2014 17:45:04] /t  quade cyan
[14/08/2014 17:54:25] /t
[14/08/2014 18:06:54] /t
[14/08/2014 18:10:34] /t like boss
[14/08/2014 18:10:36] /t
[14/08/2014 18:22:46] /t
[14/08/2014 18:24:16] /t
[14/08/2014 18:28:16] /t  Khelvynh
[14/08/2014 18:28:40] /b go  golden arena
[14/08/2014 18:29:30] /t kurt
[14/08/2014 18:34:54] /t kurrt
[14/08/2014 18:40:05] /t picst
[14/08/2014 19:03:44] /t lord trevas
[14/08/2014 19:13:32] /t
[14/08/2014 19:19:32] /t
[14/08/2014 19:20:58] /b  adm ira  reiniciar  pc  em 2  minuto
[14/08/2014 19:21:06] /b  adm ira  reiniciar  pc  em 2  minuto repito
[14/08/2014 19:37:47] /b Playes  eu peso  desculpa por  o serve fika  caindo
[14/08/2014 20:13:05] /t picst
[14/08/2014 20:13:36] /t
[14/08/2014 20:31:52] /b  aew que tiver  com graça do account name     e eu descobri e notation
[14/08/2014 20:59:04] /t kutty
[14/08/2014 20:59:08] /t kurrt
[14/08/2014 21:14:54] /b  alguem ta preso
[14/08/2014 21:32:12] /t
[14/08/2014 21:35:16] /t 1
[14/08/2014 21:35:28] /t 3
[14/08/2014 21:36:54] /t
[14/08/2014 22:05:23] /t
[14/08/2014 22:16:56] /t
[14/08/2014 22:22:17] /t odius
[14/08/2014 22:37:49] /b Boa noite  todos :S
[15/08/2014 20:12:01] /t Lucifer
[15/08/2014 22:56:45] /b Oie
[15/08/2014 23:12:43] /t
[15/08/2014 23:22:40] /t
[15/08/2014 23:29:08] /b aff  chamem os poke 
[15/08/2014 23:29:53] /t xpkratospro
[15/08/2014 23:34:07] /b  se o  [ADM] Gewar  desse permição a fazer eu fazia  (quem ja teve , seus  serve ou já foi de  staff sabe  que temos que ter  permição pra  fazer evento .)
[15/08/2014 23:43:56] /b to confuço com esse  evento
[15/08/2014 23:44:38] /t xpxkratospro
[15/08/2014 23:55:04] /b  evento finalizado  ganhador ,  narutonelson parabéns  mereçido
[15/08/2014 23:55:36] /b  quem quiser partiçipa  evento leilão valeno um shiny  magmar   cp  frente
[15/08/2014 23:59:55] /b  quem quer  comprar um shiny magmar  escreve (\o/)
[16/08/2014 00:00:38] /b hoje to feliz
[16/08/2014 00:01:03] /b alguma  offer  em shiny magmar apenas  td
[16/08/2014 00:03:23] /b  evento valeno ( It contains a Shiny Hitmonlee. Boost level: +50. It's nickname is: Magrelo. Holding: X-Defense(Tier: 2) and Y-Cure(Tier: 2). It is genderless.)
[16/08/2014 00:04:53] /b  se acalme  aew
[16/08/2014 00:05:50] /b  ja vo falar
[16/08/2014 00:08:49] /b me  escode  em pewter  quem achar parabéns
[16/08/2014 00:09:57] /b  khelv  achou parabéns
[16/08/2014 00:10:24] /t
[16/08/2014 00:10:41] /t khelvynh
[16/08/2014 00:22:24] /t 
[16/08/2014 00:23:17] /b gewar
[16/08/2014 00:35:14] /b parabéns.
[16/08/2014 00:47:47] /b Gewar  vem ver essa magica  se der
[16/08/2014 01:42:46] /t
[16/08/2014 01:52:51] /t
[16/08/2014 01:55:45] /t
[16/08/2014 02:03:26] /t
[16/08/2014 02:04:29] /t
[16/08/2014 02:06:26] /t  narutonelson
[16/08/2014 03:05:48] /t
[16/08/2014 03:12:49] /t
[16/08/2014 03:23:36] /t shisebshi
[16/08/2014 03:23:43] /t shisenshi
[16/08/2014 03:29:32] /t
[16/08/2014 03:33:41] /t
[16/08/2014 03:38:02] /b Já  to aki
[16/08/2014 03:38:36] /t
[16/08/2014 03:39:30] /t
[16/08/2014 03:46:08] /t
[16/08/2014 03:46:16] /t narutonelson
[16/08/2014 03:58:57] /b 03:59 Congratulations, you caught a pokemon (Shiny Politoed)!
[16/08/2014 03:58:59] /t
[16/08/2014 03:59:06] /t narutonelson
[16/08/2014 04:22:51] /t
[16/08/2014 04:25:02] /b 04:25 Congratulations! Your Cubone evolved into a Shiny Marowak!
[16/08/2014 04:40:03] /t
[16/08/2014 04:43:33] /b Boa noite
[16/08/2014 09:57:09] /b Oie
[16/08/2014 10:42:12] /t
[16/08/2014 11:16:12] /t
[16/08/2014 11:21:04] /t
[16/08/2014 11:21:14] /t  lord trevas
[16/08/2014 11:36:46] /b White  rune  e um iten que dropa de Pokes  lutador e Lord  trevas Aki n tem ninguem quero roba ninguem  . se tu continua  assim vo fala pro adm.
[16/08/2014 11:47:16] /t
[16/08/2014 11:57:15] /t
[16/08/2014 12:07:47] /t
[16/08/2014 12:36:28] /t
[16/08/2014 12:44:31] /t
[16/08/2014 12:53:50] /t
[16/08/2014 13:29:16] /t
[16/08/2014 13:37:30] /t
[16/08/2014 14:04:43] /t
[16/08/2014 14:05:35] /b A cada dia que passa  Da mais  vonta de Jogar #TE_AMO_Pk-Cyan <3
[16/08/2014 14:16:58] /b Boa  tarde.
[16/08/2014 14:17:35] /b 14:17 Congratulations, you caught a pokemon (Shiny Beedrill)!
[16/08/2014 14:19:12] /b  aew  O Luiz  está  em cerulean quem quiser main quest (E uma boa  quest) 
[16/08/2014 14:20:20] /b  quem for  MAIN  Quest  tp  cerulean
[16/08/2014 14:24:36] /b  go  gente tp  cerulean Luiz  vai ir Main quest
[16/08/2014 14:40:59] /b Me  xinga mais uma vez de  noob pra tu ver se Não falo com gewar (chingamentos , a staff e banimento na hora)
[16/08/2014 14:41:48] /t
[16/08/2014 14:46:17] /b
[16/08/2014 14:46:23] /b  to chegano
[16/08/2014 14:46:49] /t
[16/08/2014 14:49:54] /t  dexaram
[16/08/2014 14:49:58] /b dexaram
[16/08/2014 14:50:03] /b eu D:
[16/08/2014 14:50:15] /b D:
[16/08/2014 14:50:23] /t
[16/08/2014 15:01:11] /b  agr  eu  esto  fazendo team pra ir pra main quest Não  se preocupe  não so de dx parçero pra tras D:
[16/08/2014 15:01:40] /b lv 200 Pra cima.
[16/08/2014 15:02:02] /b go cp de  saffron todos
[16/08/2014 15:03:06] /b quem for  quest  suicune vai pvp
[16/08/2014 15:03:24] /b quem for  quest suicune  pvp
[16/08/2014 15:07:57] /b suicune e  em outland  de água
[16/08/2014 15:09:54] /b  agr  vo
[16/08/2014 15:09:58] /b fazer  de  vagar
[16/08/2014 15:10:18] /b vai pros teles de outland
[16/08/2014 15:10:20] /t
[16/08/2014 15:10:46] /t lord trevas
[16/08/2014 15:16:01] /t
[16/08/2014 15:16:07] /t lord trevas
[16/08/2014 15:22:40] /b desculpa ai  ta leg  d+
[16/08/2014 15:22:48] /t narutonelson
[16/08/2014 15:29:31] /t
[16/08/2014 15:41:34] /t kurrt
[16/08/2014 15:49:52] /t
[16/08/2014 15:53:57] /t narutonelson
[16/08/2014 16:16:36] /b Leg d + 
[16/08/2014 16:39:53] /t
[16/08/2014 16:44:57] /b Gewar preciso fala cntg
[16/08/2014 17:01:07] /t
[16/08/2014 17:01:54] /b
[16/08/2014 17:02:05] /b  adm sumula  red  gyrado pra  eu ver?
[16/08/2014 23:14:00] /b se  tiver online gewar  Chama  chat
[16/08/2014 23:29:54] /t
[16/08/2014 23:30:03] /t nermesz
[16/08/2014 23:39:58] /t
[16/08/2014 23:40:20] /t
[16/08/2014 23:40:21] /t
[16/08/2014 23:48:30] /t
[17/08/2014 00:11:27] /t
[17/08/2014 00:11:36] /b  gewar
[17/08/2014 00:11:55] /b  vem  cp .
[17/08/2014 00:12:17] /t [ADM] Gewar
[17/08/2014 00:16:35] /t Mickael
[17/08/2014 00:27:59] /t kurrt
[17/08/2014 14:54:20] /b Goldfre:Buy M.B Pago 200td
[18/08/2014 13:03:07] /b Bom dia Povo lindo que eu amo  d+ <3
[18/08/2014 13:03:32] /b Ops  Boa tarde né .
[18/08/2014 13:08:13] /b  O fake do narutonelson cham ano chat net  caiu dnv .
[18/08/2014 13:28:03] /t nermesz
[18/08/2014 13:40:48] /t
[18/08/2014 13:41:09] /t  nermesz
[18/08/2014 13:45:28] /t nermesz
[18/08/2014 13:46:14] /t nermesz
[18/08/2014 14:01:32] /b  tem um npcp  guru fica   em saffron e  sim <  explore  esse lado Pra que não sabe  npc  guru vende isca   elas tem lv de pesca pra usa :S (Pra quem reclama  que som  magicarp na pesca
[18/08/2014 14:08:50] /b  14:08 Congratulations, you caught a pokemon (Shiny Onix)!//14:08 You have wasted: 4 Ultra balls trying to catch it. // Ner   se  ver  reçebi um aviso de  deus  e no que  deu :D
[18/08/2014 14:09:56] /t
[18/08/2014 14:14:24] /b  falo que vo Up e morro D:
[18/08/2014 14:19:40] /b  Hj  vo catar  500  se não catar 500 Hj  pd  dx que no grupo Post - Eu so.. (comentario não vo fazer aki por  que  não e  adequado
[18/08/2014 14:26:51] /t joao maledoso
[18/08/2014 14:27:06] /b joao mandei cp da prox e notation manda staff se foder
[18/08/2014 14:31:46] /b  se  você e  tutor  e alguem te manda  você ir se fuder  oque se faria ? test com todos  so pra ver  respostas.
[18/08/2014 14:39:49] /b vo te sai na boa  tem uns cara que se acha   fica chorrano por ks
[18/08/2014 14:56:31] /b existe um npc guru  ele <localizado em saffron mesmo < ele vende isca  (Isca : Para de pesca magicarp e viim pokes  diferentes  . cada uma tem seu lv a usa 20 , 40 , e vai indo.
[18/08/2014 15:07:47] /t lucas viado
[18/08/2014 15:10:19] /b  na boa  da qui apoco vo sai  que nem o tio san os cara tão mt  mudado
[18/08/2014 15:13:27] /b  to  esperando confimação do adm se ele dx  fazer  evento  não sei se vão gostar da recompença (shiny onix e shiny arcanine e milotic)
[18/08/2014 15:15:23] /b  tem uns cara que não tem 1 bingo  de  respeito. 
[18/08/2014 15:23:55] /b desliguei roteador pra ver se net  melhorar
[18/08/2014 15:27:04] /b  vo sai dps volto
[18/08/2014 17:00:45] /t
[18/08/2014 17:06:37] /b Nermesz  carra tu e meu parça  des do começo   e  áte hoje não e qui nem uns negos que muda  quando fica top  conta cmg meu parça <3
[18/08/2014 18:19:08] /t flash machire
[18/08/2014 18:29:26] /t narotoo
[18/08/2014 18:47:42] /b 18:46 You advanced from Level 459 to Level 460.  rumo 500 Hoje :D
[18/08/2014 18:56:22] /b  quem tem duvidar  vem  no help  se tá  bugado so fala  la  eu puxo
[18/08/2014 19:00:03] /t
[18/08/2014 19:17:42] /t noobfodao
[18/08/2014 19:17:56] /t samuel
[18/08/2014 19:19:16] /b Aew tome muitos  cuidado  Pra não ficarem preso ou bugado. 
[18/08/2014 19:30:23] /b parabéns  mickael   venceu x1  contra tio san   tio san pra quem não sabe e raro  vende  dele :D
[18/08/2014 19:30:38] /b vence*
[18/08/2014 20:08:43] /t
[18/08/2014 20:09:11] /b escondi uma  bag com 2 shinys e uma milotic e 100 td e está em saffron parabéns a quem achar ..
[18/08/2014 20:09:37] /b escondi uma  bag com 2 shinys e uma milotic e 100 td e está em saffron parabéns a quem achar
[18/08/2014 20:09:40] /b escondi uma  bag com 2 shinys e uma milotic e 100 td e está em saffron parabéns a quem achar
[18/08/2014 20:10:02] /b Dica não  da pra a char em fly e não ta em buero
[18/08/2014 20:10:36] /b escondi uma  bag com 2 shinys e uma milotic e 100 td e está em saffron parabéns a quem achar (dica  não pode buero e Não da pra achar de fly
[18/08/2014 20:11:23] /b 20:11 Lucas: escondi uma  bag com 2 shinys e uma milotic e 100 td e está em saffron parabéns a quem achar (dica  não pode buero e Não da pra achar de fly
[18/08/2014 20:12:46] /b agr to no lugar onde tara
[18/08/2014 20:13:02] /b  flash  acho parabéns
[18/08/2014 20:13:18] /b  parabéns  da !save.
[18/08/2014 20:16:03] /b aew Não  quero atrapalhar nada mais   pedi pra falar  no game chat  help Não e pra isso agradeço...
[18/08/2014 20:17:04] /b shiny umbreon  Pra tiralo da team do  Nermesz <3
[18/08/2014 20:32:15] /b achei shiny krabby ele faiz parte
[18/08/2014 20:32:49] /b ele podia  tar  a dica por perto
[18/08/2014 20:33:23] /b mb floresta?
[18/08/2014 20:34:32] /b  dica?
[18/08/2014 20:36:08] /t
[18/08/2014 20:36:38] /b e eu não achei nenhuma
[18/08/2014 20:36:44] /b tudo dfç de achar..
[18/08/2014 20:37:11] /b tio san uma pergunta posso fazer?
[18/08/2014 20:37:48] /b Nãoooooo
[18/08/2014 20:37:56] /b  o leg  n dx eu ganhar nunca..
[18/08/2014 20:39:47] /b Não passa nem por 2 poke do tio san '-'  20:38 Oscaradoido: fais evneto de pvp poso dar alguns shinys
[18/08/2014 20:40:23] /b KKKKKKKKKKKKKKKKKKKKKKKK
[18/08/2014 20:40:37] /b mick te mato rapidin  :D
[18/08/2014 20:43:25] /b VO FAZER um valendo minha prima
[18/08/2014 20:45:18] /b so nos 3 tutores  fizemos isso 20:45 20 player(s) online:  (Obg tio san por voltaa o jogo
[18/08/2014 20:47:01] /t
[18/08/2014 20:47:30] /b a  esqueçi  tbm de agradeçer o adnre pq ele ajuda mt no help e mts  coisa <3
[18/08/2014 20:47:39] /b andre*
[18/08/2014 20:50:05] /b  Tio san  sabia que leno ta na staff né?
[18/08/2014 20:50:44] /b nnb indicando nb MinttIirAAAA   <3
[18/08/2014 20:52:47] /b Aew  tio san andre e  Nermesz vamos comprar uma casa e montar uma team (Quase  guild) e chama so os confiaveis?.
[18/08/2014 20:53:12] /b vo procurar  casa
[18/08/2014 20:56:09] /b eu e Andre achamos uma casa Bunita e tem quarto a todos
[18/08/2014 20:56:41] /b  city
[18/08/2014 20:57:44] /b e  em saffron ?
[18/08/2014 20:58:24] /b Hoje o jogo ta sensacional.
[18/08/2014 20:59:11] /b so trava cmh
[18/08/2014 21:00:48] /b eu nem procurei pensei que era matar
[18/08/2014 21:01:54] /b morri
[18/08/2014 21:03:04] /b  af magmorta  está um poke mt selvagem veio  nem que esteka de return 7. '-' ele  ta selvagem  fala  adm diminuir força dele e do electrive...
[18/08/2014 21:03:25] /b esteja*.
[18/08/2014 21:05:15] /t
[18/08/2014 21:06:27] /b go se chega a 25 evento valeno shiny electrive....
[18/08/2014 21:06:46] /b 21:06 Lucas: go se chega a 25 evento valeno shiny electrive....
[18/08/2014 21:06:49] /b 21:06 Lucas: go se chega a 25 evento valeno shiny electrive....
[18/08/2014 21:07:25] /b se chega 25 playes online  evento de quem ganhar do tio san ganhara  shiny electrive....
[18/08/2014 21:07:43] /b se topa tio san  :D
[18/08/2014 21:08:12] /b tem que passa deu do andre do neme e do tio san :D
[18/08/2014 21:08:23] /b e ai quem topa?
[18/08/2014 21:09:06] /b o evento e vai todos que  quere partiçipa e  eu  tio san e andre e nermesz vs  os time de quem vi...
[18/08/2014 21:09:19] /t que tal?
[18/08/2014 21:09:27] /b qui tal?.
[18/08/2014 21:11:19] /t oscarradoido
[18/08/2014 21:13:04] /b  ganhei do tio san em  duel
[18/08/2014 21:13:38] /b   A  pode sai    ninguem sentiu falta :D
[18/08/2014 21:13:41] /t
[18/08/2014 21:14:07] /b  tio  san me bloke  no face :@
[18/08/2014 21:14:52] /b  apenas  amor <3
[18/08/2014 21:16:14] /b  duelo inacreditavel Joao e tio san  em vocês aposta vem de pm :D
[18/08/2014 21:16:25] /b ou o joao vai arregar?
[18/08/2014 21:16:56] /b eu aposto na  nursey joy
[18/08/2014 21:19:08] /b tio san  arregano x1
[18/08/2014 21:19:17] /b ele  foi 
[18/08/2014 21:19:27] /b  agr duelo    zika frente cp
[18/08/2014 21:20:33] /b ta pareçeno jogo da alemanha e  brasil..
[18/08/2014 21:25:27] /b 21:25 Mickael: BUY SHINY FARFETCH'D__BUY SHINY SALAMANCE__PAY GOODS SHINYS__
[18/08/2014 21:26:45] /b que historia  animada  conta +1?
[18/08/2014 21:28:36] /b adm Não perdoa e ban :s
[18/08/2014 21:36:22] /b Main quest todos  tp de  cerulean  n vo dar tempo  Quando team tiver completa nós  vai.,,,
[18/08/2014 21:37:03] /t  Main quest todos  tp de  cerulean  n vo dar tempo  Quando team tiver completa nós  vai.,,,
[18/08/2014 21:37:17] /b Main quest todos  tp de  cerulean  n vo dar tempo  Quando team tiver completa nós  vai.,,,
[18/08/2014 21:37:19] /b Main quest todos  tp de  cerulean  n vo dar tempo  Quando team tiver completa nós  vai.,,,
[18/08/2014 21:37:19] /b Main quest todos  tp de  cerulean  n vo dar tempo  Quando team tiver completa nós  vai.,,,
[18/08/2014 21:37:34] /b Main quest todos  tp de  cerulean  n vo dar tempo  Quando team tiver completa nós  vai.,,,
[18/08/2014 21:37:53] /b  Main quest todos  tp de  cerulean  n vo dar tempo  Quando team tiver completa nós  vai.,,,
[18/08/2014 21:37:56] /b  Main quest todos  tp de  cerulean  n vo dar tempo  Quando team tiver completa nós  vai.,,,
[18/08/2014 21:37:58] /b  Main quest todos  tp de  cerulean  n vo dar tempo  Quando team tiver completa nós  vai.,,,
[18/08/2014 21:38:54] /b  Main quest todos  tp de  cerulean  n vo dar tempo  Quando team tiver completa nós  vai.,,,
[18/08/2014 21:39:07] /b  Main quest todos  tp de  cerulean  n vo dar tempo  Quando team tiver completa nós  vai.,,,   (ganhar  boa recompença)..
[18/08/2014 21:39:38] /b  Main quest todos  tp de  cerulean  n vo dar tempo  Quando team tiver completa nós  vai.,,, e se tiver alguem legal de ajuda o prox que nunca fez  podião vim
[18/08/2014 21:40:12] /b +1 e  nos vai ..
[18/08/2014 21:51:24] /b nermesz tamos já dentro da quest  e quem quiser vim vem  pra quem sabe o caminho de cor
[18/08/2014 21:59:37] /b quem vem main quem sabe caminhhoo vemmm :D
[18/08/2014 22:08:35] /b andre vem aki na main quest?
[18/08/2014 22:08:57] /b  sim   ai e chato
[18/08/2014 22:09:08] /t euclidessk
[18/08/2014 22:16:08] /b  vem micka
[18/08/2014 22:18:32] /b morri aff  levei Um confused   e n deu solta poke *Pokas  ideias vo upa
[18/08/2014 22:21:15] /b compro helder  Ou box  helder mais de 4 pra cima 
[18/08/2014 22:25:02] /b  tenho uma noticia  ruim querem saber?
[18/08/2014 22:25:24] /b 23:00  vo sai e--é essa e a noticia ruim D:
[18/08/2014 22:32:28] /b João maledoso  vlw por sai   mostro  dignidade
[18/08/2014 22:43:24] /b  pd  vim  '-'
[18/08/2014 22:43:33] /b  Joao pd  vim
[18/08/2014 22:44:26] /t
[20/08/2014 13:21:50] /b Boa tarde  Gente (Duvidas  pergunte No help)
[20/08/2014 13:24:56] /t Joao maledoso
[20/08/2014 13:33:28] /b compro return 7  (vem pm).
[20/08/2014 13:43:31] /t
[20/08/2014 13:44:14] /t samuel
[20/08/2014 14:18:43] /b caindo aki e ai
[20/08/2014 14:20:21] /b Esso Aki Que Ta Caindo Ou N Responde No Help Ou No Game-Chat
[20/08/2014 14:50:11] /t
[20/08/2014 14:51:08] /t
[20/08/2014 14:51:42] /t nermesz
[20/08/2014 14:52:35] /t
[20/08/2014 15:08:08] /t
[20/08/2014 15:10:02] /t
[20/08/2014 15:10:26] /t
[20/08/2014 15:16:43] /t
[20/08/2014 15:37:08] /t
[20/08/2014 15:57:09] /b compro return 7  vem de  Pm
[20/08/2014 16:02:56] /b do Shiny arcanine e  shiny zard e shiny espeon  e 2kk em (aerodactly , Return 7) 
[20/08/2014 16:03:15] /b do Shiny arcanine e  shiny zard e shiny espeon  e 2kk em (aerodactly ou Return 7) 
[20/08/2014 16:11:43] !revert com ele na  ball
[20/08/2014 16:24:20] /b compro retur 7 Offer (Shiny espeon , shiny charizard e 2kk é 5 boost) Pm aki <.<
[20/08/2014 16:26:35] /b 16:25 Lucas: compro retur 7 Offer (Shiny espeon , shiny charizard e 2kk é 5 boost) Pm aki <.<
[20/08/2014 16:35:27] /b khelvvynh
[20/08/2014 16:35:38] /t khelvvynh
[20/08/2014 16:35:50] /t Khelvynh
[20/08/2014 16:43:40] /t
[20/08/2014 16:44:43] /b 16:44 Congratulations, you caught a pokemon (Shiny Farfetch'd)!
[20/08/2014 17:18:41] /t
[20/08/2014 17:37:38] /b  evento chato  faiz perde mais lv do que upa so acho ne  mais não podemos  reclamar
[20/08/2014 17:38:50] /b  Ok
[20/08/2014 17:38:57] /b  tira essas lenda mano
[20/08/2014 17:47:04] /b de lv 485  pra 456 :@
[20/08/2014 17:57:22] /b  mt xp
[20/08/2014 17:58:04] /b mais e  frako
[20/08/2014 18:03:33] /b posso saber o poke
[20/08/2014 18:07:12] /b  aff entrar  gente  agr e dfç
[20/08/2014 18:11:03] /b por hj  chega  daqui a pouco vo ta 300
[20/08/2014 18:15:14] /b Ok
[20/08/2014 18:15:27] /t
[20/08/2014 20:32:10] /b gewar ta online?
[20/08/2014 21:20:56] /t
[20/08/2014 21:26:05] /t
[20/08/2014 21:30:16] /t
[20/08/2014 21:44:41] /b aff hj era pra pegar   40 lv E não perde 40 :D
[20/08/2014 21:45:16] /b nem vontade  to de ir main malz   Perde 40 lv mexer com o coração
[20/08/2014 22:24:08] /b perto de pega 500.
[20/08/2014 22:36:00] /t
[20/08/2014 22:36:02] /t
[20/08/2014 22:36:16] /b vo sai flw meu amigos  <3
[22/08/2014 14:17:24] /b Oi lord
[22/08/2014 14:19:03] /t
[22/08/2014 14:29:29] /b 14:29 You advanced from Level 499 to Level 500.
[22/08/2014 14:50:24] /t
[22/08/2014 14:50:37] /t lord trevas
[22/08/2014 15:04:06] /b Lord  To te dano meu shiny salamence  minha wailord e 5kk  e um shiny espeon....
[22/08/2014 16:59:10] /b Oi net caiu  volto so agr
[22/08/2014 17:09:45] /b  To comprando Return 7 .. 
[22/08/2014 17:20:47] /t
[22/08/2014 17:31:35] /t
[22/08/2014 17:31:39] /t lord trevas
[22/08/2014 17:38:26] /b to comprano  Uma return 7 D:
[22/08/2014 17:48:32] /t
[22/08/2014 17:52:40] !revert
[22/08/2014 17:53:52] !revert
[22/08/2014 17:58:21] !revert
[22/08/2014 18:26:12] /b  to comprando Poke de  return 6 , 7 Ou return 6 , 7
[22/08/2014 18:31:25] /b vendo  se Pedro Permite  fazer 2 evento esconde  esconde n vai ser tão big qui nem o Do tio san mais vo tentar :D
[22/08/2014 18:35:08] /t lord  show
[22/08/2014 18:35:16] /t lord show
[22/08/2014 18:35:28] /t lord trevas
[22/08/2014 18:40:31] !revert
[22/08/2014 18:43:14] /b Aus
[22/08/2014 20:32:38] /b Voltei
[22/08/2014 20:39:25] /t super xuxa
[22/08/2014 22:16:37] /b Entrei pra dar tchau <3
[22/08/2014 22:17:05] /b eba vo fica então
[22/08/2014 22:18:27] /b Gewar natsuop e novo na staff?
[22/08/2014 22:18:58] /b  entedi , desculpe.
[22/08/2014 22:19:26] /b 22:19 Big Lord: pede pra o adm fazer envento beg ou cath
[22/08/2014 22:20:15] /b depois quero falar contigo...
[22/08/2014 22:24:53] !revert
[22/08/2014 22:28:19] /b Para ver quantos online o comando é !online e ver o rank e !rank .
[22/08/2014 22:29:27] /b Okay
[22/08/2014 22:31:09] /b O god ordep e seu irmão Gewar?
[22/08/2014 22:43:37] /b  so acho que tudo issu de lenda o premio deve ser top
[22/08/2014 22:48:35] /t
[22/08/2014 22:49:07] /t
[22/08/2014 22:49:07] /t
[22/08/2014 22:49:21] /t
[22/08/2014 22:49:57] /t
[22/08/2014 22:50:10] /t
[22/08/2014 22:50:21] /t
[22/08/2014 22:53:35] /b perdi lv
[22/08/2014 22:58:50] /t
[22/08/2014 23:00:30] /b peguei 100 td
[22/08/2014 23:01:49] /b 1 acjeo
[22/08/2014 23:05:51] /b perdi meus 500
[22/08/2014 23:07:55] /b  esconde  return 7
[22/08/2014 23:10:19] /b e seu ou tava escondido?
[22/08/2014 23:14:14] !revert
[22/08/2014 23:15:38] !revert
[22/08/2014 23:19:12] /b esconde return  7
[22/08/2014 23:20:32] /t
[22/08/2014 23:20:40] /b Obg adm melhor  evento  que ja tive
[22/08/2014 23:21:22] /b adm posso fala com você
[22/08/2014 23:28:21] /b adm para
[22/08/2014 23:29:20] /b Adm quero falar contigo..
[22/08/2014 23:31:27] /t
[22/08/2014 23:33:10] /b adm arruma ditto
[22/08/2014 23:34:18] !revert
[22/08/2014 23:38:14] /b adm desculpa queria ver se isso dava certo por que se  da pode   estraga o serve
[22/08/2014 23:45:51] /b  go test andre?
[22/08/2014 23:47:54] /b Obg   Por avisa :D
[22/08/2014 23:48:44] /b adm Arranja  skin e so em evento ?.
[23/08/2014 00:01:02] /b se eu trabalha mais como coloca o comando !x  e um comando que você diz e  (escrever oque quiser que o poke fala) você permitiria issu?.)
[23/08/2014 00:05:59] /t
[23/08/2014 00:19:05] /b Boa noite raázoada <3
