[23/06/2015 18:46:22] /m rattata
[23/06/2015 18:48:16] /m rattata
[23/06/2015 19:04:14] /m rattata
[23/06/2015 19:04:42] /m rattata
[23/06/2015 19:04:44] /m rattata
[23/06/2015 19:05:11] /m rattata
[23/06/2015 19:10:38] /m rattata
[23/06/2015 19:14:54] /m rattata
[23/06/2015 19:25:44] /m rattata
[23/06/2015 19:31:49] /m rattata
[23/06/2015 19:32:28] /m rattata
[23/06/2015 19:32:36] /m rattata
[23/06/2015 19:33:33] /m rattata
[23/06/2015 19:34:20] /m rattata
[23/06/2015 19:34:27] /m rattata
[23/06/2015 19:34:51] /m rattata
[23/06/2015 19:35:15] /m rattata
[23/06/2015 19:35:18] /m rattata
[23/06/2015 19:35:20] /m rattata
[23/06/2015 19:35:22] /m rattata
[23/06/2015 19:35:24] /m rattata
[23/06/2015 19:35:26] /m rattata
[23/06/2015 19:35:27] /m rattata
[23/06/2015 19:35:30] /m rattata
[23/06/2015 19:35:32] /m rattata
[23/06/2015 19:36:57] /m rattata
[23/06/2015 19:36:58] /m rattata
[23/06/2015 19:36:58] /m rattata
[23/06/2015 19:36:58] /m rattata
[23/06/2015 19:36:58] /m rattata
[23/06/2015 19:36:58] /m rattata
[23/06/2015 19:36:58] /m rattata
[23/06/2015 19:36:58] /m rattata
[23/06/2015 19:36:59] /m rattata
[23/06/2015 19:36:59] /m rattata
[23/06/2015 19:36:59] /m rattata
[23/06/2015 19:36:59] /m rattata
[23/06/2015 19:36:59] /m rattata
[23/06/2015 19:36:59] /m rattata
[23/06/2015 19:36:59] /m rattata
[23/06/2015 19:37:00] /m rattata
[23/06/2015 19:37:00] /m rattata
[23/06/2015 19:37:00] /m rattata
[23/06/2015 19:37:00] /m rattata
[23/06/2015 19:37:00] /m rattata
[23/06/2015 19:37:00] /m rattata
[23/06/2015 19:37:00] /m rattata
[23/06/2015 19:37:01] /m rattata
[23/06/2015 19:38:01] /m rattata
[23/06/2015 19:38:01] /m rattata
[23/06/2015 19:38:01] /m rattata
[23/06/2015 19:38:01] /m rattata
[23/06/2015 19:38:02] /m rattata
[23/06/2015 19:38:02] /m rattata
[23/06/2015 19:38:02] /m rattata
[23/06/2015 19:49:18] /m rattata
[23/06/2015 19:50:27] /m rattata
[23/06/2015 19:52:08] /m rattata
[23/06/2015 19:53:09] /m rattata
[23/06/2015 19:53:27] /m rattata
[23/06/2015 19:53:27] /m rattata
[23/06/2015 19:53:28] /m rattata
[23/06/2015 19:53:28] /m rattata
[23/06/2015 19:53:28] /m rattata
[23/06/2015 19:53:28] /m rattata
[23/06/2015 19:53:28] /m rattata
[23/06/2015 19:53:28] /m rattata
[23/06/2015 19:53:29] /m rattata
[23/06/2015 19:53:29] /m rattata
[23/06/2015 19:56:05] /m rattata
[23/06/2015 19:59:53] /m rattata
[23/06/2015 20:04:22] /m rattata
[23/06/2015 20:05:10] /m rattata
[23/06/2015 20:05:23] /i 1285
[23/06/2015 20:05:24] /i 1285
[23/06/2015 20:05:25] /i 1285
[23/06/2015 20:05:26] /i 1285
[23/06/2015 20:05:27] /i 1285
[23/06/2015 20:05:29] /i 1285
[23/06/2015 20:05:29] /i 1285
[23/06/2015 20:05:30] /i 1285
[23/06/2015 20:07:59] /m rattata
[23/06/2015 20:13:10] /m rattata
[23/06/2015 20:18:49] /m rattata
[23/06/2015 20:19:03] /goto aerodactyl
[23/06/2015 20:19:21] /m aerodactyl
[23/06/2015 20:19:29] /goto aerodactyl
[23/06/2015 20:19:31] /r
[23/06/2015 20:19:34] /goto aerodactyl
[23/06/2015 22:10:41] /m rattata
[23/06/2015 22:10:56] /m rattata
[23/06/2015 22:11:03] /m rattata
[23/06/2015 22:11:14] /m rattata
[23/06/2015 22:11:14] /m rattata
[23/06/2015 22:11:15] /m rattata
[23/06/2015 22:11:15] /m rattata
[23/06/2015 22:11:22] /m rattata
[23/06/2015 22:11:31] /m venusaur
[23/06/2015 22:38:00] /m charizard
[23/06/2015 22:39:52] /m aerodactyl
[23/06/2015 22:41:49] /m charizrd
[23/06/2015 23:07:55] /m aerodactyl
[23/06/2015 23:08:41] /m aerodactyl
[23/06/2015 23:50:27] /goto aerodactyl
[24/06/2015 00:00:03] /m aerodactyl
[24/06/2015 00:01:22] /goto aerodctyl
[24/06/2015 00:01:33] /m aerodactyl
[24/06/2015 00:01:42] /m aerodactyl
[24/06/2015 00:01:43] /m aerodactyl
[24/06/2015 00:01:43] /m aerodactyl
[24/06/2015 00:01:43] /m aerodactyl
[24/06/2015 00:01:44] /m aerodactyl
[24/06/2015 00:01:44] /m aerodactyl
[24/06/2015 00:01:57] /m aerodactyl
[24/06/2015 00:01:58] /m aerodactyl
[24/06/2015 00:01:58] /m aerodactyl
[24/06/2015 00:01:58] /m aerodactyl
[24/06/2015 00:01:58] /m aerodactyl
[24/06/2015 00:01:58] /m aerodactyl
[24/06/2015 00:01:58] /m aerodactyl
[24/06/2015 00:01:58] /m aerodactyl
[24/06/2015 00:01:59] /m aerodactyl
[24/06/2015 00:01:59] /m aerodactyl
[24/06/2015 00:01:59] /m aerodactyl
[24/06/2015 00:01:59] /m aerodactyl
[24/06/2015 00:01:59] /m aerodactyl
[24/06/2015 00:01:59] /m aerodactyl
[24/06/2015 00:01:59] /m aerodactyl
[24/06/2015 00:02:00] /m aerodactyl
[24/06/2015 00:02:00] /m aerodactyl
[24/06/2015 00:02:00] /m aerodactyl
[24/06/2015 00:02:00] /m aerodactyl
[24/06/2015 00:02:00] /m aerodactyl
[24/06/2015 00:02:00] /m aerodactyl
[24/06/2015 00:02:00] /m aerodactyl
[24/06/2015 00:02:01] /m aerodactyl
[24/06/2015 00:02:01] /m aerodactyl
[24/06/2015 00:02:01] /m aerodactyl
[24/06/2015 00:02:01] /m aerodactyl
[24/06/2015 00:02:01] /m aerodactyl
[24/06/2015 00:02:01] /m aerodactyl
[24/06/2015 00:02:02] /m aerodactyl
[24/06/2015 00:02:02] /m aerodactyl
[24/06/2015 00:02:02] /m aerodactyl
[24/06/2015 00:02:02] /m aerodactyl
[24/06/2015 00:02:02] /m aerodactyl
[24/06/2015 00:02:02] /m aerodactyl
[24/06/2015 00:02:02] /m aerodactyl
[24/06/2015 00:02:03] /m aerodactyl
[24/06/2015 00:02:03] /m aerodactyl
[24/06/2015 00:02:08] /m aerodactyl
[24/06/2015 00:02:08] /m aerodactyl
[24/06/2015 00:02:08] /m aerodactyl
[24/06/2015 00:02:09] /m aerodactyl
[24/06/2015 00:02:09] /m aerodactyl
[24/06/2015 00:02:09] /m aerodactyl
[24/06/2015 00:02:09] /m aerodactyl
[24/06/2015 00:02:09] /m aerodactyl
[24/06/2015 00:02:09] /m aerodactyl
[24/06/2015 00:02:10] /m aerodactyl
[24/06/2015 00:02:10] /m aerodactyl
[24/06/2015 00:02:10] /m aerodactyl
[24/06/2015 00:02:10] /m aerodactyl
[24/06/2015 00:02:10] /m aerodactyl
[24/06/2015 00:02:10] /m aerodactyl
[24/06/2015 00:02:11] /m aerodactyl
[24/06/2015 00:02:11] /m aerodactyl
[24/06/2015 00:02:11] /m aerodactyl
[24/06/2015 00:02:13] /m aerodactyl
[24/06/2015 00:02:13] /m aerodactyl
[24/06/2015 00:02:13] /m aerodactyl
[24/06/2015 00:02:13] /m aerodactyl
[24/06/2015 00:02:13] /m aerodactyl
[24/06/2015 00:02:13] /m aerodactyl
[24/06/2015 00:02:13] /m aerodactyl
[24/06/2015 00:02:13] /m aerodactyl
[24/06/2015 00:02:14] /m aerodactyl
[24/06/2015 00:02:14] /m aerodactyl
[24/06/2015 00:02:14] /m aerodactyl
[24/06/2015 00:02:15] /m aerodactyl
[24/06/2015 00:02:15] /m aerodactyl
[24/06/2015 00:02:36] /m aerodactyl
[24/06/2015 00:02:37] /m aerodactyl
[24/06/2015 00:02:37] /m aerodactyl
[24/06/2015 00:02:37] /m aerodactyl
[24/06/2015 00:02:37] /m aerodactyl
[24/06/2015 00:02:37] /m aerodactyl
[24/06/2015 00:02:37] /m aerodactyl
[24/06/2015 00:02:38] /m aerodactyl
[24/06/2015 00:02:38] /m aerodactyl
[24/06/2015 00:02:38] /m aerodactyl
[24/06/2015 00:02:38] /m aerodactyl
[24/06/2015 00:02:38] /m aerodactyl
[24/06/2015 00:02:39] /m aerodactyl
[24/06/2015 00:02:39] /m aerodactyl
[24/06/2015 00:02:39] /m aerodactyl
[24/06/2015 00:02:39] /m aerodactyl
[24/06/2015 00:02:39] /m aerodactyl
[24/06/2015 00:03:18] /m aerodactyl
[24/06/2015 00:04:17] /m aerodactyl
[24/06/2015 00:04:17] /m aerodactyl
[24/06/2015 00:04:17] /m aerodactyl
[24/06/2015 00:04:18] /m aerodactyl
[24/06/2015 00:04:18] /m aerodactyl
[24/06/2015 00:04:18] /m aerodactyl
[24/06/2015 00:04:18] /m aerodactyl
[24/06/2015 00:04:18] /m aerodactyl
[24/06/2015 00:04:19] /m aerodactyl
[24/06/2015 00:04:19] /m aerodactyl
[24/06/2015 00:04:19] /m aerodactyl
[24/06/2015 00:04:19] /m aerodactyl
[24/06/2015 00:04:19] /m aerodactyl
[24/06/2015 00:04:20] /m aerodactyl
[24/06/2015 00:04:20] /m aerodactyl
[24/06/2015 00:04:20] /m aerodactyl
[24/06/2015 00:04:20] /m aerodactyl
[24/06/2015 00:04:21] /m aerodactyl
[24/06/2015 00:04:21] /m aerodactyl
[24/06/2015 00:04:21] /m aerodactyl
[24/06/2015 00:04:21] /m aerodactyl
[24/06/2015 00:04:21] /m aerodactyl
[24/06/2015 00:04:22] /m aerodactyl
[24/06/2015 00:04:22] /m aerodactyl
[24/06/2015 00:04:22] /m aerodactyl
[24/06/2015 00:04:22] /m aerodactyl
[24/06/2015 00:04:23] /m aerodactyl
[24/06/2015 00:04:23] /m aerodactyl
[24/06/2015 00:04:25] /m aerodactyl
[24/06/2015 00:04:26] /m aerodactyl
[24/06/2015 00:04:26] /m aerodactyl
[24/06/2015 00:04:26] /m aerodactyl
[24/06/2015 00:04:52] /m aerodactyl
[24/06/2015 00:04:53] /m aerodactyl
[24/06/2015 00:04:57] /m aerodactyl
[24/06/2015 00:04:57] /m aerodactyl
[24/06/2015 00:05:00] /m aerodactyl
[24/06/2015 00:05:00] /m aerodactyl
[24/06/2015 00:05:01] /m aerodactyl
[24/06/2015 00:05:01] /m aerodactyl
[24/06/2015 00:05:01] /m aerodactyl
[24/06/2015 00:05:02] /m aerodactyl
[24/06/2015 00:05:03] /m aerodactyl
[24/06/2015 00:05:03] /m aerodactyl
[24/06/2015 00:05:03] /m aerodactyl
[24/06/2015 00:05:03] /m aerodactyl
[24/06/2015 00:05:03] /m aerodactyl
[24/06/2015 00:05:04] /m aerodactyl
[24/06/2015 00:05:04] /m aerodactyl
[24/06/2015 00:05:04] /m aerodactyl
[24/06/2015 00:05:05] /m aerodactyl
[24/06/2015 00:05:05] /m aerodactyl
[24/06/2015 00:05:05] /m aerodactyl
[24/06/2015 00:05:05] /m aerodactyl
[24/06/2015 00:05:05] /m aerodactyl
[24/06/2015 00:05:05] /m aerodactyl
[24/06/2015 00:05:05] /m aerodactyl
[24/06/2015 00:05:05] /m aerodactyl
[24/06/2015 00:05:06] /m aerodactyl
[24/06/2015 00:05:16] /m aerodactyl
[24/06/2015 00:05:16] /m aerodactyl
[24/06/2015 00:05:16] /m aerodactyl
[24/06/2015 00:05:16] /m aerodactyl
[24/06/2015 00:05:16] /m aerodactyl
[24/06/2015 00:05:16] /m aerodactyl
[24/06/2015 00:05:17] /m aerodactyl
[24/06/2015 00:05:17] /m aerodactyl
[24/06/2015 00:05:17] /m aerodactyl
[24/06/2015 00:05:17] /m aerodactyl
[24/06/2015 00:05:17] /m aerodactyl
[24/06/2015 00:05:17] /m aerodactyl
[24/06/2015 00:05:17] /m aerodactyl
[24/06/2015 00:05:17] /m aerodactyl
[24/06/2015 00:05:17] /m aerodactyl
[24/06/2015 00:05:17] /m aerodactyl
[24/06/2015 00:05:17] /m aerodactyl
[24/06/2015 00:05:17] /m aerodactyl
[24/06/2015 00:05:17] /m aerodactyl
[24/06/2015 00:05:17] /m aerodactyl
[24/06/2015 00:05:17] /m aerodactyl
[24/06/2015 00:05:17] /m aerodactyl
[24/06/2015 00:05:17] /m aerodactyl
[24/06/2015 11:02:12] /m rattata
[24/06/2015 11:02:20] /m aerodactyl
[24/06/2015 11:02:30] /m aerodactyl
[24/06/2015 11:03:03] /m aerodactyl
[24/06/2015 11:03:06] /m aerodactyl
[24/06/2015 11:03:12] /m aerodactyl
[24/06/2015 11:03:12] /m aerodactyl
[24/06/2015 11:03:13] /m aerodactyl
[24/06/2015 11:03:13] /m aerodactyl
[24/06/2015 11:03:13] /m aerodactyl
[24/06/2015 11:03:13] /m aerodactyl
[24/06/2015 11:03:13] /m aerodactyl
[24/06/2015 11:03:13] /m aerodactyl
[24/06/2015 11:03:13] /m aerodactyl
[24/06/2015 11:03:13] /m aerodactyl
[24/06/2015 11:03:13] /m aerodactyl
[24/06/2015 11:03:13] /m aerodactyl
[24/06/2015 11:03:13] /m aerodactyl
[24/06/2015 11:03:13] /m aerodactyl
[24/06/2015 11:03:21] /m aerodactyl
[24/06/2015 11:03:22] /m aerodactyl
[24/06/2015 11:03:22] /m aerodactyl
[24/06/2015 11:03:22] /m aerodactyl
[24/06/2015 11:03:22] /m aerodactyl
[24/06/2015 11:03:23] /m aerodactyl
[24/06/2015 11:03:23] /m aerodactyl
[24/06/2015 11:03:23] /m aerodactyl
[24/06/2015 11:03:24] /m aerodactyl
[24/06/2015 11:03:24] /m aerodactyl
[24/06/2015 11:03:24] /m aerodactyl
[24/06/2015 11:03:24] /m aerodactyl
[24/06/2015 11:03:24] /m aerodactyl
[24/06/2015 11:03:24] /m aerodactyl
[24/06/2015 11:03:24] /m aerodactyl
[24/06/2015 11:03:24] /m aerodactyl
[24/06/2015 11:03:24] /m aerodactyl
[24/06/2015 11:03:24] /m aerodactyl
[24/06/2015 11:03:24] /m aerodactyl
[24/06/2015 11:03:24] /m aerodactyl
[24/06/2015 11:03:24] /m aerodactyl
[24/06/2015 11:03:24] /m aerodactyl
[24/06/2015 11:03:24] /m aerodactyl
[24/06/2015 11:03:24] /m aerodactyl
[24/06/2015 11:03:24] /m aerodactyl
[24/06/2015 11:03:24] /m aerodactyl
[24/06/2015 11:03:24] /m aerodactyl
[24/06/2015 11:03:24] /m aerodactyl
[24/06/2015 11:03:24] /m aerodactyl
[24/06/2015 11:03:24] /m aerodactyl
[24/06/2015 11:03:24] /m aerodactyl
[24/06/2015 11:03:24] /m aerodactyl
[24/06/2015 11:03:24] /m aerodactyl
[24/06/2015 11:03:25] /m aerodactyl
[24/06/2015 11:03:30] /m aerodactyl
[24/06/2015 11:03:30] /m aerodactyl
[24/06/2015 11:03:30] /m aerodactyl
[24/06/2015 11:03:30] /m aerodactyl
[24/06/2015 11:03:31] /m aerodactyl
[24/06/2015 11:03:31] /m aerodactyl
[24/06/2015 11:03:31] /m aerodactyl
[24/06/2015 11:03:31] /m aerodactyl
[24/06/2015 11:03:31] /m aerodactyl
[24/06/2015 11:03:31] /m aerodactyl
[24/06/2015 11:03:31] /m aerodactyl
[24/06/2015 11:03:31] /m aerodactyl
[24/06/2015 11:03:31] /m aerodactyl
[24/06/2015 11:03:31] /m aerodactyl
[24/06/2015 11:03:31] /m aerodactyl
[24/06/2015 11:03:31] /m aerodactyl
[24/06/2015 11:03:31] /m aerodactyl
[24/06/2015 11:03:31] /m aerodactyl
[24/06/2015 11:03:31] /m aerodactyl
[24/06/2015 11:03:31] /m aerodactyl
[24/06/2015 11:03:40] /m aerodactyl
[24/06/2015 11:03:42] /m aerodactyl
[24/06/2015 11:03:43] /m aerodactyl
[24/06/2015 11:03:43] /m aerodactyl
[24/06/2015 11:03:44] /m aerodactyl
[24/06/2015 11:03:44] /m aerodactyl
[24/06/2015 11:03:44] /m aerodactyl
[24/06/2015 11:03:45] /m aerodactyl
[24/06/2015 11:03:45] /m aerodactyl
[24/06/2015 11:03:46] /m aerodactyl
[24/06/2015 11:03:46] /m aerodactyl
[24/06/2015 11:03:47] /m aerodactyl
[24/06/2015 11:03:47] /m aerodactyl
[24/06/2015 11:03:48] /m aerodactyl
[24/06/2015 11:03:48] /m aerodactyl
[24/06/2015 11:03:48] /m aerodactyl
[24/06/2015 11:03:49] /m aerodactyl
[24/06/2015 11:03:49] /m aerodactyl
[24/06/2015 11:03:50] /m aerodactyl
[24/06/2015 11:03:50] /m aerodactyl
[24/06/2015 11:03:51] /m aerodactyl
[24/06/2015 11:03:51] /m aerodactyl
[24/06/2015 11:03:52] /m aerodactyl
[24/06/2015 11:03:52] /m aerodactyl
[24/06/2015 11:03:52] /m aerodactyl
[24/06/2015 11:03:53] /m aerodactyl
[24/06/2015 11:03:53] /m aerodactyl
[24/06/2015 11:03:54] /m aerodactyl
[24/06/2015 11:03:54] /m aerodactyl
[24/06/2015 11:03:55] /m aerodactyl
[24/06/2015 11:03:55] /m aerodactyl
[24/06/2015 11:03:55] /m aerodactyl
[24/06/2015 11:03:56] /m aerodactyl
[24/06/2015 11:03:56] /m aerodactyl
[24/06/2015 11:03:56] /m aerodactyl
[24/06/2015 11:03:56] /m aerodactyl
[24/06/2015 11:03:57] /m aerodactyl
[24/06/2015 11:03:59] /m aerodactyl
[24/06/2015 11:04:00] /m aerodactyl
[24/06/2015 11:04:00] /m aerodactyl
[24/06/2015 11:04:01] /m aerodactyl
[24/06/2015 11:04:01] /m aerodactyl
[24/06/2015 11:04:02] /m aerodactyl
[24/06/2015 11:04:02] /m aerodactyl
[24/06/2015 11:04:02] /m aerodactyl
[24/06/2015 11:04:03] /m aerodactyl
[24/06/2015 11:04:03] /m aerodactyl
[24/06/2015 11:04:04] /m aerodactyl
[24/06/2015 11:04:04] /m aerodactyl
[24/06/2015 11:04:05] /m aerodactyl
[24/06/2015 11:04:05] /m aerodactyl
[24/06/2015 11:04:05] /m aerodactyl
[24/06/2015 11:04:06] /m aerodactyl
[24/06/2015 11:04:06] /m aerodactyl
[24/06/2015 11:04:06] /m aerodactyl
[24/06/2015 11:04:07] /m aerodactyl
[24/06/2015 11:04:07] /m aerodactyl
[24/06/2015 11:04:07] /m aerodactyl
[24/06/2015 11:04:07] /m aerodactyl
[24/06/2015 11:04:07] /m aerodactyl
[24/06/2015 11:04:07] /m aerodactyl
[24/06/2015 11:04:08] /m aerodactyl
[24/06/2015 11:04:08] /m aerodactyl
[24/06/2015 11:04:08] /m aerodactyl
[24/06/2015 11:04:09] /m aerodactyl
[24/06/2015 11:04:09] /m aerodactyl
[24/06/2015 11:04:09] /m aerodactyl
[24/06/2015 11:04:10] /m aerodactyl
[24/06/2015 11:04:10] /m aerodactyl
[24/06/2015 11:04:11] /m aerodactyl
[24/06/2015 11:04:11] /m aerodactyl
[24/06/2015 11:04:11] /m aerodactyl
[24/06/2015 11:04:12] /m aerodactyl
[24/06/2015 11:04:12] /m aerodactyl
[24/06/2015 11:04:13] /m aerodactyl
[24/06/2015 11:04:13] /m aerodactyl
[24/06/2015 11:04:13] /m aerodactyl
[24/06/2015 20:45:28] /t
[24/06/2015 20:47:34] /town 8
[24/06/2015 20:55:51] /t
[24/06/2015 20:59:00] /town 9
[24/06/2015 20:59:16] /town 8
[24/06/2015 21:06:10] /i 11425
[24/06/2015 21:06:22] /a 100
[24/06/2015 21:06:41] /a 100
[24/06/2015 21:06:43] /a 100
[24/06/2015 21:06:44] /a 100
[24/06/2015 21:06:46] /a 100
[24/06/2015 21:06:47] /a 100
[24/06/2015 21:06:48] /a 100
[24/06/2015 21:10:22] /r
[24/06/2015 21:10:26] /r
[24/06/2015 21:12:07] /t
[24/06/2015 22:10:27] /town 8
[24/06/2015 22:11:06] /addskill Master Lee, level, 100
[24/06/2015 22:12:26] /m shiny blastoise
[24/06/2015 22:12:45] /m shiny blastoise
[24/06/2015 22:12:45] /m shiny blastoise
[24/06/2015 22:12:45] /m shiny blastoise
[24/06/2015 22:13:27] /m shiny blastoise
[24/06/2015 22:13:43] /m shiny blastoise
[24/06/2015 22:13:43] /m shiny blastoise
[24/06/2015 22:13:43] /m shiny blastoise
[24/06/2015 22:13:43] /m shiny blastoise
[24/06/2015 22:13:43] /m shiny blastoise
[24/06/2015 22:13:43] /m shiny blastoise
[24/06/2015 22:13:43] /m shiny blastoise
[24/06/2015 22:13:44] /m shiny blastoise
[24/06/2015 22:13:44] /m shiny blastoise
[24/06/2015 22:13:44] /m shiny blastoise
[24/06/2015 22:13:44] /m shiny blastoise
[24/06/2015 22:13:44] /m shiny blastoise
[24/06/2015 22:13:51] /m shiny blastoise
[24/06/2015 22:13:51] /m shiny blastoise
[24/06/2015 22:13:51] /m shiny blastoise
[24/06/2015 22:13:52] /m shiny blastoise
[24/06/2015 22:13:52] /m shiny blastoise
[24/06/2015 22:13:52] /m shiny blastoise
[24/06/2015 22:13:52] /m shiny blastoise
[24/06/2015 22:13:52] /m shiny blastoise
[24/06/2015 22:13:52] /m shiny blastoise
[24/06/2015 22:13:52] /m shiny blastoise
[24/06/2015 22:13:53] /m shiny blastoise
[24/06/2015 22:13:53] /m shiny blastoise
[24/06/2015 22:13:53] /m shiny blastoise
[24/06/2015 22:13:53] /m shiny blastoise
[24/06/2015 22:13:53] /m shiny blastoise
[24/06/2015 22:13:53] /m shiny blastoise
[24/06/2015 22:13:54] /m shiny blastoise
[24/06/2015 22:13:54] /m shiny blastoise
[24/06/2015 22:13:54] /m shiny blastoise
[24/06/2015 22:13:54] /m shiny blastoise
[24/06/2015 22:13:54] /m shiny blastoise
[24/06/2015 22:13:54] /m shiny blastoise
[24/06/2015 22:13:54] /m shiny blastoise
[24/06/2015 22:13:55] /m shiny blastoise
[24/06/2015 22:13:55] /m shiny blastoise
[24/06/2015 22:13:55] /m shiny blastoise
[24/06/2015 22:13:55] /m shiny blastoise
[24/06/2015 22:13:55] /m shiny blastoise
[24/06/2015 22:13:55] /m shiny blastoise
[24/06/2015 22:13:55] /m shiny blastoise
[24/06/2015 22:13:56] /m shiny blastoise
[24/06/2015 22:13:56] /m shiny blastoise
[24/06/2015 22:13:56] /m shiny blastoise
[24/06/2015 22:14:12] /m shiny blastoise
[24/06/2015 22:14:17] /town 9
[24/06/2015 22:14:19] /town 10
[24/06/2015 22:14:21] /town 11
[24/06/2015 22:14:23] /town 12
[24/06/2015 22:14:25] /town 13
[24/06/2015 22:14:27] /town 14
[24/06/2015 22:14:34] /town 1
[24/06/2015 22:14:35] /town 2
[24/06/2015 22:14:46] /town 3
[24/06/2015 22:14:48] /town 4
[24/06/2015 22:14:54] /town 5
[24/06/2015 22:15:58] /m shiny tangela
[24/06/2015 22:16:04] /m shiny tangela
[24/06/2015 22:16:15] /m shiny tangela
[24/06/2015 22:16:19] /m shiny tangela
[24/06/2015 22:16:26] /m shiny tangela
[24/06/2015 22:17:33] /t
[24/06/2015 22:17:50] /town 1
[24/06/2015 22:17:52] /town 2
[24/06/2015 22:18:05] /town 2
[24/06/2015 22:18:07] /town 3
[24/06/2015 22:18:09] /town 5
[24/06/2015 22:18:12] /town 11
[24/06/2015 22:18:34] /town 12
[24/06/2015 22:18:37] /town 13
[24/06/2015 22:18:39] /t
[24/06/2015 22:19:32] /t
[24/06/2015 22:19:45] /t
[24/06/2015 22:19:52] /t
[24/06/2015 22:19:58] /newtype 603
[24/06/2015 22:22:20] /t
[24/06/2015 22:22:28] /t
[24/06/2015 22:22:39] /t
[25/06/2015 16:23:17] /t
[25/06/2015 16:23:37] /town 12
[25/06/2015 16:23:41] /town 1
[25/06/2015 16:23:43] /town 2
[25/06/2015 16:23:45] /town 3
[25/06/2015 16:23:47] /town 4
[25/06/2015 16:23:49] /town 5
[25/06/2015 16:23:52] /town 6
[25/06/2015 16:27:16] /town 7
[25/06/2015 16:27:22] /town 8
[25/06/2015 16:27:25] /town 9
[25/06/2015 16:27:28] /town 10
[25/06/2015 16:29:36] /a
[25/06/2015 16:29:40] /a 3
[25/06/2015 16:29:58] /a 3
[25/06/2015 20:52:41] teste
[25/06/2015 21:21:27] teste
[25/06/2015 21:22:28] teste
[25/06/2015 21:23:11] teste
[25/06/2015 21:26:19] teste
[25/06/2015 21:27:31] teste
[25/06/2015 21:29:58] teste
[25/06/2015 22:02:00] teste
[25/06/2015 22:02:36] teste
[25/06/2015 22:03:49] teste
[25/06/2015 22:04:10] teste
[25/06/2015 22:04:43] teste
[25/06/2015 22:06:02] teste
[25/06/2015 22:07:38] teste
[25/06/2015 22:12:57] teste
[25/06/2015 22:14:37] teste
[25/06/2015 22:19:26] teste
[25/06/2015 22:20:10] teste
[25/06/2015 22:21:05] teste
[25/06/2015 22:21:51] teste
[25/06/2015 22:24:34] teste
[26/06/2015 22:08:44] /m aerodactyl
[26/06/2015 22:09:14] /m aerodactyl
[26/06/2015 22:11:00] /attr set nick Jojo
[27/06/2015 03:07:20] /addskill Master Lee, level, 95
[27/06/2015 03:08:50] /addskill Master Lee, level, 1
[27/06/2015 03:11:51] /addskill Master Lee, level, 1
[27/06/2015 03:12:29] /addskill Master Lee, level, 83
[27/06/2015 03:12:54] /addskill Master Lee, level, 15
[27/06/2015 22:55:39] /m rattata
[27/06/2015 22:55:47] /r
[27/06/2015 23:45:07] /i 460
[27/06/2015 23:49:58] /i 460
[27/06/2015 23:54:02] /i 460
[28/06/2015 00:02:14] /t
[28/06/2015 00:02:22] /i 11677
[28/06/2015 00:04:18] /i 11677
[28/06/2015 00:04:20] /i 11677
[28/06/2015 00:04:22] /i 11677
[28/06/2015 00:04:31] /a 4
[28/06/2015 00:42:50] /i 1386
[28/06/2015 00:43:44] /r
[28/06/2015 01:00:05] /t
[28/06/2015 01:25:41] /addskill Teste, level, 100
[28/06/2015 14:21:53] /i 4820
[18/07/2015 01:50:46] teste
[18/07/2015 01:52:29] teste
[18/07/2015 06:19:41] /r
[18/07/2015 06:47:00] /town 2
