[05/08/2014 17:28:27] /newtype 13
[05/08/2014 17:28:31] /ghost
[05/08/2014 17:29:08] /t
[05/08/2014 17:30:12] /goto Bnark
[05/08/2014 17:31:35] /goto Muka
[05/08/2014 17:32:54] /m shiny venusaur
[05/08/2014 17:32:59] /t
[05/08/2014 17:33:12] /b Mega Zam
[05/08/2014 17:33:18] /r
[05/08/2014 17:33:31] /goto Lucas
[05/08/2014 17:33:45] /t
[05/08/2014 17:34:31] /goto Bnark
[05/08/2014 17:34:47] /t
[05/08/2014 17:35:39] /ghost
[05/08/2014 17:38:04] /t Bnark
[05/08/2014 17:40:15] /newtype 1646
[05/08/2014 17:40:24] /ghost
[05/08/2014 17:40:34] /newtype 1647
[05/08/2014 17:40:37] /newtype 1645
[05/08/2014 17:40:45] /newtype 1644
[05/08/2014 17:40:48] /newtype 1646
[05/08/2014 17:40:51] /newtype 1643
[05/08/2014 17:40:56] /newtype 1642
[05/08/2014 17:41:00] /newtype 1642
[05/08/2014 17:41:05] /newtype 1641
[05/08/2014 17:41:10] /newtype 1640
[05/08/2014 17:41:15] /newtype 1646
[05/08/2014 17:41:17] /newtype 1645
[05/08/2014 17:41:36] /newtype 13
[05/08/2014 17:41:40] /newtype 14
[05/08/2014 17:41:44] /newtype 15
[05/08/2014 17:41:47] /newtype 16
[05/08/2014 17:41:51] /newtype 17
[05/08/2014 17:41:56] /newtype 1645
[05/08/2014 17:42:06] /newtype 13
[05/08/2014 17:42:13] /t
[05/08/2014 17:42:16] /t
[05/08/2014 17:42:21] /newtype 14
[05/08/2014 17:42:25] /newtype 15
[05/08/2014 17:42:30] /newtype 16
[05/08/2014 17:42:44] /newtype 17
[05/08/2014 17:42:48] /newtype 1645
[05/08/2014 17:43:01] /ghost
[05/08/2014 17:47:09] /goto Bnark
[05/08/2014 17:50:14] /i ultra ball
[05/08/2014 17:51:22] /t
[05/08/2014 17:52:12] /goto Extremess
[05/08/2014 17:52:22] /newtype 13
[05/08/2014 17:52:25] /ghost
[05/08/2014 17:52:47] /newtype 14
[05/08/2014 17:53:19] /newtype 1645
[05/08/2014 17:55:31] /a 40
[05/08/2014 17:55:33] /a 100
[05/08/2014 17:55:36] /a 400
[05/08/2014 17:55:39] /a 1000
[05/08/2014 17:55:43] /a 900
[05/08/2014 17:55:46] /a 900
[05/08/2014 17:56:01] /a 7
[05/08/2014 17:56:05] /a 5
[05/08/2014 17:56:09] /a 50
[05/08/2014 17:56:12] /a 100
[05/08/2014 17:56:14] /a 200
[05/08/2014 17:56:21] /t
[05/08/2014 17:56:31] /ghost
[05/08/2014 17:57:26] /newtype 13
[05/08/2014 17:57:32] /newtype 14
[05/08/2014 17:57:35] /newtype 14
[05/08/2014 17:57:37] /newtype 15
[05/08/2014 17:57:40] /newtype 16
[05/08/2014 17:57:43] /newtype 17
[05/08/2014 17:57:49] /newtype 1645
[05/08/2014 17:59:07] /t Extremess
[05/08/2014 17:59:10] /ghost
[05/08/2014 17:59:19] /newtype 13
[05/08/2014 17:59:23] /newtype 14
[05/08/2014 17:59:31] /newtype 15
[05/08/2014 17:59:40] /newtype 16
[05/08/2014 18:00:36] /newtype 1645
[05/08/2014 18:01:05] /ghost
[05/08/2014 18:06:19] /t
[05/08/2014 18:07:24] /t
[05/08/2014 18:09:12] /ghost
[05/08/2014 18:09:14] /ghost
[05/08/2014 18:30:11] /goto pedrinho
[05/08/2014 18:30:28] /newtype 13
[05/08/2014 18:30:31] /ghost
[05/08/2014 18:30:37] /i ultra ball
[05/08/2014 18:31:10] /ghost
[05/08/2014 18:31:11] /t
[05/08/2014 18:33:32] /b Galera Ae O mapa http://static.wixstatic.com/media/35a452_4a52667caa464e828b11f468f8fdd28b.png_srz_p_1298_768_75_22_0.50_1.20_0.00_png_srz
[05/08/2014 19:05:58] /goto salamence
[05/08/2014 19:07:46] /t
[05/08/2014 19:08:24] /t
[05/08/2014 19:10:03] /t pedrinho
[05/08/2014 19:10:53] /goto pedrinho
[05/08/2014 19:11:01] /c pedrinho
[05/08/2014 19:11:54] /t
[05/08/2014 19:14:31] /ghost
[05/08/2014 19:18:59] /newtype  15
[05/08/2014 19:19:48] /newtype 14
[05/08/2014 19:24:56] /t
[05/08/2014 19:25:30] /newtype 1645
[05/08/2014 19:25:42] /goto Tio San
[05/08/2014 19:26:14] /newtype 1646
