[22/09/2014 15:59:30] /b Novo nome <3
[22/09/2014 16:06:02] /t
[22/09/2014 16:15:40] /goto moltres
[22/09/2014 16:20:29] /t
[22/09/2014 16:22:23] /b  eu so o gm Lucas ta bom?
[22/09/2014 16:22:54] /b qual editor  de video e bom?
[22/09/2014 16:25:06] /b Ninguem pd me  passar um editor  de video
[22/09/2014 16:38:29] /b  Eu você 2 video - Game  é 1  Pc <3
[22/09/2014 16:38:46] /b eai Cê topá?.
[22/09/2014 16:40:21] /b Ela - Que lindo amor                   - Ele - Linda  será  eu você na igreja Quando todos  tiver  vendo nós e o padre fala Pode beijar  a novia e--é
[22/09/2014 16:40:37] /b - Ele - Lindo*
[22/09/2014 16:40:49] /b Noiva*
[22/09/2014 16:41:37] /b Quantos foi o jogo do corithians e são paulo Ontem!?,
[22/09/2014 16:41:46] /b Corinthians 
[22/09/2014 16:42:06] /b  Vai curintia e--é
[22/09/2014 16:42:16] /b  e  Flamengo  e fluminense
[22/09/2014 16:42:43] /goto Mr . Mine
[22/09/2014 16:42:59] /goto Mr. Mine
[22/09/2014 16:43:42] /goto mr.mime
[22/09/2014 16:43:57] /goto espeon
[22/09/2014 16:44:10] /goto  machamp
[22/09/2014 16:44:55] /goto Mr.Mine
[22/09/2014 16:45:34] /goto Mr. Mine
[22/09/2014 16:45:43] /goto Mr . Mine
[22/09/2014 16:45:53] /goto Mr .Mine
[22/09/2014 16:46:01] /goto shiny umbreon
[22/09/2014 16:46:18] /goto shiny umbreom
[22/09/2014 16:46:40] /goto shiny umbreom
[22/09/2014 16:46:51] /goto shiny umbreon
[22/09/2014 16:47:07] /goto Mr mine
[22/09/2014 16:48:57] /a 40
[22/09/2014 16:49:11] /goto Mr. Mime
[22/09/2014 16:49:39] /r
[22/09/2014 16:50:00] /goto Mr. Mime
[22/09/2014 16:50:20] /goto Mr. Mime
[22/09/2014 16:50:34] /goto shiny Mr. Mime
[22/09/2014 16:51:28] /goto shiny Mr. Mime
[22/09/2014 16:51:34] /goto Mr. Mime
[22/09/2014 16:51:44] /m shiny Mr. Mime
[22/09/2014 16:51:59] /r
[22/09/2014 16:54:20] /goto shiny cubone
[22/09/2014 16:54:37] /goto shiny Mr. Mime
[22/09/2014 16:54:46] /m shiny Mr. Mime
[22/09/2014 16:54:53] /c Lord Pao
[22/09/2014 16:55:24] /t Lord pao
[22/09/2014 16:55:27] /t
[22/09/2014 17:05:49] /newtype 781
[22/09/2014 17:05:56] /newtype 751
[22/09/2014 17:06:03] /newtype 731
[22/09/2014 17:06:12] /newtype 621
[22/09/2014 17:06:19] /newtype 690
[22/09/2014 17:06:31] /newtype 693
[22/09/2014 17:06:37] /newtype 632
[22/09/2014 17:07:14] /newtype 635
[22/09/2014 17:07:22] /newtype 541
[22/09/2014 17:07:30] /newtype 546
[22/09/2014 17:09:08] /newtype 552
[22/09/2014 17:09:57] /newtype 1322
[22/09/2014 17:10:05] /newtype 1444
[22/09/2014 17:10:44] /newtype 329
[22/09/2014 17:11:03] /newtype 328
[22/09/2014 17:11:20] /i 2160
[22/09/2014 17:11:39] /newtype 1442
[22/09/2014 17:12:06] /newtype 329
[22/09/2014 17:12:51] /b So noiva
[22/09/2014 17:13:03] /b de quem você mais  gosta de min ou do gm Lucas?
[22/09/2014 17:14:31] /rename Mãe De Todos , [GM] Tio do ándre
[22/09/2014 17:15:10] /rename Mãe De Todos , [GM] Tio 
[22/09/2014 17:15:37] /rename Mãe De Todos
[22/09/2014 17:16:03] /rename Mãe De Todos,[GM] Tio
[22/09/2014 17:16:39] /rename [GM] Tio, Mãe De Todos
[22/09/2014 17:20:07] /newtype 300
[22/09/2014 17:20:25] /newtype 301
[22/09/2014 17:20:29] /newtype 303
[22/09/2014 17:20:32] /newtype 305
[22/09/2014 17:20:36] /newtype 310
[22/09/2014 17:20:40] /newtype 321
[22/09/2014 17:20:45] /newtype 329
[23/09/2014 13:37:37] /b Bom dia So eu Gm Lucas
[23/09/2014 13:38:19] /b Ops Boa tarde
[23/09/2014 13:40:38] /b qual foi seu 1 Shiny?. Responde Pm Ou Game  chat
[23/09/2014 13:49:23] /newtype 328
[23/09/2014 13:50:49] /rename Mãe De Todos , Gol
[23/09/2014 13:51:34] /rename Gol ,Mãe De Todos
[23/09/2014 13:52:42] /rename Mãe de todos, Gol
