[17/09/2014 23:39:35] /goto namer
[17/09/2014 23:39:49] /n namer
[17/09/2014 23:40:02] /goto namer
[17/09/2014 23:40:03] /goto namer
[17/09/2014 23:40:03] /goto namer
[17/09/2014 23:40:03] /goto namer
[17/09/2014 23:40:03] /goto namer
[17/09/2014 23:40:03] /goto namer
[17/09/2014 23:40:03] /goto namer
[17/09/2014 23:40:03] /goto namer
[17/09/2014 23:40:03] /goto namer
[17/09/2014 23:40:03] /goto namer
[17/09/2014 23:40:03] /goto namer
[17/09/2014 23:40:03] /goto namer
[17/09/2014 23:40:04] /goto namer
[17/09/2014 23:40:04] /goto namer
[17/09/2014 23:40:04] /goto namer
[17/09/2014 23:40:04] /goto namer
[17/09/2014 23:40:05] /goto namer
[17/09/2014 23:40:05] /goto namer
[17/09/2014 23:40:05] /goto namer
[17/09/2014 23:40:05] /goto namer
[17/09/2014 23:40:05] /goto namer
[17/09/2014 23:40:05] /goto namer
[17/09/2014 23:40:05] /goto namer
[17/09/2014 23:40:05] /goto namer
[17/09/2014 23:40:06] /goto namer
[17/09/2014 23:40:06] /goto namer
[17/09/2014 23:40:10] /goto Namer
[17/09/2014 23:40:12] /goto Namer
[17/09/2014 23:50:59] /i androidshad
[17/09/2014 23:51:32] /i androidshad
[17/09/2014 23:51:53] /t Androidshad
