[22/08/2014 21:48:42] /t
[22/08/2014 21:52:21] /b Pedro vem aqui menino
[22/08/2014 21:55:52] /t
[22/08/2014 22:03:05] /t
[22/08/2014 22:06:42] /b
[22/08/2014 22:09:58] /b alguem sabe onde tem SHiny Onix ?
[22/08/2014 22:10:43] /b e morreu kkk
[22/08/2014 22:14:09] /b quem que ir b4 ? Vem lavender
[22/08/2014 22:16:48] /b Vai sair do game ?
[22/08/2014 22:17:14] /b Lucas qual teu cargo ?
[22/08/2014 22:19:54] /b Gewar puxa
[22/08/2014 22:28:06] /b Preparem o Strong Haste
[22/08/2014 22:29:12] /b Blz lek
[22/08/2014 22:30:17] /t electrode
[22/08/2014 22:30:30] /b Geral flodando e.e
[22/08/2014 22:33:16] /t
[22/08/2014 22:33:43] /t
[22/08/2014 22:42:23] /t Johnnytwv
[22/08/2014 22:44:12] /t al
[22/08/2014 22:44:59] /spy
[22/08/2014 22:45:08] /spy [ADM] Gewar
[22/08/2014 22:45:18] /spy Noobfodao
[22/08/2014 22:45:39] /spy Naruto
[22/08/2014 22:46:05] /spy Lucas
[22/08/2014 22:46:39] /spy Quade Cyan
[22/08/2014 22:47:01] /spy Joao Maledoso
[22/08/2014 22:48:09] /t
[22/08/2014 22:48:20] /t
[22/08/2014 22:48:31] /spy Joao
[22/08/2014 22:49:09] /t
[22/08/2014 22:49:19] /t
[22/08/2014 22:49:40] /t
[22/08/2014 22:49:45] /b foquem no Mewtwo
[22/08/2014 22:50:10] /t lucas
[22/08/2014 22:50:14] /t quade cyan
[22/08/2014 22:50:19] /t
[22/08/2014 22:51:01] /t Lucas
[22/08/2014 22:51:07] /t
[22/08/2014 22:51:27] /t
[22/08/2014 22:51:46] /t
[22/08/2014 22:52:03] /t all
[22/08/2014 22:52:11] /t
[22/08/2014 22:54:50] /t
[22/08/2014 22:55:01] /t Lucas
[22/08/2014 22:55:13] /t [ADM] Gewar
[22/08/2014 22:56:33] /spy [ADM] Gewar
[22/08/2014 22:56:38] /spy Lucas
[22/08/2014 22:58:13] /spy Joao
[22/08/2014 22:58:20] /t Joao
[22/08/2014 22:58:22] /t Joao
[22/08/2014 22:58:26] /t Joao Maledoso
