[10/06/2016 21:18:36] /i 2589
[10/06/2016 22:25:54] /goto mewtwo
[10/06/2016 22:26:00] /goto charizard
[10/06/2016 22:26:15] /t
[11/06/2016 01:43:33] /addskill Taiger, level, 100
[11/06/2016 15:50:41] /t
[11/06/2016 15:50:44] /t
[11/06/2016 16:31:22] /t
[11/06/2016 16:48:12] /i master ball
[11/06/2016 17:20:48] /m snorlax
[11/06/2016 17:23:35] /m snorlax
[11/06/2016 21:31:13] /t
[12/06/2016 11:12:45] /n tonny
[12/06/2016 11:13:15] /n -MiniTask - Ton
[12/06/2016 11:14:53] /goto ampharos
[12/06/2016 12:57:44] /t
[12/06/2016 12:58:07] /m venusaur
[12/06/2016 12:58:08] /m venusaur
[12/06/2016 12:58:08] /m venusaur
[12/06/2016 12:58:09] /m venusaur
[12/06/2016 12:58:09] /m venusaur
[12/06/2016 14:30:10] /i 2160
[12/06/2016 14:30:27] /a 2
[12/06/2016 14:35:31] /a 2
[12/06/2016 15:42:09] /i stone
[12/06/2016 15:42:25] /goto geodude
[12/06/2016 15:51:20] /t
[12/06/2016 15:51:42] /m rattata
[12/06/2016 15:53:12] /i emerald
[12/06/2016 19:16:35] /m rattata
[12/06/2016 19:16:36] /m rattata
[12/06/2016 19:16:37] /m rattata
[12/06/2016 19:16:38] /m rattata
[12/06/2016 19:16:39] /m rattata
[12/06/2016 19:16:39] /m rattata
[12/06/2016 19:16:40] /m rattata
[12/06/2016 19:19:01] /m rattata
[12/06/2016 19:19:07] /m rattata
[12/06/2016 19:19:09] /m rattata
[12/06/2016 19:19:10] /m rattata
[12/06/2016 19:19:10] /m rattata
[12/06/2016 19:19:11] /m rattata
[12/06/2016 19:19:13] /m rattata
[12/06/2016 19:35:34] /m rattata
[12/06/2016 19:35:37] /m rattata
[12/06/2016 19:35:38] /m rattata
[12/06/2016 19:37:03] /m rattata
[12/06/2016 19:37:03] /m rattata
[12/06/2016 19:37:04] /m rattata
[12/06/2016 19:37:05] /m rattata
[12/06/2016 19:37:05] /m rattata
[12/06/2016 19:37:06] /m rattata
[12/06/2016 19:37:06] /m rattata
[12/06/2016 19:37:07] /m rattata
[12/06/2016 19:37:08] /m rattata
[12/06/2016 19:37:08] /m rattata
[13/06/2016 18:56:32] /m charizard
[13/06/2016 18:56:33] /m charizard
[13/06/2016 18:56:33] /m charizard
[13/06/2016 18:56:33] /m charizard
[13/06/2016 18:56:34] /m charizard
[13/06/2016 18:56:34] /m charizard
[13/06/2016 18:56:34] /m charizard
[13/06/2016 18:56:34] /m charizard
[13/06/2016 18:56:34] /m charizard
[13/06/2016 18:56:34] /m charizard
[13/06/2016 18:56:34] /m charizard
[13/06/2016 18:56:34] /m charizard
[13/06/2016 18:56:34] /m charizard
[13/06/2016 18:56:34] /m charizard
[13/06/2016 18:56:34] /m charizard
[13/06/2016 18:56:34] /m charizard
[13/06/2016 18:56:34] /m charizard
[13/06/2016 18:56:34] /m charizard
[13/06/2016 18:56:34] /m charizard
[13/06/2016 18:57:00] /m aggron
[13/06/2016 18:58:22] /m blaziken
[13/06/2016 18:58:58] /m blaziken
[13/06/2016 19:00:37] /m Shiny Blastoise
[13/06/2016 19:02:36] /m blaziken
[13/06/2016 19:03:08] /m blaziken
[13/06/2016 19:03:40] /m blaziken
[13/06/2016 19:03:41] /m blaziken
[13/06/2016 19:03:42] /m blaziken
[13/06/2016 19:03:43] /m blaziken
[13/06/2016 19:03:43] /m blaziken
[13/06/2016 19:03:44] /m blaziken
[13/06/2016 19:04:49] /m blaziken
[13/06/2016 19:04:50] /m blaziken
[13/06/2016 19:04:50] /m blaziken
[13/06/2016 19:04:51] /m blaziken
[13/06/2016 19:04:52] /m blaziken
[13/06/2016 19:04:52] /m blaziken
[13/06/2016 19:04:53] /m blaziken
[13/06/2016 19:05:41] /m blaziken
[13/06/2016 19:05:42] /m blaziken
[13/06/2016 19:05:42] /m blaziken
[13/06/2016 19:05:43] /m blaziken
[13/06/2016 19:05:44] /m blaziken
[13/06/2016 19:05:44] /m blaziken
[13/06/2016 19:05:45] /m blaziken
[13/06/2016 19:05:46] /m blaziken
[13/06/2016 19:08:27] /m blaziken
[13/06/2016 19:08:28] /m blaziken
[13/06/2016 19:08:29] /m blaziken
[13/06/2016 19:08:30] /m blaziken
[13/06/2016 19:08:30] /m blaziken
[13/06/2016 19:08:31] /m blaziken
[13/06/2016 19:08:31] /m blaziken
[13/06/2016 19:08:32] /m blaziken
[13/06/2016 19:08:33] /m blaziken
[13/06/2016 19:08:33] /m blaziken
[14/06/2016 18:58:07] /cliport
[14/06/2016 19:01:46] /t
[15/06/2016 20:59:51] /m xatu
[15/06/2016 21:01:35] /m xatu
[15/06/2016 21:01:57] /m xatu/n namer
[15/06/2016 21:02:01] /n nick
[15/06/2016 21:02:40] /n namer
[16/06/2016 19:07:11] /m scyther
[16/06/2016 19:08:26] /m scyther
[18/06/2016 13:41:59] /owner nobody
[18/06/2016 14:33:03] /owner Taiger
[18/06/2016 22:20:29] /t
[18/06/2016 23:01:45] /m Skarmory
[18/06/2016 23:01:46] /m Skarmory
[18/06/2016 23:01:46] /m Skarmory
[18/06/2016 23:01:46] /m Skarmory
[18/06/2016 23:01:46] /m Skarmory
[18/06/2016 23:01:46] /m Skarmory
[18/06/2016 23:01:47] /m Skarmory
[18/06/2016 23:01:47] /m Skarmory
[18/06/2016 23:01:47] /m Skarmory
[18/06/2016 23:01:47] /m Skarmory
[18/06/2016 23:02:09] /m Skarmory
[18/06/2016 23:02:09] /m Skarmory
[18/06/2016 23:02:09] /m Skarmory
[18/06/2016 23:02:10] /m Skarmory
[18/06/2016 23:02:10] /m Skarmory
[18/06/2016 23:02:10] /m Skarmory
[18/06/2016 23:02:10] /m Skarmory
[18/06/2016 23:02:10] /m Skarmory
[18/06/2016 23:02:10] /m Skarmory
[18/06/2016 23:02:10] /m Skarmory
[18/06/2016 23:02:11] /m Skarmory
[18/06/2016 23:02:11] /m Skarmory
[18/06/2016 23:02:11] /m Skarmory
[18/06/2016 23:02:11] /m Skarmory
[18/06/2016 23:02:11] /m Skarmory
[18/06/2016 23:02:11] /m Skarmory
[18/06/2016 23:02:12] /m Skarmory
[18/06/2016 23:02:12] /m Skarmory
[18/06/2016 23:02:12] /m Skarmory
[18/06/2016 23:02:12] /m Skarmory
[18/06/2016 23:02:12] /m Skarmory
[18/06/2016 23:02:12] /m Skarmory
[18/06/2016 23:02:13] /m Skarmory
[18/06/2016 23:02:13] /m Skarmory
[18/06/2016 23:04:02] /m Skarmory
[18/06/2016 23:04:03] /m Skarmory
[18/06/2016 23:04:03] /m Skarmory
[18/06/2016 23:04:03] /m Skarmory
[18/06/2016 23:04:03] /m Skarmory
[18/06/2016 23:04:03] /m Skarmory
[18/06/2016 23:04:03] /m Skarmory
[18/06/2016 23:04:03] /m Skarmory
[18/06/2016 23:04:03] /m Skarmory
[18/06/2016 23:04:03] /m Skarmory
[18/06/2016 23:04:03] /m Skarmory
[18/06/2016 23:04:03] /m Skarmory
[18/06/2016 23:04:03] /m Skarmory
[18/06/2016 23:04:03] /m Skarmory
[18/06/2016 23:04:03] /m Skarmory
[18/06/2016 23:04:03] /m Skarmory
[18/06/2016 23:04:03] /m Skarmory
[18/06/2016 23:04:03] /m Skarmory
[18/06/2016 23:04:03] /m Skarmory
[18/06/2016 23:04:03] /m Skarmory
[18/06/2016 23:04:03] /m Skarmory
[18/06/2016 23:04:03] /m Skarmory
[18/06/2016 23:04:03] /m Skarmory
[18/06/2016 23:04:10] /m Skarmory
[18/06/2016 23:04:11] /m Skarmory
[18/06/2016 23:04:11] /m Skarmory
[18/06/2016 23:04:11] /m Skarmory
[18/06/2016 23:04:11] /m Skarmory
[18/06/2016 23:04:11] /m Skarmory
[18/06/2016 23:04:12] /m Skarmory
[18/06/2016 23:04:12] /m Skarmory
[18/06/2016 23:04:12] /m Skarmory
[18/06/2016 23:04:12] /m Skarmory
[18/06/2016 23:04:12] /m Skarmory
[18/06/2016 23:04:12] /m Skarmory
[18/06/2016 23:04:13] /m Skarmory
[18/06/2016 23:04:13] /m Skarmory
[18/06/2016 23:04:22] /m Skarmory
[18/06/2016 23:04:22] /m Skarmory
[18/06/2016 23:04:22] /m Skarmory
[18/06/2016 23:04:22] /m Skarmory
[18/06/2016 23:04:23] /m Skarmory
[18/06/2016 23:04:23] /m Skarmory
[18/06/2016 23:04:23] /m Skarmory
[18/06/2016 23:04:23] /m Skarmory
[18/06/2016 23:04:24] /m Skarmory
[18/06/2016 23:04:24] /m Skarmory
[18/06/2016 23:04:24] /m Skarmory
[18/06/2016 23:04:24] /m Skarmory
[18/06/2016 23:04:24] /m Skarmory
[18/06/2016 23:04:25] /m Skarmory
[18/06/2016 23:04:25] /m Skarmory
[18/06/2016 23:04:35] /m Skarmory
[18/06/2016 23:04:35] /m Skarmory
[18/06/2016 23:04:35] /m Skarmory
[18/06/2016 23:04:35] /m Skarmory
[18/06/2016 23:04:35] /m Skarmory
[18/06/2016 23:04:36] /m Skarmory
[18/06/2016 23:04:36] /m Skarmory
[18/06/2016 23:04:36] /m Skarmory
[18/06/2016 23:04:36] /m Skarmory
[18/06/2016 23:04:36] /m Skarmory
[18/06/2016 23:04:37] /m Skarmory
[18/06/2016 23:04:37] /m Skarmory
[18/06/2016 23:04:37] /m Skarmory
[18/06/2016 23:04:37] /m Skarmory
[18/06/2016 23:04:37] /m Skarmory
[18/06/2016 23:04:38] /m Skarmory
[18/06/2016 23:04:38] /m Skarmory
[18/06/2016 23:04:56] /m Skarmory
[18/06/2016 23:04:56] /m Skarmory
[18/06/2016 23:04:56] /m Skarmory
[18/06/2016 23:04:57] /m Skarmory
[18/06/2016 23:04:57] /m Skarmory
[18/06/2016 23:04:57] /m Skarmory
[18/06/2016 23:04:57] /m Skarmory
[18/06/2016 23:04:57] /m Skarmory
[18/06/2016 23:04:58] /m Skarmory
[18/06/2016 23:04:58] /m Skarmory
[18/06/2016 23:04:58] /m Skarmory
[18/06/2016 23:04:58] /m Skarmory
[18/06/2016 23:04:58] /m Skarmory
[18/06/2016 23:04:59] /m Skarmory
[18/06/2016 23:04:59] /m Skarmory
[18/06/2016 23:04:59] /m Skarmory
[18/06/2016 23:05:00] /m Skarmory
[18/06/2016 23:05:00] /m Skarmory
[18/06/2016 23:05:00] /m Skarmory
[18/06/2016 23:05:00] /m Skarmory
[18/06/2016 23:05:00] /m Skarmory
[18/06/2016 23:05:01] /m Skarmory
[18/06/2016 23:05:01] /m Skarmory
[18/06/2016 23:05:15] /m Skarmory
[18/06/2016 23:05:15] /m Skarmory
[18/06/2016 23:05:15] /m Skarmory
[18/06/2016 23:05:15] /m Skarmory
[18/06/2016 23:05:16] /m Skarmory
[18/06/2016 23:05:16] /m Skarmory
[18/06/2016 23:05:16] /m Skarmory
[18/06/2016 23:05:16] /m Skarmory
[18/06/2016 23:05:16] /m Skarmory
[18/06/2016 23:05:16] /m Skarmory
[18/06/2016 23:05:17] /m Skarmory
[18/06/2016 23:05:17] /m Skarmory
[18/06/2016 23:05:17] /m Skarmory
[18/06/2016 23:05:17] /m Skarmory
[18/06/2016 23:05:17] /m Skarmory
[18/06/2016 23:05:17] /m Skarmory
[18/06/2016 23:05:18] /m Skarmory
[18/06/2016 23:05:18] /m Skarmory
[18/06/2016 23:05:25] /m Skarmory
[18/06/2016 23:05:25] /m Skarmory
[18/06/2016 23:05:25] /m Skarmory
[18/06/2016 23:05:25] /m Skarmory
[18/06/2016 23:05:25] /m Skarmory
[18/06/2016 23:05:26] /m Skarmory
[18/06/2016 23:05:26] /m Skarmory
[18/06/2016 23:05:26] /m Skarmory
[18/06/2016 23:05:26] /m Skarmory
[18/06/2016 23:05:45] /m Skarmory
[18/06/2016 23:05:45] /m Skarmory
[18/06/2016 23:05:45] /m Skarmory
[18/06/2016 23:05:45] /m Skarmory
[18/06/2016 23:05:46] /m Skarmory
[18/06/2016 23:05:46] /m Skarmory
[18/06/2016 23:05:46] /m Skarmory
[18/06/2016 23:05:46] /m Skarmory
[18/06/2016 23:05:46] /m Skarmory
[18/06/2016 23:05:46] /m Skarmory
[18/06/2016 23:05:47] /m Skarmory
[18/06/2016 23:05:47] /m Skarmory
[18/06/2016 23:05:47] /m Skarmory
[18/06/2016 23:05:47] /m Skarmory
[18/06/2016 23:05:47] /m Skarmory
[18/06/2016 23:05:47] /m Skarmory
[18/06/2016 23:05:48] /m Skarmory
[18/06/2016 23:05:48] /m Skarmory
[18/06/2016 23:05:48] /m Skarmory
[18/06/2016 23:05:48] /m Skarmory
[18/06/2016 23:05:48] /m Skarmory
[18/06/2016 23:05:48] /m Skarmory
[18/06/2016 23:05:49] /m Skarmory
[18/06/2016 23:05:49] /m Skarmory
[18/06/2016 23:05:49] /m Skarmory
[18/06/2016 23:05:49] /m Skarmory
[18/06/2016 23:05:49] /m Skarmory
[18/06/2016 23:05:49] /m Skarmory
[18/06/2016 23:05:50] /m Skarmory
[18/06/2016 23:05:50] /m Skarmory
[18/06/2016 23:05:50] /m Skarmory
[18/06/2016 23:05:50] /m Skarmory
[18/06/2016 23:05:50] /m Skarmory
[18/06/2016 23:05:51] /m Skarmory
[18/06/2016 23:05:51] /m Skarmory
[18/06/2016 23:05:51] /m Skarmory
[18/06/2016 23:05:51] /m Skarmory
[18/06/2016 23:05:51] /m Skarmory
[18/06/2016 23:05:51] /m Skarmory
[18/06/2016 23:05:52] /m Skarmory
[18/06/2016 23:05:52] /m Skarmory
[18/06/2016 23:05:52] /m Skarmory
[18/06/2016 23:05:52] /m Skarmory
[18/06/2016 23:05:52] /m Skarmory
[18/06/2016 23:05:53] /m Skarmory
[18/06/2016 23:05:53] /m Skarmory
[18/06/2016 23:05:53] /m Skarmory
[18/06/2016 23:05:53] /m Skarmory
[18/06/2016 23:06:12] /m Skarmory
[18/06/2016 23:06:13] /m Skarmory
[18/06/2016 23:06:13] /m Skarmory
[18/06/2016 23:06:13] /m Skarmory
[18/06/2016 23:06:13] /m Skarmory
[18/06/2016 23:06:13] /m Skarmory
[18/06/2016 23:06:13] /m Skarmory
[18/06/2016 23:06:14] /m Skarmory
[18/06/2016 23:06:14] /m Skarmory
[18/06/2016 23:06:14] /m Skarmory
[18/06/2016 23:06:14] /m Skarmory
[18/06/2016 23:06:14] /m Skarmory
[18/06/2016 23:06:14] /m Skarmory
[18/06/2016 23:06:14] /m Skarmory
[18/06/2016 23:06:15] /m Skarmory
[18/06/2016 23:06:15] /m Skarmory
[18/06/2016 23:06:15] /m Skarmory
[18/06/2016 23:06:15] /m Skarmory
[18/06/2016 23:06:15] /m Skarmory
[18/06/2016 23:06:15] /m Skarmory
[18/06/2016 23:06:15] /m Skarmory
[18/06/2016 23:06:16] /m Skarmory
[18/06/2016 23:06:16] /m Skarmory
[18/06/2016 23:06:16] /m Skarmory
