[04/08/2014 19:14:33] /t
[04/08/2014 19:15:20] /b  :D
[04/08/2014 19:38:44] /t Extremess
[04/08/2014 19:46:43] /t
[04/08/2014 19:48:48] /b Divuguem o servidor para que cheguemos a meta do evento :D
[04/08/2014 19:55:49] /b Gewar, Goto no Extremess
[04/08/2014 19:59:25] /b Gewar, Goto no Extremess
[04/08/2014 20:04:38] /b Gente! Divulguem o servidor :D
[04/08/2014 20:06:30] /t
[04/08/2014 20:12:08] /t
[04/08/2014 20:13:09] /b Gente! Divulguem o servidor :D
[04/08/2014 20:28:49] /b Gente! Divulguem o servidor :D
[04/08/2014 20:30:07] /b Gente! Divulguem o servidor :D
[04/08/2014 20:32:51] /b Gente! Divulguem o servidor :D
[04/08/2014 20:59:23] /t
[04/08/2014 21:13:33] /t Diego
[04/08/2014 21:30:13] /t
[04/08/2014 22:04:05] /b 6 min fim do evento T-T
[04/08/2014 22:09:06] /b só mais uma rodada pro fim do evento
[04/08/2014 22:09:38] /b e eu ouvi dizer que o GM ia por 4 shiny na ultima *---* Confere, GM ?  kk
[04/08/2014 22:10:13] /b kkkkkk   <3
[04/08/2014 22:11:30] /t reeenan
[04/08/2014 22:12:35] /b  Meu Deus, acordei meus pais no grito kkkk 
[04/08/2014 22:20:02] /b ganhei por W.O
[04/08/2014 22:21:49] /b Gente, evento em saffron
[04/08/2014 22:22:00] /b Gente, evento em saffron
[04/08/2014 22:22:01] /b Gente, evento em saffron
[04/08/2014 22:24:21] /b Gente, evento em saffron
[04/08/2014 22:24:23] /b Gente, evento em saffron
[04/08/2014 22:58:17] /t
[04/08/2014 23:05:59] /b cade o evento da bag ? o-o
[04/08/2014 23:09:03] /t
[04/08/2014 23:11:33] /t
[04/08/2014 23:25:58] /t extremess
[04/08/2014 23:30:11] /t
[04/08/2014 23:39:15] /t
[04/08/2014 23:41:03] /t
[04/08/2014 23:48:42] /t
[04/08/2014 23:52:36] /t
[04/08/2014 23:59:35] /t
[05/08/2014 00:10:28] /t pedrino
[05/08/2014 00:17:40] /t
[05/08/2014 00:56:39] /b pegaram o que na box ?
[05/08/2014 00:58:51] /t
[05/08/2014 01:00:57] /t pedrinho
[05/08/2014 01:05:30] /b deem !save
[05/08/2014 01:05:41] /b todos deem !save
[05/08/2014 18:55:10] /b Boa noite gente, tô por aqui :D
[05/08/2014 19:09:32] /t Leno Maicon
[05/08/2014 19:09:34] /t
[05/08/2014 19:32:04] /t
[05/08/2014 19:42:58] /b Depois do evento todo mundo fazer a main quest II
[05/08/2014 19:50:23] /t Jeferson
[05/08/2014 20:02:46] /t Zika-zoor
[05/08/2014 20:05:27] /b voc~es são muito crianças pra ficar numa fila '-'
[05/08/2014 20:05:43] /b voc~es são muito crianças pra ficar numa fila '-'
[05/08/2014 20:26:49] /b botu sim, vlw :D
[05/08/2014 20:27:04] /b tudo bem kkk  <3
[05/08/2014 20:27:06] /t
[05/08/2014 20:27:30] /b Gente, vamos pra Golden quest, PM no Leno que ele ta organizando
[05/08/2014 20:28:57] /b Gente, quem quiser ir na goldem tem que ir de TP h"golden
[05/08/2014 20:30:37] /b Gente, vem pra Golden QUEST!
[05/08/2014 20:30:53] /b quem quiser vir pra golden fala no help
[05/08/2014 20:32:51] /b quem nao tem LV e nem clan não pode entrar na golden, sinto muito
[05/08/2014 20:39:42] /b faltou os Lenda kk
[05/08/2014 20:39:54] /b gente
[05/08/2014 20:39:59] /b arruma pra print
[05/08/2014 20:40:06] /b arruma pra print
[05/08/2014 20:51:18] /b se eu receber outro PM de roubo no Boost vou dar ban direto :D
[05/08/2014 20:55:35] /b Pessoal, alguem lembra o comando do alto loot ??
[05/08/2014 21:53:09] /b povo tá muito quieto  e.e
[05/08/2014 22:28:45] /t Pedrinho
[05/08/2014 22:59:03] /t Jeferson
[05/08/2014 23:36:31] /t
[06/08/2014 13:13:52] /t AutoLoot -> digite   /aloot add:nome do item-> para adicionar à lista digite /aloot check-> para checar sua lista de itens digite /aloot delete:nome do item-> para deletar o item da lista Obs.:máximo 30 itens na lista
[06/08/2014 13:14:10] /b AutoLoot -> digite   /aloot add:nome do item-> para adicionar à lista digite /aloot check-> para checar sua lista de itens digite /aloot delete:nome do item-> para deletar o item da lista Obs.:máximo 30 itens na lista
[06/08/2014 13:17:54] /b AutoLoot -> digite   /aloot add:nome do item-> para adicionar à lista digite /aloot check-> para checar sua lista de itens digite /aloot delete:nome do item-> para deletar o item da lista Obs.:máximo 30 itens na lista
[06/08/2014 14:10:35] /b E eu nem um Shiny voltorb pego, e já tô com 32 brok e.e
[06/08/2014 14:25:37] /t
[06/08/2014 14:38:18] /t
[06/08/2014 14:38:33] /b 14:38 You advanced from Level 399 to Level 400.
[06/08/2014 15:02:11] /t Bnark
[06/08/2014 15:02:15] /t
[06/08/2014 16:23:06] /b GM on ?
[06/08/2014 16:27:40] /t
[06/08/2014 16:38:35] /t
[06/08/2014 16:46:46] /t
[06/08/2014 16:48:26] /t
[06/08/2014 16:51:09] /t
[06/08/2014 16:53:27] /t
[06/08/2014 16:56:39] /t
[06/08/2014 17:24:09] /t
[06/08/2014 17:49:17] /t
[06/08/2014 18:04:22] /b Gewar, PM aqui por favor 
[06/08/2014 18:32:16] /t
[06/08/2014 18:32:23] /t Leno Maicon
[06/08/2014 18:32:25] /t Leno Maicon
[06/08/2014 18:32:26] /t Leno Maicon
[06/08/2014 18:32:27] /t Leno Maicon
[06/08/2014 18:32:28] /t Leno Maicon
[06/08/2014 18:32:28] /t Leno Maicon
[06/08/2014 18:32:29] /t Leno Maicon
[06/08/2014 18:32:30] /t Leno Maicon
[06/08/2014 18:32:32] /t Leno Maicon
[06/08/2014 18:32:34] /t Leno Maicon
[06/08/2014 18:32:36] /t Leno Maicon
[06/08/2014 18:32:37] /t Leno Maicon
[06/08/2014 18:32:39] /t Leno Maicon
[06/08/2014 18:32:40] /t Leno Maicon
[06/08/2014 18:32:41] /t Leno Maicon
[06/08/2014 18:32:49] /t Leno Maicon
[06/08/2014 18:42:24] /t
[06/08/2014 18:52:04] /b ta booom
[06/08/2014 21:04:10] /b Logo menos Evento Bag, fiquem atentoss :D
[06/08/2014 21:05:08] /b AutoLoot -> digite   /aloot add:nome do item-> para adicionar à lista digite /aloot check-> para checar sua lista de itens digite /aloot delete:nome do item-> para deletar o item da lista Obs.:máximo 30 itens na lista
[06/08/2014 21:23:26] /t
[06/08/2014 21:23:35] /t kiss bispo
[06/08/2014 21:35:25] /t
[06/08/2014 21:42:00] /t
[06/08/2014 21:43:43] /b AutoLoot -> digite   /aloot add:nome do item-> para adicionar à lista digite /aloot check-> para checar sua lista de itens digite /aloot delete:nome do item-> para deletar o item da lista Obs.:máximo 30 itens na lista
[06/08/2014 21:52:11] /t
[06/08/2014 21:53:55] /b AutoLoot -> digite   /aloot add:nome do item-> para adicionar à lista digite /aloot check-> para checar sua lista de itens digite /aloot delete:nome do item-> para deletar o item da lista Obs.:máximo 30 itens na lista
[06/08/2014 22:05:12] /b AutoLoot -> digite   /aloot add:nome do item-> para adicionar à lista digite /aloot check-> para checar sua lista de itens digite /aloot delete:nome do item-> para deletar o item da lista Obs.:máximo 30 itens na lista
[06/08/2014 22:25:19] /t guga
[06/08/2014 22:25:56] /t Luiginerd
[06/08/2014 22:33:35] /t king
[06/08/2014 22:54:55] /t
[06/08/2014 22:56:17] /t abreu
[06/08/2014 22:58:46] /b Deem !save
[06/08/2014 22:59:04] /b  deem !save
[06/08/2014 23:16:05] /t king
[06/08/2014 23:43:14] /t Gbmyth
[06/08/2014 23:59:35] /b Gewar, Goto em mim aqui por favor
[07/08/2014 00:03:21] /t leno maicon
[07/08/2014 00:03:23] /t
[07/08/2014 00:14:53] /t
[07/08/2014 19:06:59] /b boa noite gente, tô por aqui :D
[07/08/2014 19:27:56] /b nem eu, to jantando '-'
[07/08/2014 19:28:19] /b ele bem morreu e tá de mimimimi e.e
[07/08/2014 19:28:26] /t
[07/08/2014 19:46:03] /t jeferson
[07/08/2014 20:07:37] /t
[07/08/2014 20:16:57] /t
[07/08/2014 20:23:43] /t
[07/08/2014 20:55:03] /t
[07/08/2014 20:55:32] /t
[07/08/2014 21:45:58] /b Go GO !  :D :D
[07/08/2014 21:47:01] /b quem fizer meu trabalo da faculdade eu dou meu Shiny magma \o\
[07/08/2014 21:47:07] /t Lucas
[07/08/2014 21:55:43] /t Joao Maledoso
[07/08/2014 21:56:07] /t Joao Maledoso
[07/08/2014 21:57:51] /t Oscaradoido
[07/08/2014 21:59:42] /t Quem é que tem  Shiny Xatu ai ?
[07/08/2014 22:00:06] /b quem é o player que tem o Shiny Xatu ?  PM!
[07/08/2014 22:01:11] /t Raikou
[07/08/2014 22:15:37] /t
[07/08/2014 22:27:43] /b o tuneo do ratata ta valendo ?
[07/08/2014 22:29:41] /b onde tu tava kkk
[07/08/2014 22:30:26] /t
[07/08/2014 22:32:42] /b GM, GOTO AQUI
[07/08/2014 22:32:47] /b urgente kk
[07/08/2014 22:35:47] /t 22:35 The prize pokemon was a Shiny Pupitar, congratulations!
[07/08/2014 22:35:52] /b 22:35 The prize pokemon was a Shiny Pupitar, congratulations!
[07/08/2014 23:13:06] /b KKKKKKKKKK  <3
[07/08/2014 23:26:43] /t
[08/08/2014 20:58:04] /t Joao Maledoso
[08/08/2014 21:00:24] /t
[08/08/2014 21:36:07] /t
[08/08/2014 21:40:58] /b Alguém tem Shiny Xatu ?
[08/08/2014 21:47:54] /t
[08/08/2014 21:54:57] /t Pedrinho
[08/08/2014 22:22:10] /b Gente, o servidor vai ficar off line por uns instantes, vão para areas seguras e deem !SAVE
[08/08/2014 22:22:20] /b Gente, o servidor vai ficar off line por uns instantes, vão para areas seguras e deem !SAVE
[08/08/2014 22:22:21] /b Gente, o servidor vai ficar off line por uns instantes, vão para areas seguras e deem !SAVE
[08/08/2014 22:22:24] /b Gente, o servidor vai ficar off line por uns instantes, vão para areas seguras e deem !SAVE
[08/08/2014 22:58:15] /t
[08/08/2014 23:02:58] /b Geral Saffron
[08/08/2014 23:03:01] /b Geral Saffron
[08/08/2014 23:03:01] /b Geral Saffron
[08/08/2014 23:03:02] /b Geral Saffron
[08/08/2014 23:03:03] /b Geral Saffron
[08/08/2014 23:08:05] /b quem quiser Ir as quest daas Out Vem PVP
[08/08/2014 23:10:23] /b Todo mundo na Out NORTE
[08/08/2014 23:17:10] /b to com a TV ligada, quem quiser acompnahar na TV as missã das Out Liga
[08/08/2014 23:24:11] /t Joao Maledoso
[08/08/2014 23:24:13] /t
[08/08/2014 23:35:36] /t
[09/08/2014 00:02:57] /b bem que podia rolar um eventozinho pra animar a madrugada T-T
[09/08/2014 00:09:36] /t
[09/08/2014 00:28:58] /t rato
[09/08/2014 00:29:09] /t Iasmin
[09/08/2014 00:29:12] /t
[09/08/2014 00:31:23] /t Iasmin
[09/08/2014 00:33:17] /t Iasmin
[09/08/2014 00:33:19] /t
[09/08/2014 00:37:17] /t Iasmin
[09/08/2014 00:37:19] /t
[09/08/2014 00:46:38] /t
[09/08/2014 01:25:25] /t Gbmyth, Cbmito, Rato, Iasmin
[09/08/2014 01:25:38] /t Gbmyth, Cbmito, Rato, Iasmin
[09/08/2014 01:25:39] /t
[09/08/2014 01:26:04] /t Gbmyth
[09/08/2014 01:26:10] /t Cbmito
[09/08/2014 01:26:15] /t Rato
[09/08/2014 01:26:21] /t Pedrinho
[09/08/2014 01:26:50] /t Gbmyth
[09/08/2014 01:26:57] /t Pedrinho
[09/08/2014 10:26:33] /t
[09/08/2014 10:33:39] /b quem ta bugado ?
[09/08/2014 10:34:14] /t Pokemon Master
[09/08/2014 12:05:41] /t
[09/08/2014 12:32:05] /t narotoo
[09/08/2014 12:40:44] /t
[09/08/2014 12:52:33] /t
[09/08/2014 13:16:47] /b Como assim produção ? Shiny Xatu não da Fly ? -.-"
[09/08/2014 14:21:26] /b Goto, Ge ;)
[09/08/2014 14:25:09] /t Jeferson
[09/08/2014 14:31:28] /t
[09/08/2014 15:27:25] /b gente, pra pegar clan não precisa fazer TASK. é so usar o comando /clan nomedoClan,5  :D
[09/08/2014 16:06:47] /t
[09/08/2014 16:07:27] /b quem quiser ir quest Raikou GO GO OutLand NORTE!
[09/08/2014 16:14:02] /t
[09/08/2014 16:20:58] /t
[09/08/2014 16:31:32] /t  Luiginerd
[09/08/2014 17:03:32] /b Gewar, bota a fila de lado da sala pra o povo ver o carinha matando :D
[09/08/2014 17:03:55] /b Obrigado, seu lindo <3
[09/08/2014 17:08:51] /t
[09/08/2014 17:18:12] /t Oscaradoido
[09/08/2014 17:19:08] /b cbmito
[09/08/2014 17:20:30] /t cocacola
[09/08/2014 17:23:06] /b que mfciar moscando na fila ou com poke pra fora atrapalhando eu vou dar /t <3
[09/08/2014 17:24:16] /b quem ficar moscando na fila ou com poke pra fora atrapalhando eu vou dar /t <3
[09/08/2014 17:28:22] /t dodo
[09/08/2014 17:29:56] /b GENTE!!  DA FOLOW NO PARCEIRO QUE TA NA FRENTE DA FILA!!! pra nao moscar na fila!!!
[09/08/2014 17:35:14] /t Imortalltop
[09/08/2014 17:49:40] /t dodo
[09/08/2014 17:51:48] /t raied
[09/08/2014 17:52:00] /t Jamerson
[09/08/2014 18:02:57] /t cocacola
[09/08/2014 18:14:11] /b Gewar, tem um cara te xingando no Grupo do Face, da uma sacada :x
[09/08/2014 18:17:07] /b  <3 <3
[09/08/2014 18:20:07] /t Cocacola
[09/08/2014 18:24:42] /t Dodo
[09/08/2014 18:25:06] /b Proxima tretinha que voce~falar aqui no servior, Dodo, eu te dou Notation, fica esperto
[09/08/2014 18:30:35] /t Lucas
[09/08/2014 18:52:13] /t iasmin
[09/08/2014 18:57:08] /t Weel Shin
[09/08/2014 18:58:55] /t raied
[09/08/2014 18:59:05] /t Imortalltop
[09/08/2014 18:59:14] /t
[09/08/2014 19:02:56] /t lucas
[09/08/2014 19:13:51] /t Raied
[09/08/2014 19:16:27] /t
[09/08/2014 19:19:31] /t Dodo
[09/08/2014 19:20:03] /t
[09/08/2014 19:20:04] /t Dodo
[09/08/2014 21:50:27] /t
[09/08/2014 23:05:23] /b Quem quiser que eu leve na Main II deem TP pra Cerulean
[09/08/2014 23:05:52] /t lucas
[09/08/2014 23:09:13] /b GM, Goto aqui, por favor :D
[09/08/2014 23:12:34] /b GM, goto aqui por favor :\
[09/08/2014 23:21:33] /t Jeferson
[09/08/2014 23:28:41] /t
[09/08/2014 23:32:10] /t
[09/08/2014 23:33:53] /b Gente, quem quer vir main Quest II ??
[09/08/2014 23:34:32] /b Gente, quem quer vir main Quest II ??
[09/08/2014 23:53:46] /t Fakedoi
[10/08/2014 00:32:40] /t
[10/08/2014 00:45:15] /t
[10/08/2014 00:48:52] /t dodo
[10/08/2014 00:49:00] /t dodo
[10/08/2014 09:49:49] /b Bom dia gente bonita que acordou cedo <3  Estão usando o alto loot ? Usem o comando /aloot add:item   não esqueçam que no grupo do face está o mapa full do nosso PT, bom jogo pessoal, abraços do Tio San :D
[10/08/2014 09:50:01] /b Bom dia gente bonita que acordou cedo <3  Estão usando o alto loot ? Usem o comando /aloot add:item   não esqueçam que no grupo do face está o mapa full do nosso PT, bom jogo pessoal, abraços do Tio San :D
[10/08/2014 09:52:17] /t
[10/08/2014 10:36:05] /t
[10/08/2014 10:45:02] /t
[10/08/2014 10:50:34] /t
[10/08/2014 11:21:16] /t Weel Shin
[10/08/2014 11:22:49] /b AFK, volto logo
[10/08/2014 11:57:04] /b 11:55 Congratulations, you caught a pokemon (Aerodactyl)!
[10/08/2014 12:01:49] /b Can Ligada, explorando a SAFFARI ( TV )
[10/08/2014 12:08:21] /b Pandinha da Emy ta formando Team Main quest Golden, Pm NELA!
[10/08/2014 12:08:26] /b Pandinha da Emy ta formando Team Main quest Golden, Pm NELA!
[10/08/2014 12:09:54] /t
[10/08/2014 12:12:00] /b Pandinha da Emy ta formando Team Main quest Golden, Pm NELA! PM NELA, PM NEEELA!!
[10/08/2014 12:15:55] /t
[10/08/2014 12:29:42] /t
[10/08/2014 12:45:22] /t
[10/08/2014 12:54:28] /t
[10/08/2014 13:00:10] /b Gente, Pandinha Da Emy formou uma team Main Quest Golden!  faltam 4,  PM NEEELA !!
[10/08/2014 13:02:47] /b Gente, Pandinha Da Emy formou uma team Main Quest Golden!  faltam 2,  PM NEEELA !!
[10/08/2014 13:04:54] /t
[10/08/2014 13:08:04] /b Eu disse que ia morrer '-'
[10/08/2014 14:20:00] /t
[10/08/2014 14:37:39] /t
[10/08/2014 14:41:18] /t raied
[10/08/2014 14:41:20] /t
[10/08/2014 14:43:07] /t
[10/08/2014 14:47:03] /b Gewar, boto aqui, por favor ?
[10/08/2014 14:56:27] /b Gewar, boto aqui, por favor ?
[10/08/2014 15:03:11] /b Gewar, boto aqui, por favor 
[10/08/2014 15:12:31] /t
[10/08/2014 15:23:58] /t Luiz
[10/08/2014 15:23:59] /t
[10/08/2014 16:14:43] /t
[10/08/2014 16:18:08] /b Vale cave ?
[10/08/2014 16:20:10] /b te amo <3
[10/08/2014 16:29:42] /t
[10/08/2014 16:32:14] /b visivel no fly ?
[10/08/2014 16:32:47] /b é visivel pra quem ta voando ?
[10/08/2014 16:35:40] /b oscardoido
[10/08/2014 16:35:46] /t oscardoido
[10/08/2014 16:37:37] /b AI É FODA -.-"
[10/08/2014 17:08:29] /t
[10/08/2014 17:31:17] /t
[10/08/2014 17:32:34] /b Gewar, reinicia o PC aí '-' Leg danando :(
[10/08/2014 17:33:23] /t
[10/08/2014 17:57:54] /t
[10/08/2014 18:04:26] /b Se ficar moscando na fila vai levar /t
[10/08/2014 18:06:17] /b GM, vem ver o final da fila aqui
[10/08/2014 18:06:23] /b GM, vem ver o final da fila aqui
[10/08/2014 18:06:52] /b ajeita, bota mais coisa ali que vai dar briga '-'
[10/08/2014 18:09:19] /b Se ficar moscando na fila vai levar /t
[10/08/2014 18:18:40] /t muka
[10/08/2014 18:20:11] /b Se continuarem a jogar item no TP o evento termina '-'
[10/08/2014 18:20:47] /b o cara ta de boa vontade de fazer evento e vcs são criança
[10/08/2014 18:21:19] /b Não tiro a razão dele, vão crescer e.e
[10/08/2014 18:21:24] /t
[10/08/2014 18:29:12] /t
[10/08/2014 18:29:34] /t
[10/08/2014 18:30:58] /t
[10/08/2014 18:34:05] /t
[10/08/2014 18:36:57] /t
[10/08/2014 18:48:29] /t
[10/08/2014 18:49:50] /t
[10/08/2014 18:51:50] /t
[10/08/2014 19:25:39] /b 19:25 19 player(s) online   :O
[10/08/2014 19:28:14] /t dodo
[10/08/2014 19:33:42] /t yoda
[10/08/2014 20:02:54] /b Pessoal, interessados em ir na quest Dark Abra, por favor, mandem PM para Lukaspkc que ele está organizando pra ir :D Abraços!  PM NELE!
[10/08/2014 20:05:50] /b Quem quiser que eu faça anuncios me manda PM, para não usarem o HELP e pq não estam usando a aba trade. Só  tô facilitando as coisas para vocês ^^
[10/08/2014 20:07:08] /b BUY SHINY MAGMA, PM Joao Maledoso
[10/08/2014 20:11:11] /b Quem quiser que eu faça anuncios me manda PM, para não usarem o HELP e pq não estam usando a aba trade. Só  tô facilitando as coisas para vocês ^^
[10/08/2014 20:11:42] /b Pessoal, interessados em ir na quest Dark Abra, por favor, mandem PM para Lukaspkc que ele está organizando pra ir :D Abraços!  PM NELE!
[10/08/2014 20:11:49] /b BUY SHINY MAGMA, PM Joao Maledoso
[10/08/2014 20:12:21] /b Fakedoi: Compro pokemons shinys até 103 tds 
[10/08/2014 20:12:53] /b O Lukaspkc vai Blokar Quest Dark Abra As 20::30 PM LOGO!
[10/08/2014 20:15:42] /b Pessoal, interessados em ir na quest Dark Abra, por favor, mandem PM para Lukaspkc que ele está organizando pra ir :D Abraços!  PM NELE!
[10/08/2014 20:16:25] /b BUY SHINY MAGMA, PM Joao Maledoso
[10/08/2014 20:17:31] /b 19:23 Narotoo: buy shiny pokemon dou 174 notas azul
[10/08/2014 20:18:11] /b Quem quiser que eu faça anuncios me manda PM, para não usarem o HELP e pq não estam usando a aba trade. Só  tô facilitando as coisas para vocês ^^
[10/08/2014 20:20:06] /b 11 Minutos Pro Lukaspkc Bloka A Quest Dark Abra Gogo Galera Mandem PM Nele !!!
[10/08/2014 20:21:42] /b Quem quiser que eu faça anuncios me manda PM, para não usarem o HELP e pq não estam usando a aba trade. Só  tô facilitando as coisas para vocês ^^
[10/08/2014 20:23:33] /b Quem quiser que eu faça anuncios me manda PM, para não usarem o HELP e pq não estam usando a aba trade. Só  tô facilitando as coisas para vocês ^^
[10/08/2014 20:23:38] /b existe um comando de auto loot no nosso servidor, /aloot add:nomedointem     capacidade maxima de 30 itens :D
[10/08/2014 20:48:38] /t guga
[10/08/2014 21:53:18] /t dodo
[10/08/2014 21:59:23] /b 21:58 Você ja gastou: 103 Ultra balls tentando catar um Shiny Ninetales.  [ D E S I S T O ]
[10/08/2014 21:59:36] /t
[10/08/2014 22:06:55] /t
[10/08/2014 22:10:17] /t
[10/08/2014 22:12:56] /t
[10/08/2014 22:15:01] /t
[10/08/2014 22:16:30] /b Olhem a TV *--*
[10/08/2014 22:18:31] /t Thiagoop
[10/08/2014 22:19:34] /b Tô exibindo minha team / HOUSE na TV <3 completei minhas metas no OT <3
[10/08/2014 22:31:55] /b ukaspkc Vai Blokar Quest Dark Abra Sai 22:45 PM NELE GOGOG 200+ !
[10/08/2014 22:33:57] /t Lord trevas
[10/08/2014 22:39:12] /t
[10/08/2014 22:48:15] /b Perdi um Shiny Politoed pro Thiagozx T-T
[10/08/2014 22:49:32] /b to apostando pokemons da minha House a sua escolha quem tirar meu Magmortar cm 6 pokemons
[10/08/2014 22:49:54] /b ja perdi uma
[10/08/2014 22:58:18] /t
[10/08/2014 22:59:26] /b tem um shiny Xatu jogado em cma da house
[10/08/2014 22:59:36] /b é de quem achar
[10/08/2014 23:00:19] /b Pandinha achou kk
[10/08/2014 23:00:34] /b Vou  jogarm ais um Shiny so de zoa
[10/08/2014 23:01:17] /t
[10/08/2014 23:01:54] /b ja escondi
[10/08/2014 23:02:26] /b Gbmyth achou , ligeiro
[10/08/2014 23:02:33] /t
[10/08/2014 23:02:45] /b era shiny pupitar
[10/08/2014 23:03:35] /b Os pokes que eu to jogando fui EU quem capturei, tô jogando pq eu quero animar '-' o proximo é minha Shiny Beedril +50
[10/08/2014 23:03:53] /t
[10/08/2014 23:05:10] /b TA NA CIDADE DE CERULEAN, DICA : DE FLY NUNCA VAI ENCONTRAR!
[10/08/2014 23:05:55] /b Khelvyn achou, ligeiro de mais
[10/08/2014 23:06:18] /b tava de baixo da escada
[10/08/2014 23:06:20] /t
[10/08/2014 23:07:00] /b Vou jogar um da minha Team agora, só nao vou dizer qual ( vai fazer falta )! jaja digo a cidade
[10/08/2014 23:07:13] /t
[10/08/2014 23:08:20] /b TA EM LAVENDER
[10/08/2014 23:09:42] /b eita que ta dificil kkkkk
[10/08/2014 23:10:14] /b Khelvyn achou T-T
[10/08/2014 23:10:20] /t
[10/08/2014 23:19:14] /b o Eric Diaboliyc escondeu um poke ( ele nao me disse qual ) em Celadon '-'  Partiu ?
[10/08/2014 23:23:05] /b Khelvyn achou ? kkk de novo ! achou o que ?
[10/08/2014 23:28:44] /t
[10/08/2014 23:35:43] /t
[10/08/2014 23:41:02] /b Boa noite gente, indo nessa <3 Abraços!                                                                                                                                             Amanhã, pela noite, estou de volta \o\
[10/08/2014 23:41:10] /b Boa noite gente, indo nessa <3 Abraços!                                                                                                                                             Amanhã, pela noite, estou de volta \o\
[11/08/2014 17:26:14] /t Khelvyn
[11/08/2014 17:35:32] /b Flws, GM. Pessola, vão UPAR agora :D
[11/08/2014 17:37:17] /b Quem quiser que eu faça anuncios me manda PM, para não usarem o HELP e pq não estam usando a aba trade. Só  tô facilitando as coisas para vocês ^^
[11/08/2014 17:37:34] /b existe um comando de auto loot no nosso servidor, /aloot add:nomedointem     capacidade maxima de 30 itens :D
[11/08/2014 17:44:39] /b existe um comando de auto loot no nosso servidor, /aloot add:nomedointem     capacidade maxima de 30 itens :D
[11/08/2014 17:47:26] /t
[11/08/2014 17:49:38] /b Pessoal, estão organizando a GOLDEN quest, quem quiser ir deêm TP para golden
[11/08/2014 17:49:53] /b Khelvyn: sell shiny marowak 200Tds//sell shiny scyther 500Tds//sell shiny crobat 300Tds
[11/08/2014 17:51:09] /t Jeferson
[11/08/2014 18:00:53] /t
[11/08/2014 18:12:34] /t
[11/08/2014 18:14:05] /b existe um comando de auto loot no nosso servidor, /aloot add:nomedointem     capacidade maxima de 30 itens :D
[11/08/2014 18:14:05] /b Quem quiser que eu faça anuncios me manda PM, para não usarem o HELP e pq não estam usando a aba trade. Só  tô facilitando as coisas para vocês ^^
[11/08/2014 18:14:09] /b existe um comando de auto loot no nosso servidor, /aloot add:nomedointem     capacidade maxima de 30 itens :D
[11/08/2014 18:15:12] /b Guilherme: Sell shiny larvitar
[11/08/2014 18:38:28] /b existe um comando de auto loot no nosso servidor, /aloot add:nomedointem     capacidade maxima de 30 itens :D
[11/08/2014 18:38:33] /b Quem quiser que eu faça anuncios me manda PM, para não usarem o HELP e pq não estam usando a aba trade. Só  tô facilitando as coisas para vocês ^^
[11/08/2014 18:38:33] /b Quem quiser que eu faça anuncios me manda PM, para não usarem o HELP e pq não estam usando a aba trade. Só  tô facilitando as coisas para vocês ^^
[11/08/2014 18:40:05] /b Ojuara Sz: Sell Shiny Marowak +50 ~~
[11/08/2014 19:34:56] /t
[11/08/2014 19:38:45] /t Dextergp
[11/08/2014 19:38:47] /t
[11/08/2014 19:39:00] /b Ja ja volto 
[11/08/2014 20:56:54] /t
[11/08/2014 21:04:02] /t
[11/08/2014 21:12:37] /t
[11/08/2014 21:17:11] /t
[11/08/2014 21:20:33] /b existe um comando de auto loot no nosso servidor, /aloot add:nomedointem     capacidade maxima de 30 itens :D
[11/08/2014 21:33:44] /t
[11/08/2014 21:34:39] /b dale q dale
[11/08/2014 21:35:43] /b Boa Noite Comunidade POKÉMOM :V
[11/08/2014 21:42:02] /t
[11/08/2014 21:43:31] /t
[11/08/2014 21:58:14] /t
[11/08/2014 21:59:58] /t
[11/08/2014 23:35:28] /b Quem quiser que eu faça anuncios me manda PM, para não usarem o HELP e pq não estam usando a aba trade. Só  tô facilitando as coisas para vocês ^^
[11/08/2014 23:35:37] /b existe um comando de auto loot no nosso servidor, /aloot add:nomedointem     capacidade maxima de 30 itens :D
[11/08/2014 23:45:08] /t
[11/08/2014 23:45:34] /b existe um comando de auto loot no nosso servidor, /aloot add:nomedointem     capacidade maxima de 30 itens :D
[11/08/2014 23:45:42] /b Quem quiser que eu faça anuncios me manda PM, para não usarem o HELP e pq não estam usando a aba trade. Só  tô facilitando as coisas para vocês ^^
[11/08/2014 23:45:51] /b VENDO SHINY ZARD!
[11/08/2014 23:49:24] /t
[11/08/2014 23:51:34] /t
[11/08/2014 23:51:55] /t Guilherme
[11/08/2014 23:54:27] /t Account Manager
[11/08/2014 23:54:31] /t Account Manager
[11/08/2014 23:55:35] /t Khelvynh
[11/08/2014 23:55:42] /t Chefe Robertt
[11/08/2014 23:55:51] /t Luiginerd
[11/08/2014 23:55:56] /t Jimmy
[11/08/2014 23:56:08] /t Gbmyth
[11/08/2014 23:56:15] /t Weel Shin
[11/08/2014 23:56:24] /t Lukaspkc
[12/08/2014 00:17:14] /t
[12/08/2014 00:18:36] /t
[12/08/2014 18:23:32] /b Boaaa noite <3  Tô por aqui ^^
[12/08/2014 18:24:30] /b existe um comando de auto loot no nosso servidor, /aloot add:nomedointem     capacidade maxima de 30 itens :D
[12/08/2014 18:26:10] /b Maria Eduarda, online ?? PM
[12/08/2014 18:26:39] /b Maria Eduarda, online ?? PM
[12/08/2014 18:27:53] /b Oscaradoido: compro shniny cubone
[12/08/2014 18:28:09] /b Maria Eduarda, online ?? PM
[12/08/2014 18:28:36] /b existe um comando de auto loot no nosso servidor, /aloot add:nomedointem     capacidade maxima de 30 itens :D
[12/08/2014 18:31:56] /b Gnar: COMPRO SHINY VILEPLUME / SHINY XATU 
[12/08/2014 18:35:09] /t  Jimmy
[12/08/2014 18:39:51] /b Maria Eduarda, online ?? PM
[12/08/2014 18:43:16] /b Gente, to no tedio então escondi meu Shiny Zard em cerulean, go! é de quem achar <3
[12/08/2014 18:43:21] /b Gente, to no tedio então escondi meu Shiny Zard em cerulean, go! é de quem achar <3
[12/08/2014 18:43:30] /b Gente, to no tedio então escondi meu Shiny Zard em cerulean, go! é de quem achar <3
[12/08/2014 18:43:34] /b Gente, to no tedio então escondi meu Shiny Zard em cerulean, go! é de quem achar <3
[12/08/2014 18:43:37] /b Gente, to no tedio então escondi meu Shiny Zard em cerulean, go! é de quem achar <3
[12/08/2014 18:43:40] /b Gente, to no tedio então escondi meu Shiny Zard em cerulean, go! é de quem achar <3
[12/08/2014 18:43:45] /b tá +50
[12/08/2014 18:43:50] /b Gente, to no tedio então escondi meu Shiny Zard em cerulean, go! é de quem achar <3
[12/08/2014 18:43:53] /b tá +50
[12/08/2014 18:44:22] /b Gente, to no tedio então escondi meu Shiny Zard em cerulean, go! é de quem achar <3
[12/08/2014 18:44:24] /b tá +50
[12/08/2014 18:45:24] /b não da pra achar voando <3
[12/08/2014 18:46:34] /b não da pra achar voando <3
[12/08/2014 18:46:45] /b perto ... se eu disser ficar obvil
[12/08/2014 18:49:10] /b Já vi 3 players passarem do lado e não viram, não tão olhando direito <3
[12/08/2014 18:50:37] /b Weel Shin achou :D
[12/08/2014 18:50:59] /b Podem chingar ele pq ele achou faz tempo e não avisou pra vcs ficarem procurando <3
[12/08/2014 18:51:26] /b Podem chingar ele pq ele achou faz tempo e não avisou pra vcs ficarem procurando <3
[12/08/2014 18:51:33] /t
[12/08/2014 18:56:00] /b Maria Eduarda, online ?? PM
[12/08/2014 18:56:45] /b Gente, o HELD item Fire e Poison estão bugados
[12/08/2014 18:59:44] /b queeee morgação T^T
[12/08/2014 19:03:03] /b existe um comando de auto loot no nosso servidor, /aloot add:nomedointem     capacidade maxima de 30 itens :D
[12/08/2014 19:04:34] /b Lucas: eu  
[12/08/2014 19:09:57] /t Lucifer
[12/08/2014 19:17:51] /b Negada, hoje eu vou me despedir de vocês aqui do Poke do meu amigo Gewar, vou sentir a falta de cada um que conheci de verdade  aqui, espero levar a amizade de vocês adiante. Completei minhas metas aqui, ja deu xD  Vou ver outro OT, mais amigos <3
[12/08/2014 19:28:20] /b  Agora eu to indo
