[22/03/2016 01:17:51] /i revive
[22/03/2016 02:34:14] /addskill Zwei, level, 1
[22/03/2016 02:34:35] /addskill Zwei, level, 990
[22/03/2016 02:34:40] /addskill Zwei, level, 80
[22/03/2016 02:34:56] /addskill Zwei, level, 10
[22/03/2016 02:35:22] /addskill Zwei, level, 10
[22/03/2016 02:35:41] /addskill Zwei, level, 10
[22/03/2016 03:11:29] /addskill [ADM] One, level, 200
[22/03/2016 03:40:02] /m Venusaur
[22/03/2016 03:40:15] /m Venusaur
[22/03/2016 04:01:44] /ghost
[27/03/2016 11:17:08] /m gengar
[27/03/2016 11:18:20] /m golem
[27/03/2016 11:20:06] /m golem
[27/03/2016 11:21:49] /m alakazam
[27/03/2016 11:30:06] /r
[27/03/2016 12:04:07] /i y-ghost
[27/03/2016 12:04:42] /i blazikenite
[27/03/2016 12:06:13] /i ampharosite
[27/03/2016 12:09:19] /i master ball
[27/03/2016 12:09:23] /m charizard
[27/03/2016 12:10:32] /m charizard
[27/03/2016 12:12:12] /m charizard
[27/03/2016 12:13:57] /cleanMe
[27/03/2016 12:14:00] /i master ball
[27/03/2016 12:14:08] /m venusaur
[27/03/2016 12:15:11] /m venusaur
[27/03/2016 12:17:41] /m venusaur
[27/03/2016 12:19:05] /m shiny snorlax
[27/03/2016 12:20:13] /i Kangaskhanite
[27/03/2016 12:20:41] /m venusaur
[27/03/2016 12:21:37] /i revive
[27/03/2016 12:26:50] /i ultra potion
[27/03/2016 12:26:55] /m venusaur
[27/03/2016 12:27:06] /m venusaur
[27/03/2016 12:27:07] /m venusaur
[27/03/2016 12:27:07] /m venusaur
[27/03/2016 12:27:07] /m venusaur
[27/03/2016 12:27:07] /m venusaur
[27/03/2016 12:27:07] /m venusaur
[27/03/2016 12:27:07] /m venusaur
[27/03/2016 12:27:07] /m venusaur
[27/03/2016 12:31:41] /t
[27/03/2016 12:46:28] /m venusaur
[27/03/2016 12:46:28] /m venusaur
[27/03/2016 12:46:29] /m venusaur
[27/03/2016 12:46:29] /m venusaur
[27/03/2016 12:46:29] /m venusaur
[27/03/2016 12:46:29] /m venusaur
[27/03/2016 12:46:29] /m venusaur
[27/03/2016 12:46:30] /m venusaur
[27/03/2016 14:11:15] /a
[27/03/2016 14:13:46] /a
[27/03/2016 14:25:08] /m venusaur
[27/03/2016 14:28:02] /i 15312
[28/03/2016 03:22:11] /m venusaur
[29/03/2016 01:56:40] /attr group 1
[29/03/2016 01:56:51] /attr group 1
[29/03/2016 02:05:54] /r
[29/03/2016 02:08:51] /r
[29/03/2016 02:09:54] /r
[29/03/2016 02:09:56] /r
